# CVS $Revision: $ $Author: $ -- Fri Oct 19 20:16:09 2012 -- reformated by prettylst.pl v1.39 (build 15052)
SOURCELONG:Phil's Game	SOURCESHORT:Phil	SOURCEWEB:None	SOURCEDATE:2007-01

# Equipment Name			Output Name				Required Proficiency	Type												Cost		Weight	Slot Needed	AC Penalty Check	Critical Hit Multiplier	Critical Hit Range	Damage	Modifier							Wield Category	Maximum DEX Bonus	Size		Source Page		% of Spell Failure	Save checks bonus			Combat bonus					Add to base move						Bonus to skill									Weapon prop. bonus													Special Property																																																				Special Ability
###	Thorin's Items:
# Equipment Name								Output Name					Required Weapon Proficiency		Required Armor Proficiency	Type														Cost		Weight	Slot Needed	Define			AC Penalty Check	Critical Hit Multiplier	Critical Hit Range	Damage	Modifier											Wield Category	Maximum DEX Bonus	Size		Source Page				% of Spell Failure	Ability												Caster level																													Save checks bonus				Combat bonus																																																									Add to base move						Bonus to skill															Stat bonus		Unarmed Damage Level bonus	Modify VAR									Add to vision			Weapon prof. bonus								Weapon prop. bonus																				Special Property																																																							Special ABility
Blessed Boots of One Step																							TYPE:Magic.Wondrous.Boot.Phil.Thorin								COST:112500	WT:1		SLOTS:2																																						SOURCEPAGE:Phil																																																			BONUS:CHECKS|ALL|1|TYPE=Luck		BONUS:COMBAT|AC|1|TYPE=Luck																																																							BONUS:MOVEADD|TYPE=Walk|30|TYPE=Enhancement	BONUS:SKILL|Move Silently|5	BONUS:SKILL|Move Silently|2|!PREFEAT:1,Greater Heavy Armor Optimization																																																										SPROP:+1 to all saves, +1 to AC, Luck Reroll - reroll any single die roll in a day, +30' to all movement, 3/day [5-ft. step] Dimension Door (90'), [Standard] Greater Teleport once per 24 hours [600lbs and one other living creature], reduce the Move Silent armor check penalty to zero for your armor and give a +5 bonus on Move Silent checks.
#Dwarven Plate												TYPE:Armor.Heavy.Suit.Specific.Phil.Thorin.Exotic				COST:2500			WT:55				ACCHECK:-6			MAXDEX:2																													SPELLFAILURE:35							BONUS:COMBAT|AC|10|TYPE=Armor

Flossey's Saddle																									TYPE:Magic.Wondrous.Saddle.Goods.Phil.Thorin																																																																																																																																																																																BONUS:SKILL|Ride|5|TYPE=Competence


Clangeddin's Fury														PROFICIENCY:WEAPON|Greataxe							TYPE:Weapon.Melee.Martial.Standard.Slashing.Axe.Enhancement.Artifact.Phil.Thorin	COST:200000	WT:40											CRITMULT:x3			CRITRANGE:2			DAMAGE:3d6	EQMOD:BONDED_M.COUPGR_M.DISCREET.MITHRAL_ITEM.PLUS5W.THEFURY.THEHONOR	WIELD:TwoHanded				SIZE:M																																																																																																																															BONUS:SKILL|Knowledge (Giants)|20	BONUS:SKILL|Intimidate|15																																									BONUS:WEAPON|ATTACKS|1	BONUS:WEAPON|TOHIT|-3
###Clangeddin's Fury - Dual Axe Form
Clangeddin's Fury (Battleaxe)												PROFICIENCY:WEAPON|Greataxe							TYPE:Weapon.Melee.Martial.Standard.Slashing.Axe.Enhancement.Artifact.Phil.Thorin	COST:0	WT:10											CRITMULT:x3			CRITRANGE:2			DAMAGE:1d10	EQMOD:MITHRAL_ITEM									WIELD:OneHanded				SIZE:M																																																																																																																																																																																		BONUS:WEAPON|TOHIT,DAMAGE|5|TYPE=Enhancement	BONUS:WEAPON|TOHIT,DAMAGE|2|TYPE=Bonded	BONUS:WEAPON|ATTACKS|1	BONUS:WEAPON|TOHIT|-3	SPROP:Clangeddin's Fury - Battleaxe form of Clangeddin's Fury
Clangeddin's Honor (Battleaxe)											PROFICIENCY:WEAPON|Battleaxe							TYPE:Weapon.Melee.Martial.Standard.Slashing.Axe.Enhancement.Artifact.Phil.Thorin	COST:0	WT:10											CRITMULT:x3			CRITRANGE:4			DAMAGE:1d10	EQMOD:MITHRAL_ITEM									WIELD:OneHanded				SIZE:M																																																																																																																																																																																		BONUS:WEAPON|TOHIT,DAMAGE|5|TYPE=Enhancement	BONUS:WEAPON|TOHIT,DAMAGE|2|TYPE=Bonded									SPROP:Clanggedin's Honor - Battleaxe form of Clangeddin's Fury
#


###	Jason's Items:
Light Full Plate								OUTPUTNAME:Full Plate (light)								PROFICIENCY:ARMOR|Full Plate	TYPE:Armor.Enhancement.Light.Suit.Specific.Phil.Jason								WT:50								ACCHECK:-6												EQMOD:MITHRAL_ARMR_LT												MAXDEX:1									SPELLFAILURE:35																																																				BONUS:COMBAT|AC|8|TYPE=Armor
Boots of Swiftness and Blinking																						TYPE:Magic.Wondrous.Boot.Phil.Jason									COST:0	WT:1		SLOTS:2																																						SOURCEPAGE:Custom																																																																																																																				BONUS:MOVEADD|TYPE=Walk|10|TYPE=Enhancement																		BONUS:STAT|DEX|2																																																							SPROP:Greater Blink for 10 rounds 3 times/day, adds movement (10').																																														SAB:Greater Blink for 10 rounds 3 times/day
Auric 'Farandol														PROFICIENCY:WEAPON|Sword (Bastard)						TYPE:Enhancement.Weapon.Melee.Martial.Exotic.Specific.Slashing.Sword.Phil,Jason	COST:64000	WT:2											CRITMULT:x2			CRITRANGE:2			DAMAGE:1d10	EQMOD:ADAMANT_WEAP.BONDED_M.DISPELLING.HOLY_M.ICE_BR_M.PLUS4W		WIELD:TwoHanded				SIZE:M										ABILITY:Special Ability|VIRTUAL|Negative Levels																																																																																																																																							BONUS:VAR|NegLevels|1|PREALIGN:LE,NE,CE																				BONUS:WEAPON|DAMAGE,TOHIT|4|TYPE=Enhancement
Crystal of Empowerment ~ Auric																						TYPE:Magic.WeaponCrystal.Phil.Jason																																																																																																																																																																																																											BONUS:VAR|SpellPointsCoM|20	BONUS:VAR|ComCLevel|1																																									SPROP:+1 to caster level; Spell point pool of 20 points

#COMMENT: Auric break down - +4 Enhancement, IcyBurst+2, Holy+2 - Bonded +0 = COST +8 weapon 8*8*2000=64,000   according to PCGen 203,035
#COMMENT - ComCLevel adds to the "paladin level", SpellPointsCoM adds to the spell points
#Boots of Swiftness and Blinking*	TYPE:Magic.Wondrous.Boot	COST:100000	WT:1		SLOTS:2	EQMOD:SPL_CON_ROUND|SPELLNAME[Blink] CASTER[Wizard] SPELLTYPE[Arcane] SPELLLEVEL[3] CASTERLEVEL[10]	SOURCEPAGE:Custom	BONUS:MOVEADD|TYPE=Walk|20|TYPE=Enhancement	BONUS:SKILL|Jump|5|TYPE=Competence	BONUS:STAT|DEX|2|TYPE=Enhancement	SPROP:(Boots of Swiftness (Move +20) Blinking (10 rounds per day)


# Equipment Name				Type					Cost		Weight	Slot Needed	Modifier																Source Page		Add to base move						Bonus to skill				Stat bonus					Special Property


###	Fiona's Items:
Ephod of Authority [Set]																							TYPE:Magic.Clothing.Tabard.Set.SetVestmentsOfDivinity.Phil.Fiona																																																								ABILITY:Special Ability|VIRTUAL|DivinitySet																																																																																																																																							BONUS:VAR|TurnLevelBase|1
Dwarven Staff of Healing																							TYPE:Magic.Staff.Fiona.Phil																																																																																																																																																																																																																																																													SPROP:12th level - 3/day Cure Light [1d8+5], 3/day Cure Moderate [2d8+12], 3/day Cure Serious [3d8+12], 3/day Cure Critical [4d8+12], 1/day heal [120 pts], Lesser restoration (10 times), Remove blindness/deafness (10 times), Remove disease (10 times).

#Rest of the Set -
Lenses of Revelation [Set]																							TYPE:Magic.Eyegear.Set.SetVestmentsOfDivinity																																																											ABILITY:Special Ability|VIRTUAL|DivinitySet																																																																																																																																																																																																																																																	SAB:Reveal foe as undead or evil outsider
Cord of Favor [Set]																								TYPE:Magic.Belt.Set.SetVestmentsOfDivinity																																																											ABILITY:Special Ability|VIRTUAL|DivinitySet																																																																																																														BONUS:SKILL|Sense Motive|5																																																																																																																															SAB:+5 on Sense Motive; 3/day Divine Favor
Badge of Glory [Set]																								TYPE:Magic.Amulet.Set.SetVestmentsOfDivinity																																																											ABILITY:Special Ability|VIRTUAL|DivinitySet																																																																																																																																																																																																																																																	SAB:2/day deal +1 damage/2 levels to evil creature
Phylactery of Virtue [Set]																							TYPE:Magic.Headgear.Set.SetVestmentsOfDivinity																																																											ABILITY:Special Ability|VIRTUAL|DivinitySet																																																																																																																																																																																																																																																	SAB:+2 on saves against energy drain, death effects and negative energy effects; 2/day Death Ward

###	Pryad's Items:
Tunic of Steady Spellcasting																							TYPE:Magic.Torso.Phil.Pryad																																																																																																																																																																																			BONUS:SKILL|Concentration|5|TYPE=Competence																																																																			SPROP:+5 competence bonus to Concentration skill.
Boots of Levitation.MOD																								TYPE:Phil.Pryad																																																																																																																																																																																																																																																															SPROP:On command, cast levitate on self that last 3 minutes.
The Staff of Adaline																								TYPE:Staff.Phil.Pryad																	DEFINE:StaffACBonus|0																																																								BONUS:CASTERLEVEL|TYPE.Arcane|(((TL-9)/5)+1)|PREMULT:2,[PREPCLEVEL:MIN=9],[PREALIGN:LN,NG,CG]	BONUS:CASTERLEVEL|TYPE.Arcane|(((TL-9)/3)+1)|PREMULT:2,[PREPCLEVEL:MIN=9],[PREALIGN:LG]							BONUS:COMBAT|AC|10|TYPE=Deflection	BONUS:COMBAT|AC|10|TYPE=LUCK	BONUS:COMBAT|AC|10|TYPE=Insight	BONUS:COMBAT|AC|10|TYPE=Morale	BONUS:COMBAT|AC|20|TYPE=Armor	BONUS:COMBAT|AC|10|TYPE=Enhancement	BONUS:COMBAT|AC|-DEX|TYPE=DexBonus	BONUS:COMBAT|AC|10|TYPE=NaturalArmor	BONUS:COMBAT|AC|10|TYPE=NaturalArmorEnhancement	BONUS:COMBAT|AC|-70																																																																																			SPROP:Shield Wall ~ Acts as Wall of Force Shield

The Wand of Adaline																								TYPE:Wand.Phil.Pryad																																																																																																																																																																																																																																																														SPROP:Ties to Spontaneous Magic; Staff is +4 Deflection

###	Destini's Items:
#Quarterstaff (Undeath detector)											PROFICIENCY:Quarterstaff			TYPE:Weapon.Melee.TwoHanded.Simple.Double.Standard.Bludgeoning.Quarterstaff			ALTTYPE:Weapon.Melee.Bludgeoning						COST:0	WT:4			EQMOD:PLUS3W.SPL_STR				CRITMULT:x2			CRITRANGE:1			ALTCRITMULT:x2		ALTCRITRANGE:1			DAMAGE:1d8	ALTDAMAGE:1d8		EQMOD:WOOD			ALTEQMOD:WOOD		WIELD:TwoHanded			SPROP:Detects the presence of undead									SIZE:M	BONUS:WEAPON|TOHIT,DAMAGE|3
Girdle of the Lion																								TYPE:Magic.Wondrous.Belt.Phil.Destinie								COST:0	WT:1		SLOTS:1																																						SOURCEPAGE:Phil's Brain																																																																																																																											BONUS:SKILL|Move Silently,Spot|10																														BONUS:VISION|Darkvision|60																																																																																												SAB:Girdle of the Lion - Grants Speak with Cats [free action]; Move silent bonus (+10), fall bonus 40' without taking damage and Damage Reduction:10 from Falling, Grants Cats vision (+ 10 to Spot and darkvision), Grants pluses to reaction dealing with cats.
#Grants Speak with cats free action, Move silent bonus (+10), fall bonus (like a monk) and DR10 from Falling, Grants Cats vision (+ 10 to Spot and darkvision), Grants pluses to reaction dealing with cats.
Vestment of Protection																								TYPE:Magic.Shirt.Phil.Destinie																																																																																																									BONUS:CHECKS|ALL|3|TYPE=Resistance	BONUS:COMBAT|AC|4|TYPE=Armor.STACK	BONUS:COMBAT|AC|4|TYPE=Deflection
Headband (Monk's)								OUTPUTNAME:Monk's Headband													TYPE:Magic.Wondrous.Headgear										COST:13000	WT:1																																									SOURCEPAGE:MagicItemsV.rtf																																																							BONUS:COMBAT|AC|1+max(0,WIS)|PREVAREQ:ENCUMBERANCE,0,var("COUNT[EQTYPE.ARMOR.EQUIPPED]"),0||PREVAREQ:MonkACLVL,0																																																																					BONUS:UDAM|CLASS.Monk|5		BONUS:VAR|MonkACLVL|5	BONUS:VAR|StunningFistMonkLVL|1						BONUS:WEAPONPROF=Unarmed Strike|DAMAGESIZE|3|PREVAREQ:MonkACLVL,0



###	Clifford's Items:
Helmet of Size Alteration																							TYPE:Magic.Wondrous.Helmet.Phil																																																																																																																																																																																																																																																												SPROP:3/day [move action] you can Enlarge or Reduce yourself as the spell lasting 15 minutes.
Ring (Blink/Greater)							OUTPUTNAME:Ring of Greater Blink												TYPE:Magic.Ring.Phil.Clifford																																																																																																																																																																																																																																																													SPROP:As blink, without the miss chance
#Dagger of Venom									TYPE:Weapon.Enhancement.Magic.Specific.Phil.Clifford			BONUS:COMBAT|TOHIT,DAMAGE|1|TYPE=Enhancement										SPROP:1/day poison effect [free action] Fortitude DC 14 or take 1d10 Con Damage, 1 minute later, creature must save or take another 1d10 Con Damage.
Dagger.COPY=The Winged Dagger
Dagger.COPY=Clifford's Returning Dagger
The Winged Dagger.MOD																								TYPE:Clifford																																	DAMAGE:1d6	EQMOD:PLUS2W.STEEL.TRIPLE_THROW													SIZE:S																																																																																																																																																																																																									SPROP:Dagger +2 (Small/Triple Throw)
Clifford's Returning Dagger.MOD																						TYPE:Clifford																																			EQMOD:PLUS2W.RETRN.STEEL														SIZE:S

Shield (Heavy/Metal).COPY=Dwarven Heavy Shield (Clifford)
Dwarven Heavy Shield (Clifford).MOD																						TYPE:Clifford																																			EQMOD:MITHRAL_SHLD.MNDARMR.PLUS3S.SPIKE_S

#EQUIPNAME:Dwarven Mithral Heavy Shield +1|OUTPUTORDER:17|COST:2020.0|WT:7.5|QUANTITY:1.0|CUSTOMIZATION:[BASEITEM:Mithral Heavy Shield|DATA:NAME=Dwarven Mithral Heavy Shield +1$EQMOD=PLUS1S.MITHRAL_SHLD$SPROP=(Mithral Heavy Shield +1)]
#EQUIPNAME:Dwarven Mithral Heavy Shield +3 (Mindarmor/Shield Spikes)|OUTPUTORDER:16|COST:34030.0|WT:12.5|QUANTITY:1.0|CUSTOMIZATION:[BASEITEM:Mithral Heavy Shield|DATA:NAME=Dwarven Mithral Heavy Shield +3 (Mindarmor/Shield Spikes)$EQMOD=PLUS3S.MNDARMR.MITHRAL_SHLD.SPIKE_S$SPROP=(Mithral Heavy Shield +1), (Mithral Heavy Shield +3 (Mindarmor/Shield Spikes))]

Shortbow.COPY=Masterwork Shortbow
Masterwork Shortbow.MOD																								TYPE:Clifford																																			EQMOD:MWORKW
Outfit (Traveler's).COPY=Clifford's Clothes
Clifford's Clothes.MOD																								TYPE:Clifford																																																					SIZE:S

Thieves' Tools.COPY=Clifford's Thieves' Tools
Clifford's Thieves' Tools.MOD																							TYPE:Clifford																																			EQMOD:MWORKT.STEEL															SIZE:S

#EQUIPNAME:Masterwork Shortbow|OUTPUTORDER:11|COST:330.0|WT:2.0|QUANTITY:1.0|CUSTOMIZATION:[BASEITEM:Shortbow|DATA:NAME=Masterwork Shortbow$EQMOD=MWORKW.WOOD]
#EQUIPNAME:Outfit (Traveler's/Small)|OUTPUTORDER:10|COST:1|WT:1.25|QUANTITY:1.0|CUSTOMIZATION:[BASEITEM:Outfit (Traveler's)|DATA:NAME=Outfit (Traveler's/Small)$SIZE=S]
#EQUIPNAME:Thieves' Tools (Steel/Masterwork/Small)|OUTPUTORDER:2|COST:100.0|WT:0.25|QUANTITY:1.0|CUSTOMIZATION:[BASEITEM:Thieves' Tools|DATA:NAME=Thieves' Tools (Steel/Masterwork/Small)$SIZE=S$EQMOD=MWORKT.STEEL]


Studded Leather.COPY=Clifford's Studded Leather
Clifford's Studded Leather.MOD																						TYPE:Clifford														WT:5																					EQMOD:LANDI.PLUS4A.SHDW_GRT.STEEL													SIZE:S
#Studded Leather +4 (Small/Landing/Shadow (Greater))|OUTPUTORDER:5|COST:53925.0|WT:10.0|QUANTITY:1.0|CUSTOMIZATION:[BASEITEM:Studded Leather|DATA:NAME=Studded Leather +4 (Small/Landing/Shadow (Greater))$SIZE=S$EQMOD=PLUS4A.LANDI.SHDW_GRT.STEEL]

Sword (Short).COPY=False King's Sword
False King's Sword.MOD																								TYPE:Clifford																																			EQMOD:PARRYING.PLUS2W.STEEL.THROW
Ring.COPY=Theo's Ring
Theo's Ring.MOD																									TYPE:Clifford																																																																																																																		BONUS:COMBAT|AC|1|TYPE=Deflection

Cloak of AC Luck Bonus +5																							TYPE:Cape.Clifford																																																																																																											BONUS:CHECKS|ALL|5|TYPE=Resistance	BONUS:COMBAT|AC|5|TYPE=Luck
#EQUIPNAME:Dagger +2 (Small/Returning)|OUTPUTORDER:19|COST:18302.0|WT:0.5|QUANTITY:2.0|CUSTOMIZATION:[BASEITEM:Dagger|DATA:NAME=Dagger +2 (Small/Returning)$SIZE=S$EQMOD=PLUS2W.RETRN.STEEL]


#EQUIPNAME:The Winged Dagger|OUTPUTORDER:4|COST:128302.0|WT:0.5|QUANTITY:1.0|CUSTOMIZATION:[BASEITEM:Dagger|DATA:NAME=The Winged Dagger$SIZE=S$EQMOD=PLUS2W.STEEL.TRIPLE_THROW._DAMAGE&pipe;1d6$ALTEQMOD=_DAMAGE&pipe;1d6$SPROP=(Dagger +2 (Small/Triple Throw))]
#EQUIPNAME:Winged Dagger +2|OUTPUTORDER:1|COST:8302.0|WT:1.0|QUANTITY:1.0|CUSTOMIZATION:[BASEITEM:Dagger|DATA:NAME=Winged Dagger +2$EQMOD=PLUS2W.STEEL._DAMAGE&pipe;1d6$ALTEQMOD=_DAMAGE&pipe;1d6$SPROP=(Dagger +2) Make three attacks when thrown]
#EQUIPNAME:Studded Leather +4 (Small/Landing/Shadow (Greater))|OUTPUTORDER:5|COST:53925.0|WT:10.0|QUANTITY:1.0|CUSTOMIZATION:[BASEITEM:Studded Leather|DATA:NAME=Studded Leather +4 (Small/Landing/Shadow (Greater))$SIZE=S$EQMOD=PLUS4A.LANDI.SHDW_GRT.STEEL]
#EQUIPNAME:False King's Sword +2 (Short/Parrying/Throwing)|OUTPUTORDER:14|COST:26310.0|WT:2.0|QUANTITY:1.0|CUSTOMIZATION:[BASEITEM:Sword (Short)|DATA:NAME=False King's Sword +2 (Short/Parrying/Throwing)$EQMOD=PLUS2W.PARRYING.STEEL.THROW$SPROP=(Sword +2 (Short/Parrying/Throwing))]
#EQUIPNAME:Theo's Ring|OUTPUTORDER:3|COST:5000.0|WT:0.0|QUANTITY:1.0|CUSTOMIZATION:[BASEITEM:Ring|DATA:NAME=Theo's Ring$EQMOD=BNS_AC_DEFL&pipe;+1.SPL_CHRG&pipe;SPELLNAME&lbracket;Sending&rbracket; CASTER&lbracket;Wizard&rbracket; SPELLTYPE&lbracket;Arcane&rbracket; SPELLLEVEL&lbracket;5&rbracket; CASTERLEVEL&lbracket;20&rbracket; CHARGES&lbracket;1&rbracket; $SPROP=(Ring)]

### Garbage - Not Used old code:
####From the Thorin PCG - Do not use
#EQUIPNAME:Clangeddin's Fury|OUTPUTORDER:6|COST:872520.0|WT:20.0|QUANTITY:1.0|CUSTOMIZATION:[BASEITEM:Greataxe|DATA:NAME=Clangeddin's Fury$EQMOD=ADDTYPE&pipe;ARTIFACT&pipe;DWARVEN&pipe;DIVINE.BNS_SKL_CMP&pipe;Knowledge (Giants)=+20&pipe;Intimidate=+15.BONDED_M.COUPGR_M.MITHRAL_ITEM.PLUS4W.SPL_CHRG&pipe;SPELLNAME&lbracket;See Invisibility&rbracket; CASTER&lbracket;Wizard&rbracket; SPELLTYPE&lbracket;Arcane&rbracket; SPELLLEVEL&lbracket;2&rbracket; CASTERLEVEL&lbracket;20&rbracket; CHARGES&lbracket;50&rbracket; .SPL_CMD&pipe;SPELLNAME&lbracket;Bear's Endurance&rbracket; CASTER&lbracket;Cleric&rbracket; SPELLTYPE&lbracket;Divine&rbracket; SPELLLEVEL&lbracket;2&rbracket; CASTERLEVEL&lbracket;20&rbracket; .SPL_CON_DAYS&pipe;SPELLNAME&lbracket;Locate Object&rbracket; CASTER&lbracket;Cleric&rbracket; SPELLTYPE&lbracket;Divine&rbracket; SPELLLEVEL&lbracket;3&rbracket; CASTERLEVEL&lbracket;20&rbracket; .SPL_CON_MINUTES&pipe;SPELLNAME&lbracket;Cat's Grace&rbracket; CASTER&lbracket;Wizard&rbracket; SPELLTYPE&lbracket;Arcane&rbracket; SPELLLEVEL&lbracket;2&rbracket; CASTERLEVEL&lbracket;20&rbracket; .SPL_CON_ROUND&pipe;SPELLNAME&lbracket;Bear's Endurance&rbracket; CASTER&lbracket;Cleric&rbracket; SPELLTYPE&lbracket;Divine&rbracket; SPELLLEVEL&lbracket;2&rbracket; CASTERLEVEL&lbracket;20&rbracket; .STEEL._WEIGHTADD&pipe;14._DAMAGE&pipe;3d6$ALTEQMOD=_DAMAGE&pipe;3d6$SPROP=Artifact - Once per day increase STR, DEX, or CON for 10 minutes. (Ability damage equal to bonus recooperates 1 point per hour) See Invisible and Blindsight through Axes sight. Concentration - Locate Gem and Metals, Locate enemies. Immune to Mind control. Know if enemies are within 1 mile (extended range within Dwarven Keep)]
#EQUIPSET:Carried|ID:0.1.5|VALUE:Clangeddin's Fury|QUANTITY:1.0|USETEMPMODS:Y
#See Invisibility
#&pipe;SPELLNAME&lbracket;&rbracket; CASTER&lbracket;Wizard&rbracket; SPELLTYPE&lbracket;Arcane&rbracket; SPELLLEVEL&lbracket;2&rbracket; CASTERLEVEL&lbracket;20&rbracket; CHARGES&lbracket;50&rbracket; &pipe;SPELLNAME&lbracket;Bear's Endurance&rbracket; CASTER&lbracket;Cleric&rbracket; SPELLTYPE&lbracket;Divine&rbracket; SPELLLEVEL&lbracket;2&rbracket; CASTERLEVEL&lbracket;20&rbracket; &pipe;SPELLNAME&lbracket;Locate Object&rbracket; CASTER&lbracket;Cleric&rbracket; SPELLTYPE&lbracket;Divine&rbracket; SPELLLEVEL&lbracket;3&rbracket; CASTERLEVEL&lbracket;20&rbracket; &pipe;SPELLNAME&lbracket;Cat's Grace&rbracket; CASTER&lbracket;Wizard&rbracket; SPELLTYPE&lbracket;Arcane&rbracket; SPELLLEVEL&lbracket;2&rbracket; CASTERLEVEL&lbracket;20&rbracket; &pipe;SPELLNAME&lbracket;Bear's Endurance&rbracket; CASTER&lbracket;Cleric&rbracket; SPELLTYPE&lbracket;Divine&rbracket; SPELLLEVEL&lbracket;2&rbracket; CASTERLEVEL&lbracket;20&rbracket; .STEEL._WEIGHTADD&pipe;14._DAMAGE&pipe;3d6$ALTEQMOD=_DAMAGE&pipe;3d6$S]

Ring (Elemental Command/Fire).MOD																																																																																								ABILITY:Special Ability|VIRTUAL|FireResistanceBase|FireResistanceBonus30
Ring (Energy Resistance/Fire/Minor).MOD																																																																																							ABILITY:Special Ability|VIRTUAL|FireResistanceBase|FireResistanceBonus10
