# CVS $Revision: $ $Author: $ -- Wed Mar 20 16:10:53 2013 -- reformated by prettylst.pl v1.39 (build 15052)
SOURCELONG:Phil's Game	SOURCESHORT:Phil	SOURCEWEB:None	SOURCEDATE:2007-01
# Template Name			Visible		Level Adjustment	Special Ability																																																																																																																															Define									Level																																						Save checks bonus						Combat bonus																	Caster level bonus		Bonus to skill			Stat bonus									Modify VAR											Choose										Feat												Virtual Feat						Spells									ADD:SPELLCASTER

### COMMENT: Jason of Mystra's Special Powers:
# Template Name				Visible		Source Page		Special ABility																																																																																																									Define										Combat bonus																																																													Bonus to HP			Adjust PC Size				Bonus to spell cast/day				Stat bonus									Modify VAR																				Wield Category bonus				Choose										Ability																																											Feat												Virtual Feat							Type			Vision			Allowed Companions			Allow Follower
1-Jason					VISIBLE:DISPLAY																																																																																																																																																																																																																																																																																																																			VFEAT:Leadership|Mounted Combat|Ride-By Attack
1-Jason Special Mount			VISIBLE:DISPLAY	SOURCEPAGE:custom																																																																																																												DEFINE:SMPLevel|0																																																																																																			BONUS:VAR|SMPLevel|var("CL=Champion of Mystra")																																																																																																	TYPE:SpellLike					COMPANIONLIST:Special INT Mount|ANY	FOLLOWERS:Special INT Mount|1
1-Jason ~ Mystic Shield			VISIBLE:DISPLAY				SAB:MYSTIC SHIELD (Su): At will, as a move equivalent action that does not provoke an attack of opportunity you may summon a Heavy Shield of +2 Enhancement [AC +4]. 1/day the Shield's protection may be increased by % [+1 point per 3 character levels] for 1 round/level. At the end of this duration you lose % [+1 point per 3 character levels] CON damage, it takes 8 hours to recover the loss. [This may not be recovered by any magic means, like restoration]. This shield cannot be disarmed, removed or put down, it's attached to the arm. [Cost Permanent Loss of 9 Spell Points and 9 Health Points]|MysticShieldProtection|MysticConPenalty	DEFINE:MysticShieldProtection|0	DEFINE:MysticConPenalty|0																																																																BONUS:HP|CURRENTMAX|-9							BONUS:SPELLCAST|CLASS=Sorcerer;LEVEL=1|-3											BONUS:VAR|MysticShieldProtection|var("CL=Champion of Mystra")/3	BONUS:VAR|MysticConPenalty|var("CL=Champion of Mystra")/3																																																																																				TYPE:Supernatural
Jason's Special Mount			VISIBLE:DISPLAY	SOURCEPAGE:custom																																																																																																												DEFINE:SMPLevel|0																																																																																																			BONUS:VAR|SMPLevel|var("CL=Champion of Mystra")																																																																																																	TYPE:SpellLike					COMPANIONLIST:Special INT Mount|ANY	FOLLOWERS:Special INT Mount|1
#1-Jason Sorcerer							VISIBLE:DISPLAY																																																																																																																																																																																																																BONUS:PCLEVEL|Sorcerer|1																																																				VFEAT:Mounted Combat|Ride-By Attack|Leadership											ADD:SPELLCASTER|VAR("CL=Paladin")/2|Sorcerer
#
#
############################################################
### COMMENT: Thorin Block - SPECIAL ABILITIES & Powers:
1-Thorin					VISIBLE:DISPLAY				SAB:CHA of 20 with Dwarves																																																																																																																																																																																																																																																																																															ABILITY:Feat|AUTOMATIC|Defensive Stance ~ Malhavoc	FEAT:Endurance	FEAT:Toughness	VFEAT:Leadership
1-Thorin AXE				VISIBLE:DISPLAY				SAB:Blindsight 60 ft. (Ex)	SAB:Immune to all mind-influencing effects (charms/ compulsions/ phantasms/ patterns/ and morale effects)																																																																																																																																																																																																																																																																																																					VISION:Blindsight (60')
1-Thorin Dual Axes			VISIBLE:DISPLAY																																																																																																																										BONUS:COMBAT|TOHIT-PRIMARY|2	BONUS:COMBAT|TOHIT-SECONDARY|6	BONUS:COMBAT|TOHIT-PRIMARY|0|PRELEVEL:MIN=12	BONUS:COMBAT|TOHIT-SECONDARY|0|PRELEVEL:MIN=12	BONUS:COMBAT|SECONDARYATTACKS|1|PREMULT:2,[PREATT:6],[PRELEVEL:MIN=12]	BONUS:COMBAT|SECONDARYATTACKS|1|PREMULT:2,[PREATT:11],[PRELEVEL:MIN=12]	BONUS:COMBAT|SECONDARYATTACKS|1|PREMULT:2,[PREATT:16],[PRELEVEL:MIN=12]																																																																			ABILITY:Special Ability|AUTOMATIC|Champion Tracker - Axe Weapon Specialization|PREFEAT:1,Weapon Specialization (Greataxe)	ABILITY:Special Ability|AUTOMATIC|Champion Tracker - Axe Greater Weapon Specialization|PREFEAT:1,Greater Weapon Specialization (Greataxe)													VFEAT:Powerful Two-Weapon Fighting|PRELEVEL:MIN=12


#VFEAT:Two-Weapon Fighting	VFEAT:Improved Two-Weapon Fighting|PRELEVEL:6	VFEAT:Greater Two-Weapon Fighting|PRELEVEL:11	VFEAT:Superior Two-Weapon Fighting|PRELEVEL:16	VFEAT:Weapon Specialization(Battleaxe)|PREFEAT:1,Weapon Specialization(Greataxe)	VFEAT:Greater Weapon Specialization(Battleaxe)|PREFEAT:1,Greater Weapon Specialization(Greataxe)
#
### COMMENT: Stat Boost from Axe - Apply via Template Bonuses in Program.
1-Thorin Stat Boost (STR)		VISIBLE:NO																																																																																																																																																																																																											BONUS:STAT|STR|%CHOICE|PREAPPLY:ANYPC|TYPE=Enhancement																													CHOOSE:NUMBER|MIN=11|MAX=14|TITLE=Choose number of bonus STAT.
1-Thorin Stat Boost (DEX)		VISIBLE:NO																																																																																																																																																																																																											BONUS:STAT|DEX|%CHOICE|PREAPPLY:ANYPC|TYPE=Enhancement																													CHOOSE:NUMBER|MIN=11|MAX=14|TITLE=Choose number of bonus STAT.
1-Thorin Stat Boost (CON)		VISIBLE:NO																																																																																																																																																																																																											BONUS:STAT|CON|%CHOICE|PREAPPLY:ANYPC|TYPE=Enhancement																													CHOOSE:NUMBER|MIN=11|MAX=14|TITLE=Choose number of bonus STAT.

## Thorin's Size Change Ability:
1-Thorin Change Size Neg Attack	VISIBLE:DISPLAY																																																																																																																										BONUS:COMBAT|TOHIT|2|PRESIZEGTEQ:L	BONUS:COMBAT|TOHIT|2|PRESIZEGTEQ:G	BONUS:COMBAT|TOHIT|2|PRESIZEGTEQ:H	BONUS:COMBAT|REACH|10|PRESIZEGTEQ:L
1-Thorin Change Size (Large)		VISIBLE:DISPLAY																																																																																																																										BONUS:COMBAT|DAMAGESIZE|1|PREAPPLY:PC	BONUS:COMBAT|REACH|10																																																									BONUS:SIZEMOD|NUMBER|1|PREAPPLY:PC																																							BONUS:WIELDCATEGORY|ALL|1|PREAPPLY:PC																																																																													TYPE:Thorin

### Not Available Yet
1-Thorin Change Size (Huge)		VISIBLE:DISPLAY																																																																																																																										BONUS:COMBAT|DAMAGESIZE|2|PREAPPLY:PC	BONUS:COMBAT|REACH|10																																																									BONUS:SIZEMOD|NUMBER|2|PREAPPLY:PC																																							BONUS:WIELDCATEGORY|ALL|2|PREAPPLY:PC																																																																													TYPE:Thorin
1-Thorin Change Size (Garg)		VISIBLE:DISPLAY																																																																																																																										BONUS:COMBAT|DAMAGESIZE|3|PREAPPLY:PC	BONUS:COMBAT|REACH|10																																																									BONUS:SIZEMOD|NUMBER|3|PREAPPLY:PC																																							BONUS:WIELDCATEGORY|ALL|3|PREAPPLY:PC																																																																													TYPE:Thorin
1-Thorin Change Size (Col)		VISIBLE:DISPLAY																																																																																																																										BONUS:COMBAT|DAMAGESIZE|4|PREAPPLY:PC	BONUS:COMBAT|REACH|10																																																									BONUS:SIZEMOD|NUMBER|4|PREAPPLY:PC																																							BONUS:WIELDCATEGORY|ALL|4|PREAPPLY:PC																																																																													TYPE:Thorin


### COMMENT: For Thorin in case a fresh needs to be made - NOT APPLIED CURRENTLY - SEE PALADIN FEATS
#1-Thorin Paladin			VISIBLE:DISPLAY				SAB:Aura of Good (Ex)		SAB:Divine Grace (Su)	SAB:Lay on Hands (Su) % hp/day|LayOnHands	SAB:Aura of Courage (Su)	SAB:Divine Health (Ex)	SAB:Remove Disease (Sp) %/week|RemoveDisease																																																																																																			DEFINE:LayOnHands|0	DEFINE:RemoveDisease|0																																									BONUS:CHECKS|Fortitude,Reflex,Will|max(CHA,0)																																								BONUS:VAR|LayOnHands|max(CHA,0)*CL	BONUS:VAR|RemoveDisease|CL/3-1
############################################################


###Block: Clifford:
# Template Name		Visible		Source Page		Special ABility																																																																																																																																		Define																								Level										Bonus to Ability Pool																																					Bonus to skill																																				Modify VAR											Virtual Feat
Training at the Academy	VISIBLE:DISPLAY	SOURCEPAGE:Custom																																																																																																																																																																																																																BONUS:SKILL|Open Lock,Balance,Climb,Escape Artist,Disable Device,Listen,Spot,Hide,Move Silently,Sleight of Hand|5	BONUS:SKILL|Decipher Script,Disguise,Gather Information,Search|2	BONUS:SKILL|Tumble|3	BONUS:SKILL|Use Rope|1													VFEAT:Nimble Fingers	VFEAT:Weapon Finesse
0-Toxic Avenger		VISIBLE:DISPLAY				SAB:Imbue Object (Sp): 1/day - Imbued Object (Thrown or fired) ignore concealment and cover|PRELEVEL:MIN=6	SAB:Phase Object (Sp): 1/day - Imbued Object ignores obstacles (except wall of force, wall of fire or the like) negating concealment, cover and even armor modifiers|PRELEVEL:MIN=8	SAB:Animate Object (Sp): 1/day for % minutes make a non-living object float, fly, or move at a rate of 60. Not to exceed 300 lbs.|AnimateObjectDuration|PRELEVEL:MIN=10	SAB:Blast of Energy (Sp): 1/day - Blast of Energy (Su): Once every other day, you imbue extra damage (Int Modifier +1 minimum of x2). Add all of your damage (Normal attack, Magical Bonuses, Sneak Attack (if applicable) Critical Hit (if applicable) and then multiplying it by your (INT Modifier +1) or %|IntModBonus|PRELEVEL:MIN=12	DEFINE:AnimateObjectDuration|0	DEFINE:IntModBonus|1	DEFINE:ToxicAvengerNATAC|0	DEFINE:ToxicAvengerNATToHit|0	DEFINE:ToxicAvengerDamage|2	LEVEL:11:ADD:ABILITY|Special|NORMAL|TYPE=ToxicAvengerClass	BONUS:ABILITYPOOL|Special|1|PRELEVEL:MIN=3	BONUS:ABILITYPOOL|Special|1|PRELEVEL:MIN=4	BONUS:ABILITYPOOL|Special|1|PRELEVEL:MIN=5	BONUS:ABILITYPOOL|Special|1|PRELEVEL:MIN=7	BONUS:ABILITYPOOL|Special|1|PRELEVEL:MIN=9																																							BONUS:VAR|AnimateObjectDuration|TL*10	BONUS:VAR|IntModBonus|INT

###Block: Destini:
# Template Name					Hit Dice Size	Size		Face/Space	Reach		Nb Legs	Nb Hands	Visible		Damage Reduction		Level Adjustment	Template				Source Page				Special ABility																																																																																																																																																																					Define										Required AL		Required Hit Dice	Save checks bonus											Combat bonus																													Add to base move				Caster level bonus					Bonus to skill				Stat bonus																	Modify VAR																														Class Skill							Add 								Ability																																			Feat			Virtual Feat																			Main Race Type		Vision			Innate Spells																																																		Natural Attacks
Chosen of Sylvanus																	VISIBLE:DISPLAY													SOURCEPAGE:Custom			SAB:Blessing of the Woods (Ex): Grants a Natural Armor Bonus of +%|BlessingoftheWoodsBonus	SAB:Roots & Twigs (Sp): 1/day - Cast Entangle as an Innate Ability|PRELEVEL:MIN=4	SAB:Wind in the grass (Sp): 1/day - Cast Freedom of Movement as an Innate Ability|PRELEVEL:MIN=5	SAB:Shapeshift (Su): Panther - Bite deals 1d6, +4 STR, +4 Natural Armor, Base Speed +20, Gain Mobility Feat|PRELEVEL:MIN=6	SAB:Shapeshift (Su): Eagle - Talon 1d6, +2 STR, +2 Reflex Save, +2 Natural Armor, Fly 40 (good maneuverability)|PRELEVEL:MIN=7	SAB:Stunning Glance (Su): 1/day - As a standard action, you can stun a creature within 30 feet with a look. The target creature must succeed on a DC % Fortitude save or be stunned for 2d4 rounds.|StunningGlanceDC|PRELEVEL:MIN=9	SAB:ShapeChange (Su): Treant Form - Once per day you can become a Treant, HD = to Druid Level, as per Shapechange Spell. You become a Treant, gaining all physical ability stats and retaining all mental ability stats|PRELEVEL:MIN=12	DEFINE:BlessingoftheWoodsBonus|0	DEFINE:StunningGlanceDC|0																				BONUS:COMBAT|AC|1|TYPE=NaturalArmor	BONUS:COMBAT|AC|2|TYPE=NaturalArmor|PRELEVEL:MIN=4	BONUS:COMBAT|AC|3|TYPE=NaturalArmor|PRELEVEL:MIN=5																																														BONUS:VAR|BlessingoftheWoodsBonus|1	BONUS:VAR|BlessingoftheWoodsBonus|1|PRELEVEL:MIN=4	BONUS:VAR|BlessingoftheWoodsBonus|1|PRELEVEL:MIN=5	BONUS:VAR|StunningGlanceDC|11+WIS+(TL/2)																																																								VFEAT:Flyby Attack|PRELEVEL:MIN=7	VFEAT:Self Sufficient|PRELEVEL:MIN=11													VISION:Darkvision (30')	SPELLS:Innate|TIMES=1|CASTERLEVEL=TL|Entangle,11+WIS|PRELEVEL:MIN=4	SPELLS:Innate|TIMES=1|CASTERLEVEL=TL|Freedom of Movement,14+WIS|PRELEVEL:MIN=5	SPELLS:Innate|TIMES=1|CASTERLEVEL=TL|Tree Stride,16+WIS|PRELEVEL:MIN=8	SPELLS:Innate|TIMES=1|CASTERLEVEL=TL|Irresistible Dance,19+WIS|PRELEVEL:MIN=10
### Panther FORM
1-Destinie Shapechange into DIRE PANTHER				SIZE:L	FACE:10	REACH:5	LEGS:4	HANDS:3	VISIBLE:DISPLAY													SOURCEPAGE:MonstersDi-Do.rtf	SAB:Improved Grab (Ex)	SAB:Pounce (Ex)	SAB:Rake (Ex)																																																																																																																																																																																												BONUS:COMBAT|AC|4|TYPE=NaturalArmor.STACK																									BONUS:MOVEADD|TYPE.Walk|40-MOVEBASE															BONUS:STAT|STR|25-STRSCORE.BASE	BONUS:STAT|DEX|15-DEXSCORE.BASE	BONUS:STAT|CON|17-CONSCORE.BASE																																																																																							VFEAT:Improved Natural Attack(Bite)|Improved Natural Attack(Claw)|Mobility|Multiattack|Weapon Focus(Bite)|Weapon Focus(Claw)																																																													NATURALATTACKS:Claw,Weapon.Natural.Melee.Finesseable.Piercing.Slashing,*2,1d6|Bite,Weapon.Natural.Melee.Finesseable.Bludgeoning.Piercing.Slashing,*1,1d8
1-Destinie Panther Form Character															VISIBLE:DISPLAY																																																																																																																																																																																																																																																																																												BONUS:VAR|WildEmpathy|TL																																											ABILITY:Special Ability|AUTOMATIC|Nature Sense|Resist Nature's Lure|Trackless Step|Venom Immunity|Wild Empathy|Woodland Stride																																											VISION:Darkvision (30')
1-Destinie Panther Companion																VISIBLE:DISPLAY																																																																																																																																																																																																																																																																																																																																											ABILITY:Special Ability|AUTOMATIC|Destinie Panther Form

#1-Destinie Awakened Animal	PRERACE:1,RACETYPE=Animal,TYPE=Animal		LANGBONUS:TYPE=Spoken	SUBRACE:Awakened	RACETYPE:Magical Beast	RACESUBTYPE:Augmented Animal	ADD:LEVEL|Animal|2	ADD:LANGUAGE|TYPE=Spoken







### Pryad's:
Training with Master Zu																	VISIBLE:DISPLAY													SOURCEPAGE:Custom			SAB:Training with Master Mystic Zu gives a bonus to Concentration																																																																																																																																																																																																																																								BONUS:SKILL|Concentration|2
Library																			VISIBLE:DISPLAY													SOURCEPAGE:Custom			SAB:Library ~ Allows research of spells at a reduced cost. Grants a Knowledge Check on any untrained Knowledge at -2. Grants a +1 to all Knowledge Checks.																																																																																																																																																																																																																									BONUS:SKILL|TYPE.Knowledge|1
Fire Touched																		VISIBLE:DISPLAY													SOURCEPAGE:Custom			SAB:Curse ~ May RAGE under stress.	SAB:Flame Touched (Ex) ~ Movement increased|PRELEVEL:MIN=4	SAB:Warm to the touch (Ex): You radiate warmth|PRELEVEL:MIN=6	SAB:Fireburst (Sp) ~ 3/day (recharge 1d4 rounds). Rage may trigger this effect|PRELEVEL:MIN=7	SAB:Flame Aura (Su) ~ At will your aura glows as if on fire allowing you to move faster and jump farther. (+10 to Movement and Jump Skill, -10 to Hide/Sneak Skill and outlines Invisiblity and other similar magics)|PRELEVEL:MIN=8	SAB:Cold Vulnerability (Ex) ~ Take 50% more damage from cold based attacks|PRELEVEL:MIN=8	SAB:Fire Breath (Su) ~ 2/day, 40' cone, breath weapon (1d6 per 2/level), DC % Reflex save|PryadFireBreath|PRELEVEL:MIN=9	SAB:Flame Aura Flight (Su) ~ (Movement Rate 5' per 2/level, Max 60)|PRELEVEL:MIN=11	SAB:Elemental Form (Su) ~ 1/day - Transform into a Fire Elemental of equal HD to CL, Cold damage does 2x, Fire heals 1 point per die (unable to cast or use any other Special Ability)|PRELEVEL:MIN=12		DEFINE:PryadFireBreath|0																																																																																															BONUS:VAR|PryadFireBreath|10+INT	BONUS:VAR|PryadFireBreath|TL/2																																				ABILITY:Special Ability|AUTOMATIC|FireResistanceBonus10|PRELEVEL:MIN=5	ABILITY:Special Ability|AUTOMATIC|FireResistanceBonus15|PRELEVEL:MIN=8	ABILITY:Special Ability|AUTOMATIC|FireResistanceBonus20|PRELEVEL:MIN=10				VFEAT:Fleet of Foot - Malhavoc|PRELEVEL:MIN=4	VFEAT:Improved Initiative|PRELEVEL:MIN=5	VFEAT:Dodge|PRELEVEL:MIN=6										SPELLS:Innate|TIMES=3|CASTERLEVEL=TL|Fireburst,13+INT|PRELEVEL:MIN=7
Pryad Permanency Spell																	VISIBLE:DISPLAY													SOURCEPAGE:Custom			SAB:Permanently cast - Detect Magic, Tongues, See Invisible, Darkvision, Arcane Sight																																																																																																																																																																																																																																																																																																																																																																											VISION:Darkvision (60')
#, Dark Vision, See Invisible, Tongues, Arcane Sight	BONUS:VISION|Darkvision|60
Pryad Concentration (Wis)																VISIBLE:DISPLAY								TEMPLATE:Concentration (Wis)	SOURCEPAGE:Custom

SOURCELONG:Alderac Entertainment Group	SOURCESHORT:AEG
AEG ~ Freeform Casting																	VISIBLE:DISPLAY													SOURCEPAGE:p.154			SAB:Spontaneous Freeform Casting ~ May Cast up to your max level any spell within the guidelines - Simple DC 35 + 2 x Spell level or Ritual DC 30 + Spell level. AEG Magic, pg.154.
AEG ~ Overcast																		VISIBLE:DISPLAY													SOURCEPAGE:p.152			SAB:Overcast ~ May cast a spell normally above your limit that is written in your spellbook. Simple DC is 25 + 2 x spell level, Ritual DC is 20 + 2 x spell level. AEG Magic, pg.152.

SOURCELONG:Custom SOURCESHORT:Custom
### Alternate Fire Resistance - Template - not used
FireResistance																		VISIBLE:NO														SOURCEPAGE:Custom			SAB:Fire Resistance %|FireResistanceBonus																																																																																																																																																																	DEFINE:FireResistanceBonus|0
FireResistance5																		VISIBLE:NO														SOURCEPAGE:Custom																																																																																																																																																																																																																																																																													BONUS:VAR|FireResistanceBonus|5|TYPE=Template
FireResistance10																		VISIBLE:NO														SOURCEPAGE:Custom																																																																																																																																																																																																																																																																													BONUS:VAR|FireResistanceBonus|10|TYPE=Template
FireResistance15																		VISIBLE:NO														SOURCEPAGE:Custom																																																																																																																																																																																																																																																																													BONUS:VAR|FireResistanceBonus|15|TYPE=Template
FireResistance20																		VISIBLE:NO														SOURCEPAGE:Custom																																																																																																																																																																																																																																																																													BONUS:VAR|FireResistanceBonus|20|TYPE=Template



### Monster Block - Template:
Juju Zombie						HITDIE:12												VISIBLE:YES		DR:5/magic and slashing														SAB:Resistance to Fire (Ex): Juju zombies have a resistance to fire 10	SAB:Immunities (Ex): Juju zombie are immune to cold and electricity	SAB:Immunity to Magic Missile (Ex): Juju zombies are immune to the magic missile spell (including any spell-like ability that mimics the spell)	SAB:Turn Resistance (Ex): A juju zombie has a +4 turn resistance																																																																																																																								PREALIGN:NE,LE,CE	PREHD:MIN=1		BONUS:CHECKS|BASE.Fortitude,BASE.Reflex|HD/3	BONUS:CHECKS|BASE.Will|HD/2+2	BONUS:COMBAT|AC|1|PRESIZEEQ:S	BONUS:COMBAT|AC|2|PRESIZEEQ:M	BONUS:COMBAT|AC|3|PRESIZEEQ:L	BONUS:COMBAT|AC|4|PRESIZEEQ:H	BONUS:COMBAT|AC|7|PRESIZEEQ:G	BONUS:COMBAT|AC|11|PRESIZEEQ:C															BONUS:SKILL|Climb|8|TYPE=Racial	BONUS:STAT|STR|4	BONUS:STAT|DEX|2																																																																																																			VFEAT:Improved Initiative|Toughness
### JUJU causing a parser error, commented out for now.
Undead Type						HITDIE:12																																																																																																																																																																																																																																																																																																																																																																																																																					RACETYPE:Undead
Aberration Type					HITDIE:8																																																																																																																																																																																																																																																																																																																																																																																																																					RACETYPE:Aberration


### END MONSTER BLOCK ###
### COMMENT: Jay's original Character concept:
Half-Doppleganger																		VISIBLE:YES						LEVELADJUSTMENT:2											SAB:Empathy (Sp)	SAB:Alternate Forms (Su)	SAB:Immunities (Ex): Immune to sleep and charm effects.																																																																																																																																																																																				BONUS:COMBAT|AC|2|TYPE=NaturalArmor																																								BONUS:SKILL|Bluff,Disguise|2		BONUS:STAT|WIS|2																																																																																																			ABILITY:Feat|AUTOMATIC|Alertness																														SPELLS:Innate|TIMES=ATWILL|CASTERLEVEL=1|Empathy DM,11+CHA
#SPELLS:Innate|CASTERLEVEL=TL|TIMES=-1|Alter Self,10+TL+CHA|Astral Projection,10+TL+CHA
#

# Template Name					Hit Dice Size	Size		Face/Space	Reach		Nb Legs	Nb Hands	Visible		Damage Reduction		Level Adjustment	Template				Source Page				Special ABility																																																																																																																																																																					Define										Required AL		Required Hit Dice	Save checks bonus											Combat bonus																													Add to base move				Caster level bonus					Bonus to skill				Stat bonus																	Modify VAR																														Class Skill							Add 								Ability																																			Feat			Virtual Feat																			Main Race Type		Vision			Innate Spells																																																		Natural Attacks
Sneak is a Class Skill -1																															SOURCEPAGE:Custom																																																																																																																																																																																																																																																																																																												CSKILL:Sneak (Hide)|Sneak (Move Silently)|Sneak
Notice is a class skill -1																															SOURCEPAGE:Custom																																																																																																																																																																																																																																																																																																												CSKILL:Notice (Listen)|Notice (Spot)|Notice

1-Diablo																			VISIBLE:DISPLAY																																																																																																																																																																																																																							BONUS:COMBAT|AC|10|TYPE=NaturalArmor																															BONUS:PCLEVEL|Wizard|15	BONUS:PCLEVEL|Druid|21	BONUS:SKILL|Jump|20																																																												ADD:SPELLCASTER|Wizard	ADD:SPELLCASTER|Druid

###COMMENT - UNUSED CODE
#DEFINE:FireResistanceBonus|0

#
#	SAB:Fire Resistance 10|PRELEVEL:5
#	SAB:Fire Resistance 15 / Cold Vunerability (damage x1.5)|PRELEVEL:8
#	SAB:Fire Resistance 20|PRELEVEL:10

### Updated:
#SAB:Fire Resistance %|FireResistanceBonus
#BONUS:VAR|FireResistanceBonus|10|PRELEVEL:5|TYPE=Racial	BONUS:VAR|FireResistanceBonus|15|PRELEVEL:8|TYPE=Racial	BONUS:VAR|FireResistanceBonus|20|PRELEVEL:10|TYPE=Racial


#BONUS:WEAPON|TOHIT|(PC.SIZE.INT-EQUIP.SIZE.INT)*2|PREVARGT:PC.SIZE.INT,EQUIP.SIZE.INT|!PRETYPE:2,Melee,Natural|TYPE=DifferentEQSizePenalty|PREAPPLY:PC	BONUS:WEAPON|TOHIT|(EQUIP.SIZE.INT-PC.SIZE.INT)*2|PREVARGT:EQUIP.SIZE.INT,PC.SIZE.INT|!PRETYPE:2,Melee,Natural|TYPE=DifferentEQSizePenalty|PREAPPLY:PC

#BONUS:WEAPON|TOHIT|(PC.SIZE.INT-EQUIP.SIZE.INT)*2|PREVARGT:PC.SIZE.INT,EQUIP.SIZE.INT|!PRETYPE:2,Melee,Natural|TYPE=DifferentEQSizePenalty|PREAPPLY:PC	BONUS:WEAPON|TOHIT|(EQUIP.SIZE.INT-PC.SIZE.INT)*2|PREVARGT:EQUIP.SIZE.INT,PC.SIZE.INT|!PRETYPE:2,Melee,Natural|TYPE=DifferentEQSizePenalty|PREAPPLY:PC
#TESTED BUT DIN WRK OR USED IN CODE
#BONUS:WEAPONPROF=Greataxe|DAMAGESIZE|2|PREAPPLY:PC
#1-Thorin Change Weapon Damage Increase	BONUS:WEAPONPROF=TYPE.Simple|DAMAGESIZE|1|TYPE=SizeIncrease|PREAPPLY:PC		BONUS:WEAPONPROF=TYPE.Martial|DAMAGESIZE|1|TYPE=SizeIncrease|PREAPPLY:PC	BONUS:WEAPONPROF=TYPE.Exotic|DAMAGESIZE|1|TYPE=SizeIncrease|PREAPPLY:PC
#1-Thorin cHANGE WEAP COMB	BONUS:COMBAT|DAMAGESIZE|1|PREAPPLY:PC
#1-Thorin cHANGE WEAP BONUS	BONUS:WEAPON|DAMAGESIZE|1|PREAPPLY:PC

#BONUS:WEAPONPROF=ALL|DAMAGESIZE|1|TYPE=SizeIncrease|PREAPPLY:PC

#1-Thorin Change WieldCat		BONUS:WIELDCATEGORY|ALL|1|PREAPPLY:PC
#1-Thorin Change WeaponWield		BONUS:WEAPON|WIELDCATEGORY|1|PREAPPLY:PC

#BONUS:VAR|WEIGHT.PC|*8|PREAPPLY:PC	BONUS:VAR|
#BONUS:WEAPONPROF=TYPE.Martial|DAMAGESIZE|1|TYPE=SizeIncrease|PREAPPLY:PC
#BONUS:WEAPONPROF=TYPE.Exotic|DAMAGESIZE|1|TYPE=SizeIncrease|PREAPPLY:PC

#BONUS:WEAPONPROF=Greataxe|WIELDCATEGORY|-1 - works
#Thorin Dual Axes2			VISIBLE:DISPLAY					BONUS:WEAPONPROF=Greataxe|PCSIZE|1
### TOHITOVERSIZED not working, perhaps it's only good if the weapon in question is indeed oversized.
#Thorin Dual Axes1			VISIBLE:DISPLAY					BONUS:WEAPONPROF=Greataxe|TOHITOVERSIZE|1


#
## EOF
#
