

###KIT - Dalek
STARTPACK:Dalek
#*Abilities: Str 7, Dex 10, Con 8, Int 14, Wis 14, Cha 14
#*Skills: (32 points) Demolitions +6 (4 ranks), Drive +6 (6 ranks), Hide +6 (6 ranks), Intimidate +8 (6 ranks), Move Silently +6 (6 ranks), Search +6 (4 ranks)
#*Feats: 
FEAT:Personal Firearms Proficiency
FEAT:Advanced Firearms Proficiency

STAT:STR=11|DEX=10|CON=10|INT=10|WIS=10|CHA=10

#KIT###
STARTPACK:Tanuki Default
#Skills: Bluff +10, Climb +3, Concentration +5, Diplomacy +8, Disguise +8, Escape Artist +6, Gather Information +8, Hide +8, Intimidate +10, Knowledge (Arcane lore) +7, Knowledge (Earth and life sciences) +7, Listen +10, Move Silently +8, Perform (Percussion instruments) +8, Sleight of Hand +6, Spot +10, Survival +8.
STAT:STR=10|DEX=11|CON=11|INT=10|WIS=10|CHA=10
#Str 8, Dex 15, Con 13, Int 18, Wis 18, Cha 18.
ALIGN:CE|CG|CN
FEAT:Alertness
FEAT:Persuasive
FEAT:Stealthy
GEAR:Club	SIZE:PC	LOCATION:Primary Hand
GEAR:Robes	SIZE:PC	LOCATION:Body



STARTPACK:Kool Aid Man	TYPE:Default
RACE:Kool Aid Man	PRERACE:1,%
#Abilities: Str 31, Dex 14, Con -, Int 10, Wis 11, Cha 21
#
STAT:STR=11|DEX=10|CON=10|INT=10|WIS=11|CHA=11
ALIGN:CN

#Feats: 
FEAT:Cleave
FEAT:Great Cleave
FEAT:Improved Initiative
FEAT:Improved Natural Attack (Slam)
FEAT:Iron Will
FEAT:Power Attack,
FEAT:Skill Focus (Diplomacy)
#Skills: Diplomacy +20, Jump + 23 Peform (Dance)+ 20*,
#Tumble +19*
#Skills: The Kool-Aid man has a +4 racial bonus on Perform (Dance) and Tumble checks.

