


CLASS:Chainsaw Knight	HD:10	TYPE:Prestige	MAXLEVEL:10	BONUS:COMBAT|BAB|CL*3/4|PREVAREQ:UseFractionalBAB,0	BONUS:VAR|ClassBABModerate|CL|PREVAREQ:UseFractionalBAB,1	
	BONUS:CHECKS|BASE.Fortitude,BASE.Reflex|CL/2+2	BONUS:CHECKS|BASE.Will|CL/3	BONUS:COMBAT|AC|CL/5|TYPE=ClassDefence.REPLACE
CLASS:Chainsaw Knight	PREATT:2	PRESKILL:2,Craft (Mechanical)=6,Repair=6	PREFEAT:4,Exotic Weapon Proficiency,Personal Firearms Proficiency,Housewares,Duct-Tape Engineering
CLASS:Chainsaw Knight	STARTSKILLPTS:7	CSKILL:Bluff|Climb|Craft (Chemical)|Craft (Electronic)|Craft (Mechanical)|Craft (Structural)|Demolitions|Disable Divice|Hide|Intimidate|Jump|Knowledge (Arcane Lore)|Listen|Move Silently|Repair|Search|Spot|Swim|Tumble
1	ABILITY:Special Ability|AUTOMATIC|Chainsaw Mastery I
2	ABILITY:Special Ability|AUTOMATIC|Destruction's Right Hand		AUTO:FEAT|Weapon Specialization(Chainsaw)
3	ABILITY:Special Ability|AUTOMATIC|Chainsaw Mastery II
4	ABILITY:Special Ability|AUTOMATIC|Close Cambat Shot
5	AUTO:FEAT|Greater Weapon Focus(Chainsaw)
6	ABILITY:Special Ability|AUTOMATIC|Chainsaw Mastery III
8	ABILITY:Special Ability|AUTOMATIC|Grand Rend (Chainsaw)
9	AUTO:FEAT|Greater Weapon Specialization(Chainsaw)
###Block:
4	BONUS:ABILITYPOOL|Chainsaw Knight Feat|1
7	BONUS:ABILITYPOOL|Chainsaw Knight Feat|1
8	BONUS:ABILITYPOOL|Chainsaw Knight Feat|1
10	BONUS:ABILITYPOOL|Chainsaw Knight Feat|1


CLASS:Mahou Shoujo	HD:8	TYPE:Prestige	MAXLEVEL:10	BONUS:COMBAT|BAB|CL*3/4|PREVAREQ:UseFractionalBAB,0	BONUS:VAR|ClassBABModerate|CL|PREVAREQ:UseFractionalBAB,1	
	BONUS:CHECKS|BASE.Fortitude,BASE.Reflex|CL/2+2	BONUS:CHECKS|BASE.Will|CL/3		BONUS:COMBAT|AC|MahouShoujoDef|TYPE=ClassDefence.REPLACE	DEFINE:MahouShoujoDef|0
CLASS:Mahou Shoujo	PREATT:2	PRESKILL:1,Knowledge (Arcane Lore)=6	PRETEXT:Selected by a Magic-using Faction.
CLASS:Mahou Shoujo	OUTPUTNAME:Magical Girl		STARTSKILLPTS:5	CSKILL:Balance|Gather Information|Jump|Knowledge (Arcane Lore)|Knowledge (Current Events)|Knowledge (Popular Culture)|Listen|Perform (Dance)|Perform (Sing)|TYPE.Profession|Search|Spot|Speak Language|Spot|Tumble
###Block:
1	BONUS:VAR|MahouShoujoDef|1
2	BONUS:VAR|MahouShoujoDef|1
4	BONUS:VAR|MahouShoujoDef|1
7	BONUS:VAR|MahouShoujoDef|1
9	BONUS:VAR|MahouShoujoDef|1
###Block:
1	ABILITY:Special Ability|AUTOMATIC|Guardian Beast
2	ABILITY:Special Ability|AUTOMATIC|Energy Attack
4	ABILITY:Special Ability|AUTOMATIC|Spring Heeled
5	ABILITY:Special Ability|AUTOMATIC|Invigorate
7	ABILITY:Special Ability|AUTOMATIC|Imp. Energy Attack
8	ABILITY:Special Ability|AUTOMATIC|Invigorate Other
10	ABILITY:Special Ability|AUTOMATIC|Fly
###Block:
3	BONUS:ABILITYPOOL|Mahou Shoujo Feat|CL/3


CLASS:Mahou Shonen	HD:8	TYPE:Prestige	MAXLEVEL:10	BONUS:COMBAT|BAB|CL*3/4|PREVAREQ:UseFractionalBAB,0	BONUS:VAR|ClassBABModerate|CL|PREVAREQ:UseFractionalBAB,1	
	BONUS:CHECKS|BASE.Fortitude,BASE.Reflex|CL/2+2	BONUS:CHECKS|BASE.Will|CL/3		BONUS:COMBAT|AC|MahouShoujoDef|TYPE=ClassDefence.REPLACE	DEFINE:MahouShoujoDef|0
CLASS:Mahou Shonen	PREATT:2	PRESKILL:1,Knowledge (Arcane Lore)=6	PRETEXT:Selected by a Magic-using Faction.
CLASS:Mahou Shonen	OUTPUTNAME:Magical Boy		STARTSKILLPTS:5	CSKILL:Balance|Gather Information|Jump|Knowledge (Arcane Lore)|Knowledge (Current Events)|Knowledge (Popular Culture)|Listen|Perform (Dance)|Perform (Sing)|TYPE.Profession|Search|Spot|Speak Language|Spot|Tumble
###Block:
1	BONUS:VAR|MahouShoujoDef|1
2	BONUS:VAR|MahouShoujoDef|1
4	BONUS:VAR|MahouShoujoDef|1
7	BONUS:VAR|MahouShoujoDef|1
9	BONUS:VAR|MahouShoujoDef|1
###Block:
1	ABILITY:Special Ability|AUTOMATIC|Guardian Beast
2	ABILITY:Special Ability|AUTOMATIC|Energy Attack
4	ABILITY:Special Ability|AUTOMATIC|Spring Heeled
5	ABILITY:Special Ability|AUTOMATIC|Invigorate
7	ABILITY:Special Ability|AUTOMATIC|Imp. Energy Attack
8	ABILITY:Special Ability|AUTOMATIC|Invigorate Other
10	ABILITY:Special Ability|AUTOMATIC|Fly
###Block:
3	BONUS:ABILITYPOOL|Mahou Shoujo Feat|CL/3


#MAGICAL GIRL HUNTER
CLASS:Magical Girl Hunter	HD:8	
CLASS:Magical Girl Hunter	PREATT:3	PRESKILL:1,Knowledge (Arcane Lore)=3	PREABILITY:1,CATEGORY=Talent,Exploit Weakness
CLASS:Magical Girl Hunter	STARTSKILLPTS:5	CSKILL:Craft (Electronic)|Craft (Mechanical)|Drive|Intimidate|Investigate|Jump|Knowledge (Arcane Lore)|Knowledge (Behavioral Sciences)|Knowledge (Earth and Life Sciences)|Knowledge (Physical Sciences)|Knowledge (Popular Culture)|Knowledge (Technology)|Listen|Navigate|TYPE.Profession|Research|Spot|Survival


###Slasher

