# CVS $Revision: $ $Author: $ -- Fri Oct 19 20:16:09 2012 -- reformated by prettylst.pl v1.39 (build 15052)



#SORCERER (RE-BALANCED)


#WARLOCK (RE-BALANCED)


#WARMAGE (RE-BALANCED)

#WIZARD (RE-BALANCED)
###Block: Wizard Rebalanced ------------------------------------------------------------------------------------------------------

# Class Name		Output Name				Hit Dice	Type			Abbreviation	Source Page		Bonus Languages		Save checks bonus											Combat bonus
CLASS:Wizard Rebalanced	OUTPUTNAME:Rebalanced Wizard	HD:6		TYPE:Base.PC	ABB:Wiz		SOURCEPAGE:p.55	LANGBONUS:Draconic	BONUS:CHECKS|BASE.Will|CL/2+2	BONUS:CHECKS|BASE.Fortitude,BASE.Reflex|CL/3	BONUS:COMBAT|BAB|CL/2|TYPE=Base.REPLACE
# Class Name		Skill Pts/Lvl	Class Skill
CLASS:Wizard Rebalanced	STARTSKILLPTS:2	CSKILL:Concentration|TYPE=Craft|Decipher Script|TYPE=Knowledge|TYPE=Profession|Speak Language|Spellcraft
# Class Name		Spell Stat		Spell Type		Automatically Known Spell Levels	Spellbook		Caster level					Use Spell List
CLASS:Wizard Rebalanced	SPELLSTAT:INT	SPELLTYPE:Arcane	KNOWNSPELLS:LEVEL=0			SPELLBOOK:YES	BONUS:CASTERLEVEL|Wizard Rebalanced|CL	SPELLLIST:1|Wizard
SUBCLASS:Wizard Abjurer		COST:2	PROHIBITCOST:1	CHOICE:SCHOOL|Abjuration	KNOWNSPELLSFROMSPECIALTY:1
SUBCLASSLEVEL:1	ABILITY:Special Ability|AUTOMATIC|Abjurer Learning Bonus
SUBCLASS:Wizard Conjurer	COST:2	PROHIBITCOST:1	CHOICE:SCHOOL|Conjuration	KNOWNSPELLSFROMSPECIALTY:1
SUBCLASSLEVEL:1	ABILITY:Special Ability|AUTOMATIC|Conjurer Learning Bonus
SUBCLASS:Wizard Diviner		COST:1	PROHIBITCOST:0	CHOICE:SCHOOL|Divination	KNOWNSPELLSFROMSPECIALTY:1
SUBCLASSLEVEL:1	ABILITY:Special Ability|AUTOMATIC|Diviner Learning Bonus
SUBCLASS:Wizard Enchanter	COST:2	PROHIBITCOST:1	CHOICE:SCHOOL|Enchantment	KNOWNSPELLSFROMSPECIALTY:1
SUBCLASSLEVEL:1	ABILITY:Special Ability|AUTOMATIC|Enchanter Learning Bonus
SUBCLASS:Wizard Evoker		COST:2	PROHIBITCOST:1	CHOICE:SCHOOL|Evocation		KNOWNSPELLSFROMSPECIALTY:1
SUBCLASSLEVEL:1	ABILITY:Special Ability|AUTOMATIC|Evoker Learning Bonus
SUBCLASS:Wizard Illusionist	COST:2	PROHIBITCOST:1	CHOICE:SCHOOL|Illusion		KNOWNSPELLSFROMSPECIALTY:1
SUBCLASSLEVEL:1	ABILITY:Special Ability|AUTOMATIC|Illusionist Learning Bonus
SUBCLASS:Wizard Necromancer	COST:2	PROHIBITCOST:1	CHOICE:SCHOOL|Necromancy	KNOWNSPELLSFROMSPECIALTY:1
SUBCLASSLEVEL:1	ABILITY:Special Ability|AUTOMATIC|Necromancer Learning Bonus
SUBCLASS:Wizard Transmuter	COST:2	PROHIBITCOST:1	CHOICE:SCHOOL|Transmutation	KNOWNSPELLSFROMSPECIALTY:1
SUBCLASSLEVEL:1	ABILITY:Special Ability|AUTOMATIC|Transmuter Learning Bonus
###Block:Proficiencies
1	ABILITY:Special Ability|AUTOMATIC|All Automatic Proficiencies|Wizard Weapon Proficiencies
###Block: Familiar
1	BONUS:VAR|FMLevel|CL	ABILITY:Special Ability|AUTOMATIC|Summon Familiar
###Block:
1	BONUS:ABILITYPOOL|Wizard Feat|CL/4	ABILITY:Wizard Feat|AUTOMATIC|Scribe Scroll
###Block: Level progression
1	CAST:3,1
2	CAST:4,2
3	CAST:4,2,1
4	CAST:4,3,2
5	CAST:4,3,2,1
6	CAST:4,3,3,2
7	CAST:4,4,3,2,1
8	CAST:4,4,3,3,2
9	CAST:4,4,4,3,2,1
10	CAST:4,4,4,3,3,2
11	CAST:4,4,4,4,3,2,1
12	CAST:4,4,4,4,3,3,2
13	CAST:4,4,4,4,4,3,2,1
14	CAST:4,4,4,4,4,3,3,2
15	CAST:4,4,4,4,4,4,3,2,1
16	CAST:4,4,4,4,4,4,3,3,2
17	CAST:4,4,4,4,4,4,4,3,2,1
18	CAST:4,4,4,4,4,4,4,3,3,2
19	CAST:4,4,4,4,4,4,4,4,3,3
20	CAST:4,4,4,4,4,4,4,4,4,4

#WU JEN (RE-BALANCED)
