# CVS $Revision: $ $Author: $ -- Fri Oct 19 20:16:09 2012 -- reformated by prettylst.pl v1.39 (build 15052)

###Block: Barbarian ----------------------------------------------------------------------------------

# Class Name			Hit Dice	Type			Abbreviation	Combat bonus
CLASS:Barbarian Rebalanced	HD:12		TYPE:Base.PC	ABB:Bar		BONUS:COMBAT|BAB|CL
# Class Name			Skill Pts/Lvl	Class Skill
CLASS:Barbarian Rebalanced	STARTSKILLPTS:4	CSKILL:Climb|TYPE=Craft|Handle Animal|Intimidate|Jump|Knowledge (Geography)|Knowledge (Nature)|Listen|Ride|Spot|Survival|Swim
1	BONUS:VAR|RageTimes|1+(CL/4)	BONUS:VAR|BarbRageTimesLVL,BarbRagePowerLVL|CL	BONUS:VAR|IllteracyLVL|CL	DEFINE:IllteracyLVL|0	ABILITY:Special Ability|AUTOMATIC|Barbarian Rage|Fast Movement|Rage	ABILITY:Special Ability|VIRTUAL|Illiteracy|PREVAREQ:TL,IlliteracyLVL
2																							ABILITY:Special Ability|AUTOMATIC|Uncanny Dodge
3	BONUS:VAR|TrapSense|1																			ABILITY:Special Ability|AUTOMATIC|Trap Sense Ability
4
5																							ABILITY:Special Ability|AUTOMATIC|Improved Uncanny Dodge
6	BONUS:VAR|TrapSense|1
7	BONUS:VAR|DamageReductionNumber|1																	ABILITY:Special Ability|AUTOMATIC|Damage Reduction ~RB Barbarian
8
9	BONUS:VAR|TrapSense|1
10	BONUS:VAR|DamageReductionNumber|1
11	BONUS:VAR|GreaterRage|1
12	BONUS:VAR|TrapSense|1
13	BONUS:VAR|DamageReductionNumber|1
14																							ABILITY:Special Ability|AUTOMATIC|Indomitable Will
15	BONUS:VAR|TrapSense|1
16	BONUS:VAR|DamageReductionNumber|1
17	BONUS:VAR|TirelessRage|1
18	BONUS:VAR|TrapSense|1
19	BONUS:VAR|DamageReductionNumber|1
20	BONUS:VAR|MightyRage|1

# Class Name
CLASS:Ex Barbarian Rebalanced
#A barbarian who becomes lawful loses the ability to rage and cannot gain more levels as a barbarian. He retains all the other benefits of the class (damage reduction, fast movement, trap sense, and uncanny dodge).



###Block: Fighter Rebalanced -----------------------------------------------------------------------------------------------

# Class Name			Output Name				Hit Dice	Type			Abbreviation	Source Page		Save checks bonus											Combat bonus
CLASS:Fighter Rebalanced	OUTPUTNAME:Rebalanced Fighter	HD:10		TYPE:Base.PC	ABB:Ftr		SOURCEPAGE:txt	BONUS:CHECKS|BASE.Fortitude|CL/2+2	BONUS:CHECKS|BASE.Reflex,BASE.Will|CL/3	BONUS:COMBAT|BAB|CL|TYPE=Base.REPLACE
# Class Name			Skill Pts/Lvl	Class Skill
CLASS:Fighter Rebalanced	STARTSKILLPTS:4	CSKILL:Climb|TYPE=Craft|Handle Animal|Heal|Intimidate|Jump|Knowledge (Tactics and War)|Listen|TYPE=Profession|Ride|Spot|Swim
###Block:Proficiencies
1																	AUTO:FEAT|Martial Weapon Proficiency|Simple Weapon Proficiency
1	ABILITY:Special Ability|AUTOMATIC|All Automatic Proficiencies|All Martial Weapon Proficiencies
1																	AUTO:FEAT|Armor Proficiency (Heavy)|Armor Proficiency (Light)|Armor Proficiency (Medium)
1																	AUTO:FEAT|Shield Proficiency|Tower Shield Proficiency
###Block: Advanced Weapon Feat qualifications
1	BONUS:VAR|FighterLVL|CL	ABILITY:Special Ability|AUTOMATIC|Fighter Level Advanced Feat Tracker
1					ABILITY:Special Ability|AUTOMATIC|Weapon Specialization Qualify
1					ABILITY:Special Ability|AUTOMATIC|Greater Weapon Focus Qualify
1					ABILITY:Special Ability|AUTOMATIC|Greater Weapon Specialization Qualify
###Block: Level progression
1					BONUS:ABILITYPOOL|Fighter Feat|CL
3														BONUS:VAR|HeightOfBattleBonus|CL/2	ABILITY:Special Ability|AUTOMATIC|Height of Battle
3:REPEATLEVEL:6|SKIP=0|MAX=20										BONUS:VAR|HeightOfBattleTimes|1
6:REPEATLEVEL:6|SKIP=0|MAX=18	BONUS:ABILITYPOOL|Fighter Rebalanced Style Mastery|1
6																				ABILITY:Special Ability|AUTOMATIC|Style Mastery
20																				ABILITY:Special Ability|AUTOMATIC|Master of War


###Block: Marshal --------------------------------------------------------------------------------------

# Class Name			Hit Dice	Type			Save checks bonus										Combat bonus
CLASS:Marshal Rebalanced	HD:10		TYPE:Base.PC	BONUS:CHECKS|BASE.Fortitude|(CL/2)+2	BONUS:CHECKS|BASE.Reflex|CL/3	BONUS:COMBAT|BAB|CL
# Class Name			Skill Pts/Lvl	Class Skill
CLASS:Marshal Rebalanced	STARTSKILLPTS:6	CSKILL:Bluff|Concentration|TYPE=Craft|Diplomacy|Handle Animal|Heal|Intimidate|TYPE=Knowledge|Listen|TYPE=Perform|TYPE=Profession|Ride|Sense Motive|Speak Language|Spot|Survival|Swim
###Block: Proficiencies
1																	AUTO:FEAT|Martial Weapon Proficiency|Simple Weapon Proficiency
1	ABILITY:Special Ability|AUTOMATIC|All Automatic Proficiencies|All Martial Weapon Proficiencies
1																	AUTO:FEAT|Armor Proficiency (Heavy)|Armor Proficiency (Light)|Armor Proficiency (Medium)
1																	AUTO:FEAT|Shield Proficiency|Tower Shield Proficiency
###Block:
1					BONUS:ABILITYPOOL|Marshal Minor Aura Choice|MarshalMinorAurasKnown
2					BONUS:ABILITYPOOL|Marshal Major Aura Choice|MarshalMajorAurasKnown
10					BONUS:ABILITYPOOL|Fighter Feat|1
7:REPEATLEVEL:6|SKIP=0|MAX=19													BONUS:VAR|MarshalMajorAuraBonus|1
###Block: Progression
1	BONUS:VAR|MarshalMinorAurasKnown|(CL+1)/2							ABILITY:Special Ability|AUTOMATIC|Minor Aura
2	BONUS:VAR|MarshalMajorAuraBonus|1	BONUS:VAR|MarshalMajorAurasKnown|1+(CL-5)	ABILITY:Special Ability|AUTOMATIC|Major Aura
4	BONUS:VAR|GrantMoveActionTimes|CL/4								ABILITY:Special Ability|AUTOMATIC|Grant Move Action
5														ABILITY:Special Ability|AUTOMATIC|Unwavering Aura
14														ABILITY:Special Ability|AUTOMATIC|Immediate Aura
17														ABILITY:Special Ability|AUTOMATIC|Second Minor Aura



###Block: Paladin Rebalanced ------------------------------------------------------------------------------

# Class Name			Hit Dice	Ex Class				Save checks bonus																Combat bonus
CLASS:Paladin Rebalanced	HD:10		EXCLASS:Ex Paladin Rebalanced	BONUS:CHECKS|BASE.Fortitude|CL/2+2	BONUS:CHECKS|BASE.Reflex|CL/3	BONUS:CHECKS|BASE.Will|1+(1733*CL/3240)	BONUS:COMBAT|BAB|CL
# Class Name			Required AL
CLASS:Paladin Rebalanced	PREALIGN:LG,NG,CG
# Class Name			Skill Pts/Lvl	Class Skill
CLASS:Paladin Rebalanced	STARTSKILLPTS:4	CSKILL:Concentration|TYPE=Craft|Diplomacy|Handle Animal|Heal|Knowledge (Nobility and Royalty)|Knowledge (the Planes)|Knowledge (Religion)|TYPE=Perform|TYPE=Profession|Ride|Sense Motive|Swim
# Class Name			Spell Stat		Spell Type		Automatically Known Spell Levels				Craft Level Mult.	Caster level											Use Spell List
CLASS:Paladin Rebalanced	SPELLSTAT:WIS	SPELLTYPE:Divine	KNOWNSPELLS:LEVEL=0|LEVEL=1|LEVEL=2|LEVEL=3|LEVEL=4	ITEMCREATE:0.5	BONUS:CASTERLEVEL|Paladin Rebalanced|CL/2|PRECLASS:1,Paladin Rebalanced=4	SPELLLIST:2|Paladin|Paladin Rebalanced
###Block: Autos
1													AUTO:FEAT|Armor Proficiency (Heavy)|Armor Proficiency (Light)|Armor Proficiency (Medium)|Martial Weapon Proficiency|Shield Proficiency|Simple Weapon Proficiency
1	ABILITY:Special Ability|AUTOMATIC|All Martial Weapon Proficiencies
###Block: Class Abilities:
1								BONUS:VAR|AuraGood,DetectEvilLVL,PaladinSmiteEvilLVL|CL	DEFINE:AllowHolyAvenger|1	ABILITY:Special Ability|AUTOMATIC|Aura of Good|Detect Evil|Smite Evil
2								BONUS:VAR|LayOnHandsLVL|CL											ABILITY:Special Ability|AUTOMATIC|Divine Grace|Lay on Hands
3																							ABILITY:Special Ability|AUTOMATIC|Aura of Courage|Divine Health
4								BONUS:VAR|PaladinTurnLVL|CL											ABILITY:Special Ability|AUTOMATIC|Basic Turning|Paladin Turn Undead|Turn Undead
5								BONUS:VAR|SMLevel|CL												ABILITY:Special Ability|AUTOMATIC|Special Mount
6								BONUS:VAR|RemoveDiseaseLVL|CL											ABILITY:Special Ability|AUTOMATIC|Remove Disease
7	BONUS:ABILITYPOOL|Path of Devotion|1																ABILITY:Special Ability|AUTOMATIC|Path of Devotion
13																							ABILITY:Special Ability|AUTOMATIC|Improved Path Of Devotion
17																							ABILITY:Special Ability|AUTOMATIC|Full Smite Evil
19																							ABILITY:Special Ability|AUTOMATIC|Path Of Devotion Mastery
###Block: Spellcasting
4	CAST:0,0
5	CAST:0,1
6	CAST:0,1
7	CAST:0,1
8	CAST:0,1,0
9	CAST:0,1,1
10	CAST:0,1,1
11	CAST:0,1,1,0
12	CAST:0,1,1,1
13	CAST:0,2,1,1
14	CAST:0,2,1,1,0
15	CAST:0,2,2,1,1
16	CAST:0,2,2,1,1
17	CAST:0,3,2,2,1
18	CAST:0,3,3,2,1
19	CAST:0,3,3,3,2
20	CAST:0,3,3,3,3

# Class Name			Hit Dice	Type			Abbreviation	Source Page				Visible	Save checks bonus																Combat bonus
CLASS:Ex Paladin Rebalanced	HD:10		TYPE:Base.PC	ABB:XPal		SOURCEPAGE:ClassesII.rtf	VISIBLE:NO	BONUS:CHECKS|BASE.Fortitude|CL/2+2	BONUS:CHECKS|BASE.Reflex|CL/3	BONUS:CHECKS|BASE.Will|1+(1733*CL/3240)	BONUS:COMBAT|BAB|CL|TYPE=Base.REPLACE
# Class Name			Skill Pts/Lvl	Class Skill
CLASS:Ex Paladin Rebalanced	STARTSKILLPTS:4	CSKILL:Concentration|TYPE=Craft|Diplomacy|Handle Animal|Heal|Knowledge (Nobility and Royalty)|Knowledge (the Planes)|Knowledge (Religion)|TYPE=Perform|TYPE=Profession|Ride|Sense Motive|Swim
###Block:Proficiencies
1	ABILITY:Special Ability|AUTOMATIC|All Automatic Proficiencies|All Martial Weapon Proficiencies	AUTO:FEAT|Martial Weapon Proficiency|Simple Weapon Proficiency
1																	AUTO:FEAT|Armor Proficiency (Heavy)|Armor Proficiency (Light)|Armor Proficiency (Medium)
1																	AUTO:FEAT|Shield Proficiency


###Block: SAMURAI (RE-BALANCED)

# Class Name			Hit Dice	Type			Save checks bonus														Combat bonus
CLASS:Samurai Rebalanced	HD:10		TYPE:Base.PC	BONUS:CHECKS|BASE.Fortitude|(CL/2)+2	BONUS:CHECKS|BASE.Reflex,BASE.Will|1+(1733*CL/3240)	BONUS:COMBAT|BAB|CL
# Class Name			Skill Pts/Lvl	Class Skill
CLASS:Samurai Rebalanced	STARTSKILLPTS:4	CSKILL:Climb|Concentration|TYPE=Craft|Diplomacy|Handle Animal|Intimidate|Jump|Knowledge (History)|Knowledge (Nobility and Royalty)|TYPE=Perform|TYPE=Profession|Ride (Dex)|Sense Motive|Swim
###Block: Proficiencies
1																	AUTO:FEAT|Martial Weapon Proficiency|Simple Weapon Proficiency
1	ABILITY:Special Ability|AUTOMATIC|All Automatic Proficiencies|All Martial Weapon Proficiencies
1																	AUTO:FEAT|Armor Proficiency (Heavy)|Armor Proficiency (Light)|Armor Proficiency (Medium)
###Block: Level
1							ABILITY:Special Ability|AUTOMATIC|Ancestral Daisho|Daisho Proficiency
2							ABILITY:Special Ability|AUTOMATIC|Two Swords As One
4							ABILITY:Special Ability|AUTOMATIC|Iaijutsu Draw
5	BONUS:VAR|KiaiSmiteTimes|1+(CL-5)/3	ABILITY:Special Ability|AUTOMATIC|Kiai Smite
6							ABILITY:Special Ability|AUTOMATIC|Improved Two Swords As One
7							ABILITY:Special Ability|AUTOMATIC|Staredown
9							ABILITY:Special Ability|AUTOMATIC|Iaijutsu Sheathe
11							ABILITY:Special Ability|AUTOMATIC|Greater Two Swords As One
12							ABILITY:Special Ability|AUTOMATIC|Mass Staredown
13							ABILITY:Special Ability|AUTOMATIC|Iaijutsu Edge
15							ABILITY:Special Ability|AUTOMATIC|Improved Staredown
16							ABILITY:Special Ability|AUTOMATIC|Superior Two Swords As One
19							ABILITY:Special Ability|AUTOMATIC|Frightful Presence
