#=Perception
Listen.MOD			VISIBLE:GUI
Spot.MOD			VISIBLE:GUI
Search.MOD			VISIBLE:GUI
#=Stealth
Move Silently.MOD		VISIBLE:GUI
Hide.MOD			VISIBLE:GUI
#=Linguistics
Decipher Script.MOD	VISIBLE:GUI
Forgery.MOD			VISIBLE:GUI
#=Acrobatics
Balance.MOD		VISIBLE:GUI
Tumble.MOD		VISIBLE:GUI
#=Athletics			KEYSTAT:STR	TYPE:Strength
#Climb.MOD		VISIBLE:GUI
#Jump.MOD		VISIBLE:GUI
#Swim.MOD		VISIBLE:GUI

###Replaced by Athletics
Climb							KEYSTAT:STR				ACHECK:YES			TYPE:Strength						SOURCEPAGE:SkillsI.rtf								BONUS:SKILL|Climb|8|PREMOVE:1,Climb=1|TYPE=Racial
Jump							KEYSTAT:STR				ACHECK:YES			TYPE:Strength						SOURCEPAGE:SkillsII.rtf								BONUS:SKILL|Acrobatics|SynergyBonus|PRESKILL:1,Athletics (Jump)=5|TYPE=Synergy.STACK	BONUS:SKILL|Jump|max(floor((var("MOVE[Walk]")-30)/10)*4,0)|TYPE=Speed.STACK	BONUS:SKILL|Jump|min(ceil((var("MOVE[Walk]")-30)/10)*6,0)|TYPE=Speed.STACK
Swim							KEYSTAT:STR				ACHECK:DOUBLE		TYPE:Strength						SOURCEPAGE:SkillsII.rtf								BONUS:SKILL|Swim|8|PREMOVE:1,Swim=1|TYPE=Racial
###Replaced by Acrobatics
Balance						KEYSTAT:DEX				ACHECK:YES			TYPE:Dexterity						SOURCEPAGE:SkillsI.rtf
Tumble						KEYSTAT:DEX	USEUNTRAINED:NO	ACHECK:YES			TYPE:Dexterity						SOURCEPAGE:SkillsII.rtf								BONUS:SKILL|Balance,Jump|SynergyBonus|PRESKILL:1,Tumble=5|TYPE=Synergy.STACK
Escape Artist					KEYSTAT:DEX				ACHECK:YES			TYPE:Dexterity						SOURCEPAGE:SkillsI.rtf
###Replaced by Stealth
Hide							KEYSTAT:DEX								TYPE:Dexterity						SOURCEPAGE:SkillsII.rtf
Move Silently					KEYSTAT:DEX				ACHECK:YES			TYPE:Dexterity						SOURCEPAGE:SkillsII.rtf
###Replaced by Linguistics
Decipher Script					KEYSTAT:INT	USEUNTRAINED:NO					TYPE:Intelligence						SOURCEPAGE:SkillsI.rtf
Forgery						KEYSTAT:INT								TYPE:Intelligence						SOURCEPAGE:SkillsI.rtf
###Replaced by Perception
Listen						KEYSTAT:WIS								TYPE:Wisdom							SOURCEPAGE:SkillsII.rtf
Search						KEYSTAT:INT								TYPE:Intelligence						SOURCEPAGE:SkillsII.rtf
Spot							KEYSTAT:WIS								TYPE:Wisdom							SOURCEPAGE:SkillsII.rtf
###Replaced by Persuasion
Diplomacy						KEYSTAT:CHA								TYPE:Charisma						SOURCEPAGE:SkillsI.rtf
Intimidate						KEYSTAT:CHA								TYPE:Charisma						SOURCEPAGE:SkillsII.rtf
###Replaced by Deception
Bluff							KEYSTAT:CHA								TYPE:Charisma						SOURCEPAGE:SkillsI.rtf								BONUS:SKILL|Sleight of Hand,Diplomacy,Intimidate|SynergyBonus|TYPE=Synergy.STACK|PRESKILL:1,Bluff=5
Disguise						KEYSTAT:CHA								TYPE:Charisma						SOURCEPAGE:SkillsI.rtf
###Replaced by Thievery
Disable Device					KEYSTAT:INT	USEUNTRAINED:NO					TYPE:Intelligence						SOURCEPAGE:SkillsI.rtf								BONUS:SKILL|Disable Device|-2|!PREITEM:1,TYPE=ThiefTools|PREAPPLY:PC																																						TEMPDESC:Without tools, you must improvise, and you take a -2 circumstance penalty
Open Lock						KEYSTAT:DEX	USEUNTRAINED:NO					TYPE:Dexterity						SOURCEPAGE:SkillsII.rtf								BONUS:SKILL|Open Lock|-2|TYPE=Circumstance|!PREITEM:1,TYPE=ThiefTools|PREAPPLY:PC																																				TEMPDESC:Attempting an Open Lock check without a set of thieves' tools imposes a -2 circumstance penalty on the check
Sleight of Hand					KEYSTAT:DEX	USEUNTRAINED:NO	ACHECK:YES			TYPE:Dexterity						SOURCEPAGE:SkillsII.rtf


###Replaced by Deception
Bluff.MOD				VISIBLE:DISPLAY		OUTPUTNAME:Use Deception		SORTKEY:Z_Z1a
Disguise.MOD			VISIBLE:DISPLAY		OUTPUTNAME:Use Deception2		SORTKEY:Z_Z1b
###Replaced by Persuasion
Diplomacy.MOD			VISIBLE:DISPLAY		OUTPUTNAME:Use Persuasion		SORTKEY:Z_Z1c
Intimidate.MOD			VISIBLE:DISPLAY		OUTPUTNAME:Use Persuasion2		SORTKEY:Z_Z1d
#=Perception
Listen.MOD			VISIBLE:DISPLAY		OUTPUTNAME:Use Perception			SORTKEY:Z_Z1e
Spot.MOD			VISIBLE:DISPLAY		OUTPUTNAME:Use Perception2			SORTKEY:Z_Z1f
Search.MOD			VISIBLE:DISPLAY		OUTPUTNAME:Use Perception3			SORTKEY:Z_Z1g
Notice.MOD			VISIBLE:DISPLAY		OUTPUTNAME:Use Perception4			SORTKEY:Z_Z1h
#=Stealth
Move Silently.MOD		VISIBLE:DISPLAY		OUTPUTNAME:Use Stealth				SORTKEY:Z_Z1i
Hide.MOD			VISIBLE:DISPLAY		OUTPUTNAME:Use Stealth2				SORTKEY:Z_Z1j
#=Linguistics
Decipher Script.MOD	VISIBLE:DISPLAY		OUTPUTNAME:Use Linguistics			SORTKEY:Z_Z1k
Forgery.MOD			VISIBLE:DISPLAY		OUTPUTNAME:Use Linguistics2			SORTKEY:Z_Z1l
#=Acrobatics
Balance.MOD			VISIBLE:DISPLAY		OUTPUTNAME:Use Acrobatics			SORTKEY:Z_Z1m
Tumble.MOD			VISIBLE:DISPLAY		OUTPUTNAME:Use Acrobatics2			SORTKEY:Z_Z1n
Escape Artist.MOD		VISIBLE:DISPLAY		OUTPUTNAME:Use Acrobatics3			SORTKEY:Z_Z1o
#=Athletics
Climb.MOD			VISIBLE:DISPLAY		OUTPUTNAME:Use Athletics			SORTKEY:Z_Z1p
Jump.MOD			VISIBLE:DISPLAY		OUTPUTNAME:Use Athletics2			SORTKEY:Z_Z1q
Swim.MOD			VISIBLE:DISPLAY		OUTPUTNAME:Use Athletics3			SORTKEY:Z_Z1r
#=Thievery
Disable Device.MOD	VISIBLE:DISPLAY		OUTPUTNAME:Use Thievery				SORTKEY:Z_Z1s
Open Lock.MOD		VISIBLE:DISPLAY		OUTPUTNAME:Use Thievery2			SORTKEY:Z_Z1t
Sleight of Hand.MOD	VISIBLE:DISPLAY		OUTPUTNAME:Use Thievery3			SORTKEY:Z_Z1u
Sneak.MOD				VISIBLE:DISPLAY		OUTPUTNAME:Use Thievery4			SORTKEY:Z_Z1u
#=Insight - Name Change
Sense Motive.MOD		VISIBLE:DISPLAY		OUTPUTNAME:Use Insight1				SORTKEY:Z-Z1v
#=Endurance
Concentration	OUTPUTNAME:Use Endurance		VISIBLE:DISPLAY		KEYSTAT:CON		TYPE:Constitution					SOURCEPAGE:SkillsI.rtf
