# CVS $Revision: $ $Author: $ -- Wed Dec  3 23:06:11 2008 -- reformated by prettylst.pl v1.38 (build 7302)


# Armor Name
Leather Jack
Studded Leather Jack
Leather Coat
Devanian Chain Shirt
Breastscale Armor
Chain Hauberk
Devanian Breastplate
Articulated Plate Jack
Brigandine
Heavy Brigadine
Chain and Plates
Devanian Plate
Dragonscale Armor
Articulated Plate
Devanian Articulated Plate
Superior Articulated Plate
The Definitive Harness

#
Chain Mail
#Mithral Breastplate
#Mithral Breastplatex2
Cloth
