# CVS $Revision: $ $Author: $ -- Fri Oct 19 20:16:09 2012 -- reformated by prettylst.pl v1.39 (build 15052)
SOURCELONG:Is This It	SOURCESHORT:Is This It	SOURCEDATE:2007-03


# Equipment Name					Output Name				Required Weapon Proficiency			Required Armor Proficiency	Required Shield Proficiency		Type																Alternative Type						Cost		Weight	Slot Needed	Define			AC Penalty Check	Critical Hit Multiplier	Critical Hit Range	Alternative Critical	Alternative Critical Range	Damage	Alternative Damage	Modifier											Alternative Modifier			Wield Category	Maximum DEX Bonus	Range		Reach		Size		Source Page				% of Spell Failure	Ability							Combat bonus						Stat bonus					Weapon prop. bonus																					Special Property
Dagger.COPY=Parrying Dagger
Parrying Dagger.MOD																																																																																																																																						BONUS:COMBAT|AC|1|TYPE=Shield

# Equipment Name					Output Name				Required Weapon Proficiency			Required Armor Proficiency	Required Shield Proficiency		Type																Alternative Type						Cost		Weight	Slot Needed	Define			AC Penalty Check	Critical Hit Multiplier	Critical Hit Range	Alternative Critical	Alternative Critical Range	Damage	Alternative Damage	Modifier											Alternative Modifier			Wield Category	Maximum DEX Bonus	Range		Reach		Size		Source Page				% of Spell Failure	Ability							Combat bonus						Stat bonus					Weapon prop. bonus																					Special Property
Athena's Athame										PROFICIENCY:WEAPON|Greatsword														TYPE:Enhancement.Weapon.Resizable.Exotic.Finesseable.Melee.Specific.Slashing.Sword											COST:25	WT:12											CRITMULT:x2			CRITRANGE:2												DAMAGE:2d8					EQMOD:STEEL																	WIELD:OneHanded								SIZE:M	SOURCEPAGE:Custom							ABILITY:Special Ability|AUTOMATIC|TYPE=Athame															BONUS:WEAPON|DAMAGE,TOHIT|ImbuementBonus|TYPE=Enhancement															SPROP:Athame, may become Large adding a +1d6 die

Kyros's Athame										PROFICIENCY:WEAPON|Greatsword														TYPE:Enhancement.Weapon.Resizable.Exotic.Finesseable.Melee.Specific.Slashing.Sword											COST:25	WT:12											CRITMULT:x2			CRITRANGE:2												DAMAGE:2d8					EQMOD:STEEL																	WIELD:OneHanded								SIZE:M	SOURCEPAGE:Custom							ABILITY:Special Ability|AUTOMATIC|TYPE=Athame															BONUS:WEAPON|DAMAGE,TOHIT|ImbuementBonus|TYPE=Enhancement															SPROP:Athame, may become Large adding a +1d6 die


Curve Blade (Elven)				OUTPUTNAME:Curve Blade, Elven	PROFICIENCY:WEAPON|Curve Blade (Elven)												TYPE:Weapon.Melee.TwoHanded.Exotic.Finesseable.Standard.Elven.Slashing.Sword.BladeHeavy										COST:80	WT:7		SLOTS:2								CRITMULT:x2			CRITRANGE:3												DAMAGE:1d10					EQMOD:STEEL																	WIELD:TwoHanded								SIZE:M	SOURCEPAGE:p.143


# Equipment Name					Output Name				Required Weapon Proficiency			Required Armor Proficiency	Required Shield Proficiency		Type																Alternative Type						Cost		Weight	Slot Needed	Define			AC Penalty Check	Critical Hit Multiplier	Critical Hit Range	Alternative Critical	Alternative Critical Range	Damage	Alternative Damage	Modifier											Alternative Modifier			Wield Category	Maximum DEX Bonus	Range		Reach		Size		Source Page				% of Spell Failure	Ability							Combat bonus						Stat bonus					Weapon prop. bonus																					Special Property
Willow Blade 1 (Bastard Sword+3)		OUTPUTNAME:Willow Blade 1	PROFICIENCY:WEAPON|Sword (Bastard)													TYPE:Enhancement.Weapon.Resizable.Exotic.Finesseable.Melee.Specific.Slashing.Sword											COST:50335	WT:2											CRITMULT:x2			CRITRANGE:2												DAMAGE:1d10					EQMOD:BONDED_M.STEEL															WIELD:OneHanded								SIZE:M	SOURCEPAGE:Custom							ABILITY:Special Ability|VIRTUAL|Willow Blade															BONUS:WEAPON|DAMAGE,TOHIT|3|TYPE=Enhancement	BONUS:WEAPON|TOHIT|-3|PREFEAT:1,Sword Wind	BONUS:WEAPON|ATTACKS|1|PREFEAT:1,Sword Wind	SPROP:+3 Bastard Sword, able to wield in one-hand.
Willow Blade 2 (Bastard Sword+3)		OUTPUTNAME:Willow Blade 2	PROFICIENCY:WEAPON|Sword (Bastard)													TYPE:Weapon.Resizable.Exotic.Finesseable.Light.Melee.Specific.Slashing.Sword.Enhancement										COST:50335	WT:2											CRITMULT:x2			CRITRANGE:2												DAMAGE:1d10					EQMOD:BONDED_M.STEEL															WIELD:Light									SIZE:M	SOURCEPAGE:Custom																													BONUS:WEAPON|DAMAGE,TOHIT|3|TYPE=Enhancement																	SPROP:+3 Bastard Sword, able to wield in one-hand.

#Level 15 Sword?
Willow Blade Set 1 (Bastard Sword+3)	OUTPUTNAME:Willow Blade 1	PROFICIENCY:WEAPON|Sword (Bastard)													TYPE:Enhancement.Weapon.Exotic.Finesseable.Melee.Specific.Slashing.Sword												COST:50335	WT:2											CRITMULT:x2			CRITRANGE:2												DAMAGE:2d6					EQMOD:BONDED_M.STEEL															WIELD:OneHanded								SIZE:M	SOURCEPAGE:Custom							ABILITY:Special Ability|VIRTUAL|Willow Blade															BONUS:WEAPON|DAMAGE,TOHIT|3|TYPE=Enhancement	BONUS:WEAPON|TOHIT|-3|PREFEAT:1,Sword Wind	BONUS:WEAPON|ATTACKS|1|PREFEAT:1,Sword Wind	SPROP:+3 Bastard Sword, able to wield in one-hand.
Willow Blade Set 2 (Bastard Sword+3)	OUTPUTNAME:Willow Blade 2	PROFICIENCY:WEAPON|Sword (Bastard)													TYPE:Enhancement.Weapon.Exotic.Finesseable.Melee.Specific.Slashing.Sword												COST:50335	WT:2											CRITMULT:x2			CRITRANGE:2												DAMAGE:2d6					EQMOD:BONDED_M.STEEL															WIELD:Light									SIZE:M	SOURCEPAGE:Custom																													BONUS:WEAPON|DAMAGE,TOHIT|3|TYPE=Enhancement	BONUS:WEAPON|TOHIT|-3|PREFEAT:1,Sword Wind									SPROP:+3 Bastard Sword, able to wield in one-hand.
#
Breast Plate +4																	PROFICIENCY:ARMOR|Breastplate							TYPE:Armor.Medium.Suit.Custom.Belle																			COST:200	WT:30								ACCHECK:-4																									EQMOD:MITHRAL_ARMR_MED.PLUS4A																	MAXDEX:3								SOURCEPAGE:Equipment.rtf	SPELLFAILURE:25										BONUS:COMBAT|AC|5|TYPE=Armor
Bracers of Health +2																											TYPE:Bracer.Belle																																																																																																																	BONUS:STAT|CON|2
Vestment of Natural Protection +2																									TYPE:Vestment.Clothing.Belle.Shirt																																																																																																						BONUS:COMBAT|AC|2|TYPE=NaturalArmorEnhancement
Shield +2 (Heavy/Metal/Animated)																			PROFICIENCY:SHIELD|Shield (Heavy)	TYPE:Shield.Heavy.Custom.Belle																			COST:20	WT:15								ACCHECK:-2		CRITMULT:x2			CRITRANGE:1												DAMAGE:1d4					EQMOD:ANMATD.PLUS2S.STEEL														WIELD:OneHanded								SIZE:M	SOURCEPAGE:Equipment.rtf	SPELLFAILURE:15										BONUS:COMBAT|AC|2|TYPE=Shield


Cutlass											PROFICIENCY:WEAPON|Cutlass														TYPE:Weapon.Melee.Martial.Exotic.Standard.Slashing.Sword.Keyblade														COST:5000	WT:6											CRITMULT:x2			CRITRANGE:2												DAMAGE:1d6					EQMOD:STEEL	EQMOD:PLUS1W														WIELD:OneHanded								SIZE:M

###Desire
Quarterstaff.COPY=Desire's Quarterstaff
Desire's Quarterstaff.MOD																										TYPE:Desire																																																											EQMOD:PLUS2W.SPL_STR
Desire's Headband of Insight																										TYPE:Desire.Headgear																																																																																																																BONUS:STAT|WIS|4|TYPE=Enhancement


###Fox
Fox's Staff											PROFICIENCY:WEAPON|Quarterstaff													TYPE:Weapon.Resizable.Melee.TwoHanded.Simple.Double.Standard.Bludgeoning.Quarterstaff		ALTTYPE:Weapon.Resizable.Melee.Bludgeoning	COST:16000	WT:2											CRITMULT:x2			CRITRANGE:2			ALTCRITMULT:x2		ALTCRITRANGE:2			DAMAGE:2d8	ALTDAMAGE:2d8		EQMOD:BONDED_M.PLUS4W.STEEL								ALTEQMOD:BONDED_M.PLUS4W.STEEL	WIELD:TwoHanded								SIZE:M	SOURCEPAGE:Custom																																																					SPROP:+4 Shortstaff - Attuned with Fox | +3d8 damage with 3 strain cost (Lasts level in rounds)

Skirt of Dancing Blades									PROFICIENCY:WEAPON|Dagger														TYPE:Enhancement.Weapon.Melee.Finesseable.Simple.Specific.Slashing.Belt.Unarmed.Accessories									COST:80306			SLOTS:0								CRITMULT:x2			CRITRANGE:1			ALTCRITMULT:x2							DAMAGE:1d4	ALTDAMAGE:1d4		EQMOD:BNS_AC_DEFL|2.DANCE.MITHRAL_ARMR_LT.MITHRAL_ITEM.MTHRL.PLUS2W															REACH:10	SIZE:M	SOURCEPAGE:Quintessential Elf													BONUS:COMBAT|AC|2|TYPE=Deflection									BONUS:WEAPON|DAMAGE,TOHIT|2|TYPE=Enhancement	BONUS:WEAPON|ATTACKS|1	BONUS:WEAPON|ATTACKSPROGRESS|-2							SPROP:+2 Dancing Skirt Blades - Make two additional attacks at highest bonus - Cannot be flanked


###Basic Creature Natural Attacks
Elven Hound Bite										PROFICIENCY:WEAPON|Bite															TYPE:Weapon.Resizable.Melee.Natural.Bludgeoning.Slashing.Piercing														COST:0	WT:0				DEFINE:StandardAttack|0																					DAMAGE:1d6																																	SIZE:M																																BONUS:WEAPON|ATTACKSPROGRESS|2|!PREFEAT:1,Multiattack|PREABILITY:1,CATEGORY=Special Ability,AdditionalAttack
#VARGTEQ:AnimalCompanionLVL,1	VAREQ:AnimalCompanionLVL,0
#
Lerayul Bite										PROFICIENCY:WEAPON|Bite															TYPE:Weapon.Resizable.Natural.Melee.PrimaryAttack.Resizable																																													DAMAGE:1d6																																	SIZE:L																																BONUS:WEAPON|ATTACKSPROGRESS|-1
Lerayul Claws										PROFICIENCY:WEAPON|Claws														TYPE:Weapon.Resizable.Natural.Melee.SecondaryAttack																																														DAMAGE:1d4																																	SIZE:L																																BONUS:WEAPON|ATTACKS|1	BONUS:WEAPON|ATTACKSPROGRESS|-1
Lerayul Tongue										PROFICIENCY:WEAPON|Lerayul Tongue													TYPE:Weapon.Resizable.Natural.Ranged.PrimaryAttack																																														DAMAGE:1d6																															REACH:30	SIZE:L																																BONUS:WEAPON|ATTACKSPROGRESS|-1
#Small Version

Lerayul Bite - Small				OUTPUTNAME:Bite			PROFICIENCY:WEAPON|Bite															TYPE:Weapon.Natural.Melee.PrimaryAttack.Resizable																													CRITMULT:x2			CRITRANGE:1												DAMAGE:1d4																																	SIZE:S																																BONUS:WEAPON|ATTACKSPROGRESS|-1
Lerayul Claws - Small				OUTPUTNAME:Claws			PROFICIENCY:WEAPON|Claws														TYPE:Weapon.Natural.Melee.SecondaryAttack																															CRITMULT:x2			CRITRANGE:1												DAMAGE:1d3																																	SIZE:S																																BONUS:WEAPON|ATTACKS|1	BONUS:WEAPON|ATTACKSPROGRESS|1
Lerayul Tongue - Small				OUTPUTNAME:Tongue			PROFICIENCY:WEAPON|Lerayul Tongue													TYPE:Weapon.Natural.Ranged.PrimaryAttack																															CRITMULT:x2			CRITRANGE:1												DAMAGE:1d4																													RANGE:15	REACH:15	SIZE:S																																BONUS:WEAPON|ATTACKSPROGRESS|-1

###Block: Fluxx
# Equipment Name					Output Name								Required Weapon Proficiency		Required Armor Proficiency	Required Shield Proficiency	Type																	Alternative Type							Contains			Cost		Weight	Slot Needed	Define					AC Penalty Check	Critical Hit Multiplier	Critical Hit Range	Alternative Critical	Alternative Critical Range	Damage		Alternative Damage	Modifier								Alternative Modifier	Wield Category	Maximum DEX Bonus	Range		Reach		Size		Source Page				% of Spell Failure	Caster level										Save checks bonus				Combat bonus																			Bonus to skill								Stat bonus					Modify VAR						Weapon prop. bonus															Special Property
Lerayul Bite (Fluxx)				OUTPUTNAME:Bite							PROFICIENCY:WEAPON|Bite													TYPE:Weapon.Natural.Melee.PrimaryAttack.Resizable																																					CRITMULT:x2			CRITRANGE:1												DAMAGE:1d4						EQMOD:DEFEND																					SIZE:S																																																																								BONUS:WEAPON|TOHIT,DAMAGE|3|TYPE=Enhancement	BONUS:WEAPON|ATTACKSPROGRESS|-1
Lerayul Claws (Fluxx)				OUTPUTNAME:Claws							PROFICIENCY:WEAPON|Claws												TYPE:Weapon.Natural.Melee.SecondaryAttack																																							CRITMULT:x2			CRITRANGE:1												DAMAGE:1d3						EQMOD:DEFEND																					SIZE:S																																																																								BONUS:WEAPON|TOHIT,DAMAGE|3|TYPE=Enhancement	BONUS:WEAPON|ATTACKS|2	BONUS:WEAPON|ATTACKSPROGRESS|1
Lerayul Tongue (Fluxx)				OUTPUTNAME:Tongue							PROFICIENCY:WEAPON|Lerayul Tongue											TYPE:Weapon.Natural.Ranged.PrimaryAttack																																							CRITMULT:x2			CRITRANGE:1												DAMAGE:1d4						EQMOD:DEFEND																	RANGE:15	REACH:15	SIZE:S																																																																								BONUS:WEAPON|TOHIT,DAMAGE|3|TYPE=Enhancement	BONUS:WEAPON|ATTACKSPROGRESS|-1



####Block: Custom Party Items - Is This It?
Turk's Sacred Buckler																								PROFICIENCY:SHIELD|Buckler	TYPE:Shield.Buckler.Custom.Turk																									COST:15	WT:1										ACCHECK:-1																										EQMOD:MWORKA.PLUS1S.SACRED_S.STEEL																		SIZE:T	SOURCEPAGE:Equipment.rtf	SPELLFAILURE:5																				BONUS:COMBAT|AC|1|TYPE=Shield	BONUS:COMBAT|TOHIT|-1|PREMULT:1,[PREEQUIPBOTH:1,TYPE=Melee],[PREEQUIPSECONDARY:1,TYPE=Melee]
Kercpa Longbow +2														PROFICIENCY:WEAPON|Longbow												TYPE:Weapon.Resizable.Martial.Ranged.Standard.Piercing.Container.Projectile.Bow.Longbow.Turk											CONTAINS:1|Arrow=1	COST:75	WT:1		SLOTS:2										CRITMULT:x3			CRITRANGE:1												DAMAGE:1d4						EQMOD:IRONWOOD.MWORKW.PLUS2W.WOOD														RANGE:100			SIZE:T	SOURCEPAGE:Equipment.rtf																																																																			BONUS:WEAPON|DAMAGE|min(STR,0)
Vestment Save Bonus (Resistance) (+2)	OUTPUTNAME:Vestment Save Bonus (Resistance) (+2)																	TYPE:Goods.Clothing.Resizable.Starting.Turk																							COST:1	WT:1																																																														SOURCEPAGE:Custom																			BONUS:CHECKS|ALL|2|TYPE=Resistance
Oaktop Mace Ironwood (+1)			OUTPUTNAME:Oaktop Mace Ironwood (+1)			PROFICIENCY:WEAPON|Mace (Heavy)											TYPE:Weapon.Resizable.Melee.Simple.Custom.Bludgeoning.Mace.Turk																				COST:12	WT:2													CRITMULT:x2			CRITRANGE:1												DAMAGE:1d8						EQMOD:BONDED_M.DEFEND.IRONWOOD_PLUS.PLUS1W.STEEL					WIELD:OneHanded								SIZE:T


###Fox
Ring of Dungeoneering Bonus																												TYPE:Ring.Fox																												COST:1000																																																																																																															BONUS:SKILL|Knowledge (Dungeoneering)|2|TYPE=Competence
Bracers of Ogre Power																													TYPE:Bracer.Fox																												COST:500																																																																																																																									BONUS:STAT|STR|2|TYPE=Enhancement
Full Plate +2																				PROFICIENCY:ARMOR|Full Plate						TYPE:Armor.Medium.Suit.Standard																									COST:1500	WT:50										ACCHECK:-6																										EQMOD:STEEL	EQMOD:MITHRAL_ARMR_HVY.PLUS2A										MAXDEX:1								SOURCEPAGE:Equipment.rtf	SPELLFAILURE:35																				BONUS:COMBAT|AC|8|TYPE=Armor


###Desire
#Headband WIS +4				COST:16000	WT:0.0	TYPE:Headgear.Desire	EQMOD:BNS_ENHC_AB|WIS=+4
#Quarterstaff +2/- (Spell Storing;-)	COST:18600	WT:4.0	TYPE:Weapon.Resizable.Melee.Double.TwoHanded.Bludgeoning.Desire	PROFICIENCY:WEAPON|Quarterstaff	EQMOD:PLUS2W.MWORKW.SPL_STR.WOOD	ALTEQMOD:MWORKW.WOOD	DAMAGE:1d6


### - Convention Campaign I ran 2007
Mage Staff															PROFICIENCY:WEAPON|Quarterstaff											TYPE:Enhancement.Weapon.Melee.TwoHanded.Simple.Double.Martial.Specific.Slashing.Bludgeoning.Staff	ALTTYPE:Weapon.Resizable.Melee.Slashing.Bludgeoning					COST:8000	WT:2				DEFINE:SpellPointPoolMageStaff|0				CRITMULT:x2			CRITRANGE:2			ALTCRITMULT:x2		ALTCRITRANGE:2			DAMAGE:1d4+4	ALTDAMAGE:1d4+4		EQMOD:STEEL								ALTEQMOD:STEEL		WIELD:TwoHanded								SIZE:M	SOURCEPAGE:Custom							BONUS:CASTERLEVEL|Wizard (Rebalanced)|2	BONUS:CASTERLEVEL|Wizard|2																																												BONUS:VAR|SpellPointPoolMageStaff|10	BONUS:WEAPON|DAMAGE,TOHIT|1|TYPE=Enhancement											SPROP:Spellpoint Pool =%; +2 to caster level|SpellPointPoolMageStaff
Skirt Blades														PROFICIENCY:WEAPON|Skirt Blades											TYPE:Weapon.Resizable.Melee.Exotic.Finesseable.Slashing.Skirt.Armor.Unarmed.Accessories																COST:6			SLOTS:0										CRITMULT:x2			CRITRANGE:1			ALTCRITMULT:x2							DAMAGE:1d4		ALTDAMAGE:1d4		EQMOD:MITHRAL_ITEM																				SIZE:M	SOURCEPAGE:Quintessential Elf
Bite																PROFICIENCY:WEAPON|Bite													TYPE:Weapon.Resizable.Natural.Melee.OneHanded																							COST:0	WT:0													CRITMULT:x2			CRITRANGE:1												DAMAGE:1d6																			WIELD:OneHanded								SIZE:M																																																																								BONUS:WEAPON|ATTACKSPROGRESS|2



###Block: Lu Stuff
# Equipment Name							Required Weapon Proficiency		Type												Cost			Weight	Critical Hit Multiplier	Critical Hit Range	Damage	Modifier					Combat bonus						Stat bonus					Weapon prop. bonus			Special Property
Sword (Bastard).COPY=Lu's Moondancer (+1) Pro +3
Lu's Moondancer (+1) Pro +3.MOD										TYPE:Lu											COST:20335.0	WT:6.0											EQMOD:BONDED_M.MWORKW.PLUS1W.STEEL	BONUS:COMBAT|AC|3|TYPE=Deflection
Lu's Outfit														TYPE:Clothing.Lu										COST:32001.0	WT:4.0																	BONUS:COMBAT|AC|4|TYPE=NaturalArmorEnhancement
Helmet INT +4													TYPE:Headgear.Lu										COST:16000.0	WT:0.0																									BONUS:STAT|INT|4|TYPE=Enhancement
Dwarven Blessed Book												TYPE:Book.Lu										COST:12500		WT:1.0
#Bracers of Armor +2				TYPE:Book.Lu						BONUS:COMBAT|AC|2|TYPE=Armor
#The Tome of Dragon Lore				TYPE:Book.Lu						BONUS:SKILL|Knowledge (Dragons)|1|TYPE=Competence
Lu's Spellbook #2													TYPE:Book																																																				SPROP:(Spellbook (Wizard's/Blank))
Amulet of Health (+4)												TYPE:Amulet.Lu																																							BONUS:STAT|CON|4|TYPE=Enhancement
Amulet CON +4													TYPE:Amulet.Lu																																							BONUS:STAT|CON|4|TYPE=Enhancement


#Lu's Skillful Ring
#RIng of Mindshielding



################# OLD
### IS THIS IT Equipment:
# Equipment Name					Output Name				Required Proficiency			Type																	Alternative Type					Cost		Weight	Slot Needed	Define					Base Item for EQMOD	Critical Hit Multiplier	Critical Hit Range	Alternative Critical	Alternative Critical Range	Damage		Alternative Damage	Modifier												Alternative Modifier	Wield Category	Reach		Size		Source Page				Caster level										Combat bonus				Modify VAR						Weapon prop. bonus					Special Property
#Willow Blade (Bastard Sword+3)		OUTPUTNAME:Willow Blade		PROFICIENCY:WEAPON|Sword (Bastard)	TYPE:Enhancement.Weapon.Melee.Finesseable.Light.Specific.Slashing.Sword													COST:50335	WT:2														CRITMULT:x2			CRITRANGE:2												DAMAGE:1d10						EQMOD:STEEL																WIELD:OneHanded			SIZE:M	SOURCEPAGE:Custom																												BONUS:WEAPON|DAMAGE,TOHIT|3|TYPE=Enhancement	SPROP:+3 Bastard Sword, able to wield in one-hand.
#Willow Blade (Bastard Sword+2)		OUTPUTNAME:Willow Blade		PROFICIENCY:WEAPON|Sword (Bastard)	TYPE:Enhancement.Weapon.Melee.Martial.Specific.Slashing.Sword														COST:50335	WT:2														CRITMULT:x2			CRITRANGE:2												DAMAGE:1d10						EQMOD:STEEL																WIELD:OneHanded			SIZE:M	SOURCEPAGE:Custom																												BONUS:WEAPON|DAMAGE,TOHIT|2|TYPE=Enhancement	SPROP:+2 Bastard Sword, able to wield in one-hand.

#Willow Blade#1 +3 (Bastard Sword+3)		OUTPUTNAME:Willow Blade #1	PROFICIENCY:WEAPON|Sword (Bastard)	TYPE:Enhancement.Weapon.Melee.Finesseable.Light.Specific.Slashing.Sword													COST:50335	WT:2														CRITMULT:x2			CRITRANGE:2												DAMAGE:1d10						EQMOD:BONDED_M.STEEL														WIELD:OneHanded			SIZE:M	SOURCEPAGE:Custom																												BONUS:WEAPON|DAMAGE,TOHIT|3|TYPE=Enhancement	SPROP:+3 Bastard Sword, able to wield in one-hand.
#Willow Blade#2 +3 (Bastard Sword+3)		OUTPUTNAME:Willow Blade #2	PROFICIENCY:WEAPON|Sword (Bastard)	TYPE:Enhancement.Weapon.Melee.Finesseable.Light.Specific.Slashing.Sword													COST:50335	WT:2														CRITMULT:x2			CRITRANGE:2												DAMAGE:1d10						EQMOD:BONDED_M.STEEL														WIELD:Light				SIZE:M	SOURCEPAGE:Custom																												BONUS:WEAPON|DAMAGE,TOHIT|3|TYPE=Enhancement	SPROP:+3 Bastard Sword, able to wield in one-hand.






TEST WEAPON								PROFICIENCY:WEAPON|Sword (Short)	TYPE:Weapon.Natural.Simple.Melee.Slashing.Bludgeoning.Axe.HeavyBlade				WT:1		CRITMULT:x2			CRITRANGE:1			DAMAGE:1d6																					BONUS:WEAPON|ATTACKSPROGRESS|2


#Quarterstaff.MOD	BONUS:COMBAT|SECONDARYATTACKS|1|PRECLASS:1,Fighter=1	BONUS:COMBAT|TOHIT-PRIMARY|2|PRECLASS:1,Fighter=1		BONUS:COMBAT|TOHIT-SECONDARY|6|PRECLASS:1,Fighter=1
#ABILITY:FEAT|VIRTUAL|Two Weapon Fighting|Improved Two Weapon Fighting
#
