# CVS $Revision: $ $Author: $ -- Wed May  2 09:05:49 2007 -- reformated by prettylst.pl v1.37 (build 2312)
SOURCELONG:Is This It	SOURCESHORT:Is This It	SOURCEDATE:2007-03


#Custom BioSet
#REGION:None

###Block: Human --------------------------------------------------------------------
AGESET:0|Adulthood
RACENAME:Human	AGEDIEROLL:1d4
RACENAME:Human	BASEAGE:14
RACENAME:Human	EYES:Blue|Brown|Grey|Amber|Emerald
RACENAME:Human	HAIR:Red|Brown|Blond|Black
RACENAME:Human	MAXAGE:34
RACENAME:Human	SKINTONE:White|Dark

AGESET:1|Middle Age	BONUS:STAT|STR,CON,DEX|-1	BONUS:STAT|INT,WIS,CHA|1
RACENAME:Human	AGEDIEROLL:1d6
RACENAME:Human	BASEAGE:35
RACENAME:Human	MAXAGE:49

AGESET:2|Old		BONUS:STAT|STR,CON,DEX|-3	BONUS:STAT|INT,WIS,CHA|2
RACENAME:Human	AGEDIEROLL:1d6
RACENAME:Human	BASEAGE:50
RACENAME:Human	MAXAGE:74

AGESET:3|Venerable	BONUS:STAT|STR,CON,DEX|-6	BONUS:STAT|INT,WIS,CHA|3
RACENAME:Human	AGEDIEROLL:1d6
RACENAME:Human	BASEAGE:75



###Block: Kercpa --------------------------------------------------------------------------
AGESET:0|Adulthood
RACENAME:Kercpa	AGEDIEROLL:1d4
RACENAME:Kercpa	BASEAGE:15
RACENAME:Kercpa	EYES:Blue
RACENAME:Kercpa	HAIR:Red
RACENAME:Kercpa	MAXAGE:29
RACENAME:Kercpa	SKINTONE:Furry

AGESET:1|Middle Age	BONUS:STAT|STR,CON,DEX|-1	BONUS:STAT|INT,WIS,CHA|1
RACENAME:Kercpa	AGEDIEROLL:1d6
RACENAME:Kercpa	BASEAGE:30
RACENAME:Kercpa	MAXAGE:39

AGESET:2|Old		BONUS:STAT|STR,CON,DEX|-3	BONUS:STAT|INT,WIS,CHA|2
RACENAME:Kercpa	AGEDIEROLL:1d6
RACENAME:Kercpa	BASEAGE:40
RACENAME:Kercpa	MAXAGE:49

AGESET:3|Venerable	BONUS:STAT|STR,CON,DEX|-6	BONUS:STAT|INT,WIS,CHA|3
RACENAME:Kercpa	AGEDIEROLL:1d6
RACENAME:Kercpa	BASEAGE:50

###Block: Illan --------------------------------------------------------------------
AGESET:0|Adulthood
RACENAME:Illan	AGEDIEROLL:1d4
RACENAME:Illan	BASEAGE:14
RACENAME:Illan	EYES:Blue|Brown|Grey|Amber|Emerald
RACENAME:Illan	HAIR:Red|Brown|Blond|Black
RACENAME:Illan	MAXAGE:34
RACENAME:Illan	SKINTONE:White|Dark

AGESET:1|Middle Age	BONUS:STAT|STR,CON,DEX|-1	BONUS:STAT|INT,WIS,CHA|1
RACENAME:Illan	AGEDIEROLL:1d6
RACENAME:Illan	BASEAGE:35
RACENAME:Illan	MAXAGE:49

AGESET:2|Old		BONUS:STAT|STR,CON,DEX|-3	BONUS:STAT|INT,WIS,CHA|2
RACENAME:Illan	AGEDIEROLL:1d6
RACENAME:Illan	BASEAGE:50
RACENAME:Illan	MAXAGE:74

AGESET:3|Venerable	BONUS:STAT|STR,CON,DEX|-6	BONUS:STAT|INT,WIS,CHA|3
RACENAME:Illan	AGEDIEROLL:1d6
RACENAME:Illan	BASEAGE:75


###Block: Elf (Grey) --------------------------------------------------------------------------
AGESET:0|Adulthood
RACENAME:Elf (Grey)	AGEDIEROLL:1d100
RACENAME:Elf (Grey)	BASEAGE:150
RACENAME:Elf (Grey)	EYES:Blue|Grey|Red|Amber|Yellow|Aqua
RACENAME:Elf (Grey)	HAIR:Red|Brown|Blue|Grey|Silver
RACENAME:Elf (Grey)	MAXAGE:650
RACENAME:Elf (Grey)	SKINTONE:Caucasian|Albino|Tanned

AGESET:1|Middle Age	BONUS:STAT|STR,CON,DEX|-1	BONUS:STAT|INT,WIS,CHA|1
RACENAME:Elf (Grey)	AGEDIEROLL:1d6
RACENAME:Elf (Grey)	BASEAGE:651
RACENAME:Elf (Grey)	MAXAGE:1499

AGESET:2|Old		BONUS:STAT|STR,CON,DEX|-3	BONUS:STAT|INT,WIS,CHA|2
RACENAME:Elf (Grey)	AGEDIEROLL:1d6
RACENAME:Elf (Grey)	BASEAGE:1001
RACENAME:Elf (Grey)	MAXAGE:1500

AGESET:3|Venerable	BONUS:STAT|STR,CON,DEX|-6	BONUS:STAT|INT,WIS,CHA|3
RACENAME:Elf (Grey)	AGEDIEROLL:1d6
RACENAME:Elf (Grey)	BASEAGE:1501
