# CVS $Revision: 415 $ $Author: eddyanthony $ -- Sat Mar 10 15:23:14 2012 -- reformated by prettylst.pl v1.39 (build 15052)
SOURCELONG:Is This It	SOURCESHORT:Is This It	SOURCEDATE:2007-03
####NEW
# Modifier Name		Unique Key		Type				Plus		Visible		Type granted	Keys to replace				Source Page				Required Type				Prohibited Type	Modify VAR				Bonus Weapon Modifiers		Weapon prop. bonus				Special Property																																																				Ability														Special ABility																																																																	Change Armor Type		Apply to both heads
Sacred			KEY:SACRED_A	TYPE:Armor			PLUS:2	VISIBLE:QUALIFY										SOURCEPAGE:Custom			PRETYPE:1,Enhancement,Armor					BONUS:VAR|TurnLevelBase|2													SPROP:+2 to Turning Level
Sacred			KEY:SACRED_S	TYPE:Shield			PLUS:2	VISIBLE:QUALIFY										SOURCEPAGE:Custom			PRETYPE:1,Enhancement,Shield					BONUS:VAR|TurnLevelBase|2													SPROP:+2 to Turning Level
RST_ELE.MOD																																																																																																													ABILITY:Special Ability|VIRTUAL|ElectricityResistanceBase|ElectricityResistanceBonus10
RST_SNC.MOD																																																																																																													ABILITY:Special Ability|VIRTUAL|SonicResistanceBase|SonicResistanceBonus10
#Coup de Grace		KEY:COUPGR_M	TYPE:Weapon.Melee		PLUS:5	VISIBLE:QUALIFY										SOURCEPAGE:PsionicItems.rtf	PRETYPE:1,Enhancement,Weapon,Melee																		SPROP:target must make DC:27 WILL save on a successful critical hit or be paralyzed for 1 round

###EPIC EQMODS
Triple Throw		KEY:TRIPLE_THROW	TYPE:Weapon.Thrown	PLUS:6	VISIBLE:QUALIFY	ITYPE:Epic								SOURCEPAGE:EpicMagicItems.rtf	PRETYPE:1,Enhancement,Weapon,Thrown																					SPROP:weapon creates two duplicates of itself when thrown. Both the original and the duplicate weapons attack separately (at the same attack bonus)
Distant Shot		KEY:DISTANT_SHOT	TYPE:Weapon.Ranged	PLUS:6	VISIBLE:QUALIFY	ITYPE:Epic								SOURCEPAGE:EpicMagicItems.rtf	PRETYPE:1,Enhancement,Weapon,Ranged									BONUS:EQMWEAPON|RANGEMULT|200								SPROP:weapon can be used against any target within line of sight at no penalty for range.																																																																																																																														ASSIGNTOALL:YES


SOURCELONG:Bow and Blade	SOURCESHORT:BB
### Not Real Modifiers, the BONDED comes from the SoulArcher PrC in Bow and Blade which is granted these as a level increase.
Bonded (Standard)		KEY:BONDED_ST	TYPE:Weapon					VISIBLE:QUALIFY				REPLACES:BONDED_G,BONDED_S							PRETYPE:1,Weapon																	BONUS:WEAPON|DAMAGE,TOHIT|2|TYPE=Bonded	SPROP:Bonded Weapon																																																																		SPROP:Bonded Weapon:+2 to Hit and Damage, redirect sunder damage to self, alarm on weapon, take 5d6 damage if weapon broken, cannot be disarmed.
Bonded (Greater)		KEY:BONDED_G	TYPE:Weapon					VISIBLE:QUALIFY				REPLACES:BONDED_S,BONDED_ST							PRETYPE:1,Weapon																	BONUS:WEAPON|DAMAGE,TOHIT|3|TYPE=Bonded	SPROP:Bonded Weapon																																																																		SPROP:Bonded Weapon:+3 to Hit and Damage, redirect sunder damage to self, alarm on weapon, take 5d6 damage if weapon broken, cannot be disarmed.
Bonded (Superior)		KEY:BONDED_S	TYPE:Weapon					VISIBLE:QUALIFY				REPLACES:BONDED_G,BONDED_ST							PRETYPE:1,Weapon																	BONUS:WEAPON|DAMAGE,TOHIT|5|TYPE=Bonded	SPROP:Bonded Weapon																																																																		SPROP:Bonded Weapon:+5 to Hit and Damage, redirect sunder damage to self, alarm on weapon, take 5d6 damage if weapon broken, cannot be disarmed.
### OLDER LEGACY CODE
Bonded			KEY:BONDED_R	TYPE:Weapon.Ranged			VISIBLE:QUALIFY				REPLACES:BONDED_G_R,BONDED_S_R	SOURCEPAGE:Custom			PRETYPE:1,Weapon,Ranged			!PRETYPE:1,Thrown											BONUS:WEAPON|DAMAGE,TOHIT|2|TYPE=Bonded	SPROP:Bonded Weapon:+2 to Hit and Damage, redirect sunder damage to self, alarm on weapon, take 5d6 damage if weapon broken, cannot be disarmed.
Bonded			KEY:BONDED_M	TYPE:Weapon.Melee				VISIBLE:QUALIFY				REPLACES:BONDED_G_M,BONDED_S_M	SOURCEPAGE:Custom			PRETYPE:1,Melee																	BONUS:WEAPON|DAMAGE,TOHIT|2|TYPE=Bonded	SPROP:Bonded Weapon:+2 to Hit and Damage, redirect sunder damage to self, alarm on weapon, take 5d6 damage if weapon broken, cannot be disarmed.
Bonded			KEY:BONDED_T	TYPE:Weapon.Thrown			VISIBLE:QUALIFY				REPLACES:BONDED_G_T,BONDED_S_T	SOURCEPAGE:Custom			PRETYPE:1,Weapon,Thrown																BONUS:WEAPON|DAMAGE,TOHIT|2|TYPE=Bonded	SPROP:Bonded Weapon:+2 to Hit and Damage, redirect sunder damage to self, alarm on weapon, take 5d6 damage if weapon broken, cannot be disarmed.
Bonded (Greater)		KEY:BONDED_G_R	TYPE:Weapon.Ranged			VISIBLE:QUALIFY	ITYPE:Bonded	REPLACES:BONDED_R,BONDED_S_R		SOURCEPAGE:Custom			PRETYPE:1,Weapon,Ranged			!PRETYPE:1,Thrown											BONUS:WEAPON|DAMAGE,TOHIT|3|TYPE=Bonded	SPROP:Bonded Weapon:+3 to Hit and Damage, redirect sunder damage to self, alarm on weapon, take 5d6 damage if weapon broken, cannot be disarmed.
Bonded (Greater)		KEY:BONDED_G_M	TYPE:Weapon.Melee				VISIBLE:QUALIFY	ITYPE:Bonded	REPLACES:BONDED_M,BONDED_S_M		SOURCEPAGE:Custom			PRETYPE:1,Weapon,Melee																BONUS:WEAPON|DAMAGE,TOHIT|3|TYPE=Bonded	SPROP:Bonded Weapon:+3 to Hit and Damage, redirect sunder damage to self, alarm on weapon, take 5d6 damage if weapon broken, cannot be disarmed.
Bonded (Greater)		KEY:BONDED_G_T	TYPE:Weapon.Thrown			VISIBLE:QUALIFY	ITYPE:Bonded	REPLACES:BONDED_T,BONDED_S_T		SOURCEPAGE:Custom			PRETYPE:1,Weapon,Thrown																BONUS:WEAPON|DAMAGE,TOHIT|3|TYPE=Bonded	SPROP:Bonded Weapon:+3 to Hit and Damage, redirect sunder damage to self, alarm on weapon, take 5d6 damage if weapon broken, cannot be disarmed.
Bonded (Superior)		KEY:BONDED_S_R	TYPE:Weapon.Ranged			VISIBLE:QUALIFY	ITYPE:Bonded	REPLACES:BONDED_R,BONDED_G_R		SOURCEPAGE:Custom			PRETYPE:1,Weapon,Ranged			!PRETYPE:1,Thrown											BONUS:WEAPON|DAMAGE,TOHIT|5|TYPE=Bonded	SPROP:Bonded Weapon:+5 to Hit and Damage, redirect sunder damage to self, alarm on weapon, take 5d6 damage if weapon broken, cannot be disarmed.
Bonded (Superior)		KEY:BONDED_S_M	TYPE:Weapon.Melee				VISIBLE:QUALIFY	ITYPE:Bonded	REPLACES:BONDED_G_M,BONDED_M		SOURCEPAGE:Custom			PRETYPE:1,Weapon,Melee																BONUS:WEAPON|DAMAGE,TOHIT|5|TYPE=Bonded	SPROP:Bonded Weapon:+5 to Hit and Damage, redirect sunder damage to self, alarm on weapon, take 5d6 damage if weapon broken, cannot be disarmed.
Bonded (Superior)		KEY:BONDED_S_T	TYPE:Weapon.Thrown			VISIBLE:QUALIFY	ITYPE:Bonded	REPLACES:BONDED_G_T,BONDED_T		SOURCEPAGE:Custom			PRETYPE:1,Weapon,Thrown																BONUS:WEAPON|DAMAGE,TOHIT|5|TYPE=Bonded	SPROP:Bonded Weapon:+5 to Hit and Damage, redirect sunder damage to self, alarm on weapon, take 5d6 damage if weapon broken, cannot be disarmed.


### Added to make Jason of Hulberg move correctly. Add this to the Armor and it will make the armor LIGHT therefore removing the -10 modifier to movement.
HeavyToLight		KEY:JASON_ARMOR	TYPE:Armor																																																																																																																																																																																								ARMORTYPE:Heavy|Light

Strength Bow		KEY:STR_BOW		TYPE:Weapon.Ranged			VISIBLE:QUALIFY																																		BONUS:WEAPON|DAMAGE|STR


### FROM Tome of Artifacts -
#Axe and other special items:
Discreet			KEY:DISCREET					PLUS:1																																												SPROP:Appears pitted and useless [DC 28 appraise check]
Impartial			KEY:IMPARTIAL					PLUS:1
Mournful			KEY:MOURNFUL					PLUS:2



###COMMENT: HIDDEN For Special Weapons
TheFury			KEY:THEFURY		TYPE:Weapon.Melee				VISIBLE:NO																																										SPROP:1/day increase STR, DEX, or CON by 1d4+10 for 10 minutes. (Ability damage equal to bonus recooperates 1 point per hour) True Seeing and Blindsight through Axes sight. Concentration - Locate Gem and Metals, Locate enemies. Immune to Mind control. Know if enemies are within 2 miles (extended range within Dwarven Keep)
TheHonor			KEY:THEHONOR	TYPE:Weapon.Melee				VISIBLE:NO																																										SPROP:Change Size, Dual Axe, Grants TWF																																																															SAB:Clanggedin's Honor - Change Size (Su):1/week become One (1) size category larger gaining all bonuses and penalties from growth. Lasts for the duration of the battle.	SAB:Clanggedin's Honor - Twin Battle Axe Form: As a free action the greataxe becomes two great battle axes; you may attack with your off-hand as many times as your natural iterative attacks allow with all associated penalties
#AxeBase		KEY:AXEBASE			TYPE:Weapon.Melee				VISIBLE:NO		SPROP:Greataxe +5
#AxePlus		KEY:AXEPLUS			TYPE:Weapon.Melee				VISIBLE:NO		SPROP:										BONUS:WEAPON|DAMAGE,TOHIT|2|TYPE=Bonded	BONUS:WEAPON|DAMAGE,TOHIT|5|TYPE=Enhancement
#AxeTwin1		KEY:AXETWIN1		TYPE:Weapon.Melee				VISIBLE:NO		SPROP:Clangeddin's Fury - Battleaxe form of Clangeddin's Fury	BONUS:WEAPON|DAMAGE,TOHIT|2|TYPE=Bonded	BONUS:WEAPON|DAMAGE,TOHIT|5|TYPE=Enhancement
#AxeTwin2		KEY:AXETWIN2		TYPE:Weapon.Melee				VISIBLE:NO		SPROP:Clangeddin's Fury - Battleaxe form of Clangeddin's Fury	BONUS:WEAPON|DAMAGE,TOHIT|2|TYPE=Bonded
#Synergy

#								BONUS:WEAPON|DAMAGE,TOHIT|2|TYPE=Bonded	SPROP:Bonded Weapon:+2 to Hit and Damage, redirect sunder damage to self, alarm on weapon, take 5d6 damage if weapon broken, cannot be disarmed.

### WEAPONS ONLY:
Dispelling			KEY:DISPELLING	TYPE:Weapon			PLUS:1	VISIBLE:QUALIFY										SOURCEPAGE:p.33			PRETYPE:1,Enhancement,Weapon																						SPROP:Targeted Dispel Magic 3/day upon successful hit
Dispelling (Greater)	KEY:DISPELLING_G	TYPE:Weapon			PLUS:2	VISIBLE:QUALIFY										SOURCEPAGE:p.33			PRETYPE:1,Enhancement,Weapon																						SPROP:Targeted Greater Dispel Magic 3/day upon successful hit


#Anarchic			KEY:CHAOS_M		TYPE:Weapon.Melee		PLUS:2	VISIBLE:QUALIFY										SOURCEPAGE:MagicItemsII.rtf	PRETYPE:1,Enhancement,Weapon,Melee				BONUS:VAR|NegLevels|1|PREALIGN:0,1,2								SPROP:chaos-aligned,+2d6 chaotic damage vs. law,1 negative level bestowed to lawful wielder																																							ABILITY:Special Ability|VIRTUAL|Negative Levels
#Magic Item Compendium

###Block: A
# Modifier Name		Unique Key			Type			Plus		Cost		Visible		Source Page		Required Type				Damage Reduction			Save checks bonus						Special Property
Acidic			KEY:MIC_ACID		TYPE:Armor.Shield	PLUS:1			VISIBLE:QUALIFY	SOURCEPAGE:p.6	PRETYPE:2,Enhancement,Armor,Shield														SPROP:Acidic- Deals 2d4 acid damage to creatures grappling you.
Agility			KEY:MIC_AGIL		TYPE:Armor				COST:500	VISIBLE:QUALIFY	SOURCEPAGE:p.6	PRETYPE:1,Enhancement,Armor							BONUS:CHECKS|BASE.Reflex|1|TYPE=Resistance	SPROP:Agility - Gain +1 resistance bonus on Reflex saves.
Agility (Greater)		KEY:MIC_AGIL_GRT		TYPE:Armor				COST:12500	VISIBLE:QUALIFY	SOURCEPAGE:p.6	PRETYPE:1,Enhancement,Armor							BONUS:CHECKS|BASE.Reflex|5|TYPE=Resistance	SPROP:Greater Agility - Gain +5 resistance bonus on Reflex saves.
Agility (Improved)	KEY:MIC_AGIL_IMP		TYPE:Armor				COST:4500	VISIBLE:QUALIFY	SOURCEPAGE:p.6	PRETYPE:1,Enhancement,Armor							BONUS:CHECKS|BASE.Reflex|3|TYPE=Resistance	SPROP:Improved Agility - Gain +3 resistance bonus on Reflex saves.
Anchoring			KEY:MIC_ANCHOR		TYPE:Armor.Shield	PLUS:1			VISIBLE:QUALIFY	SOURCEPAGE:p.6	PRETYPE:1,Enhancement,Armor,Shield														SPROP:+5 enhancement bonus to resist bull rush, overrun or trip attacks
Anchoring (Greater)	KEY:MIC_ANCHOR_GRT	TYPE:Armor.Shield	PLUS:2			VISIBLE:QUALIFY	SOURCEPAGE:p.6	PRETYPE:1,Enhancement,Armor,Shield														SPROP:+10 enhancement bonus to resist bull rush, overrun or trip attacks
Aporter			KEY:MIC_APORTER		TYPE:Armor.Shield			COST:20000	VISIBLE:QUALIFY	SOURCEPAGE:p.6	PRETYPE:1,Enhancement,Armor,Shield														SPROP:2/day Transport as dimension door 800 ft. to any place you can visualize or specify

#pg.7
Averter			KEY:MIC_AVERT		TYPE:Shield				COST:13000	VISIBLE:QUALIFY	SOURCEPAGE:p.7	PRETYPE:1,Enhancement,Shield															SPROP:3/day DC 14 Will save or opponent can't approach within 30 ft
Axeblock			KEY:MIC_AXEBLOCK		TYPE:Armor.Shield	PLUS:2			VISIBLE:QUALIFY	SOURCEPAGE:p.7	PRETYPE:1,Enhancement,Shield,Armor	DR:5/Bludgeoning or Piercing									SPROP:Gain DR:5/Bludgeoning or Piercing

###Block: B
# Modifier Name		Unique Key			Type			Plus		Cost		Visible		Source Page		Required Type			Bonus to skill					Special Property
Balance			KEY:MIC_BALANCE		TYPE:Armor				COST:3750	VISIBLE:QUALIFY	SOURCEPAGE:p.7	PRETYPE:1,Enhancement,Armor	BONUS:SKILL|Balance|5|TYPE=Competence	SPROP:+5 competence bonus to Balance check
Balance (Greater)		KEY:MIC_BALANCE_G		TYPE:Armor.Shield			COST:33750	VISIBLE:QUALIFY	SOURCEPAGE:p.7	PRETYPE:1,Enhancement,Armor	BONUS:SKILL|Balance|15|TYPE=Competence	SPROP:+15 competence bonus to Balance check
Balance (Improved)	KEY:MIC_BALANCE_I		TYPE:Armor.Shield			COST:15000	VISIBLE:QUALIFY	SOURCEPAGE:p.7	PRETYPE:1,Enhancement,Armor	BONUS:SKILL|Balance|10|TYPE=Competence	SPROP:+10 competence bonus to Balance check

Bane Blind			KEY:MIC_BANE_BLIND	TYPE:Armor				COST:15000	VISIBLE:QUALIFY	SOURCEPAGE:p.7	PRETYPE:1,Enhancement,Armor								SPROP:3/day effectively invisible to designated creature type for 10 rounds.
#needs types to be selectable
#

Beastskin			KEY:MIC_BEASTSKIN		TYPE:Armor		PLUS:2			VISIBLE:QUALIFY	SOURCEPAGE:p.7	PRETYPE:1,Enhancement,Armor								SPROP:If an extra wildshape use is expended, the armor transforms to fit your new form instead of merging
#pg. 8 picture
#pg.9

Blinking			KEY:MIC_BLINK		TYPE:Armor				COST:15000	VISIBLE:QUALIFY	SOURCEPAGE:p.9	PRETYPE:1,Enhancement,Armor								SPROP:1/day Blink as spell for 1 minute
Blueshine			KEY:MIC_BLUE		TYPE:Armor		PLUS:2			VISIBLE:QUALIFY	SOURCEPAGE:p.9	PRETYPE:1,Enhancement,Armor	BONUS:SKILL|Hide|2|TYPE=Competence		SPROP:Armor immune to acid damage and rusting; +2 competence bonus to Hide checks

Blurring			KEY:MIC_BLUR		TYPE:Armor		PLUS:1			VISIBLE:QUALIFY	SOURCEPAGE:p.9	PRETYPE:1,Enhancement,Armor								SPROP:3/day [swift] Blur as spell for 5 rounds
Blurring (Greater)	KEY:MIC_BLUR_G		TYPE:Armor		PLUS:3			VISIBLE:QUALIFY	SOURCEPAGE:p.9	PRETYPE:1,Enhancement,Armor								SPROP:At will [swift] Blur as spell for 10 minutes
Buoyant			KEY:MIC_BUOYANT		TYPE:Armor				COST:4000	VISIBLE:QUALIFY	SOURCEPAGE:p.9	PRETYPE:1,Enhancement,Armor	BONUS:SKILL|Swim|2|TYPE=Competence		SPROP:Armor is buoyant in liquids, negates armor check penalty for Swim checks; +2 competence bonus to Swim checks

###Block: C & D
# Modifier Name					Unique Key			Naming Format	Naming Option		Type						Plus		Cost																	Visible		Type granted		Source Page		Required Type					Prohibited Type			Bonus to skill									Modify VAR				Bonus Armor Modifiers						Special Property																											Choose
Called						KEY:MIC_CALLED									TYPE:Armor.Shield						COST:2000																VISIBLE:QUALIFY					SOURCEPAGE:p.9	PRETYPE:1,Enhancement,Armor,Shield																																SPROP:Item appears equipped or next to you
Commander						KEY:MIC_COMMANDER									TYPE:Armor.Shield						COST:2000																VISIBLE:QUALIFY					SOURCEPAGE:p.9	PRETYPE:1,Enhancement,Armor,Shield							BONUS:SKILL|Diplomacy|2|TYPE=Competence	BONUS:SKILL|Hide|-5															SPROP:Item appears brilliant, granting +2 competence to Diplomacy and All Allies [except you] within 30 ft. gain a +1 morale bonus to Will saves; -5 penalty to Hide checks

Daylight						KEY:MIC_DAYLIGHT									TYPE:Armor.Shield						COST:3000																VISIBLE:QUALIFY					SOURCEPAGE:p.9	PRETYPE:1,Enhancement,Armor,Shield																																SPROP:[Swift] Item glows like a daylight spell for up to 30 minutes per day
Deathward						KEY:MIC_DEATHWARD									TYPE:Armor.Shield				PLUS:1	COST:0																VISIBLE:QUALIFY					SOURCEPAGE:p.10	PRETYPE:1,Enhancement,Armor,Shield																																SPROP:[Immediate] 1/day ignore any death effect


SOURCELONG:Book of Exalted Deeds	SOURCESHORT:BoeD	SOURCEDATE:2007-03

### Armor and Shield Special Abilities:
# Modifier Name					Unique Key			Naming Format	Naming Option		Type						Plus		Cost																	Visible		Type granted		Source Page		Required Type					Prohibited Type			Bonus to skill									Modify VAR				Bonus Armor Modifiers						Special Property																											Choose
Angelic						KEY:BOED_ANGELIC_A								TYPE:Armor					PLUS:2																		VISIBLE:QUALIFY					SOURCEPAGE:p.112	PRETYPE:1,Enhancement,Armor																																	SPROP:+1 AC against attacks by Evil. +4 sacred bonus against spells with the evil descriptor.
Angelic						KEY:BOED_ANGELIC_S								TYPE:Shield					PLUS:2																		VISIBLE:QUALIFY					SOURCEPAGE:p.112	PRETYPE:1,Enhancement,Shield																																	SPROP:+1 AC against attacks by Evil. +4 sacred bonus against spells with the evil descriptor.
Empyreal						KEY:BOED_EMPYREAL_A								TYPE:Armor					PLUS:2																		VISIBLE:QUALIFY					SOURCEPAGE:p.112	PRETYPE:1,Enhancement,Armor																																	SPROP:Transfer all or part of the enhancement bonus to a sacred bonus on saving throws.
Empyreal						KEY:BOED_EMPYREAL_S								TYPE:Shield					PLUS:2																		VISIBLE:QUALIFY					SOURCEPAGE:p.112	PRETYPE:1,Enhancement,Shield																																	SPROP:Transfer all or part of the enhancement bonus to a sacred bonus on saving throws.
Exalted						KEY:BOED_EXALTED_A								TYPE:Armor					PLUS:3																		VISIBLE:QUALIFY					SOURCEPAGE:p.112	PRETYPE:1,Enhancement,Armor																																	SPROP:Take half damage from unholy weapons extra damage (1d6 instead of 2d6). Gain benefit of a constant Protection from Evil spell. Negates physical vile damage.
Exalted						KEY:BOED_EXALTED_S								TYPE:Shield					PLUS:3																		VISIBLE:QUALIFY					SOURCEPAGE:p.112	PRETYPE:1,Enhancement,Shield																																	SPROP:Take half damage from unholy weapons extra damage (1d6 instead of 2d6). Gain benefit of a constant Protection from Evil spell. Negates physical vile damage.
Sacred						KEY:BOED_SACRED_A									TYPE:Armor					PLUS:2																		VISIBLE:QUALIFY					SOURCEPAGE:p.112	PRETYPE:1,Enhancement,Armor																			BONUS:VAR|TurnLevelBase|2										SPROP:+2 to Turning Level
Sacred						KEY:BOED_SACRED_S									TYPE:Shield					PLUS:2																		VISIBLE:QUALIFY					SOURCEPAGE:p.112	PRETYPE:1,Enhancement,Shield																			BONUS:VAR|TurnLevelBase|2										SPROP:+2 to Turning Level
Soulfire						KEY:BOED_SOULFIRE_A								TYPE:Armor					PLUS:4																		VISIBLE:QUALIFY					SOURCEPAGE:p.112	PRETYPE:1,Enhancement,Armor																																	SPROP:Immune to all death spells, magical death effects, and energy drain, and any negative energy effects (such as from chill touch or inflict spells).
Soulfire						KEY:BOED_SOULFIRE_S								TYPE:Shield					PLUS:4																		VISIBLE:QUALIFY					SOURCEPAGE:p.112	PRETYPE:1,Enhancement,Shield																																	SPROP:Immune to all death spells, magical death effects, and energy drain, and any negative energy effects (such as from chill touch or inflict spells).
Twilight						KEY:BOED_TWILIGHT_A								TYPE:Armor					PLUS:1																		VISIBLE:QUALIFY					SOURCEPAGE:p.112	PRETYPE:1,Enhancement,Armor																								BONUS:EQMARMOR|SPELLFAILURE|-10|TYPE=Enhancement	SPROP:Reduces arcane spell failure by 10%
Twilight						KEY:BOED_TWILIGHT_S								TYPE:Shield					PLUS:1																		VISIBLE:QUALIFY					SOURCEPAGE:p.112	PRETYPE:1,Enhancement,Shield																								BONUS:EQMARMOR|SPELLFAILURE|-10|TYPE=Enhancement	SPROP:Reduces arcane spell failure by 10%
#

### Weapon Special Abilities:
Banishing						KEY:BOED_BANISHING_M								TYPE:Weapon.Melee				PLUS:3																		VISIBLE:QUALIFY					SOURCEPAGE:p.113	PRETYPE:1,Enhancement,Weapon,Melee																																SPROP:Extraplanar creature with 25HD or fewer must save DC 24 Will save or be banished back to it's home plane.
Banishing						KEY:BOED_BANISHING_R								TYPE:Weapon.Ranged			PLUS:3																		VISIBLE:QUALIFY					SOURCEPAGE:p.113	PRETYPE:1,Enhancement,Weapon,Ranged																																SPROP:Extraplanar creature with 25HD or fewer must save DC 24 Will save or be banished back to it's home plane.
Banishing						KEY:BOED_BANISHING_T								TYPE:Weapon.Thrown			PLUS:3																		VISIBLE:QUALIFY					SOURCEPAGE:p.113	PRETYPE:1,Enhancement,Weapon,Thrown																																SPROP:Extraplanar creature with 25HD or fewer must save DC 24 Will save or be banished back to it's home plane.
Blessed						KEY:BOED_BLESSED_M								TYPE:Weapon.Melee				PLUS:1																		VISIBLE:QUALIFY					SOURCEPAGE:p.113	PRETYPE:1,Enhancement,Weapon,Melee																																SPROP:Weapon is GOOD for purposes of DR. All critical threats succeed unless weapon is keen or vorpal.
Blessed						KEY:BOED_BLESSED_R								TYPE:Weapon.Ranged			PLUS:1																		VISIBLE:QUALIFY					SOURCEPAGE:p.113	PRETYPE:1,Enhancement,Weapon,Ranged																																SPROP:Weapon is GOOD for purposes of DR. All critical threats succeed unless weapon is keen or vorpal.
Blessed						KEY:BOED_BLESSED_T								TYPE:Weapon.Thrown			PLUS:1																		VISIBLE:QUALIFY					SOURCEPAGE:p.113	PRETYPE:1,Enhancement,Weapon,Thrown																																SPROP:Weapon is GOOD for purposes of DR. All critical threats succeed unless weapon is keen or vorpal.
Enfeebling						KEY:BOED_ENFEEBLING_M								TYPE:Weapon.Melee				PLUS:1																		VISIBLE:QUALIFY					SOURCEPAGE:p.113	PRETYPE:1,Enhancement,Weapon,Melee																																SPROP:On a critical hit deal 1d6+2 temp Str damage, SR applies.
Enfeebling						KEY:BOED_ENFEEBLING_R								TYPE:Weapon.Ranged			PLUS:1																		VISIBLE:QUALIFY					SOURCEPAGE:p.113	PRETYPE:1,Enhancement,Weapon,Ranged																																SPROP:On a critical hit deal 1d6+2 temp Str damage, SR applies.
Enfeebling						KEY:BOED_ENFEEBLING_T								TYPE:Weapon.Thrown			PLUS:1																		VISIBLE:QUALIFY					SOURCEPAGE:p.113	PRETYPE:1,Enhancement,Weapon,Thrown																																SPROP:On a critical hit deal 1d6+2 temp Str damage, SR applies.
Heavenly Burst					KEY:BOED_HEAVEN_BURST_M								TYPE:Weapon.Melee				PLUS:2																		VISIBLE:QUALIFY					SOURCEPAGE:p.113	PRETYPE:1,Enhancement,Weapon,Melee																																SPROP:On a critical hit against an evil creature deal 3d6 damage and blind for 1 rnd. Wielder takes 1d2 Str dmg.
Heavenly Burst					KEY:BOED_HEAVEN_BURST_R								TYPE:Weapon.Ranged			PLUS:2																		VISIBLE:QUALIFY					SOURCEPAGE:p.113	PRETYPE:1,Enhancement,Weapon,Ranged																																SPROP:On a critical hit against an evil creature deal 3d6 damage and blind for 1 rnd. Wielder takes 1d2 Str dmg.
Heavenly Burst					KEY:BOED_HEAVEN_BURST_T								TYPE:Weapon.Thrown			PLUS:2																		VISIBLE:QUALIFY					SOURCEPAGE:p.113	PRETYPE:1,Enhancement,Weapon,Thrown																																SPROP:On a critical hit against an evil creature deal 3d6 damage and blind for 1 rnd. Wielder takes 1d2 Str dmg.
Paralyzing						KEY:BOED_PARALYZING_M								TYPE:Weapon.Melee				PLUS:2																		VISIBLE:QUALIFY					SOURCEPAGE:p.113	PRETYPE:1,Enhancement,Weapon,Melee																																SPROP:Any creature struck must make DC 17 Will save or be paralyzed for 10 rounds. SR applies, may save each rnd.
Paralyzing						KEY:BOED_PARALYZING_R								TYPE:Weapon.Ranged			PLUS:2																		VISIBLE:QUALIFY					SOURCEPAGE:p.113	PRETYPE:1,Enhancement,Weapon,Ranged																																SPROP:Any creature struck must make DC 17 Will save or be paralyzed for 10 rounds. SR applies, may save each rnd.
Paralyzing						KEY:BOED_PARALYZING_T								TYPE:Weapon.Thrown			PLUS:2																		VISIBLE:QUALIFY					SOURCEPAGE:p.113	PRETYPE:1,Enhancement,Weapon,Thrown																																SPROP:Any creature struck must make DC 17 Will save or be paralyzed for 10 rounds. SR applies, may save each rnd.
Righteous						KEY:BOED_RIGHTEOUS_M								TYPE:Weapon.Melee				PLUS:4																		VISIBLE:QUALIFY					SOURCEPAGE:p.114	PRETYPE:1,Enhancement,Weapon,Melee																																SPROP:+2 bonus on attack and damage if creature is Strong or Overwhelming Evil. Detect Evil always active (as spell)
Righteous						KEY:BOED_RIGHTEOUS_R								TYPE:Weapon.Ranged			PLUS:4																		VISIBLE:QUALIFY					SOURCEPAGE:p.114	PRETYPE:1,Enhancement,Weapon,Ranged																																SPROP:+2 bonus on attack and damage if creature is Strong or Overwhelming Evil. Detect Evil always active (as spell)
Righteous						KEY:BOED_RIGHTEOUS_T								TYPE:Weapon.Thrown			PLUS:4																		VISIBLE:QUALIFY					SOURCEPAGE:p.114	PRETYPE:1,Enhancement,Weapon,Thrown																																SPROP:+2 bonus on attack and damage if creature is Strong or Overwhelming Evil. Detect Evil always active (as spell)
Roaring						KEY:BOED_ROARING_M								TYPE:Weapon.Melee				PLUS:3																		VISIBLE:QUALIFY					SOURCEPAGE:p.114	PRETYPE:1,Enhancement,Weapon,Melee																																SPROP:Evil creature struck must save DC 22 Will or be Shaken. Deal +2d6 damage on critical hit.
Roaring						KEY:BOED_ROARING_R								TYPE:Weapon.Ranged			PLUS:3																		VISIBLE:QUALIFY					SOURCEPAGE:p.114	PRETYPE:1,Enhancement,Weapon,Ranged																																SPROP:Evil creature struck must save DC 22 Will or be Shaken. Deal +2d6 damage on critical hit.
Roaring						KEY:BOED_ROARING_T								TYPE:Weapon.Thrown			PLUS:3																		VISIBLE:QUALIFY					SOURCEPAGE:p.114	PRETYPE:1,Enhancement,Weapon,Thrown																																SPROP:Evil creature struck must save DC 22 Will or be Shaken. Deal +2d6 damage on critical hit.
#

SOURCELONG:Champions of Valor	SOURCESHORT:CoV

# Modifier Name		Unique Key			Naming Option	Type					Plus		Cost					Visible		Type granted				Keys to replace		Source Page						Multiple Requirements							Required Type				Prohibited Type										Spell Res.	BONUS:EQM							BONUS:EQMARMOR																																											Modify the item cost																																				Modify VAR				Weapon prop. bonus																Special Property																										Change Armor Type												Choose						Apply to both heads
#Glassteel			KEY:GSTEEL			NAMEOPT:NORMAL	TYPE:Shield.Weapon.Armor			COST:0				VISIBLE:QUALIFY	ITYPE:Glassteel				REPLACES:WOOD,STEEL	SOURCEPAGE:RSRD Equipment.rtf																			!PRETYPE:1,Masterwork,Mithral,Adamantine,Darkwood							BONUS:EQM|WEIGHTDIV|2					BONUS:EQMARMOR|ACCHECK|3|TYPE=Enhancement	BONUS:EQMARMOR|MAXDEX|2	BONUS:EQMARMOR|SPELLFAILURE|-10																													BONUS:ITEMCOST|TYPE=Armor.Light|2000	BONUS:ITEMCOST|TYPE=Armor.Medium|6000	BONUS:ITEMCOST|TYPE=Armor.Heavy|12000																																																																							ARMORTYPE:Heavy|Medium
#Glassteel			KEY:GSTEEL			NAMEOPT:NORMAL	TYPE:Shield.Weapon.Armor			COST:0				VISIBLE:QUALIFY	ITYPE:Glassteel				REPLACES:WOOD,STEEL	SOURCEPAGE:RSRD Equipment.rtf																			!PRETYPE:1,Masterwork,Mithral,Adamantine,Darkwood							BONUS:EQM|WEIGHTDIV|2					BONUS:EQMARMOR|ACCHECK|3|TYPE=Enhancement	BONUS:EQMARMOR|MAXDEX|2	BONUS:EQMARMOR|SPELLFAILURE|-10																													BONUS:ITEMCOST|TYPE=Armor.Light|2000	BONUS:ITEMCOST|TYPE=Armor.Medium|6000	BONUS:ITEMCOST|TYPE=Armor.Heavy|12000																																																																							ARMORTYPE:Medium|Light

###Champions of Valor - Weapon Special Abilities
# Modifier Name					Unique Key			Naming Format	Naming Option		Type						Plus		Cost																	Visible		Type granted		Source Page		Required Type					Prohibited Type			Bonus to skill									Modify VAR				Bonus Armor Modifiers						Special Property																											Choose
Home Champion					KEY:HOMEC_R										TYPE:Weapon.Ranged																						VISIBLE:QUALIFY	ITYPE:HomeC			SOURCEPAGE:CoV	PRETYPE:1,Enhancement,Weapon,Ranged		!PRETYPE:1,Thrown																												SPROP:In homeland, wielded by Defender, weapon gains +2 enhancement and deals an extra 2d6 of damage. Hit opponent is bestowed one negative level.
Home Champion					KEY:HOMEC_M										TYPE:Weapon.Melee																							VISIBLE:QUALIFY	ITYPE:HomeC			SOURCEPAGE:CoV	PRETYPE:1,Enhancement,Weapon,Melee																																SPROP:In homeland, wielded by Defender, weapon gains +2 enhancement and deals an extra 2d6 of damage. Hit opponent is bestowed one negative level.
Home Champion					KEY:HOMEC_T										TYPE:Weapon.Thrown																						VISIBLE:QUALIFY	ITYPE:HomeC			SOURCEPAGE:CoV	PRETYPE:1,Enhancement,Weapon,Thrown																																SPROP:In homeland, wielded by Defender, weapon gains +2 enhancement and deals an extra 2d6 of damage. Hit opponent is bestowed one negative level.

Sacrificial Smite					KEY:SACRS_R										TYPE:Weapon.Ranged																						VISIBLE:QUALIFY	ITYPE:SACRS			SOURCEPAGE:CoV	PRETYPE:1,Enhancement,Weapon,Ranged		!PRETYPE:1,Thrown																												SPROP:Gain one extra smite for one negative level.
Sacrificial Smite					KEY:SACRS_M										TYPE:Weapon.Melee																							VISIBLE:QUALIFY	ITYPE:SACRS			SOURCEPAGE:CoV	PRETYPE:1,Enhancement,Weapon,Melee																																SPROP:Gain one extra smite for one negative level.
Sacrificial Smite					KEY:SACRS_T										TYPE:Weapon.Thrown																						VISIBLE:QUALIFY	ITYPE:SACRS			SOURCEPAGE:CoV	PRETYPE:1,Enhancement,Weapon,Thrown																																SPROP:Gain one extra smite for one negative level.

SOURCELONG:Magic Item Compendium	SOURCESHORT:MIC
#Dispelling		KEY:DISPELLING_1									TYPE:Weapon				PLUS:1			VISIBLE:QUALIFY				SOURCEPAGE:p.33	PRETYPE:1,Enhancement,Weapon																														SPROP:Targeted Dispel Magic 3/day upon successful hit






SOURCELONG:Custom	SOURCESHORT:Custom

### OTHER STUFF:
Dwarven						KEY:DWARF			FORMATCAT:FRONT	NAMEOPT:TEXT=Dwarven	TYPE:Weapon.Armor.Shield																					VISIBLE:QUALIFY																																													SPROP:Dwarven Made
Elven							KEY:ELF			FORMATCAT:FRONT	NAMEOPT:TEXT=Elven	TYPE:Weapon.Armor.Shield																					VISIBLE:QUALIFY																																													SPROP:Elven Made




Divine						KEY:CASTSCROLL_DIVINE1								TYPE:CastingScroll																						VISIBLE:QUALIFY	ITYPE:Divine												!PRETYPE:1,Divine,Arcane
Arcane						KEY:CASTSCROLL_ARCANE1								TYPE:CastingScroll																						VISIBLE:QUALIFY	ITYPE:Arcane												!PRETYPE:1,Divine,Arcane

Minor							KEY:CASTSCROLL_MINOR1								TYPE:CastingScroll																						VISIBLE:QUALIFY	ITYPE:Minor						PRETYPE:1,Arcane,Divine				!PRETYPE:1,Minor,Medium,Major
Medium						KEY:CASTSCROLL_MEDIUM1								TYPE:CastingScroll																						VISIBLE:QUALIFY	ITYPE:Medium					PRETYPE:1,Arcane,Divine				!PRETYPE:1,Minor,Medium,Major
Major							KEY:CASTSCROLL_MAJOR1								TYPE:CastingScroll																						VISIBLE:QUALIFY	ITYPE:Major						PRETYPE:1,Arcane,Divine				!PRETYPE:1,Minor,Medium,Major

|Spell Effect (Single Use/Completion)	KEY:A_MULTUSEMI1					NAMEOPT:SPELL		TYPE:CastingScroll.Arcane.Minor			COST:((25*(max((%SPELLLEVEL),(1/2)))*%CASTERLEVEL)+%SPELLCOST+(5*%SPELLXPCOST))*(max(4,%SPELLLEVEL))	VISIBLE:QUALIFY	ITYPE:Enhancement.Magic				PRETYPE:3,CastingScroll,Arcane,Minor																																																												CHOOSE:EQBUILDER.SPELL|Arcane|0|3
|Spell Effect (Single Use/Completion)	KEY:A_MULTUSEME1					NAMEOPT:SPELL		TYPE:CastingScroll.Arcane.Medium			COST:((25*(max((%SPELLLEVEL),(1/2)))*%CASTERLEVEL)+%SPELLCOST+(5*%SPELLXPCOST))*(max(4,%SPELLLEVEL))	VISIBLE:QUALIFY	ITYPE:Enhancement.Magic				PRETYPE:3,CastingScroll,Arcane,Medium																																																												CHOOSE:EQBUILDER.SPELL|Arcane|2|5
|Spell Effect (Single Use/Completion)	KEY:A_MULTUSEMA1					NAMEOPT:SPELL		TYPE:CastingScroll.Arcane.Major			COST:((25*(max((%SPELLLEVEL),(1/2)))*%CASTERLEVEL)+%SPELLCOST+(5*%SPELLXPCOST))*(max(4,%SPELLLEVEL))	VISIBLE:QUALIFY	ITYPE:Enhancement.Magic				PRETYPE:3,CastingScroll,Arcane,Major																																																												CHOOSE:EQBUILDER.SPELL|Arcane|4|9
|Spell Effect (Single Use/Completion)	KEY:D_MULTUSEMI1					NAMEOPT:SPELL		TYPE:CastingScroll.Divine.Minor			COST:((25*(max((%SPELLLEVEL),(1/2)))*%CASTERLEVEL)+%SPELLCOST+(5*%SPELLXPCOST))*(max(4,%SPELLLEVEL))	VISIBLE:QUALIFY	ITYPE:Enhancement.Magic				PRETYPE:3,CastingScroll,Divine,Minor																																																												CHOOSE:EQBUILDER.SPELL|Divine|0|3
|Spell Effect (Single Use/Completion)	KEY:D_MULTUSEME1					NAMEOPT:SPELL		TYPE:CastingScroll.Divine.Medium			COST:((25*(max((%SPELLLEVEL),(1/2)))*%CASTERLEVEL)+%SPELLCOST+(5*%SPELLXPCOST))*(max(4,%SPELLLEVEL))	VISIBLE:QUALIFY	ITYPE:Enhancement.Magic				PRETYPE:3,CastingScroll,Divine,Medium																																																												CHOOSE:EQBUILDER.SPELL|Divine|2|5
|Spell Effect (Single Use/Completion)	KEY:D_MULTUSEMA1					NAMEOPT:SPELL		TYPE:CastingScroll.Divine.Major			COST:((25*(max((%SPELLLEVEL),(1/2)))*%CASTERLEVEL)+%SPELLCOST+(5*%SPELLXPCOST))*(max(4,%SPELLLEVEL))	VISIBLE:QUALIFY	ITYPE:Enhancement.Magic				PRETYPE:3,CastingScroll,Divine,Major																																																												CHOOSE:EQBUILDER.SPELL|Divine|4|9


SOURCELONG:Malhavoc Press - Arcana Evolved	SOURCESHORT:AE
###Block: Arcana Evolved
# Modifier Name			Unique Key			Type			Plus		Visible		Type granted		Source Page		Required Type				Weapon prop. bonus													Special Property																			Ability
Tenblades				KEY:MP_TENBLADES		TYPE:Weapon.Melee	PLUS:5	VISIBLE:QUALIFY	ITYPE:Epic.Tenblades				PRETYPE:1,Enhancement,Weapon,Melee																	SPROP:Weapon can create nine duplicates of itself inflicting nine more times the damage. This ability may be used 5/day.

SOURCELONG:Chosen Ones	SOURCESHORT:CO
Growth Item / Chosen One	KEY:CHOSEN_GROWTH		TYPE:Weapon				VISIBLE:QUALIFY								PRETYPE:1,Weapon				BONUS:WEAPON|TOHIT|AnyWeaponSentienceLvlToHit	BONUS:WEAPON|DAMAGE|AnyWeaponSentienceLvlDamage	SPROP:Sentient Any Weapon Growth [+%]|AnyWeaponSentienceLvl												ABILITY:Special Ability|AUTOMATIC|Chosen One Growth


SOURCELONG:Tome of Magic	SOURCESHORT:ToM
Shadow Striking			KEY:TOM_SHADOW_STRIKING	TYPE:Weapon		PLUS:3	VISIBLE:QUALIFY					SOURCEPAGE:p.155	PRETYPE:3,Enhancement,Weapon,Metal																	SPROP:[Moderate Universal Shadow 9th level] Overcomes DR based on alignment or substance
