# CVS $Revision: $ $Author: $ -- Wed May 13 15:00:48 2009 -- reformated by prettylst.pl v1.38 (build 7302)
SOURCELONG:classless	SOURCESHORT:cles
#Original Entry: Andrew Maitland

# CVS $Revision: $ $Author: $ -- Mon Aug 25 14:14:53 2008 -- reformated by prettylst.pl v1.38 (build 7302)
### MAIN SRD SPELLS - REVISED TO MY STANDARDS
###Block: AB
SOURCELONG:Is This It	SOURCESHORT:Is This It	SOURCEDATE:2007-03

#################################
###	BOOKS IN PLAY:		###
###	Player's Handbook		###
###	Spell Compendium		###
###	Player's Handbook II	###
#################################

### MAIN RSRD SPELLS - REVISED TO MY STANDARDS
### Named spells (Tasha, Mordenkainen, etc all included again visa vi OUTPUTNAME tags so as not to make inclusion of the old spells in use by older created PCs a hassle to update. This means that the original spell name is kept 'Acid Arrow' will still be in the list, but the new name will be Melf's Acid Arrow. Therefore, only the PC will require reprinting to get the new spell name. It also won't break existing builds based on the RSRD
SOURCELONG:Player's Handbook	SOURCESHORT:PHB	SOURCEDATE:2003-09



# Spell Name			Classes of caster									Multiple Requirements
Acid Fog.MOD			CLASSES:Wizardry,Sorcery=6								PREMULT:1,[!PRECLASS:1,Classless,Point Buy],[PREFEAT:1,Advanced Wizardry,Advanced Sorcery]
Acid Splash.MOD			CLASSES:Wizardry,Sorcery=0								PREMULT:1,[!PRECLASS:1,Classless,Point Buy],[PREFEAT:1,Advanced Wizardry,Advanced Sorcery]
Aid.MOD				CLASSES:Canonry=2									PREMULT:1,[!PRECLASS:1,Classless,Point Buy],[PREFEAT:1,Advanced Canonry]
Air Walk.MOD			CLASSES:Canonry,Wicca ~ Advanced=4						PREMULT:1,[!PRECLASS:1,Classless,Point Buy],[PREFEAT:1,Advanced Canonry,Advanced Wicca]
Alarm.MOD				CLASSES:Wizardry,Wicca=1							PREMULT:1,[!PRECLASS:1,Classless,Point Buy],[PREFEAT:1,Basic Wizardry,Basic Sorcery,Basic Wicca]
Align Weapon.MOD			CLASSES:Canonry=2									PREMULT:1,[!PRECLASS:1,Classless,Point Buy],[PREFEAT:1,Advanced Canonry]
Alter Self.MOD			CLASSES:Wizardry,Sorcery=2								PREMULT:1,[!PRECLASS:1,Classless,Point Buy],[PREFEAT:1,Basic Wizardry,Basic Sorcery]
Analyze Dweomer.MOD		CLASSES:Wizardry,Sorcery=6								PREMULT:1,[!PRECLASS:1,Classless,Point Buy],[PREFEAT:1,Basic Wizardry,Basic Sorcery]
Animal Growth.MOD			CLASSES:Wicca=5|Wizardry,Sorcery=5							PREMULT:1,[!PRECLASS:1,Classless,Point Buy],[PREFEAT:1,Advanced Wizardry,Advanced Sorcery,Basic Wicca]
Animal Messenger.MOD		CLASSES:Wizardry,Wicca ~ Advanced=2|Wicca=1				PREMULT:1,[!PRECLASS:1,Classless,Point Buy],[PREFEAT:1,Basic Wizardry,Basic Sorcery,Basic Wicca]
Animal Shapes.MOD			CLASSES:Wicca ~ Advanced=8							PREMULT:1,[!PRECLASS:1,Classless,Point Buy],[PREFEAT:1,Advanced Wicca]
Animal Trance.MOD			CLASSES:Wizardry,Sorcery,Wicca ~ Advanced=2						PREMULT:1,[!PRECLASS:1,Classless,Point Buy],[PREFEAT:1,Basic Wizardry,Basic Sorcery,Advanced Wicca]
Animate Dead.MOD			CLASSES:Canonry=3|Wizardry,Sorcery=4							PREMULT:1,[!PRECLASS:1,Classless,Point Buy],[PREFEAT:1,Advanced Canonry]
Animate Objects.MOD		CLASSES:Wizardry,Sorcery,Canonry=6							PREMULT:1,[!PRECLASS:1,Classless,Point Buy],[PREFEAT:1,Basic Wizardry,Basic Sorcery,Advanced Canonry]
Animate Plants.MOD		CLASSES:Wicca ~ Advanced=7							PREMULT:1,[!PRECLASS:1,Classless,Point Buy],[PREFEAT:1,Advanced Wicca]
Animate Rope.MOD			CLASSES:Wizardry,Sorcery=1|Wizardry ~ Basic=1							PREMULT:1,[!PRECLASS:1,Classless,Point Buy],[PREFEAT:1,Basic Wizardry,Basic Sorcery]
Antilife Shell.MOD		CLASSES:Canonry,Wicca ~ Advanced=6						PREMULT:1,[!PRECLASS:1,Classless,Point Buy],[PREFEAT:1,Advanced Canonry,Advanced Wicca]
Antimagic Field.MOD		CLASSES:Wizardry,Sorcery=6|Canonry=8							PREMULT:1,[!PRECLASS:1,Classless,Point Buy],[PREFEAT:1,Advanced Wizardry,Advanced Sorcery,Advanced Canonry]
Antipathy.MOD			CLASSES:Wizardry,Sorcery=8|Wicca ~ Advanced=9					PREMULT:1,[!PRECLASS:1,Classless,Point Buy],[PREFEAT:1,Advanced Wizardry,Advanced Sorcery,Advanced Wicca]
Antiplant Shell.MOD		CLASSES:Wicca ~ Advanced=4							PREMULT:1,[!PRECLASS:1,Classless,Point Buy],[PREFEAT:1,Advanced Wicca]
Arcane Eye.MOD			CLASSES:Wizardry,Sorcery=4								PREMULT:1,[!PRECLASS:1,Classless,Point Buy],[PREFEAT:1,Advanced Wizardry,Advanced Sorcery]
Arcane Lock.MOD			CLASSES:Wizardry,Sorcery=2								PREMULT:1,[!PRECLASS:1,Classless,Point Buy],[PREFEAT:1,Advanced Wizardry,Advanced Sorcery]
Arcane Mark.MOD			CLASSES:Wizardry,Sorcery=0								PREMULT:1,[!PRECLASS:1,Classless,Point Buy],[PREFEAT:1,Advanced Wizardry,Advanced Sorcery]
Arcane Sight.MOD			CLASSES:Wizardry,Sorcery=3								PREMULT:1,[!PRECLASS:1,Classless,Point Buy],[PREFEAT:1,Advanced Wizardry,Advanced Sorcery]
Arcane Sight (Greater).MOD	CLASSES:Wizardry,Sorcery=7								PREMULT:1,[!PRECLASS:1,Classless,Point Buy],[PREFEAT:1,Advanced Wizardry,Advanced Sorcery]
Astral Projection.MOD		CLASSES:Canonry=9|Wizardry,Sorcery=9							PREMULT:1,[!PRECLASS:1,Classless,Point Buy],[PREFEAT:1,Advanced Wizardry,Advanced Sorcery,Advanced Canonry]
Atonement.MOD			CLASSES:Canonry,Wicca ~ Advanced=5						PREMULT:1,[!PRECLASS:1,Classless,Point Buy],[PREFEAT:1,Advanced Canonry,Advanced Wicca]
Augury.MOD				CLASSES:Canonry=2									PREMULT:1,[!PRECLASS:1,Classless,Point Buy],[PREFEAT:1,Advanced Canonry]
Awaken.MOD				CLASSES:Wicca ~ Advanced=5							PREMULT:1,[!PRECLASS:1,Classless,Point Buy],[PREFEAT:1,Advanced Wicca]
Baleful Polymorph.MOD		CLASSES:Wicca ~ Advanced=5|Wizardry,Sorcery=5					PREMULT:1,[!PRECLASS:1,Classless,Point Buy],[PREFEAT:1,Advanced Wizardry,Advanced Sorcery,Advanced Wicca]
Bane.MOD				CLASSES:Canonry=1									PREMULT:1,[!PRECLASS:1,Classless,Point Buy],[PREFEAT:1,Advanced Canonry]
Banishment.MOD			CLASSES:Canonry=6|Wizardry,Sorcery=7							PREMULT:1,[!PRECLASS:1,Classless,Point Buy],[PREFEAT:1,Advanced Wizardry,Advanced Sorcery,Advanced Canonry]
Barkskin.MOD			CLASSES:Wicca ~ Advanced,Wicca=2						PREMULT:1,[!PRECLASS:1,Classless,Point Buy],[PREFEAT:1,Basic Wicca]
Bear's Endurance.MOD		CLASSES:Canonry,Wicca ~ Advanced,Wicca=2|Wizardry,Sorcery=2			PREMULT:1,[!PRECLASS:1,Classless,Point Buy],[PREFEAT:1,Advanced Wizardry,Advanced Sorcery,Basic Wicca]
Bear's Endurance (Mass).MOD	CLASSES:Canonry,Wicca ~ Advanced=6|Wizardry,Sorcery=6				PREMULT:1,[!PRECLASS:1,Classless,Point Buy],[PREFEAT:1,Advanced Wizardry,Advanced Sorcery,Advanced Canonry,Advanced Wicca]
Bestow Curse.MOD			CLASSES:Canonry=3|Wizardry,Sorcery=4							PREMULT:1,[!PRECLASS:1,Classless,Point Buy],[PREFEAT:1,Advanced Wizardry,Advanced Sorcery,Advanced Canonry]
Bigby's Crushing Hand.MOD	CLASSES:Wizardry,Sorcery=9								PREMULT:1,[!PRECLASS:1,Classless,Point Buy],[PREFEAT:1,Advanced Wizardry,Advanced Sorcery]
Bigby's Clenched Fist.MOD	CLASSES:Wizardry,Sorcery=8								PREMULT:1,[!PRECLASS:1,Classless,Point Buy],[PREFEAT:1,Advanced Wizardry,Advanced Sorcery]
Bigby's Forceful Hand.MOD	CLASSES:Wizardry,Sorcery=6								PREMULT:1,[!PRECLASS:1,Classless,Point Buy],[PREFEAT:1,Advanced Wizardry,Advanced Sorcery]
Bigby's Grasping Hand.MOD	CLASSES:Wizardry,Sorcery=7								PREMULT:1,[!PRECLASS:1,Classless,Point Buy],[PREFEAT:1,Advanced Wizardry,Advanced Sorcery]
Bigby's Interposing Hand.MOD	CLASSES:Wizardry,Sorcery=5								PREMULT:1,[!PRECLASS:1,Classless,Point Buy],[PREFEAT:1,Advanced Wizardry,Advanced Sorcery]
Binding.MOD				CLASSES:Wizardry,Sorcery=8								PREMULT:1,[!PRECLASS:1,Classless,Point Buy],[PREFEAT:1,Advanced Wizardry,Advanced Sorcery]
Blade Barrier.MOD			CLASSES:Canonry=6									PREMULT:1,[!PRECLASS:1,Classless,Point Buy],[PREFEAT:1,Advanced Canonry]
Blasphemy.MOD			CLASSES:Canonry=7									PREMULT:1,[!PRECLASS:1,Classless,Point Buy],[PREFEAT:1,Advanced Canonry]
Bless.MOD				CLASSES:Canonry,Canonry ~ Basics=1						PREMULT:1,[!PRECLASS:1,Classless,Point Buy],[PREFEAT:1,Basic Canonry]
Bless Water.MOD			CLASSES:Canonry,Canonry ~ Basics=1						PREMULT:1,[!PRECLASS:1,Classless,Point Buy],[PREFEAT:1,Basic Canonry]
Bless Weapon.MOD			CLASSES:Canonry ~ Basics=1							PREMULT:1,[!PRECLASS:1,Classless,Point Buy],[PREFEAT:1,Basic Canonry]
Blight.MOD				CLASSES:Wicca ~ Advanced=4|Wizardry,Sorcery=5					PREMULT:1,[!PRECLASS:1,Classless,Point Buy],[PREFEAT:1,Advanced Wizardry,Advanced Sorcery,Advanced Wicca]
Blindness/Deafness.MOD		CLASSES:Wizardry,Sorcery=2|Wizardry ~ Basic=2|Canonry=3					PREMULT:1,[!PRECLASS:1,Classless,Point Buy],[PREFEAT:1,Basic Wizardry,Basic Sorcery,Advanced Canonry]
Blink.MOD				CLASSES:Wizardry,Sorcery=3|Wizardry ~ Basic=3							PREMULT:1,[!PRECLASS:1,Classless,Point Buy],[PREFEAT:1,Basic Wizardry,Basic Sorcery]
Blur.MOD				CLASSES:Wizardry,Sorcery=2|Wizardry ~ Basic=2							PREMULT:1,[!PRECLASS:1,Classless,Point Buy],[PREFEAT:1,Basic Wizardry,Basic Sorcery]
Break Enchantment.MOD		CLASSES:Wizardry ~ Basic,Canonry ~ Basics=4|Canonry=5|Wizardry,Sorcery=5		PREMULT:1,[!PRECLASS:1,Classless,Point Buy],[PREFEAT:1,Basic Wizardry,Basic Sorcery,Basic Canonry]
Bull's Strength.MOD		CLASSES:Canonry,Wicca ~ Advanced,Canonry ~ Basics=2|Wizardry,Sorcery=2	PREMULT:1,[!PRECLASS:1,Classless,Point Buy],[PREFEAT:1,Advanced Wizardry,Advanced Sorcery,Basic Canonry,Advanced Wicca]
Bull's Strength (Mass).MOD	CLASSES:Canonry,Wicca ~ Advanced=6|Wizardry,Sorcery=6				PREMULT:1,[!PRECLASS:1,Classless,Point Buy],[PREFEAT:1,Advanced Wizardry,Advanced Sorcery,Advanced Wicca]
Burning Hands.MOD			CLASSES:Wizardry,Sorcery=1								PREMULT:1,[!PRECLASS:1,Classless,Point Buy],[PREFEAT:1,Advanced Wizardry,Advanced Sorcery]

###Block: C

# Spell Name				Classes of caster										Multiple Requirements
Call Lightning.MOD			CLASSES:Wicca ~ Advanced=3								PREMULT:1,[!PRECLASS:1,Classless,Point Buy],[PREFEAT:1,Advanced Wicca]
Call Lightning Storm.MOD		CLASSES:Wicca ~ Advanced=5								PREMULT:1,[!PRECLASS:1,Classless,Point Buy],[PREFEAT:1,Advanced Wicca]
Calm Animals.MOD				CLASSES:Wicca ~ Advanced,Wicca=1							PREMULT:1,[!PRECLASS:1,Classless,Point Buy],[PREFEAT:1,Basic Wicca]
Calm Emotions.MOD				CLASSES:Wizardry,Sorcery,Canonry=2								PREMULT:1,[!PRECLASS:1,Classless,Point Buy],[PREFEAT:1,Advanced Canonry]
Cat's Grace.MOD				CLASSES:Wicca ~ Advanced,Wicca=2|Wizardry,Sorcery=2					PREMULT:1,[!PRECLASS:1,Classless,Point Buy],[PREFEAT:1,Basic Wizardry,Basic Sorcery,Basic Wicca]
Cat's Grace (Mass).MOD			CLASSES:Wicca ~ Advanced=6|Wizardry,Sorcery=6						PREMULT:1,[!PRECLASS:1,Classless,Point Buy],[PREFEAT:1,Basic Wizardry,Basic Sorcery,Advanced Wicca]
Cause Fear.MOD				CLASSES:Canonry=1|Wizardry,Sorcery=1								PREMULT:1,[!PRECLASS:1,Classless,Point Buy],[PREFEAT:1,Basic Wizardry,Basic Sorcery,Advanced Canonry]
Chain Lightning.MOD			CLASSES:Wizardry,Sorcery=6									PREMULT:1,[!PRECLASS:1,Classless,Point Buy],[PREFEAT:1,Advanced Wizardry,Advanced Sorcery]
Changestaff.MOD				CLASSES:Wicca ~ Advanced=7								PREMULT:1,[!PRECLASS:1,Classless,Point Buy],[PREFEAT:1,Advanced Wicca]
Charm Animal.MOD				CLASSES:Wicca ~ Advanced,Wicca=1							PREMULT:1,[!PRECLASS:1,Classless,Point Buy],[PREFEAT:1,Basic Wicca]
Charm Monster.MOD				CLASSES:Wizardry ~ Basic=3|Wizardry,Sorcery=4								PREMULT:1,[!PRECLASS:1,Classless,Point Buy],[PREFEAT:1,Basic Wizardry,Basic Sorcery]
Charm Monster (Mass).MOD		CLASSES:Wizardry ~ Basic=6|Wizardry,Sorcery=8								PREMULT:1,[!PRECLASS:1,Classless,Point Buy],[PREFEAT:1,Basic Wizardry,Basic Sorcery]
Charm Person.MOD				CLASSES:Wizardry,Sorcery=1|Wizardry,Sorcery=1								PREMULT:1,[!PRECLASS:1,Classless,Point Buy],[PREFEAT:1,Basic Wizardry,Basic Sorcery]
Chill Metal.MOD				CLASSES:Wicca ~ Advanced=2								PREMULT:1,[!PRECLASS:1,Classless,Point Buy],[PREFEAT:1,Advanced Wicca]
Chill Touch.MOD				CLASSES:Wizardry,Sorcery=1									PREMULT:1,[!PRECLASS:1,Classless,Point Buy],[PREFEAT:1,Advanced Wizardry,Advanced Sorcery]
Circle of Death.MOD			CLASSES:Wizardry,Sorcery=6									PREMULT:1,[!PRECLASS:1,Classless,Point Buy],[PREFEAT:1,Advanced Wizardry,Advanced Sorcery]
Clairaudience/Clairvoyance.MOD	CLASSES:Wizardry,Sorcery=3|Wizardry ~ Basic=3								PREMULT:1,[!PRECLASS:1,Classless,Point Buy],[PREFEAT:1,Basic Wizardry,Basic Sorcery]
Cloak of Chaos.MOD			CLASSES:Canonry=8										PREMULT:1,[!PRECLASS:1,Classless,Point Buy],[PREFEAT:1,Advanced Canonry]
Clone.MOD					CLASSES:Wizardry,Sorcery=8									PREMULT:1,[!PRECLASS:1,Classless,Point Buy],[PREFEAT:1,Advanced Wizardry,Advanced Sorcery]
Cloudkill.MOD				CLASSES:Wizardry,Sorcery=5									PREMULT:1,[!PRECLASS:1,Classless,Point Buy],[PREFEAT:1,Advanced Wizardry,Advanced Sorcery]
Color Spray.MOD				CLASSES:Wizardry,Sorcery=1									PREMULT:1,[!PRECLASS:1,Classless,Point Buy],[PREFEAT:1,Advanced Wizardry,Advanced Sorcery]
Command.MOD					CLASSES:Canonry=1										PREMULT:1,[!PRECLASS:1,Classless,Point Buy],[PREFEAT:1,Advanced Canonry]
Command (Greater).MOD			CLASSES:Canonry=5										PREMULT:1,[!PRECLASS:1,Classless,Point Buy],[PREFEAT:1,Advanced Canonry]
Command Plants.MOD			CLASSES:Wicca ~ Advanced=4|Wicca=3							PREMULT:1,[!PRECLASS:1,Classless,Point Buy],[PREFEAT:1,Basic Wicca]
Command Undead.MOD			CLASSES:Wizardry,Sorcery=2									PREMULT:1,[!PRECLASS:1,Classless,Point Buy],[PREFEAT:1,Advanced Wizardry,Advanced Sorcery]
Commune.MOD					CLASSES:Canonry=5										PREMULT:1,[!PRECLASS:1,Classless,Point Buy],[PREFEAT:1,Advanced Canonry]
Commune with Nature.MOD			CLASSES:Wicca=4|Wicca ~ Advanced=5							PREMULT:1,[!PRECLASS:1,Classless,Point Buy],[PREFEAT:1,Basic Wicca]
Comprehend Languages.MOD		CLASSES:Canonry=1|Wizardry,Sorcery=1								PREMULT:1,[!PRECLASS:1,Classless,Point Buy],[PREFEAT:1,Basic Wizardry,Basic Sorcery,Advanced Canonry]
Cone of Cold.MOD				CLASSES:Wizardry,Sorcery=5									PREMULT:1,[!PRECLASS:1,Classless,Point Buy],[PREFEAT:1,Advanced Wizardry,Advanced Sorcery]
Confusion.MOD				CLASSES:Wizardry ~ Basic=3|Wizardry,Sorcery=4								PREMULT:1,[!PRECLASS:1,Classless,Point Buy],[PREFEAT:1,Basic Wizardry,Basic Sorcery]
Confusion (Lesser).MOD			CLASSES:Wizardry,Sorcery=1									PREMULT:1,[!PRECLASS:1,Classless,Point Buy],[PREFEAT:1,Basic Wizardry,Basic Sorcery]
Consecrate.MOD				CLASSES:Canonry=2										PREMULT:1,[!PRECLASS:1,Classless,Point Buy],[PREFEAT:1,Advanced Canonry]
Contact Other Plane.MOD			CLASSES:Wizardry,Sorcery=5									PREMULT:1,[!PRECLASS:1,Classless,Point Buy],[PREFEAT:1,Advanced Wizardry,Advanced Sorcery]
Contagion.MOD				CLASSES:Canonry,Wicca ~ Advanced=3|Wizardry,Sorcery=4					PREMULT:1,[!PRECLASS:1,Classless,Point Buy],[PREFEAT:1,Advanced Wizardry,Advanced Sorcery,Advanced Canonry,Advanced Wicca]
Contingency.MOD				CLASSES:Wizardry,Sorcery=6									PREMULT:1,[!PRECLASS:1,Classless,Point Buy],[PREFEAT:1,Advanced Wizardry,Advanced Sorcery]
Continual Flame.MOD			CLASSES:Wizardry,Sorcery=2|Canonry=3								PREMULT:1,[!PRECLASS:1,Classless,Point Buy],[PREFEAT:1,Advanced Wizardry,Advanced Sorcery,Advanced Canonry]
Control Plants.MOD			CLASSES:Wicca ~ Advanced=8								PREMULT:1,[!PRECLASS:1,Classless,Point Buy],[PREFEAT:1,Advanced Wicca]
Control Undead.MOD			CLASSES:Wizardry,Sorcery=7									PREMULT:1,[!PRECLASS:1,Classless,Point Buy],[PREFEAT:1,Advanced Wizardry,Advanced Sorcery]
Control Water.MOD				CLASSES:Canonry,Wicca ~ Advanced=4|Wizardry,Sorcery=6					PREMULT:1,[!PRECLASS:1,Classless,Point Buy],[PREFEAT:1,Advanced Wizardry,Advanced Sorcery,Advanced Canonry,Advanced Wicca]
Control Weather.MOD			CLASSES:Canonry,Wicca ~ Advanced=7|Wizardry,Sorcery=7					PREMULT:1,[!PRECLASS:1,Classless,Point Buy],[PREFEAT:1,Advanced Wizardry,Advanced Sorcery,Advanced Canonry,Advanced Wicca]
Control Winds.MOD				CLASSES:Wicca ~ Advanced=5								PREMULT:1,[!PRECLASS:1,Classless,Point Buy],[PREFEAT:1,Advanced Wicca]
Create Food and Water.MOD		CLASSES:Canonry=3										PREMULT:1,[!PRECLASS:1,Classless,Point Buy],[PREFEAT:1,Advanced Canonry]
Create Greater Undead.MOD		CLASSES:Canonry=8|Wizardry,Sorcery=8								PREMULT:1,[!PRECLASS:1,Classless,Point Buy],[PREFEAT:1,Advanced Wizardry,Advanced Sorcery,Advanced Canonry]
Create Undead.MOD				CLASSES:Canonry=6|Wizardry,Sorcery=6								PREMULT:1,[!PRECLASS:1,Classless,Point Buy],[PREFEAT:1,Advanced Wizardry,Advanced Sorcery,Advanced Canonry]
Create Water.MOD				CLASSES:Canonry,Wicca ~ Advanced=0|Canonry ~ Basics=1				PREMULT:1,[!PRECLASS:1,Classless,Point Buy],[PREFEAT:1,Advanced Wicca,Basic Canonry]
Creeping Doom.MOD				CLASSES:Wicca ~ Advanced=7								PREMULT:1,[!PRECLASS:1,Classless,Point Buy],[PREFEAT:1,Advanced Wicca]
Crushing Despair.MOD			CLASSES:Wizardry ~ Basic=3|Wizardry,Sorcery=4								PREMULT:1,[!PRECLASS:1,Classless,Point Buy],[PREFEAT:1,Basic Wizardry,Basic Sorcery]
Cure Critical Wounds.MOD		CLASSES:Wizardry,Canonry=4|Wicca ~ Advanced=5					PREMULT:1,[!PRECLASS:1,Classless,Point Buy],[PREFEAT:1,Basic Wizardry,Basic Sorcery,Advanced Canonry,Advanced Wicca]
Cure Critical Wounds (Mass).MOD	CLASSES:Canonry=8|Wicca ~ Advanced=9						PREMULT:1,[!PRECLASS:1,Classless,Point Buy],[PREFEAT:1,Advanced Canonry,Advanced Wicca]
Cure Light Wounds.MOD			CLASSES:Wizardry,Canonry,Wicca ~ Advanced,Canonry ~ Basics=1|Wicca=2	PREMULT:1,[!PRECLASS:1,Classless,Point Buy],[PREFEAT:1,Basic Wizardry,Basic Sorcery,Basic Wicca,Basic Canonry]
Cure Light Wounds (Mass).MOD		CLASSES:Wizardry,Canonry=5|Wicca ~ Advanced=6					PREMULT:1,[!PRECLASS:1,Classless,Point Buy],[PREFEAT:1,Basic Wizardry,Basic Sorcery,Advanced Canonry,Advanced Wicca]
Cure Minor Wounds.MOD			CLASSES:Canonry,Wicca ~ Advanced=0							PREMULT:1,[!PRECLASS:1,Classless,Point Buy],[PREFEAT:1,Advanced Canonry,Advanced Wicca]
Cure Moderate Wounds.MOD		CLASSES:Wizardry,Canonry=2|Wicca ~ Advanced,Canonry ~ Basics,Wicca=3	PREMULT:1,[!PRECLASS:1,Classless,Point Buy],[PREFEAT:1,Basic Wizardry,Basic Sorcery,Basic Wicca,Basic Canonry]
Cure Moderate Wounds (Mass).MOD	CLASSES:Wizardry,Canonry=6|Wicca ~ Advanced=7					PREMULT:1,[!PRECLASS:1,Classless,Point Buy],[PREFEAT:1,Basic Wizardry,Basic Sorcery,Advanced Canonry,Advanced Wicca]
Cure Serious Wounds.MOD			CLASSES:Wizardry,Canonry=3|Wicca ~ Advanced,Canonry ~ Basics,Wicca=4	PREMULT:1,[!PRECLASS:1,Classless,Point Buy],[PREFEAT:1,Basic Wizardry,Basic Sorcery,Basic Wicca,Basic Canonry]
Cure Serious Wounds (Mass).MOD	CLASSES:Canonry=7|Wicca ~ Advanced=8						PREMULT:1,[!PRECLASS:1,Classless,Point Buy],[PREFEAT:1,Advanced Canonry,Advanced Wicca]
Curse Water.MOD				CLASSES:Canonry=1										PREMULT:1,[!PRECLASS:1,Classless,Point Buy],[PREFEAT:1,Advanced Canonry]


###Block: DE

# Spell Name			Classes of caster										Multiple Requirements
Dancing Lights.MOD		CLASSES:Wizardry,Sorcery=0|Wizardry ~ Basic=0								PREMULT:1,[!PRECLASS:1,Classless,Point Buy],[PREFEAT:1,Basic Wizardry,Basic Sorcery]
Darkness.MOD			CLASSES:Wizardry ~ Basic,Canonry=2|Wizardry,Sorcery=2						PREMULT:1,[!PRECLASS:1,Classless,Point Buy],[PREFEAT:1,Basic Wizardry,Basic Sorcery,Advanced Canonry]
Darkvision.MOD			CLASSES:Wizardry,Sorcery=2|Wicca=3								PREMULT:1,[!PRECLASS:1,Classless,Point Buy],[PREFEAT:1,Advanced Wizardry,Advanced Sorcery,Basic Wicca]
Daylight.MOD			CLASSES:Wizardry ~ Basic,Canonry,Wicca ~ Advanced,Canonry ~ Basics=3|Wizardry,Sorcery=3	PREMULT:1,[!PRECLASS:1,Classless,Point Buy],[PREFEAT:1,Basic Wizardry,Basic Sorcery,Basic Canonry]
Daze.MOD				CLASSES:Wizardry ~ Basic=0|Wizardry,Sorcery=0								PREMULT:1,[!PRECLASS:1,Classless,Point Buy],[PREFEAT:1,Basic Wizardry,Basic Sorcery]
Daze Monster.MOD			CLASSES:Wizardry ~ Basic=2|Wizardry,Sorcery=2								PREMULT:1,[!PRECLASS:1,Classless,Point Buy],[PREFEAT:1,Basic Wizardry,Basic Sorcery]
Death Knell.MOD			CLASSES:Canonry=2										PREMULT:1,[!PRECLASS:1,Classless,Point Buy],[PREFEAT:1,Advanced Canonry]
Death Ward.MOD			CLASSES:Canonry,Canonry ~ Basics=4|Wicca ~ Advanced=5				PREMULT:1,[!PRECLASS:1,Classless,Point Buy],[PREFEAT:1,Advanced Wicca,Basic Canonry]
Deathwatch.MOD			CLASSES:Canonry=1										PREMULT:1,[!PRECLASS:1,Classless,Point Buy],[PREFEAT:1,Advanced Canonry]
Deep Slumber.MOD			CLASSES:Wizardry,Sorcery=3|Wizardry ~ Basic=3								PREMULT:1,[!PRECLASS:1,Classless,Point Buy],[PREFEAT:1,Basic Wizardry,Basic Sorcery]
Deeper Darkness.MOD		CLASSES:Canonry=3										PREMULT:1,[!PRECLASS:1,Classless,Point Buy],[PREFEAT:1,Advanced Canonry]
Delay Poison.MOD			CLASSES:Wicca=1|Wizardry,Sorcery,Canonry,Wicca ~ Advanced,Canonry ~ Basics=2	PREMULT:1,[!PRECLASS:1,Classless,Point Buy],[PREFEAT:1,Basic Wizardry,Basic Sorcery,Basic Wicca,Basic Canonry]
Delayed Blast Fireball.MOD	CLASSES:Wizardry,Sorcery=7									PREMULT:1,[!PRECLASS:1,Classless,Point Buy],[PREFEAT:1,Advanced Wizardry,Advanced Sorcery]
Demand.MOD				CLASSES:Wizardry,Sorcery=8									PREMULT:1,[!PRECLASS:1,Classless,Point Buy],[PREFEAT:1,Advanced Wizardry,Advanced Sorcery]
Desecrate.MOD			CLASSES:Canonry=2										PREMULT:1,[!PRECLASS:1,Classless,Point Buy],[PREFEAT:1,Advanced Canonry]
Destruction.MOD			CLASSES:Canonry=7										PREMULT:1,[!PRECLASS:1,Classless,Point Buy],[PREFEAT:1,Advanced Canonry]
Detect Animals or Plants.MOD	CLASSES:Wicca ~ Advanced,Wicca=1							PREMULT:1,[!PRECLASS:1,Classless,Point Buy],[PREFEAT:1,Basic Wicca]
Detect Chaos.MOD			CLASSES:Canonry=1										PREMULT:1,[!PRECLASS:1,Classless,Point Buy],[PREFEAT:1,Advanced Canonry]
Detect Evil.MOD			CLASSES:Canonry=1										PREMULT:1,[!PRECLASS:1,Classless,Point Buy],[PREFEAT:1,Advanced Canonry]
Detect Good.MOD			CLASSES:Canonry=1										PREMULT:1,[!PRECLASS:1,Classless,Point Buy],[PREFEAT:1,Advanced Canonry]
Detect Law.MOD			CLASSES:Canonry=1										PREMULT:1,[!PRECLASS:1,Classless,Point Buy],[PREFEAT:1,Advanced Canonry]
Detect Magic.MOD			CLASSES:Wizardry,Canonry,Wicca ~ Advanced,Sorcerer=0				PREMULT:1,[!PRECLASS:1,Classless,Point Buy],[PREFEAT:1,Basic Wizardry,Basic Sorcery,Advanced Canonry,Advanced Wicca]
Detect Poison.MOD			CLASSES:Canonry,Wicca ~ Advanced=0|Wizardry,Sorcery=0|Canonry ~ Basics,Wicca=1	PREMULT:1,[!PRECLASS:1,Classless,Point Buy],[PREFEAT:1,Advanced Wizardry,Advanced Sorcery,Basic Wicca,Basic Canonry]
Detect Scrying.MOD		CLASSES:Wizardry,Sorcery=4									PREMULT:1,[!PRECLASS:1,Classless,Point Buy],[PREFEAT:1,Basic Wizardry,Basic Sorcery]
Detect Secret Doors.MOD		CLASSES:Wizardry,Sorcery=1									PREMULT:1,[!PRECLASS:1,Classless,Point Buy],[PREFEAT:1,Basic Wizardry,Basic Sorcery]
Detect Snares and Pits.MOD	CLASSES:Wicca ~ Advanced,Wicca=1							PREMULT:1,[!PRECLASS:1,Classless,Point Buy],[PREFEAT:1,Basic Wicca]
Detect Thoughts.MOD		CLASSES:Wizardry,Sorcery=2									PREMULT:1,[!PRECLASS:1,Classless,Point Buy],[PREFEAT:1,Basic Wizardry,Basic Sorcery]
Detect Undead.MOD			CLASSES:Canonry,Canonry ~ Basics=1|Wizardry,Sorcery=1					PREMULT:1,[!PRECLASS:1,Classless,Point Buy],[PREFEAT:1,Advanced Wizardry,Advanced Sorcery,Basic Canonry]
Dictum.MOD				CLASSES:Canonry=7										PREMULT:1,[!PRECLASS:1,Classless,Point Buy],[PREFEAT:1,Advanced Canonry]
Dimension Door.MOD		CLASSES:Wizardry,Sorcery=4									PREMULT:1,[!PRECLASS:1,Classless,Point Buy],[PREFEAT:1,Basic Wizardry,Basic Sorcery]
Dimensional Anchor.MOD		CLASSES:Canonry=4|Wizardry,Sorcery=4								PREMULT:1,[!PRECLASS:1,Classless,Point Buy],[PREFEAT:1,Advanced Wizardry,Advanced Sorcery,Advanced Canonry]
Dimensional Lock.MOD		CLASSES:Canonry=8|Wizardry,Sorcery=8								PREMULT:1,[!PRECLASS:1,Classless,Point Buy],[PREFEAT:1,Advanced Wizardry,Advanced Sorcery,Advanced Canonry]
Diminish Plants.MOD		CLASSES:Wicca ~ Advanced,Wicca=3							PREMULT:1,[!PRECLASS:1,Classless,Point Buy],[PREFEAT:1,Basic Wicca]
Discern Lies.MOD			CLASSES:Canonry ~ Basics=3|Canonry=4						PREMULT:1,[!PRECLASS:1,Classless,Point Buy],[PREFEAT:1,Basic Canonry]
Discern Location.MOD		CLASSES:Canonry=8|Wizardry,Sorcery=8								PREMULT:1,[!PRECLASS:1,Classless,Point Buy],[PREFEAT:1,Advanced Wizardry,Advanced Sorcery,Advanced Canonry]
Disguise Self.MOD			CLASSES:Wizardry,Sorcery=1									PREMULT:1,[!PRECLASS:1,Classless,Point Buy],[PREFEAT:1,Basic Wizardry,Basic Sorcery]
Disintegrate.MOD			CLASSES:Wizardry,Sorcery=6									PREMULT:1,[!PRECLASS:1,Classless,Point Buy],[PREFEAT:1,Advanced Wizardry,Advanced Sorcery]
Dismissal.MOD			CLASSES:Canonry=4|Wizardry,Sorcery=5								PREMULT:1,[!PRECLASS:1,Classless,Point Buy],[PREFEAT:1,Advanced Wizardry,Advanced Sorcery,Advanced Canonry]
Dispel Chaos.MOD			CLASSES:Canonry=5|Canonry ~ Basics=4						PREMULT:1,[!PRECLASS:1,Classless,Point Buy],[PREFEAT:1,Basic Canonry]
Dispel Evil.MOD			CLASSES:Canonry=5|Canonry ~ Basics=4						PREMULT:1,[!PRECLASS:1,Classless,Point Buy],[PREFEAT:1,Basic Canonry]
Dispel Good.MOD			CLASSES:Canonry=5										PREMULT:1,[!PRECLASS:1,Classless,Point Buy],[PREFEAT:1,Advanced Canonry]
Dispel Law.MOD			CLASSES:Canonry=5										PREMULT:1,[!PRECLASS:1,Classless,Point Buy],[PREFEAT:1,Advanced Canonry]
Dispel Magic.MOD			CLASSES:Canonry,Canonry ~ Basics=3|Wizardry,Sorcery=3|Wicca ~ Advanced=4		PREMULT:1,[!PRECLASS:1,Classless,Point Buy],[PREFEAT:1,Basic Wizardry,Basic Sorcery,Advanced Wicca,Basic Canonry]
Dispel Magic (Greater).MOD	CLASSES:Wizardry,Sorcery=5|Canonry,Wicca ~ Advanced=6|Wizardry ~ Basic=6			PREMULT:1,[!PRECLASS:1,Classless,Point Buy],[PREFEAT:1,Basic Wizardry,Basic Sorcery,Advanced Canonry,Advanced Wicca]
Displacement.MOD			CLASSES:Wizardry,Sorcery=3|Wizardry ~ Basic=3								PREMULT:1,[!PRECLASS:1,Classless,Point Buy],[PREFEAT:1,Basic Wizardry,Basic Sorcery]
Disrupt Undead.MOD		CLASSES:Wizardry,Sorcery=0									PREMULT:1,[!PRECLASS:1,Classless,Point Buy],[PREFEAT:1,Advanced Wizardry,Advanced Sorcery]
Disrupting Weapon.MOD		CLASSES:Canonry=5										PREMULT:1,[!PRECLASS:1,Classless,Point Buy],[PREFEAT:1,Advanced Canonry]
Divination.MOD			CLASSES:Canonry=4										PREMULT:1,[!PRECLASS:1,Classless,Point Buy],[PREFEAT:1,Advanced Canonry]
Divine Favor.MOD			CLASSES:Canonry,Canonry ~ Basics=1							PREMULT:1,[!PRECLASS:1,Classless,Point Buy],[PREFEAT:1,Basic Canonry]
Divine Power.MOD			CLASSES:Canonry=4										PREMULT:1,[!PRECLASS:1,Classless,Point Buy],[PREFEAT:1,Advanced Canonry]
Dominate Animal.MOD		CLASSES:Wicca ~ Advanced=3								PREMULT:1,[!PRECLASS:1,Classless,Point Buy],[PREFEAT:1,Advanced Wicca]
Dominate Monster.MOD		CLASSES:Wizardry,Sorcery=9									PREMULT:1,[!PRECLASS:1,Classless,Point Buy],[PREFEAT:1,Advanced Wizardry,Advanced Sorcery]
Dominate Person.MOD		CLASSES:Wizardry,Sorcery=4|Wizardry ~ Basic=5								PREMULT:1,[!PRECLASS:1,Classless,Point Buy],[PREFEAT:1,Advanced Wizardry,Advanced Sorcery]
Doom.MOD				CLASSES:Canonry=1										PREMULT:1,[!PRECLASS:1,Classless,Point Buy],[PREFEAT:1,Advanced Canonry]
Drawmij's Instant Summons.MOD	CLASSES:Wizardry,Sorcery=7									PREMULT:1,[!PRECLASS:1,Classless,Point Buy],[PREFEAT:1,Advanced Wizardry,Advanced Sorcery]
Dream.MOD				CLASSES:Wizardry,Sorcery=5|Wizardry ~ Basic=5								PREMULT:1,[!PRECLASS:1,Classless,Point Buy],[PREFEAT:1,Advanced Wizardry,Advanced Sorcery]
Eagle's Splendor.MOD		CLASSES:Wizardry ~ Basic,Canonry,Canonry ~ Basics=2|Wizardry,Sorcery=2			PREMULT:1,[!PRECLASS:1,Classless,Point Buy],[PREFEAT:1,Advanced Wizardry,Advanced Sorcery,Basic Canonry]
Eagle's Splendor (Mass).MOD	CLASSES:Wizardry,Canonry=6|Wizardry,Sorcery=6						PREMULT:1,[!PRECLASS:1,Classless,Point Buy],[PREFEAT:1,Advanced Wizardry,Advanced Sorcery,Advanced Canonry]
Earthquake.MOD			CLASSES:Canonry,Wicca ~ Advanced=8							PREMULT:1,[!PRECLASS:1,Classless,Point Buy],[PREFEAT:1,Advanced Canonry,Advanced Wicca]
Elemental Swarm.MOD		CLASSES:Wicca ~ Advanced=9								PREMULT:1,[!PRECLASS:1,Classless,Point Buy],[PREFEAT:1,Advanced Wicca]
Endure Elements.MOD		CLASSES:Canonry,Wicca ~ Advanced,Canonry ~ Basics,Wicca=1|Wizardry,Sorcery=1	PREMULT:1,[!PRECLASS:1,Classless,Point Buy],[PREFEAT:1,Advanced Wizardry,Advanced Sorcery,Basic Wicca,Basic Canonry]
Energy Drain.MOD			CLASSES:Canonry=9|Wizardry,Sorcery=9								PREMULT:1,[!PRECLASS:1,Classless,Point Buy],[PREFEAT:1,Advanced Wizardry,Advanced Sorcery,Advanced Canonry]
Enervation.MOD			CLASSES:Wizardry,Sorcery=4									PREMULT:1,[!PRECLASS:1,Classless,Point Buy],[PREFEAT:1,Advanced Wizardry,Advanced Sorcery]
Enlarge Person.MOD		CLASSES:Wizardry,Sorcery=1									PREMULT:1,[!PRECLASS:1,Classless,Point Buy],[PREFEAT:1,Advanced Wizardry,Advanced Sorcery]
Enlarge Person (Mass).MOD	CLASSES:Wizardry,Sorcery=4									PREMULT:1,[!PRECLASS:1,Classless,Point Buy],[PREFEAT:1,Advanced Wizardry,Advanced Sorcery]
Entangle.MOD			CLASSES:Wicca ~ Advanced,Wicca=1							PREMULT:1,[!PRECLASS:1,Classless,Point Buy],[PREFEAT:1,Basic Wicca]
Enthrall.MOD			CLASSES:Wizardry,Sorcery,Canonry=2								PREMULT:1,[!PRECLASS:1,Classless,Point Buy],[PREFEAT:1,Basic Wizardry,Basic Sorcery,Advanced Canonry]
Entropic Shield.MOD		CLASSES:Canonry=1										PREMULT:1,[!PRECLASS:1,Classless,Point Buy],[PREFEAT:1,Advanced Canonry]
Erase.MOD				CLASSES:Wizardry,Sorcery=1									PREMULT:1,[!PRECLASS:1,Classless,Point Buy],[PREFEAT:1,Basic Wizardry,Basic Sorcery]
Ethereal Jaunt.MOD		CLASSES:Canonry=7|Wizardry,Sorcery=7								PREMULT:1,[!PRECLASS:1,Classless,Point Buy],[PREFEAT:1,Advanced Wizardry,Advanced Sorcery,Advanced Canonry]
Etherealness.MOD			CLASSES:Canonry=9|Wizardry,Sorcery=9								PREMULT:1,[!PRECLASS:1,Classless,Point Buy],[PREFEAT:1,Advanced Wizardry,Advanced Sorcery,Advanced Canonry]
Evard's Black Tentacles.MOD	CLASSES:Wizardry,Sorcery=4									PREMULT:1,[!PRECLASS:1,Classless,Point Buy],[PREFEAT:1,Advanced Wizardry,Advanced Sorcery]
Expeditious Retreat.MOD		CLASSES:Wizardry,Sorcery=1									PREMULT:1,[!PRECLASS:1,Classless,Point Buy],[PREFEAT:1,Basic Wizardry,Basic Sorcery]
Explosive Runes.MOD		CLASSES:Wizardry,Sorcery=3									PREMULT:1,[!PRECLASS:1,Classless,Point Buy],[PREFEAT:1,Advanced Wizardry,Advanced Sorcery]
Eyebite.MOD				CLASSES:Wizardry,Sorcery=6									PREMULT:1,[!PRECLASS:1,Classless,Point Buy],[PREFEAT:1,Basic Wizardry,Basic Sorcery]


# CVS $Revision: $ $Author: $ -- Wed May 13 09:58:28 2009 -- reformated by prettylst.pl v1.38 (build 7302)
SOURCELONG:classless	SOURCESHORT:cles
#Original Entry: Andrew Maitland

###Block: FG

# Spell Name					Classes of caster							Components	Multiple Requirements
Fabricate.MOD					CLASSES:Wizardry,Sorcery=5								PREMULT:1,[!PRECLASS:1,Classless,Point Buy],[PREFEAT:1,Advanced Wizardry,Advanced Sorcery]
Faerie Fire.MOD					CLASSES:Wicca ~ Advanced=1							PREMULT:1,[!PRECLASS:1,Classless,Point Buy],[PREFEAT:1,Advanced Wicca]
False Life.MOD					CLASSES:Wizardry,Sorcery=2								PREMULT:1,[!PRECLASS:1,Classless,Point Buy],[PREFEAT:1,Advanced Wizardry,Advanced Sorcery]
False Vision.MOD					CLASSES:Wizardry,Sorcery=5|Wizardry,Sorcery=5							PREMULT:1,[!PRECLASS:1,Classless,Point Buy],[PREFEAT:1,Basic Wizardry,Basic Sorcery]
Fear.MOD						CLASSES:Wizardry,Sorcery=3|Wizardry ~ Basic=4							PREMULT:1,[!PRECLASS:1,Classless,Point Buy],[PREFEAT:1,Basic Wizardry,Basic Sorcery]
Feather Fall.MOD					CLASSES:Wizardry,Sorcerer,Wizardry ~ Basic=1					PREMULT:1,[!PRECLASS:1,Classless,Point Buy],[PREFEAT:1,Basic Wizardry,Basic Sorcery]
Feeblemind.MOD					CLASSES:Wizardry,Sorcery=5								PREMULT:1,[!PRECLASS:1,Classless,Point Buy],[PREFEAT:1,Advanced Wizardry,Advanced Sorcery]
Find the Path.MOD					CLASSES:Wizardry,Canonry,Wicca ~ Advanced=6				PREMULT:1,[!PRECLASS:1,Classless,Point Buy],[PREFEAT:1,Basic Wizardry,Basic Sorcery,Advanced Canonry,Advanced Wicca]
Find Traps.MOD					CLASSES:Canonry=2									PREMULT:1,[!PRECLASS:1,Classless,Point Buy],[PREFEAT:1,Advanced Canonry]
Finger of Death.MOD				CLASSES:Wizardry,Sorcery=7|Wicca ~ Advanced=8					PREMULT:1,[!PRECLASS:1,Classless,Point Buy],[PREFEAT:1,Advanced Wizardry,Advanced Sorcery,Advanced Wicca]
Fire Seeds.MOD					CLASSES:Wicca ~ Advanced=6							PREMULT:1,[!PRECLASS:1,Classless,Point Buy],[PREFEAT:1,Advanced Wicca]
Fire Shield.MOD					CLASSES:Wizardry,Sorcery=4								PREMULT:1,[!PRECLASS:1,Classless,Point Buy],[PREFEAT:1,Advanced Wizardry,Advanced Sorcery]
Fire Storm.MOD					CLASSES:Canonry=8|Wicca ~ Advanced=7					PREMULT:1,[!PRECLASS:1,Classless,Point Buy],[PREFEAT:1,Advanced Wicca]
Fire Trap.MOD					CLASSES:Wicca ~ Advanced=2|Wizardry,Sorcery=4					PREMULT:1,[!PRECLASS:1,Classless,Point Buy],[PREFEAT:1,Advanced Wizardry,Advanced Sorcery,Advanced Wicca]
Fireball.MOD					CLASSES:Wizardry,Sorcery=3								PREMULT:1,[!PRECLASS:1,Classless,Point Buy],[PREFEAT:1,Advanced Wizardry,Advanced Sorcery]
Flame Arrow.MOD					CLASSES:Wizardry,Sorcery=3								PREMULT:1,[!PRECLASS:1,Classless,Point Buy],[PREFEAT:1,Advanced Wizardry,Advanced Sorcery]
Flame Blade.MOD					CLASSES:Wicca ~ Advanced=2							PREMULT:1,[!PRECLASS:1,Classless,Point Buy],[PREFEAT:1,Advanced Wicca]
Flame Strike.MOD					CLASSES:Wicca ~ Advanced=4|Canonry=5					PREMULT:1,[!PRECLASS:1,Classless,Point Buy],[PREFEAT:1,Advanced Canonry,Advanced Wicca]
Flaming Sphere.MOD				CLASSES:Wicca ~ Advanced=2|Wizardry,Sorcery=2					PREMULT:1,[!PRECLASS:1,Classless,Point Buy],[PREFEAT:1,Advanced Wizardry,Advanced Sorcery,Advanced Wicca]
Flare.MOD						CLASSES:Wizardry,Wicca ~ Advanced=0|Wizardry,Sorcery=0				PREMULT:1,[!PRECLASS:1,Classless,Point Buy],[PREFEAT:1,Basic Wizardry,Basic Sorcery,Advanced Wicca]
Flesh to Stone.MOD				CLASSES:Wizardry,Sorcery=6								PREMULT:1,[!PRECLASS:1,Classless,Point Buy],[PREFEAT:1,Advanced Wizardry,Advanced Sorcery]
Fly.MOD						CLASSES:Wizardry,Sorcery=3								PREMULT:1,[!PRECLASS:1,Classless,Point Buy],[PREFEAT:1,Advanced Wizardry,Advanced Sorcery]
Fog Cloud.MOD					CLASSES:Wicca ~ Advanced=2|Wizardry,Sorcery=2					PREMULT:1,[!PRECLASS:1,Classless,Point Buy],[PREFEAT:1,Advanced Wizardry,Advanced Sorcery,Advanced Wicca]
Forbiddance.MOD					CLASSES:Canonry=6									PREMULT:1,[!PRECLASS:1,Classless,Point Buy],[PREFEAT:1,Advanced Canonry]
Forcecage.MOD					CLASSES:Wizardry,Sorcery=7								PREMULT:1,[!PRECLASS:1,Classless,Point Buy],[PREFEAT:1,Advanced Wizardry,Advanced Sorcery]
Foresight.MOD					CLASSES:Wicca ~ Advanced=9|Wizardry,Sorcery=9					PREMULT:1,[!PRECLASS:1,Classless,Point Buy],[PREFEAT:1,Advanced Wizardry,Advanced Sorcery,Advanced Wicca]
Fox's Cunning.MOD					CLASSES:Wizardry ~ Basic=2|Wizardry,Sorcery=2							PREMULT:1,[!PRECLASS:1,Classless,Point Buy],[PREFEAT:1,Basic Wizardry,Basic Sorcery]
Fox's Cunning (Mass).MOD			CLASSES:Wizardry ~ Basic=6|Wizardry,Sorcery=6							PREMULT:1,[!PRECLASS:1,Classless,Point Buy],[PREFEAT:1,Basic Wizardry,Basic Sorcery]
Freedom.MOD						CLASSES:Wizardry,Sorcery=9								PREMULT:1,[!PRECLASS:1,Classless,Point Buy],[PREFEAT:1,Advanced Wizardry,Advanced Sorcery]
Freedom of Movement.MOD				CLASSES:Wizardry,Sorcery,Canonry,Wicca ~ Advanced,Wicca=4			PREMULT:1,[!PRECLASS:1,Classless,Point Buy],[PREFEAT:1,Basic Wizardry,Basic Sorcery,Advanced Canonry,Advanced Wicca]
Gaseous Form.MOD					CLASSES:Wizardry,Sorcery=3|Wizardry ~ Basic=3					COMPS:S, M
Gate.MOD						CLASSES:Canonry=9|Wizardry,Sorcery=9							PREMULT:1,[!PRECLASS:1,Classless,Point Buy],[PREFEAT:1,Advanced Wizardry,Advanced Sorcery,Advanced Canonry]
Geas (Lesser).MOD					CLASSES:Wizardry,Sorcery=3|Wizardry ~ Basic=4							PREMULT:1,[!PRECLASS:1,Classless,Point Buy],[PREFEAT:1,Basic Wizardry,Basic Sorcery]
Geas/Quest.MOD					CLASSES:Wizardry ~ Basic,Canonry=6|Wizardry,Sorcery=6					PREMULT:1,[!PRECLASS:1,Classless,Point Buy],[PREFEAT:1,Basic Wizardry,Basic Sorcery,Advanced Canonry]
Gentle Repose.MOD					CLASSES:Canonry=2|Wizardry,Sorcery=3							PREMULT:1,[!PRECLASS:1,Classless,Point Buy],[PREFEAT:1,Advanced Wizardry,Advanced Sorcery,Advanced Canonry]
Ghost Sound.MOD					CLASSES:Wizardry ~ Basic,Sorcerer,Wizardry,Sorcery=0					PREMULT:1,[!PRECLASS:1,Classless,Point Buy],[PREFEAT:1,Basic Wizardry,Basic Sorcery]
Ghoul Touch.MOD					CLASSES:Wizardry,Sorcery=2								PREMULT:1,[!PRECLASS:1,Classless,Point Buy],[PREFEAT:1,Advanced Wizardry,Advanced Sorcery]
Giant Vermin.MOD					CLASSES:Canonry,Wicca ~ Advanced=4						PREMULT:1,[!PRECLASS:1,Classless,Point Buy],[PREFEAT:1,Advanced Canonry,Advanced Wicca]
Glibness.MOD					CLASSES:Wizardry,Sorcery=3						COMPS:S
Glitterdust.MOD					CLASSES:Wizardry,Sorcery=2|Wizardry ~ Basic=2							PREMULT:1,[!PRECLASS:1,Classless,Point Buy],[PREFEAT:1,Basic Wizardry,Basic Sorcery]
Globe of Invulnerability.MOD			CLASSES:Wizardry,Sorcery=6								PREMULT:1,[!PRECLASS:1,Classless,Point Buy],[PREFEAT:1,Advanced Wizardry,Advanced Sorcery]
Globe of Invulnerability (Lesser).MOD	CLASSES:Wizardry,Sorcery=4								PREMULT:1,[!PRECLASS:1,Classless,Point Buy],[PREFEAT:1,Advanced Wizardry,Advanced Sorcery]
Glyph of Warding.MOD				CLASSES:Canonry=3									PREMULT:1,[!PRECLASS:1,Classless,Point Buy],[PREFEAT:1,Advanced Canonry]
Glyph of Warding (Greater).MOD		CLASSES:Canonry=6									PREMULT:1,[!PRECLASS:1,Classless,Point Buy],[PREFEAT:1,Advanced Canonry]
Good Hope.MOD					CLASSES:Wizardry,Sorcery=3								PREMULT:1,[!PRECLASS:1,Classless,Point Buy],[PREFEAT:1,Basic Wizardry,Basic Sorcery]
Goodberry.MOD					CLASSES:Wicca ~ Advanced=1							PREMULT:1,[!PRECLASS:1,Classless,Point Buy],[PREFEAT:1,Advanced Wicca]
Grease.MOD						CLASSES:Wizardry,Sorcery=1|Wizardry ~ Basic=1							PREMULT:1,[!PRECLASS:1,Classless,Point Buy],[PREFEAT:1,Basic Wizardry,Basic Sorcery]
Guards and Wards.MOD				CLASSES:Wizardry,Sorcery=6								PREMULT:1,[!PRECLASS:1,Classless,Point Buy],[PREFEAT:1,Advanced Wizardry,Advanced Sorcery]
Guidance.MOD					CLASSES:Canonry,Wicca ~ Advanced=0						PREMULT:1,[!PRECLASS:1,Classless,Point Buy],[PREFEAT:1,Advanced Canonry,Advanced Wicca]
Gust of Wind.MOD					CLASSES:Wicca ~ Advanced=2|Wizardry,Sorcery=2					PREMULT:1,[!PRECLASS:1,Classless,Point Buy],[PREFEAT:1,Advanced Wizardry,Advanced Sorcery,Advanced Wicca]

###Block: HI

# Spell Name				Classes of caster					Components	Multiple Requirements											Description						Source Page
Hallow.MOD					CLASSES:Canonry,Wicca ~ Advanced=5				PREMULT:1,[!PRECLASS:1,Classless,Point Buy],[PREFEAT:1,Advanced Canonry,Advanced Wicca]
Hallucinatory Terrain.MOD		CLASSES:Wizardry,Sorcery=4|Wizardry ~ Basic=4					PREMULT:1,[!PRECLASS:1,Classless,Point Buy],[PREFEAT:1,Basic Wizardry,Basic Sorcery]
Halt Undead.MOD				CLASSES:Wizardry,Sorcery=3						PREMULT:1,[!PRECLASS:1,Classless,Point Buy],[PREFEAT:1,Advanced Wizardry,Advanced Sorcery]
Harm.MOD					CLASSES:Canonry=6							PREMULT:1,[!PRECLASS:1,Classless,Point Buy],[PREFEAT:1,Advanced Canonry]
Haste.MOD					CLASSES:Wizardry,Sorcery=3|Wizardry ~ Basic=3					PREMULT:1,[!PRECLASS:1,Classless,Point Buy],[PREFEAT:1,Basic Wizardry,Basic Sorcery]
Heal.MOD					CLASSES:Canonry=6|Wicca ~ Advanced=7			PREMULT:1,[!PRECLASS:1,Classless,Point Buy],[PREFEAT:1,Advanced Canonry,Advanced Wicca]
Heal (Mass).MOD				CLASSES:Canonry=9							PREMULT:1,[!PRECLASS:1,Classless,Point Buy],[PREFEAT:1,Advanced Canonry]
Heal Mount.MOD				CLASSES:Canonry ~ Basics=3					PREMULT:1,[!PRECLASS:1,Classless,Point Buy],[PREFEAT:1,Basic Canonry]
Heat Metal.MOD				CLASSES:Wicca ~ Advanced=2					PREMULT:1,[!PRECLASS:1,Classless,Point Buy],[PREFEAT:1,Advanced Wicca]
Helping Hand.MOD				CLASSES:Canonry=3							PREMULT:1,[!PRECLASS:1,Classless,Point Buy],[PREFEAT:1,Advanced Canonry]
Heroes' Feast.MOD				CLASSES:Wizardry,Canonry=6					PREMULT:1,[!PRECLASS:1,Classless,Point Buy],[PREFEAT:1,Basic Wizardry,Basic Sorcery,Advanced Canonry]
Heroism.MOD					CLASSES:Wizardry,Sorcery=2|Wizardry ~ Basic=3					PREMULT:1,[!PRECLASS:1,Classless,Point Buy],[PREFEAT:1,Basic Wizardry,Basic Sorcery]
Heroism (Greater).MOD			CLASSES:Wizardry,Sorcery=5|Wizardry ~ Basic=6					PREMULT:1,[!PRECLASS:1,Classless,Point Buy],[PREFEAT:1,Basic Wizardry,Basic Sorcery]
Hide from Animals.MOD			CLASSES:Wicca ~ Advanced,Wicca=1		
Hide from Undead.MOD			CLASSES:Canonry=1							PREMULT:1,[!PRECLASS:1,Classless,Point Buy],[PREFEAT:1,Advanced Canonry]
Hold Animal.MOD				CLASSES:Wicca ~ Advanced,Wicca=2				PREMULT:1,[!PRECLASS:1,Classless,Point Buy],[PREFEAT:1,Basic Wicca]
Hold Monster.MOD				CLASSES:Wizardry,Sorcery=4|Wizardry,Sorcery=5					PREMULT:1,[!PRECLASS:1,Classless,Point Buy],[PREFEAT:1,Basic Wizardry,Basic Sorcery]
Hold Monster (Mass).MOD			CLASSES:Wizardry,Sorcery=9						PREMULT:1,[!PRECLASS:1,Classless,Point Buy],[PREFEAT:1,Advanced Wizardry,Advanced Sorcery]
Hold Person.MOD				CLASSES:Wizardry,Sorcery,Canonry=2|Wizardry,Sorcery=3			PREMULT:1,[!PRECLASS:1,Classless,Point Buy],[PREFEAT:1,Basic Wizardry,Basic Sorcery,Advanced Canonry]
Hold Person (Mass).MOD			CLASSES:Wizardry,Sorcery=7						PREMULT:1,[!PRECLASS:1,Classless,Point Buy],[PREFEAT:1,Advanced Wizardry,Advanced Sorcery]
Hold Portal.MOD				CLASSES:Wizardry,Sorcery=1						PREMULT:1,[!PRECLASS:1,Classless,Point Buy],[PREFEAT:1,Advanced Wizardry,Advanced Sorcery]
Holy Aura.MOD				CLASSES:Canonry=8							PREMULT:1,[!PRECLASS:1,Classless,Point Buy],[PREFEAT:1,Advanced Canonry]
Holy Sword.MOD				CLASSES:Canonry ~ Basics=4					PREMULT:1,[!PRECLASS:1,Classless,Point Buy],[PREFEAT:1,Basic Canonry]
Holy Word.MOD				CLASSES:Canonry=7							PREMULT:1,[!PRECLASS:1,Classless,Point Buy],[PREFEAT:1,Advanced Canonry]
Horrid Wilting.MOD			CLASSES:Wizardry,Sorcery=8						PREMULT:1,[!PRECLASS:1,Classless,Point Buy],[PREFEAT:1,Advanced Wizardry,Advanced Sorcery]
Hypnotic Pattern.MOD			CLASSES:Wizardry,Sorcery=2|Wizardry ~ Basic=2					PREMULT:1,[!PRECLASS:1,Classless,Point Buy],[PREFEAT:1,Basic Wizardry,Basic Sorcery]
Hypnotism.MOD				CLASSES:Wizardry ~ Basic=1|Wizardry,Sorcery=1					PREMULT:1,[!PRECLASS:1,Classless,Point Buy],[PREFEAT:1,Basic Wizardry,Basic Sorcery]
Ice Storm.MOD				CLASSES:Wicca ~ Advanced=4|Wizardry,Sorcery=4			PREMULT:1,[!PRECLASS:1,Classless,Point Buy],[PREFEAT:1,Advanced Wizardry,Advanced Sorcery,Advanced Wicca]
Identify.MOD				CLASSES:Wizardry,Sorcery=1|Wizardry ~ Basic=1					PREMULT:1,[!PRECLASS:1,Classless,Point Buy],[PREFEAT:1,Basic Wizardry,Basic Sorcery]
Illusory Script.MOD			CLASSES:Wizardry,Sorcery=3|Wizardry ~ Basic=3					PREMULT:1,[!PRECLASS:1,Classless,Point Buy],[PREFEAT:1,Basic Wizardry,Basic Sorcery]
Illusory Wall.MOD				CLASSES:Wizardry,Sorcery=4						PREMULT:1,[!PRECLASS:1,Classless,Point Buy],[PREFEAT:1,Advanced Wizardry,Advanced Sorcery]
Imbue with Spell Ability.MOD		CLASSES:Canonry=4							PREMULT:1,[!PRECLASS:1,Classless,Point Buy],[PREFEAT:1,Advanced Canonry]
Implosion.MOD				CLASSES:Canonry=9							PREMULT:1,[!PRECLASS:1,Classless,Point Buy],[PREFEAT:1,Advanced Canonry]
Imprisonment.MOD				CLASSES:Wizardry,Sorcery=9						PREMULT:1,[!PRECLASS:1,Classless,Point Buy],[PREFEAT:1,Advanced Wizardry,Advanced Sorcery]
Incendiary Cloud.MOD			CLASSES:Wizardry,Sorcery=8						PREMULT:1,[!PRECLASS:1,Classless,Point Buy],[PREFEAT:1,Advanced Wizardry,Advanced Sorcery]
Inflict Critical Wounds.MOD		CLASSES:Canonry=4							PREMULT:1,[!PRECLASS:1,Classless,Point Buy],[PREFEAT:1,Advanced Canonry]
Inflict Critical Wounds (Mass).MOD	CLASSES:Canonry=8							PREMULT:1,[!PRECLASS:1,Classless,Point Buy],[PREFEAT:1,Advanced Canonry]
Inflict Light Wounds.MOD		CLASSES:Canonry=1							PREMULT:1,[!PRECLASS:1,Classless,Point Buy],[PREFEAT:1,Advanced Canonry]
Inflict Light Wounds (Mass).MOD	CLASSES:Canonry=5							PREMULT:1,[!PRECLASS:1,Classless,Point Buy],[PREFEAT:1,Advanced Canonry]
Inflict Minor Wounds.MOD		CLASSES:Canonry=0							PREMULT:1,[!PRECLASS:1,Classless,Point Buy],[PREFEAT:1,Advanced Canonry]
Inflict Moderate Wounds.MOD		CLASSES:Canonry=2							PREMULT:1,[!PRECLASS:1,Classless,Point Buy],[PREFEAT:1,Advanced Canonry]
Inflict Moderate Wounds (Mass).MOD	CLASSES:Canonry=6							PREMULT:1,[!PRECLASS:1,Classless,Point Buy],[PREFEAT:1,Advanced Canonry]
Inflict Serious Wounds.MOD		CLASSES:Canonry=3							PREMULT:1,[!PRECLASS:1,Classless,Point Buy],[PREFEAT:1,Advanced Canonry]
Inflict Serious Wounds (Mass).MOD	CLASSES:Canonry=7							PREMULT:1,[!PRECLASS:1,Classless,Point Buy],[PREFEAT:1,Advanced Canonry]
Insanity.MOD				CLASSES:Wizardry,Sorcery=7						PREMULT:1,[!PRECLASS:1,Classless,Point Buy],[PREFEAT:1,Advanced Wizardry,Advanced Sorcery]
Insect Plague.MOD				CLASSES:Canonry,Wicca ~ Advanced=5				PREMULT:1,[!PRECLASS:1,Classless,Point Buy],[PREFEAT:1,Advanced Canonry,Advanced Wicca]
Invisibility.MOD				CLASSES:Wizardry,Sorcery=2|Wizardry ~ Basic=2					PREMULT:1,[!PRECLASS:1,Classless,Point Buy],[PREFEAT:1,Basic Wizardry,Basic Sorcery]
Invisibility (Greater).MOD		CLASSES:Wizardry,Sorcery=4|Wizardry ~ Basic=4					PREMULT:1,[!PRECLASS:1,Classless,Point Buy],[PREFEAT:1,Basic Wizardry,Basic Sorcery]
Invisibility (Mass).MOD			CLASSES:Wizardry,Sorcery=7						PREMULT:1,[!PRECLASS:1,Classless,Point Buy],[PREFEAT:1,Advanced Wizardry,Advanced Sorcery]
Invisibility Purge.MOD			CLASSES:Canonry=3							PREMULT:1,[!PRECLASS:1,Classless,Point Buy],[PREFEAT:1,Advanced Canonry]
Invisibility Sphere.MOD			CLASSES:Wizardry,Sorcery=3|Wizardry ~ Basic=3					PREMULT:1,[!PRECLASS:1,Classless,Point Buy],[PREFEAT:1,Basic Wizardry,Basic Sorcery]
Iron Body.MOD				CLASSES:Wizardry,Sorcery=8						PREMULT:1,[!PRECLASS:1,Classless,Point Buy],[PREFEAT:1,Advanced Wizardry,Advanced Sorcery]
Ironwood.MOD				CLASSES:Wicca ~ Advanced=6					PREMULT:1,[!PRECLASS:1,Classless,Point Buy],[PREFEAT:1,Advanced Wicca]

###Block: JKL

# Spell Name			Classes of caster								Multiple Requirements
Jump.MOD				CLASSES:Wicca ~ Advanced,Wicca=1|Wizardry,Sorcery=1			PREMULT:1,[!PRECLASS:1,Classless,Point Buy],[PREFEAT:1,Advanced Wizardry,Advanced Sorcery,Basic Wicca]
Keen Edge.MOD			CLASSES:Wizardry,Sorcery=3							PREMULT:1,[!PRECLASS:1,Classless,Point Buy],[PREFEAT:1,Advanced Wizardry,Advanced Sorcery]
Knock.MOD				CLASSES:Wizardry,Sorcery=2							PREMULT:1,[!PRECLASS:1,Classless,Point Buy],[PREFEAT:1,Advanced Wizardry,Advanced Sorcery]
Know Direction.MOD		CLASSES:Wizardry,Sorcery,Wicca ~ Advanced=0					PREMULT:1,[!PRECLASS:1,Classless,Point Buy],[PREFEAT:1,Basic Wizardry,Basic Sorcery,Advanced Wicca]
Legend Lore.MOD			CLASSES:Wizardry,Sorcery=4|Wizardry,Sorcery=6						PREMULT:1,[!PRECLASS:1,Classless,Point Buy],[PREFEAT:1,Basic Wizardry,Basic Sorcery]
Leomund's Secure Shelter.MOD	CLASSES:Wizardry,Sorcery=4|Wizardry ~ Basic=4						PREMULT:1,[!PRECLASS:1,Classless,Point Buy],[PREFEAT:1,Advanced Wizardry,Advanced Sorcery]
Leomund's Secret Chest.MOD	CLASSES:Wizardry,Sorcery=5							PREMULT:1,[!PRECLASS:1,Classless,Point Buy],[PREFEAT:1,Advanced Wizardry,Advanced Sorcery]
Leomund's Tiny Hut.MOD		CLASSES:Wizardry,Sorcery=3|Wizardry ~ Basic=3						PREMULT:1,[!PRECLASS:1,Classless,Point Buy],[PREFEAT:1,Basic Wizardry,Basic Sorcery]
Leomund's Trap.MOD		CLASSES:Wizardry,Sorcery=2							PREMULT:1,[!PRECLASS:1,Classless,Point Buy],[PREFEAT:1,Advanced Wizardry,Advanced Sorcery]
Levitate.MOD			CLASSES:Wizardry,Sorcery=2							PREMULT:1,[!PRECLASS:1,Classless,Point Buy],[PREFEAT:1,Advanced Wizardry,Advanced Sorcery]
Light.MOD				CLASSES:Wizardry,Sorcery,Canonry,Wicca ~ Advanced=0|Wizardry,Sorcery=0	PREMULT:1,[!PRECLASS:1,Classless,Point Buy],[PREFEAT:1,Basic Wizardry,Basic Sorcery,Advanced Canonry,Advanced Wicca]
Lightning Bolt.MOD		CLASSES:Wizardry,Sorcery=3							PREMULT:1,[!PRECLASS:1,Classless,Point Buy],[PREFEAT:1,Advanced Wizardry,Advanced Sorcery]
Limited Wish.MOD			CLASSES:Wizardry,Sorcery=7							PREMULT:1,[!PRECLASS:1,Classless,Point Buy],[PREFEAT:1,Advanced Wizardry,Advanced Sorcery]
Liveoak.MOD				CLASSES:Wicca ~ Advanced=6						PREMULT:1,[!PRECLASS:1,Classless,Point Buy],[PREFEAT:1,Advanced Wicca]
Locate Creature.MOD		CLASSES:Wizardry,Sorcery=4|Wizardry ~ Basic=4						PREMULT:1,[!PRECLASS:1,Classless,Point Buy],[PREFEAT:1,Basic Wizardry,Basic Sorcery]
Locate Object.MOD			CLASSES:Wizardry,Sorcery=2|Wizardry ~ Basic=2|Canonry=3				PREMULT:1,[!PRECLASS:1,Classless,Point Buy],[PREFEAT:1,Basic Wizardry,Basic Sorcery,Advanced Canonry]
Longstrider.MOD			CLASSES:Wicca ~ Advanced,Wicca=1					PREMULT:1,[!PRECLASS:1,Classless,Point Buy],[PREFEAT:1,Basic Wicca]
Lullaby.MOD				CLASSES:Wizardry,Sorcery=0							PREMULT:1,[!PRECLASS:1,Classless,Point Buy],[PREFEAT:1,Basic Wizardry,Basic Sorcery]

###Block: M

# Spell Name					Classes of caster								Components	Multiple Requirements
Mage Armor.MOD					CLASSES:Wizardry,Sorcery=1									PREMULT:1,[!PRECLASS:1,Classless,Point Buy],[PREFEAT:1,Advanced Wizardry,Advanced Sorcery]
Mage Hand.MOD					CLASSES:Wizardry,Sorcery=0|Wizardry ~ Basic=0								PREMULT:1,[!PRECLASS:1,Classless,Point Buy],[PREFEAT:1,Basic Wizardry,Basic Sorcery]
Magic Circle against Chaos.MOD		CLASSES:Canonry,Canonry ~ Basics=3|Wizardry,Sorcery=3					PREMULT:1,[!PRECLASS:1,Classless,Point Buy],[PREFEAT:1,Advanced Wizardry,Advanced Sorcery,Basic Canonry]
Magic Circle against Evil.MOD			CLASSES:Canonry,Canonry ~ Basics=3|Wizardry,Sorcery=3					PREMULT:1,[!PRECLASS:1,Classless,Point Buy],[PREFEAT:1,Advanced Wizardry,Advanced Sorcery,Basic Canonry]
Magic Circle against Good.MOD			CLASSES:Canonry,Sorcerer,Wizardry,Sorcery=3							PREMULT:1,[!PRECLASS:1,Classless,Point Buy],[PREFEAT:1,Advanced Wizardry,Advanced Sorcery,Advanced Canonry]
Magic Circle against Law.MOD			CLASSES:Canonry=3|Wizardry,Sorcery=3								PREMULT:1,[!PRECLASS:1,Classless,Point Buy],[PREFEAT:1,Advanced Wizardry,Advanced Sorcery,Advanced Canonry]
Magic Fang.MOD					CLASSES:Wicca ~ Advanced,Wicca=1							PREMULT:1,[!PRECLASS:1,Classless,Point Buy],[PREFEAT:1,Basic Wicca]
Magic Fang (Greater).MOD			CLASSES:Wicca ~ Advanced,Wicca=3							PREMULT:1,[!PRECLASS:1,Classless,Point Buy],[PREFEAT:1,Basic Wicca]
Magic Jar.MOD					CLASSES:Wizardry,Sorcery=5									PREMULT:1,[!PRECLASS:1,Classless,Point Buy],[PREFEAT:1,Advanced Wizardry,Advanced Sorcery]
Magic Missile.MOD					CLASSES:Wizardry,Sorcery=1									PREMULT:1,[!PRECLASS:1,Classless,Point Buy],[PREFEAT:1,Advanced Wizardry,Advanced Sorcery]
Magic Mouth.MOD					CLASSES:Wizardry,Sorcery=1|Wizardry ~ Basic=2								PREMULT:1,[!PRECLASS:1,Classless,Point Buy],[PREFEAT:1,Basic Wizardry,Basic Sorcery]
Magic Stone.MOD					CLASSES:Canonry,Wicca ~ Advanced=1							PREMULT:1,[!PRECLASS:1,Classless,Point Buy],[PREFEAT:1,Advanced Canonry,Advanced Wicca]
Magic Vestment.MOD				CLASSES:Canonry=3										PREMULT:1,[!PRECLASS:1,Classless,Point Buy],[PREFEAT:1,Advanced Canonry]
Magic Weapon.MOD					CLASSES:Canonry,Canonry ~ Basics=1|Wizardry,Sorcery=1					PREMULT:1,[!PRECLASS:1,Classless,Point Buy],[PREFEAT:1,Advanced Wizardry,Advanced Sorcery,Basic Canonry]
Magic Weapon (Greater).MOD			CLASSES:Canonry ~ Basics=3|Wizardry,Sorcery=3|Canonry=4					PREMULT:1,[!PRECLASS:1,Classless,Point Buy],[PREFEAT:1,Advanced Wizardry,Advanced Sorcery,Basic Canonry]
Major Creation.MOD				CLASSES:Wizardry,Sorcery=5									PREMULT:1,[!PRECLASS:1,Classless,Point Buy],[PREFEAT:1,Advanced Wizardry,Advanced Sorcery]
Major Image.MOD					CLASSES:Wizardry,Sorcery=3|Wizardry ~ Basic=3								PREMULT:1,[!PRECLASS:1,Classless,Point Buy],[PREFEAT:1,Basic Wizardry,Basic Sorcery]
Make Whole.MOD					CLASSES:Canonry=2										PREMULT:1,[!PRECLASS:1,Classless,Point Buy],[PREFEAT:1,Advanced Canonry]
Mark of Justice.MOD				CLASSES:Canonry ~ Basics=4|Canonry=5						PREMULT:1,[!PRECLASS:1,Classless,Point Buy],[PREFEAT:1,Basic Canonry]
Maze.MOD						CLASSES:Wizardry,Sorcery=8									PREMULT:1,[!PRECLASS:1,Classless,Point Buy],[PREFEAT:1,Advanced Wizardry,Advanced Sorcery]
Meld into Stone.MOD				CLASSES:Canonry,Wicca ~ Advanced=3							PREMULT:1,[!PRECLASS:1,Classless,Point Buy],[PREFEAT:1,Advanced Canonry,Advanced Wicca]
Melf's Acid Arrow.MOD				CLASSES:Wizardry,Sorcery=2									PREMULT:1,[!PRECLASS:1,Classless,Point Buy],[PREFEAT:1,Advanced Wizardry,Advanced Sorcery]
Mending.MOD						CLASSES:Wizardry ~ Basic,Canonry,Wicca ~ Advanced=0|Wizardry,Sorcery=0			PREMULT:1,[!PRECLASS:1,Classless,Point Buy],[PREFEAT:1,Basic Wizardry,Basic Sorcery,Advanced Canonry,Advanced Wicca]
Message.MOD						CLASSES:Wizardry ~ Basic=0|Wizardry,Sorcery=0								PREMULT:1,[!PRECLASS:1,Classless,Point Buy],[PREFEAT:1,Basic Wizardry,Basic Sorcery]
Meteor Swarm.MOD					CLASSES:Wizardry,Sorcery=9									PREMULT:1,[!PRECLASS:1,Classless,Point Buy],[PREFEAT:1,Advanced Wizardry,Advanced Sorcery]
Mind Blank.MOD					CLASSES:Wizardry,Sorcery=8									PREMULT:1,[!PRECLASS:1,Classless,Point Buy],[PREFEAT:1,Advanced Wizardry,Advanced Sorcery]
Mind Fog.MOD					CLASSES:Wizardry,Sorcery=5|Wizardry,Sorcery=5								PREMULT:1,[!PRECLASS:1,Classless,Point Buy],[PREFEAT:1,Basic Wizardry,Basic Sorcery]
Minor Creation.MOD				CLASSES:Wizardry,Sorcery=4									PREMULT:1,[!PRECLASS:1,Classless,Point Buy],[PREFEAT:1,Advanced Wizardry,Advanced Sorcery]
Minor Image.MOD					CLASSES:Wizardry,Sorcery=2|Wizardry ~ Basic=2								PREMULT:1,[!PRECLASS:1,Classless,Point Buy],[PREFEAT:1,Basic Wizardry,Basic Sorcery]
Miracle.MOD						CLASSES:Canonry=9										PREMULT:1,[!PRECLASS:1,Classless,Point Buy],[PREFEAT:1,Advanced Canonry]
Mirage Arcana.MOD					CLASSES:Wizardry,Sorcery=5|Wizardry,Sorcery=5								PREMULT:1,[!PRECLASS:1,Classless,Point Buy],[PREFEAT:1,Basic Wizardry,Basic Sorcery]
Mirror Image.MOD					CLASSES:Wizardry,Sorcery=2|Wizardry ~ Basic=2								PREMULT:1,[!PRECLASS:1,Classless,Point Buy],[PREFEAT:1,Basic Wizardry,Basic Sorcery]
Misdirection.MOD					CLASSES:Wizardry,Sorcery=2|Wizardry ~ Basic=2								PREMULT:1,[!PRECLASS:1,Classless,Point Buy],[PREFEAT:1,Basic Wizardry,Basic Sorcery]
Mislead.MOD						CLASSES:Wizardry,Sorcery=5|Wizardry,Sorcery=6						COMPS:S
Modify Memory.MOD					CLASSES:Wizardry,Sorcery=4									PREMULT:1,[!PRECLASS:1,Classless,Point Buy],[PREFEAT:1,Basic Wizardry,Basic Sorcery]
Moment of Prescience.MOD			CLASSES:Wizardry,Sorcery=8									PREMULT:1,[!PRECLASS:1,Classless,Point Buy],[PREFEAT:1,Advanced Wizardry,Advanced Sorcery]
Mordenkainen's Disjunction.MOD		CLASSES:Wizardry,Sorcery=9									PREMULT:1,[!PRECLASS:1,Classless,Point Buy],[PREFEAT:1,Advanced Wizardry,Advanced Sorcery]
Mordenkainen's Faithful Hound.MOD		CLASSES:Wizardry,Sorcery=5									PREMULT:1,[!PRECLASS:1,Classless,Point Buy],[PREFEAT:1,Advanced Wizardry,Advanced Sorcery]
Mordenkainen's Lucubration.MOD		CLASSES:Wizardry,Sorcery=6									PREMULT:1,[!PRECLASS:1,Classless,Point Buy],[PREFEAT:1,Advanced Wizardry,Advanced Sorcery]
Mordenkainen's Magnificient Mansion.MOD	CLASSES:Wizardry,Sorcery=7									PREMULT:1,[!PRECLASS:1,Classless,Point Buy],[PREFEAT:1,Advanced Wizardry,Advanced Sorcery]
Mordenkainen's Private Sanctum.MOD		CLASSES:Wizardry,Sorcery=5									PREMULT:1,[!PRECLASS:1,Classless,Point Buy],[PREFEAT:1,Advanced Wizardry,Advanced Sorcery]
Mordenkainen's Sword.MOD			CLASSES:Wizardry,Sorcery=7									PREMULT:1,[!PRECLASS:1,Classless,Point Buy],[PREFEAT:1,Advanced Wizardry,Advanced Sorcery]
Mount.MOD						CLASSES:Wizardry,Sorcery=1									PREMULT:1,[!PRECLASS:1,Classless,Point Buy],[PREFEAT:1,Advanced Wizardry,Advanced Sorcery]
Move Earth.MOD					CLASSES:Wicca ~ Advanced=6|Wizardry,Sorcery=6						PREMULT:1,[!PRECLASS:1,Classless,Point Buy],[PREFEAT:1,Advanced Wizardry,Advanced Sorcery,Advanced Wicca]

###Block: NOP

# Spell Name				Classes of caster										Multiple Requirements													Description						Source Page
Neutralize Poison.MOD			CLASSES:Wicca ~ Advanced,Wicca=3|Wizardry ~ Basic,Canonry,Canonry ~ Basics=4	PREMULT:1,[!PRECLASS:1,Classless,Point Buy],[PREFEAT:1,Basic Wizardry,Basic Sorcery,Basic Wicca,Basic Canonry]
Nightmare.MOD				CLASSES:Wizardry,Sorcery=5|Wizardry,Sorcery=5								PREMULT:1,[!PRECLASS:1,Classless,Point Buy],[PREFEAT:1,Basic Wizardry,Basic Sorcery]
Nondetection.MOD				CLASSES:Wicca=4|Sorcerer,Wizardry,Sorcery=3							PREMULT:1,[!PRECLASS:1,Classless,Point Buy],[PREFEAT:1,Advanced Wizardry,Advanced Sorcery,Basic Wicca]
Nystul's Magic Aura.MOD			CLASSES:Wizardry,Sorcery=1|Wizardry ~ Basic=1								PREMULT:1,[!PRECLASS:1,Classless,Point Buy],[PREFEAT:1,Basic Wizardry,Basic Sorcery]
Obscure Object.MOD			CLASSES:Wizardry,Sorcery=1|Wizardry ~ Basic=2|Canonry=3						PREMULT:1,[!PRECLASS:1,Classless,Point Buy],[PREFEAT:1,Basic Wizardry,Basic Sorcery,Advanced Canonry]
Obscuring Mist.MOD			CLASSES:Canonry,Wicca ~ Advanced=1|Wizardry,Sorcery=1					PREMULT:1,[!PRECLASS:1,Classless,Point Buy],[PREFEAT:1,Advanced Wizardry,Advanced Sorcery,Advanced Canonry,Advanced Wicca]
Open/Close.MOD				CLASSES:Wizardry,Sorcery=0|Wizardry ~ Basic=0								PREMULT:1,[!PRECLASS:1,Classless,Point Buy],[PREFEAT:1,Basic Wizardry,Basic Sorcery]
Otiluke's Freezing Sphere.MOD		CLASSES:Wizardry,Sorcery=6									PREMULT:1,[!PRECLASS:1,Classless,Point Buy],[PREFEAT:1,Advanced Wizardry,Advanced Sorcery]
Otiluke's Resilient Sphere.MOD	CLASSES:Wizardry,Sorcery=4									PREMULT:1,[!PRECLASS:1,Classless,Point Buy],[PREFEAT:1,Advanced Wizardry,Advanced Sorcery]
Otiluke's Telekinetic Sphere.MOD	CLASSES:Wizardry,Sorcery=8									PREMULT:1,[!PRECLASS:1,Classless,Point Buy],[PREFEAT:1,Advanced Wizardry,Advanced Sorcery]
Otto's Irresistible Dance.MOD		CLASSES:Wizardry ~ Basic=6|Wizardry,Sorcery=8								PREMULT:1,[!PRECLASS:1,Classless,Point Buy],[PREFEAT:1,Basic Wizardry,Basic Sorcery]
Overland Flight.MOD			CLASSES:Wizardry,Sorcery=5									PREMULT:1,[!PRECLASS:1,Classless,Point Buy],[PREFEAT:1,Advanced Wizardry,Advanced Sorcery]
Owl's Wisdom.MOD				CLASSES:Canonry,Wicca ~ Advanced,Canonry ~ Basics,Wicca=2|Wizardry,Sorcery=2	PREMULT:1,[!PRECLASS:1,Classless,Point Buy],[PREFEAT:1,Advanced Wizardry,Advanced Sorcery,Basic Wicca,Basic Canonry]
Owl's Wisdom (Mass).MOD			CLASSES:Canonry,Wicca ~ Advanced=6|Wizardry,Sorcery=6					PREMULT:1,[!PRECLASS:1,Classless,Point Buy],[PREFEAT:1,Advanced Wizardry,Advanced Sorcery,Advanced Canonry,Advanced Wicca]
Pass without Trace.MOD			CLASSES:Wicca ~ Advanced,Wicca=1							PREMULT:1,[!PRECLASS:1,Classless,Point Buy],[PREFEAT:1,Basic Wicca]
Passwall.MOD				CLASSES:Wizardry,Sorcery=5									PREMULT:1,[!PRECLASS:1,Classless,Point Buy],[PREFEAT:1,Advanced Wizardry,Advanced Sorcery]
Permanency.MOD				CLASSES:Wizardry,Sorcery=5									PREMULT:1,[!PRECLASS:1,Classless,Point Buy],[PREFEAT:1,Advanced Wizardry,Advanced Sorcery]
Permanent Image.MOD			CLASSES:Wizardry,Sorcery=6|Wizardry,Sorcery=6								PREMULT:1,[!PRECLASS:1,Classless,Point Buy],[PREFEAT:1,Basic Wizardry,Basic Sorcery]
Persistent Image.MOD			CLASSES:Wizardry,Sorcery=5|Wizardry,Sorcery=5								PREMULT:1,[!PRECLASS:1,Classless,Point Buy],[PREFEAT:1,Basic Wizardry,Basic Sorcery]
Phantasmal Killer.MOD			CLASSES:Wizardry,Sorcery=4									PREMULT:1,[!PRECLASS:1,Classless,Point Buy],[PREFEAT:1,Advanced Wizardry,Advanced Sorcery]
Phantom Steed.MOD				CLASSES:Wizardry,Sorcery=3|Wizardry ~ Basic=3								PREMULT:1,[!PRECLASS:1,Classless,Point Buy],[PREFEAT:1,Basic Wizardry,Basic Sorcery]
Phase Door.MOD				CLASSES:Wizardry,Sorcery=7									PREMULT:1,[!PRECLASS:1,Classless,Point Buy],[PREFEAT:1,Advanced Wizardry,Advanced Sorcery]
Planar Ally.MOD				CLASSES:Canonry=6										PREMULT:1,[!PRECLASS:1,Classless,Point Buy],[PREFEAT:1,Advanced Canonry]
Planar Ally (Greater).MOD		CLASSES:Canonry=8										PREMULT:1,[!PRECLASS:1,Classless,Point Buy],[PREFEAT:1,Advanced Canonry]
Planar Ally (Lesser).MOD		CLASSES:Canonry=4										PREMULT:1,[!PRECLASS:1,Classless,Point Buy],[PREFEAT:1,Advanced Canonry]
Planar Binding.MOD			CLASSES:Wizardry,Sorcery=6									PREMULT:1,[!PRECLASS:1,Classless,Point Buy],[PREFEAT:1,Advanced Wizardry,Advanced Sorcery]
Planar Binding (Greater).MOD		CLASSES:Wizardry,Sorcery=8									PREMULT:1,[!PRECLASS:1,Classless,Point Buy],[PREFEAT:1,Advanced Wizardry,Advanced Sorcery]
Planar Binding (Lesser).MOD		CLASSES:Wizardry,Sorcery=5									PREMULT:1,[!PRECLASS:1,Classless,Point Buy],[PREFEAT:1,Advanced Wizardry,Advanced Sorcery]
Plane Shift.MOD				CLASSES:Canonry=5|Wizardry,Sorcery=7								PREMULT:1,[!PRECLASS:1,Classless,Point Buy],[PREFEAT:1,Advanced Wizardry,Advanced Sorcery,Advanced Canonry]
Plant Growth.MOD				CLASSES:Wicca ~ Advanced,Wicca=3							PREMULT:1,[!PRECLASS:1,Classless,Point Buy],[PREFEAT:1,Basic Wicca]
Poison.MOD					CLASSES:Wicca ~ Advanced=3|Canonry=4						PREMULT:1,[!PRECLASS:1,Classless,Point Buy],[PREFEAT:1,Advanced Canonry,Advanced Wicca]
Polar Ray.MOD				CLASSES:Wizardry,Sorcery=8									PREMULT:1,[!PRECLASS:1,Classless,Point Buy],[PREFEAT:1,Advanced Wizardry,Advanced Sorcery]
Polymorph.MOD				CLASSES:Wizardry,Sorcery=4									PREMULT:1,[!PRECLASS:1,Classless,Point Buy],[PREFEAT:1,Advanced Wizardry,Advanced Sorcery]
Polymorph Any Object.MOD		CLASSES:Wizardry,Sorcery=8									PREMULT:1,[!PRECLASS:1,Classless,Point Buy],[PREFEAT:1,Advanced Wizardry,Advanced Sorcery]
Power Word Blind.MOD			CLASSES:Wizardry,Sorcery=7									PREMULT:1,[!PRECLASS:1,Classless,Point Buy],[PREFEAT:1,Advanced Wizardry,Advanced Sorcery]
Power Word Kill.MOD			CLASSES:Wizardry,Sorcery=9									PREMULT:1,[!PRECLASS:1,Classless,Point Buy],[PREFEAT:1,Advanced Wizardry,Advanced Sorcery]
Power Word Stun.MOD			CLASSES:Wizardry,Sorcery=8									PREMULT:1,[!PRECLASS:1,Classless,Point Buy],[PREFEAT:1,Advanced Wizardry,Advanced Sorcery]
Prayer.MOD					CLASSES:Canonry,Canonry ~ Basics=3							PREMULT:1,[!PRECLASS:1,Classless,Point Buy],[PREFEAT:1,Basic Canonry]
Prestidigitation.MOD			CLASSES:Wizardry,Sorcery=0|Wizardry ~ Basic=0								PREMULT:1,[!PRECLASS:1,Classless,Point Buy],[PREFEAT:1,Basic Wizardry,Basic Sorcery]
Prismatic Sphere.MOD			CLASSES:Wizardry,Sorcery=9									PREMULT:1,[!PRECLASS:1,Classless,Point Buy],[PREFEAT:1,Advanced Wizardry,Advanced Sorcery]
Prismatic Spray.MOD			CLASSES:Wizardry,Sorcery=7									PREMULT:1,[!PRECLASS:1,Classless,Point Buy],[PREFEAT:1,Advanced Wizardry,Advanced Sorcery]
Prismatic Wall.MOD			CLASSES:Wizardry,Sorcery=8									PREMULT:1,[!PRECLASS:1,Classless,Point Buy],[PREFEAT:1,Advanced Wizardry,Advanced Sorcery]
Produce Flame.MOD				CLASSES:Wicca ~ Advanced=1								PREMULT:1,[!PRECLASS:1,Classless,Point Buy],[PREFEAT:1,Advanced Wicca]
Programmed Image.MOD			CLASSES:Wizardry,Sorcery=6|Wizardry,Sorcery=6								PREMULT:1,[!PRECLASS:1,Classless,Point Buy],[PREFEAT:1,Basic Wizardry,Basic Sorcery]
Project Image.MOD				CLASSES:Wizardry ~ Basic=6|Wizardry,Sorcery=7								PREMULT:1,[!PRECLASS:1,Classless,Point Buy],[PREFEAT:1,Basic Wizardry,Basic Sorcery]
Protection from Arrows.MOD		CLASSES:Wizardry,Sorcery=2									PREMULT:1,[!PRECLASS:1,Classless,Point Buy],[PREFEAT:1,Advanced Wizardry,Advanced Sorcery]
Protection from Chaos.MOD		CLASSES:Canonry,Canonry ~ Basics=1|Wizardry,Sorcery=1					PREMULT:1,[!PRECLASS:1,Classless,Point Buy],[PREFEAT:1,Advanced Wizardry,Advanced Sorcery,Basic Canonry]
Protection from Energy.MOD		CLASSES:Wicca=2|Canonry,Wicca ~ Advanced=3|Wizardry,Sorcery=3				PREMULT:1,[!PRECLASS:1,Classless,Point Buy],[PREFEAT:1,Advanced Wizardry,Advanced Sorcery,Advanced Canonry,Basic Wicca]
Protection from Evil.MOD		CLASSES:Canonry,Canonry ~ Basics=1|Wizardry,Sorcery=1					PREMULT:1,[!PRECLASS:1,Classless,Point Buy],[PREFEAT:1,Advanced Wizardry,Advanced Sorcery,Basic Canonry]
Protection from Good.MOD		CLASSES:Canonry=1|Wizardry,Sorcery=1								PREMULT:1,[!PRECLASS:1,Classless,Point Buy],[PREFEAT:1,Advanced Wizardry,Advanced Sorcery,Advanced Canonry]
Protection from Law.MOD			CLASSES:Canonry=1|Wizardry,Sorcery=1								PREMULT:1,[!PRECLASS:1,Classless,Point Buy],[PREFEAT:1,Advanced Wizardry,Advanced Sorcery,Advanced Canonry]
Protection from Spells.MOD		CLASSES:Wizardry,Sorcery=8									PREMULT:1,[!PRECLASS:1,Classless,Point Buy],[PREFEAT:1,Advanced Wizardry,Advanced Sorcery]
Prying Eyes.MOD				CLASSES:Wizardry,Sorcery=5									PREMULT:1,[!PRECLASS:1,Classless,Point Buy],[PREFEAT:1,Advanced Wizardry,Advanced Sorcery]
Prying Eyes (Greater).MOD		CLASSES:Wizardry,Sorcery=8									PREMULT:1,[!PRECLASS:1,Classless,Point Buy],[PREFEAT:1,Advanced Wizardry,Advanced Sorcery]
Purify Food and Drink.MOD		CLASSES:Canonry,Wicca ~ Advanced=0							PREMULT:1,[!PRECLASS:1,Classless,Point Buy],[PREFEAT:1,Advanced Canonry,Advanced Wicca]
Pyrotechnics.MOD				CLASSES:Wizardry,Sorcery=2|Wizardry ~ Basic=2								PREMULT:1,[!PRECLASS:1,Classless,Point Buy],[PREFEAT:1,Basic Wizardry,Basic Sorcery]

###Block: QR

# Spell Name			Classes of caster												Multiple Requirements
Quench.MOD				CLASSES:Wicca ~ Advanced=3										PREMULT:1,[!PRECLASS:1,Classless,Point Buy],[PREFEAT:1,Advanced Wicca]
Rage.MOD				CLASSES:Wizardry,Sorcery=2|Wizardry,Sorcery=3										PREMULT:1,[!PRECLASS:1,Classless,Point Buy],[PREFEAT:1,Basic Wizardry,Basic Sorcery,Basic Sorcery]
Rainbow Pattern.MOD		CLASSES:Wizardry,Sorcery=4|Wizardry,Sorcery=4										PREMULT:1,[!PRECLASS:1,Classless,Point Buy],[PREFEAT:1,Basic Wizardry,Basic Sorcery,Basic Sorcery]
Raise Dead.MOD			CLASSES:Canonry=5												PREMULT:1,[!PRECLASS:1,Classless,Point Buy],[PREFEAT:1,Advanced Canonry]
Rary's Mnemonic Enhancer.MOD	CLASSES:Wizardry,Sorcery=4											PREMULT:1,[!PRECLASS:1,Classless,Point Buy],[PREFEAT:1,Advanced Wizardry,Advanced Sorcery]
Rary's Telepathic Bond.MOD	CLASSES:Wizardry,Sorcery=5											PREMULT:1,[!PRECLASS:1,Classless,Point Buy],[PREFEAT:1,Advanced Wizardry,Advanced Sorcery]
Ray of Enfeeblement.MOD		CLASSES:Wizardry,Sorcery=1											PREMULT:1,[!PRECLASS:1,Classless,Point Buy],[PREFEAT:1,Advanced Wizardry,Advanced Sorcery]
Ray of Exhaustion.MOD		CLASSES:Wizardry,Sorcery=3											PREMULT:1,[!PRECLASS:1,Classless,Point Buy],[PREFEAT:1,Advanced Wizardry,Advanced Sorcery]
Ray of Frost.MOD			CLASSES:Wizardry,Sorcery=0											PREMULT:1,[!PRECLASS:1,Classless,Point Buy],[PREFEAT:1,Advanced Wizardry,Advanced Sorcery]
Read Magic.MOD			CLASSES:Wizardry,Canonry,Wicca ~ Advanced=0|Wizardry,Sorcery=0|Canonry ~ Basics,Wicca=1	PREMULT:1,[!PRECLASS:1,Classless,Point Buy],[PREFEAT:1,Basic Wizardry,Basic Sorcery,Basic Wicca,Basic Canonry]
Reduce Animal.MOD			CLASSES:Wicca ~ Advanced=2|Wicca=3									PREMULT:1,[!PRECLASS:1,Classless,Point Buy],[PREFEAT:1,Basic Wicca]
Reduce Person.MOD			CLASSES:Wizardry,Sorcery=1											PREMULT:1,[!PRECLASS:1,Classless,Point Buy],[PREFEAT:1,Advanced Wizardry,Advanced Sorcery]
Reduce Person (Mass).MOD	CLASSES:Wizardry,Sorcery=4											PREMULT:1,[!PRECLASS:1,Classless,Point Buy],[PREFEAT:1,Advanced Wizardry,Advanced Sorcery]
Refuge.MOD				CLASSES:Canonry=7|Wizardry,Sorcery=9										PREMULT:1,[!PRECLASS:1,Classless,Point Buy],[PREFEAT:1,Advanced Wizardry,Advanced Sorcery,Advanced Canonry]
Regenerate.MOD			CLASSES:Canonry=7|Wicca ~ Advanced=9								PREMULT:1,[!PRECLASS:1,Classless,Point Buy],[PREFEAT:1,Advanced Canonry,Advanced Wicca]
Reincarnate.MOD			CLASSES:Wicca ~ Advanced=4										PREMULT:1,[!PRECLASS:1,Classless,Point Buy],[PREFEAT:1,Advanced Wicca]
Remove Blindness/Deafness.MOD	CLASSES:Canonry,Canonry ~ Basics=3									PREMULT:1,[!PRECLASS:1,Classless,Point Buy],[PREFEAT:1,Basic Canonry]
Remove Curse.MOD			CLASSES:Wizardry,Canonry,Canonry ~ Basics=3|Wizardry,Sorcery=4					PREMULT:1,[!PRECLASS:1,Classless,Point Buy],[PREFEAT:1,Basic Wizardry,Basic Sorcery]
Remove Disease.MOD		CLASSES:Canonry,Wicca ~ Advanced,Wicca=3								PREMULT:1,[!PRECLASS:1,Classless,Point Buy],[PREFEAT:1,Advanced Canonry,Basic Wicca]
Remove Fear.MOD			CLASSES:Wizardry,Canonry=1										PREMULT:1,[!PRECLASS:1,Classless,Point Buy],[PREFEAT:1,Basic Wizardry,Basic Sorcery,Advanced Canonry]
Remove Paralysis.MOD		CLASSES:Canonry,Canonry ~ Basics=2									PREMULT:1,[!PRECLASS:1,Classless,Point Buy],[PREFEAT:1,Basic Canonry]
Repel Metal or Stone.MOD	CLASSES:Wicca ~ Advanced=8										PREMULT:1,[!PRECLASS:1,Classless,Point Buy],[PREFEAT:1,Advanced Wicca]
Repel Vermin.MOD			CLASSES:Wicca=3|Wizardry,Canonry,Wicca ~ Advanced=4						PREMULT:1,[!PRECLASS:1,Classless,Point Buy],[PREFEAT:1,Basic Wizardry,Basic Sorcery,Advanced Canonry,Basic Wicca]
Repel Wood.MOD			CLASSES:Wicca ~ Advanced=6										PREMULT:1,[!PRECLASS:1,Classless,Point Buy],[PREFEAT:1,Advanced Wicca]
Repulsion.MOD			CLASSES:Wizardry,Sorcery=6|Canonry=7										PREMULT:1,[!PRECLASS:1,Classless,Point Buy],[PREFEAT:1,Advanced Wizardry,Advanced Sorcery,Advanced Canonry,Basic Wicca]
Resist Energy.MOD			CLASSES:Wicca=1|Canonry,Wicca ~ Advanced,Canonry ~ Basics=2|Wizardry,Sorcery=2			PREMULT:1,[!PRECLASS:1,Classless,Point Buy],[PREFEAT:1,Advanced Wizardry,Advanced Sorcery,Advanced Wicca,Basic Canonry]
Resistance.MOD			CLASSES:Wizardry,Canonry,Wicca ~ Advanced=0|Wizardry,Sorcery=0|Canonry ~ Basics=1		PREMULT:1,[!PRECLASS:1,Classless,Point Buy],[PREFEAT:1,Basic Wizardry,Basic Sorcery,Advanced Wicca,Basic Canonry]
Restoration.MOD			CLASSES:Canonry,Canonry ~ Basics=4									PREMULT:1,[!PRECLASS:1,Classless,Point Buy],[PREFEAT:1,Basic Canonry]
Restoration (Greater).MOD	CLASSES:Canonry=7												PREMULT:1,[!PRECLASS:1,Classless,Point Buy],[PREFEAT:1,Advanced Canonry]
Restoration (Lesser).MOD	CLASSES:Canonry ~ Basics=1|Canonry,Wicca ~ Advanced=2						PREMULT:1,[!PRECLASS:1,Classless,Point Buy],[PREFEAT:1,Advanced Wicca,Basic Canonry]
Resurrection.MOD			CLASSES:Canonry=7												PREMULT:1,[!PRECLASS:1,Classless,Point Buy],[PREFEAT:1,Advanced Canonry]
Reverse Gravity.MOD		CLASSES:Wicca ~ Advanced=8|Wizardry,Sorcery=7								PREMULT:1,[!PRECLASS:1,Classless,Point Buy],[PREFEAT:1,Advanced Wizardry,Advanced Sorcery,Advanced Wicca]
Righteous Might.MOD		CLASSES:Canonry=5												PREMULT:1,[!PRECLASS:1,Classless,Point Buy],[PREFEAT:1,Advanced Canonry]
Rope Trick.MOD			CLASSES:Wizardry,Sorcery=2											PREMULT:1,[!PRECLASS:1,Classless,Point Buy],[PREFEAT:1,Advanced Wizardry,Advanced Sorcery]
Rusting Grasp.MOD			CLASSES:Wicca ~ Advanced=4										PREMULT:1,[!PRECLASS:1,Classless,Point Buy],[PREFEAT:1,Advanced Wicca]

###Block: S

# Spell Name				Classes of caster								Multiple Requirements
Sanctuary.MOD				CLASSES:Canonry=1								PREMULT:1,[!PRECLASS:1,Classless,Point Buy],[PREFEAT:1,Advanced Canonry]
Scare.MOD					CLASSES:Wizardry,Sorcery=2|Wizardry,Sorcery=2						PREMULT:1,[!PRECLASS:1,Classless,Point Buy],[PREFEAT:1,Basic Wizardry,Basic Sorcery]
Scintillating Pattern.MOD		CLASSES:Wizardry,Sorcery=8							PREMULT:1,[!PRECLASS:1,Classless,Point Buy],[PREFEAT:1,Advanced Wizardry,Advanced Sorcery]
Scorching Ray.MOD				CLASSES:Wizardry,Sorcery=2							PREMULT:1,[!PRECLASS:1,Classless,Point Buy],[PREFEAT:1,Advanced Wizardry,Advanced Sorcery]
Screen.MOD					CLASSES:Wizardry,Sorcery=8							PREMULT:1,[!PRECLASS:1,Classless,Point Buy],[PREFEAT:1,Advanced Wizardry,Advanced Sorcery]
Scrying.MOD					CLASSES:Wizardry,Sorcery=3|Canonry=5|Wicca ~ Advanced=4|Wizardry,Sorcery=4	PREMULT:1,[!PRECLASS:1,Classless,Point Buy],[PREFEAT:1,Basic Wizardry,Basic Sorcery,Advanced Canonry,Advanced Wicca]
Scrying (Greater).MOD			CLASSES:Wizardry,Sorcery=6|Canonry,Wicca ~ Advanced=7|Wizardry,Sorcery=7	PREMULT:1,[!PRECLASS:1,Classless,Point Buy],[PREFEAT:1,Basic Wizardry,Basic Sorcery,Advanced Canonry,Advanced Wicca]
Sculpt Sound.MOD				CLASSES:Wizardry,Sorcery=3							PREMULT:1,[!PRECLASS:1,Classless,Point Buy],[PREFEAT:1,Basic Wizardry,Basic Sorcery]
Searing Light.MOD				CLASSES:Canonry=3								PREMULT:1,[!PRECLASS:1,Classless,Point Buy],[PREFEAT:1,Advanced Canonry]
Secret Page.MOD				CLASSES:Wizardry,Sorcery=3|Wizardry,Sorcery=3						PREMULT:1,[!PRECLASS:1,Classless,Point Buy],[PREFEAT:1,Basic Wizardry,Basic Sorcery]
See Invisibility.MOD			CLASSES:Wizardry,Sorcery=2|Wizardry,Sorcery=3						PREMULT:1,[!PRECLASS:1,Classless,Point Buy],[PREFEAT:1,Advanced Wizardry,Advanced Sorcery]
Seeming.MOD					CLASSES:Wizardry,Sorcery=5|Wizardry,Sorcery=5						PREMULT:1,[!PRECLASS:1,Classless,Point Buy],[PREFEAT:1,Basic Wizardry,Basic Sorcery]
Sending.MOD					CLASSES:Canonry=4|Wizardry,Sorcery=5						PREMULT:1,[!PRECLASS:1,Classless,Point Buy],[PREFEAT:1,Advanced Wizardry,Advanced Sorcery,Advanced Canonry]
Sepia Snake Sigil.MOD			CLASSES:Wizardry,Sorcery=3|Wizardry,Sorcery=3						PREMULT:1,[!PRECLASS:1,Classless,Point Buy],[PREFEAT:1,Basic Wizardry,Basic Sorcery]
Sequester.MOD				CLASSES:Wizardry,Sorcery=7							PREMULT:1,[!PRECLASS:1,Classless,Point Buy],[PREFEAT:1,Advanced Wizardry,Advanced Sorcery]
Shades.MOD					CLASSES:Wizardry,Sorcery=9							PREMULT:1,[!PRECLASS:1,Classless,Point Buy],[PREFEAT:1,Advanced Wizardry,Advanced Sorcery]
Shadow Conjuration.MOD			CLASSES:Wizardry,Sorcery=4|Wizardry,Sorcery=4						PREMULT:1,[!PRECLASS:1,Classless,Point Buy],[PREFEAT:1,Basic Wizardry,Basic Sorcery]
Shadow Conjuration (Greater).MOD	CLASSES:Wizardry,Sorcery=7							PREMULT:1,[!PRECLASS:1,Classless,Point Buy],[PREFEAT:1,Advanced Wizardry,Advanced Sorcery]
Shadow Evocation.MOD			CLASSES:Wizardry,Sorcery=5|Wizardry,Sorcery=5						PREMULT:1,[!PRECLASS:1,Classless,Point Buy],[PREFEAT:1,Basic Wizardry,Basic Sorcery]
Shadow Evocation (Greater).MOD	CLASSES:Wizardry,Sorcery=8							PREMULT:1,[!PRECLASS:1,Classless,Point Buy],[PREFEAT:1,Advanced Wizardry,Advanced Sorcery]
Shadow Walk.MOD				CLASSES:Wizardry,Sorcery=5|Wizardry,Sorcery=6						PREMULT:1,[!PRECLASS:1,Classless,Point Buy],[PREFEAT:1,Basic Wizardry,Basic Sorcery]
Shambler.MOD				CLASSES:Wicca ~ Advanced=9						PREMULT:1,[!PRECLASS:1,Classless,Point Buy],[PREFEAT:1,Advanced Wicca]
Shapechange.MOD				CLASSES:Wicca ~ Advanced=9|Wizardry,Sorcery=9				PREMULT:1,[!PRECLASS:1,Classless,Point Buy],[PREFEAT:1,Advanced Wizardry,Advanced Sorcery]
Shatter.MOD					CLASSES:Wizardry,Canonry,Sorcerer,Wizardry,Sorcery=2			PREMULT:1,[!PRECLASS:1,Classless,Point Buy],[PREFEAT:1,Basic Wizardry,Basic Sorcery,Advanced Canonry]
Shield.MOD					CLASSES:Wizardry,Sorcery=1							PREMULT:1,[!PRECLASS:1,Classless,Point Buy],[PREFEAT:1,Advanced Wizardry,Advanced Sorcery]
Shield of Faith.MOD			CLASSES:Canonry=1								PREMULT:1,[!PRECLASS:1,Classless,Point Buy],[PREFEAT:1,Advanced Canonry]
Shield of Law.MOD				CLASSES:Canonry=8								PREMULT:1,[!PRECLASS:1,Classless,Point Buy],[PREFEAT:1,Advanced Canonry]
Shield Other.MOD				CLASSES:Canonry,Canonry ~ Basics=2					PREMULT:1,[!PRECLASS:1,Classless,Point Buy],[PREFEAT:1,Basic Canonry]
Shillelagh.MOD				CLASSES:Wicca ~ Advanced=1						PREMULT:1,[!PRECLASS:1,Classless,Point Buy],[PREFEAT:1,Advanced Wicca]
Shocking Grasp.MOD			CLASSES:Wizardry,Sorcery=1							PREMULT:1,[!PRECLASS:1,Classless,Point Buy],[PREFEAT:1,Advanced Wizardry,Advanced Sorcery]
Shout.MOD					CLASSES:Wizardry,Sorcery=4|Wizardry,Sorcery=4						PREMULT:1,[!PRECLASS:1,Classless,Point Buy],[PREFEAT:1,Basic Wizardry,Basic Sorcery]
Shout (Greater).MOD			CLASSES:Wizardry,Sorcery=6|Wizardry,Sorcery=8						PREMULT:1,[!PRECLASS:1,Classless,Point Buy],[PREFEAT:1,Basic Wizardry,Basic Sorcery]
Shrink Item.MOD				CLASSES:Wizardry,Sorcery=3							PREMULT:1,[!PRECLASS:1,Classless,Point Buy],[PREFEAT:1,Advanced Wizardry,Advanced Sorcery]
Silence.MOD					CLASSES:Wizardry,Canonry=2						PREMULT:1,[!PRECLASS:1,Classless,Point Buy],[PREFEAT:1,Basic Wizardry,Basic Sorcery,Advanced Canonry]
Silent Image.MOD				CLASSES:Wizardry,Sorcery=1|Wizardry,Sorcery=1						PREMULT:1,[!PRECLASS:1,Classless,Point Buy],[PREFEAT:1,Basic Wizardry,Basic Sorcery]
Simulacrum.MOD				CLASSES:Wizardry,Sorcery=7							PREMULT:1,[!PRECLASS:1,Classless,Point Buy],[PREFEAT:1,Advanced Wizardry,Advanced Sorcery]
Slay Living.MOD				CLASSES:Canonry=5								PREMULT:1,[!PRECLASS:1,Classless,Point Buy],[PREFEAT:1,Advanced Canonry]
Sleep.MOD					CLASSES:Wizardry,Sorcery=1|Wizardry,Sorcery=1						PREMULT:1,[!PRECLASS:1,Classless,Point Buy],[PREFEAT:1,Basic Wizardry,Basic Sorcery]
Sleet Storm.MOD				CLASSES:Wicca ~ Advanced=3|Wizardry,Sorcery=3				PREMULT:1,[!PRECLASS:1,Classless,Point Buy],[PREFEAT:1,Advanced Wizardry,Advanced Sorcery,Advanced Wicca]
Slow.MOD					CLASSES:Wizardry,Sorcery=3|Wizardry,Sorcery=3						PREMULT:1,[!PRECLASS:1,Classless,Point Buy],[PREFEAT:1,Basic Wizardry,Basic Sorcery]
Snare.MOD					CLASSES:Wicca=2|Wicca ~ Advanced=3					PREMULT:1,[!PRECLASS:1,Classless,Point Buy],[PREFEAT:1,Basic Wicca]
Soften Earth and Stone.MOD		CLASSES:Wicca ~ Advanced=2						PREMULT:1,[!PRECLASS:1,Classless,Point Buy],[PREFEAT:1,Advanced Wicca]
Solid Fog.MOD				CLASSES:Wizardry,Sorcery=4							PREMULT:1,[!PRECLASS:1,Classless,Point Buy],[PREFEAT:1,Advanced Wizardry,Advanced Sorcery]
Song of Discord.MOD			CLASSES:Wizardry,Sorcery=5							PREMULT:1,[!PRECLASS:1,Classless,Point Buy],[PREFEAT:1,Basic Wizardry,Basic Sorcery]
Soul Bind.MOD				CLASSES:Canonry=9|Wizardry,Sorcery=9						PREMULT:1,[!PRECLASS:1,Classless,Point Buy],[PREFEAT:1,Advanced Canonry]
Sound Burst.MOD				CLASSES:Wizardry,Canonry=2						PREMULT:1,[!PRECLASS:1,Classless,Point Buy],[PREFEAT:1,Basic Wizardry,Basic Sorcery,Advanced Canonry]
Speak with Animals.MOD			CLASSES:Wicca ~ Advanced,Wicca=1|Wizardry,Sorcery=3			PREMULT:1,[!PRECLASS:1,Classless,Point Buy],[PREFEAT:1,Basic Wizardry,Basic Sorcery,Basic Wicca]
Speak with Dead.MOD			CLASSES:Canonry=3								PREMULT:1,[!PRECLASS:1,Classless,Point Buy],[PREFEAT:1,Advanced Canonry]
Speak with Plants.MOD			CLASSES:Wicca=2|Wicca ~ Advanced=3|Wizardry,Sorcery=4			PREMULT:1,[!PRECLASS:1,Classless,Point Buy],[PREFEAT:1,Basic Wizardry,Basic Sorcery,Basic Wicca]
Spectral Hand.MOD				CLASSES:Wizardry,Sorcery=2							PREMULT:1,[!PRECLASS:1,Classless,Point Buy],[PREFEAT:1,Advanced Wizardry,Advanced Sorcery]
Spell Immunity.MOD			CLASSES:Canonry=4								PREMULT:1,[!PRECLASS:1,Classless,Point Buy],[PREFEAT:1,Advanced Canonry]
Spell Immunity (Greater).MOD		CLASSES:Canonry=8								PREMULT:1,[!PRECLASS:1,Classless,Point Buy],[PREFEAT:1,Advanced Canonry]
Spell Resistance.MOD			CLASSES:Canonry=5								PREMULT:1,[!PRECLASS:1,Classless,Point Buy],[PREFEAT:1,Advanced Canonry]
Spell Turning.MOD				CLASSES:Wizardry,Sorcery=7							PREMULT:1,[!PRECLASS:1,Classless,Point Buy],[PREFEAT:1,Advanced Wizardry,Advanced Sorcery]
Spellstaff.MOD				CLASSES:Wicca ~ Advanced=6						PREMULT:1,[!PRECLASS:1,Classless,Point Buy],[PREFEAT:1,Advanced Wicca]
Spider Climb.MOD				CLASSES:Wicca ~ Advanced=2|Wizardry,Sorcery=2				PREMULT:1,[!PRECLASS:1,Classless,Point Buy],[PREFEAT:1,Advanced Wizardry,Advanced Sorcery,Advanced Wicca]
Spike Growth.MOD				CLASSES:Wicca=2|Wicca ~ Advanced=3					PREMULT:1,[!PRECLASS:1,Classless,Point Buy],[PREFEAT:1,Basic Wicca]
Spike Stones.MOD				CLASSES:Wicca ~ Advanced=4						PREMULT:1,[!PRECLASS:1,Classless,Point Buy],[PREFEAT:1,Advanced Wicca]
Spiritual Weapon.MOD			CLASSES:Canonry=2								PREMULT:1,[!PRECLASS:1,Classless,Point Buy],[PREFEAT:1,Advanced Canonry]
Statue.MOD					CLASSES:Wizardry,Sorcery=7							PREMULT:1,[!PRECLASS:1,Classless,Point Buy],[PREFEAT:1,Advanced Wizardry,Advanced Sorcery]
Status.MOD					CLASSES:Canonry=2								PREMULT:1,[!PRECLASS:1,Classless,Point Buy],[PREFEAT:1,Advanced Canonry]
Stinking Cloud.MOD			CLASSES:Wizardry,Sorcery=3							PREMULT:1,[!PRECLASS:1,Classless,Point Buy],[PREFEAT:1,Advanced Wizardry,Advanced Sorcery]
Stone Shape.MOD				CLASSES:Canonry,Wicca ~ Advanced=3|Wizardry,Sorcery=4			PREMULT:1,[!PRECLASS:1,Classless,Point Buy],[PREFEAT:1,Advanced Canonry,Advanced Wicca]
Stone Tell.MOD				CLASSES:Wicca ~ Advanced=6						PREMULT:1,[!PRECLASS:1,Classless,Point Buy],[PREFEAT:1,Advanced Wicca]
Stone to Flesh.MOD			CLASSES:Wizardry,Sorcery=6							PREMULT:1,[!PRECLASS:1,Classless,Point Buy],[PREFEAT:1,Advanced Wizardry,Advanced Sorcery]
Stoneskin.MOD				CLASSES:Wicca ~ Advanced=5|Sorcerer,Wizardry,Sorcery=4			PREMULT:1,[!PRECLASS:1,Classless,Point Buy],[PREFEAT:1,Advanced Wizardry,Advanced Sorcery,Advanced Wicca]
Storm of Vengeance.MOD			CLASSES:Wicca ~ Advanced,Canonry=9					PREMULT:1,[!PRECLASS:1,Classless,Point Buy],[PREFEAT:1,Advanced Canonry,Advanced Wicca]
Suggestion.MOD				CLASSES:Wizardry,Sorcery=2|Wizardry,Sorcery=3						PREMULT:1,[!PRECLASS:1,Classless,Point Buy],[PREFEAT:1,Basic Wizardry,Basic Sorcery]
Suggestion (Mass).MOD			CLASSES:Wizardry,Sorcery=5|Wizardry,Sorcery=6						PREMULT:1,[!PRECLASS:1,Classless,Point Buy],[PREFEAT:1,Basic Wizardry,Basic Sorcery]
Summon Instrument.MOD			CLASSES:Wizardry,Sorcery=0							PREMULT:1,[!PRECLASS:1,Classless,Point Buy],[PREFEAT:1,Basic Wizardry,Basic Sorcery]
Summon Monster I.MOD			CLASSES:Wizardry,Canonry,Sorcerer,Wizardry,Sorcery=1			PREMULT:1,[!PRECLASS:1,Classless,Point Buy],[PREFEAT:1,Basic Wizardry,Basic Sorcery,Advanced Canonry]
Summon Monster II.MOD			CLASSES:Wizardry,Canonry,Sorcerer,Wizardry,Sorcery=2			PREMULT:1,[!PRECLASS:1,Classless,Point Buy],[PREFEAT:1,Basic Wizardry,Basic Sorcery,Advanced Canonry]
Summon Monster III.MOD			CLASSES:Wizardry,Canonry,Sorcerer,Wizardry,Sorcery=3			PREMULT:1,[!PRECLASS:1,Classless,Point Buy],[PREFEAT:1,Basic Wizardry,Basic Sorcery,Advanced Canonry]
Summon Monster IV.MOD			CLASSES:Wizardry,Canonry,Sorcerer,Wizardry,Sorcery=4			PREMULT:1,[!PRECLASS:1,Classless,Point Buy],[PREFEAT:1,Basic Wizardry,Basic Sorcery,Advanced Canonry]
Summon Monster V.MOD			CLASSES:Wizardry,Canonry=5|Wizardry,Sorcery=5				PREMULT:1,[!PRECLASS:1,Classless,Point Buy],[PREFEAT:1,Basic Wizardry,Basic Sorcery,Advanced Canonry]
Summon Monster VI.MOD			CLASSES:Wizardry,Canonry=6|Wizardry,Sorcery=6				PREMULT:1,[!PRECLASS:1,Classless,Point Buy],[PREFEAT:1,Basic Wizardry,Basic Sorcery,Advanced Canonry]
Summon Monster VII.MOD			CLASSES:Canonry=7|Wizardry,Sorcery=7						PREMULT:1,[!PRECLASS:1,Classless,Point Buy],[PREFEAT:1,Advanced Wizardry,Advanced Sorcery,Advanced Canonry]
Summon Monster VIII.MOD			CLASSES:Canonry=8|Wizardry,Sorcery=8						PREMULT:1,[!PRECLASS:1,Classless,Point Buy],[PREFEAT:1,Advanced Wizardry,Advanced Sorcery,Advanced Canonry]
Summon Monster IX.MOD			CLASSES:Canonry=9|Wizardry,Sorcery=9						PREMULT:1,[!PRECLASS:1,Classless,Point Buy],[PREFEAT:1,Advanced Wizardry,Advanced Sorcery,Advanced Canonry]
Summon Nature's Ally I.MOD		CLASSES:Wicca ~ Advanced,Wicca=1					PREMULT:1,[!PRECLASS:1,Classless,Point Buy],[PREFEAT:1,Basic Wicca]
Summon Nature's Ally II.MOD		CLASSES:Wicca ~ Advanced,Wicca=2					PREMULT:1,[!PRECLASS:1,Classless,Point Buy],[PREFEAT:1,Basic Wicca]
Summon Nature's Ally III.MOD		CLASSES:Wicca ~ Advanced,Wicca=3					PREMULT:1,[!PRECLASS:1,Classless,Point Buy],[PREFEAT:1,Basic Wicca]
Summon Nature's Ally IV.MOD		CLASSES:Wicca ~ Advanced,Wicca=4					PREMULT:1,[!PRECLASS:1,Classless,Point Buy],[PREFEAT:1,Basic Wicca]
Summon Nature's Ally V.MOD		CLASSES:Wicca ~ Advanced=5						PREMULT:1,[!PRECLASS:1,Classless,Point Buy],[PREFEAT:1,Advanced Wicca]
Summon Nature's Ally VI.MOD		CLASSES:Wicca ~ Advanced=6						PREMULT:1,[!PRECLASS:1,Classless,Point Buy],[PREFEAT:1,Advanced Wicca]
Summon Nature's Ally VII.MOD		CLASSES:Wicca ~ Advanced=7						PREMULT:1,[!PRECLASS:1,Classless,Point Buy],[PREFEAT:1,Advanced Wicca]
Summon Nature's Ally VIII.MOD		CLASSES:Wicca ~ Advanced=8						PREMULT:1,[!PRECLASS:1,Classless,Point Buy],[PREFEAT:1,Advanced Wicca]
Summon Nature's Ally IX.MOD		CLASSES:Wicca ~ Advanced=9						PREMULT:1,[!PRECLASS:1,Classless,Point Buy],[PREFEAT:1,Advanced Wicca]
Summon Swarm.MOD				CLASSES:Wizardry,Wicca ~ Advanced=2|Wizardry,Sorcery=2			PREMULT:1,[!PRECLASS:1,Classless,Point Buy],[PREFEAT:1,Basic Wizardry,Basic Sorcery,Advanced Wicca]
Sunbeam.MOD					CLASSES:Wicca ~ Advanced=7						PREMULT:1,[!PRECLASS:1,Classless,Point Buy],[PREFEAT:1,Advanced Wicca]
Sunburst.MOD				CLASSES:Wicca ~ Advanced=8|Wizardry,Sorcery=8				PREMULT:1,[!PRECLASS:1,Classless,Point Buy],[PREFEAT:1,Advanced Wizardry,Advanced Sorcery,Advanced Wicca]
Symbol of Death.MOD			CLASSES:Canonry=8|Wizardry,Sorcery=8						PREMULT:1,[!PRECLASS:1,Classless,Point Buy],[PREFEAT:1,Advanced Wizardry,Advanced Sorcery,Advanced Canonry]
Symbol of Fear.MOD			CLASSES:Canonry=6|Wizardry,Sorcery=6						PREMULT:1,[!PRECLASS:1,Classless,Point Buy],[PREFEAT:1,Advanced Wizardry,Advanced Sorcery,Advanced Canonry]
Symbol of Insanity.MOD			CLASSES:Canonry=8|Wizardry,Sorcery=8						PREMULT:1,[!PRECLASS:1,Classless,Point Buy],[PREFEAT:1,Advanced Wizardry,Advanced Sorcery,Advanced Canonry]
Symbol of Pain.MOD			CLASSES:Canonry=5|Wizardry,Sorcery=5						PREMULT:1,[!PRECLASS:1,Classless,Point Buy],[PREFEAT:1,Advanced Wizardry,Advanced Sorcery,Advanced Canonry]
Symbol of Persuasion.MOD		CLASSES:Canonry=6|Wizardry,Sorcery=6						PREMULT:1,[!PRECLASS:1,Classless,Point Buy],[PREFEAT:1,Advanced Wizardry,Advanced Sorcery,Advanced Canonry]
Symbol of Sleep.MOD			CLASSES:Canonry=5|Wizardry,Sorcery=5						PREMULT:1,[!PRECLASS:1,Classless,Point Buy],[PREFEAT:1,Advanced Wizardry,Advanced Sorcery,Advanced Canonry]
Symbol of Stunning.MOD			CLASSES:Canonry=7|Wizardry,Sorcery=7						PREMULT:1,[!PRECLASS:1,Classless,Point Buy],[PREFEAT:1,Advanced Wizardry,Advanced Sorcery,Advanced Canonry]
Symbol of Weakness.MOD			CLASSES:Canonry=7|Wizardry,Sorcery=7						PREMULT:1,[!PRECLASS:1,Classless,Point Buy],[PREFEAT:1,Advanced Wizardry,Advanced Sorcery,Advanced Canonry]
Sympathetic Vibration.MOD		CLASSES:Wizardry,Sorcery=6							PREMULT:1,[!PRECLASS:1,Classless,Point Buy],[PREFEAT:1,Basic Wizardry,Basic Sorcery]
Sympathy.MOD				CLASSES:Wicca ~ Advanced=9|Wizardry,Sorcery=8				PREMULT:1,[!PRECLASS:1,Classless,Point Buy],[PREFEAT:1,Advanced Wizardry,Advanced Sorcery,Advanced Wicca]

###Block: TU

# Spell Name			Classes of caster						Multiple Requirements													Description						Source Page
Tasha's Hideous Laughter.MOD	CLASSES:Wizardry,Sorcery=1|Wizardry,Sorcery=2				PREMULT:1,[!PRECLASS:1,Classless,Point Buy],[PREFEAT:1,Basic Wizardry,Basic Sorcery]
Telekinesis.MOD			CLASSES:Wizardry,Sorcery=5					PREMULT:1,[!PRECLASS:1,Classless,Point Buy],[PREFEAT:1,Advanced Wizardry,Advanced Sorcery]
Teleport.MOD			CLASSES:Wizardry,Sorcery=5					PREMULT:1,[!PRECLASS:1,Classless,Point Buy],[PREFEAT:1,Advanced Wizardry,Advanced Sorcery]
Teleport (Greater).MOD		CLASSES:Wizardry,Sorcery=7					PREMULT:1,[!PRECLASS:1,Classless,Point Buy],[PREFEAT:1,Advanced Wizardry,Advanced Sorcery]
Teleport Object.MOD		CLASSES:Wizardry,Sorcery=7					PREMULT:1,[!PRECLASS:1,Classless,Point Buy],[PREFEAT:1,Advanced Wizardry,Advanced Sorcery]
Teleportation Circle.MOD	CLASSES:Wizardry,Sorcery=9					PREMULT:1,[!PRECLASS:1,Classless,Point Buy],[PREFEAT:1,Advanced Wizardry,Advanced Sorcery]
Temporal Stasis.MOD		CLASSES:Wizardry,Sorcery=8					PREMULT:1,[!PRECLASS:1,Classless,Point Buy],[PREFEAT:1,Advanced Wizardry,Advanced Sorcery]
Tenser's Floating Disk.MOD	CLASSES:Wizardry,Sorcery=1					PREMULT:1,[!PRECLASS:1,Classless,Point Buy],[PREFEAT:1,Advanced Wizardry,Advanced Sorcery]
Tenser's Transformation.MOD	CLASSES:Wizardry,Sorcery=6					PREMULT:1,[!PRECLASS:1,Classless,Point Buy],[PREFEAT:1,Advanced Wizardry,Advanced Sorcery]
Time Stop.MOD			CLASSES:Wizardry,Sorcery=9					PREMULT:1,[!PRECLASS:1,Classless,Point Buy],[PREFEAT:1,Advanced Wizardry,Advanced Sorcery]
Tongues.MOD				CLASSES:Wizardry,Sorcery=2|Wizardry,Sorcery=3|Canonry=4		PREMULT:1,[!PRECLASS:1,Classless,Point Buy],[PREFEAT:1,Basic Wizardry,Basic Sorcery,Advanced Canonry]
Touch of Fatigue.MOD		CLASSES:Wizardry,Sorcery=0					PREMULT:1,[!PRECLASS:1,Classless,Point Buy],[PREFEAT:1,Advanced Wizardry,Advanced Sorcery]
Touch of Idiocy.MOD		CLASSES:Wizardry,Sorcery=2					PREMULT:1,[!PRECLASS:1,Classless,Point Buy],[PREFEAT:1,Advanced Wizardry,Advanced Sorcery]
Transmute Metal to Wood.MOD	CLASSES:Wicca ~ Advanced=7				PREMULT:1,[!PRECLASS:1,Classless,Point Buy],[PREFEAT:1,Advanced Wicca]
Transmute Mud to Rock.MOD	CLASSES:Wicca ~ Advanced=5|Wizardry,Sorcery=5		PREMULT:1,[!PRECLASS:1,Classless,Point Buy],[PREFEAT:1,Advanced Wizardry,Advanced Sorcery,Advanced Wicca]
Transmute Rock to Mud.MOD	CLASSES:Wicca ~ Advanced=5|Wizardry,Sorcery=5		PREMULT:1,[!PRECLASS:1,Classless,Point Buy],[PREFEAT:1,Advanced Wizardry,Advanced Sorcery,Advanced Wicca]
Transport via Plants.MOD	CLASSES:Wicca ~ Advanced=6				PREMULT:1,[!PRECLASS:1,Classless,Point Buy],[PREFEAT:1,Advanced Wicca]
Trap the Soul.MOD			CLASSES:Wizardry,Sorcery=8					PREMULT:1,[!PRECLASS:1,Classless,Point Buy],[PREFEAT:1,Advanced Wizardry,Advanced Sorcery]
Tree Shape.MOD			CLASSES:Wicca ~ Advanced=2|Wicca=3			PREMULT:1,[!PRECLASS:1,Classless,Point Buy],[PREFEAT:1,Advanced Wicca,Basic Wicca]
Tree Stride.MOD			CLASSES:Wicca=4|Wicca ~ Advanced=5			PREMULT:1,[!PRECLASS:1,Classless,Point Buy],[PREFEAT:1,Basic Wicca]
True Resurrection.MOD		CLASSES:Canonry=9						PREMULT:1,[!PRECLASS:1,Classless,Point Buy],[PREFEAT:1,Advanced Canonry]
True Seeing.MOD			CLASSES:Canonry=5|Wizardry,Sorcery=6|Wicca ~ Advanced=7	PREMULT:1,[!PRECLASS:1,Classless,Point Buy],[PREFEAT:1,Advanced Wizardry,Advanced Sorcery,Advanced Canonry,Advanced Wicca]
True Strike.MOD			CLASSES:Wizardry,Sorcery=1					PREMULT:1,[!PRECLASS:1,Classless,Point Buy],[PREFEAT:1,Advanced Wizardry,Advanced Sorcery]
Undeath to Death.MOD		CLASSES:Canonry=6|Wizardry,Sorcery=6				PREMULT:1,[!PRECLASS:1,Classless,Point Buy],[PREFEAT:1,Advanced Wizardry,Advanced Sorcery,Advanced Canonry,Basic Canonry]
Undetectable Alignment.MOD	CLASSES:Wizardry,Sorcery=1|Canonry,Canonry ~ Basics=2	PREMULT:1,[!PRECLASS:1,Classless,Point Buy],[PREFEAT:1,Basic Wizardry,Basic Sorcery]
Unhallow.MOD			CLASSES:Canonry,Wicca ~ Advanced=5			PREMULT:1,[!PRECLASS:1,Classless,Point Buy],[PREFEAT:1,Advanced Wicca,Advanced Canonry]
Unholy Aura.MOD			CLASSES:Canonry=8						PREMULT:1,[!PRECLASS:1,Classless,Point Buy],[PREFEAT:1,Advanced Canonry]
Unseen Servant.MOD		CLASSES:Wizardry,Sorcery=1|Wizardry,Sorcery=1				PREMULT:1,[!PRECLASS:1,Classless,Point Buy],[PREFEAT:1,Basic Wizardry,Basic Sorcery]

###Block:VWZ

# Spell Name		Classes of caster							Multiple Requirements
Vampiric Touch.MOD	CLASSES:Wizardry,Sorcery=3						PREMULT:1,[!PRECLASS:1,Classless,Point Buy],[PREFEAT:1,Advanced Wizardry,Advanced Sorcery]
Veil.MOD			CLASSES:Wizardry,Sorcery=6						PREMULT:1,[!PRECLASS:1,Classless,Point Buy],[PREFEAT:1,Basic Wizardry,Basic Sorcery]
Ventriloquism.MOD		CLASSES:Wizardry,Sorcery=1						PREMULT:1,[!PRECLASS:1,Classless,Point Buy],[PREFEAT:1,Basic Wizardry,Basic Sorcery]
Virtue.MOD			CLASSES:Canonry,Wicca ~ Advanced=0|Canonry ~ Basics=1	PREMULT:1,[!PRECLASS:1,Classless,Point Buy],[PREFEAT:1,Basic Canonry,Advanced Wicca]
Vision.MOD			CLASSES:Wizardry,Sorcery=7						PREMULT:1,[!PRECLASS:1,Classless,Point Buy],[PREFEAT:1,Advanced Wizardry,Advanced Sorcery]
Wail of the Banshee.MOD	CLASSES:Wizardry,Sorcery=9						PREMULT:1,[!PRECLASS:1,Classless,Point Buy],[PREFEAT:1,Advanced Wizardry,Advanced Sorcery]
Wall of Fire.MOD		CLASSES:Wizardry,Sorcery=4|Wicca ~ Advanced=5			PREMULT:1,[!PRECLASS:1,Classless,Point Buy],[PREFEAT:1,Advanced Wizardry,Advanced Sorcery,Advanced Wicca]
Wall of Force.MOD		CLASSES:Wizardry,Sorcery=5						PREMULT:1,[!PRECLASS:1,Classless,Point Buy],[PREFEAT:1,Advanced Wizardry,Advanced Sorcery]
Wall of Ice.MOD		CLASSES:Wizardry,Sorcery=4						PREMULT:1,[!PRECLASS:1,Classless,Point Buy],[PREFEAT:1,Advanced Wizardry,Advanced Sorcery]
Wall of Iron.MOD		CLASSES:Wizardry,Sorcery=6						PREMULT:1,[!PRECLASS:1,Classless,Point Buy],[PREFEAT:1,Advanced Wizardry,Advanced Sorcery]
Wall of Stone.MOD		CLASSES:Canonry=5|Wizardry,Sorcery=5|Wicca ~ Advanced=6		PREMULT:1,[!PRECLASS:1,Classless,Point Buy],[PREFEAT:1,Advanced Wizardry,Advanced Sorcery,Advanced Canonry,Advanced Wicca]
Wall of Thorns.MOD	CLASSES:Wicca ~ Advanced=5					PREMULT:1,[!PRECLASS:1,Classless,Point Buy],[PREFEAT:1,Advanced Wicca]
Warp Wood.MOD		CLASSES:Wicca ~ Advanced=2					PREMULT:1,[!PRECLASS:1,Classless,Point Buy],[PREFEAT:1,Advanced Wicca]
Water Breathing.MOD	CLASSES:Canonry,Wicca ~ Advanced=3|Wizardry,Sorcery=3		PREMULT:1,[!PRECLASS:1,Classless,Point Buy],[PREFEAT:1,Advanced Wizardry,Advanced Sorcery,Advanced Canonry,Advanced Wicca]
Water Walk.MOD		CLASSES:Canonry,Wicca=3						PREMULT:1,[!PRECLASS:1,Classless,Point Buy],[PREFEAT:1,Basic Wicca,Advanced Canonry]
Waves of Exhaustion.MOD	CLASSES:Wizardry,Sorcery=7						PREMULT:1,[!PRECLASS:1,Classless,Point Buy],[PREFEAT:1,Advanced Wizardry,Advanced Sorcery]
Waves of Fatigue.MOD	CLASSES:Wizardry,Sorcery=5						PREMULT:1,[!PRECLASS:1,Classless,Point Buy],[PREFEAT:1,Advanced Wizardry,Advanced Sorcery]
Web.MOD			CLASSES:Wizardry,Sorcery=2						PREMULT:1,[!PRECLASS:1,Classless,Point Buy],[PREFEAT:1,Advanced Wizardry,Advanced Sorcery]
Weird.MOD			CLASSES:Wizardry,Sorcery=9						PREMULT:1,[!PRECLASS:1,Classless,Point Buy],[PREFEAT:1,Advanced Wizardry,Advanced Sorcery]
Whirlwind.MOD		CLASSES:Wicca ~ Advanced=8					PREMULT:1,[!PRECLASS:1,Classless,Point Buy],[PREFEAT:1,Advanced Wicca]
Whispering Wind.MOD	CLASSES:Wizardry,Sorcery=2						PREMULT:1,[!PRECLASS:1,Classless,Point Buy],[PREFEAT:1,Basic Wizardry,Basic Sorcery]
Wind Walk.MOD		CLASSES:Canonry=6|Wicca ~ Advanced=7			PREMULT:1,[!PRECLASS:1,Classless,Point Buy],[PREFEAT:1,Advanced Canonry,Advanced Wicca]
Wind Wall.MOD		CLASSES:Wicca=2|Canonry,Wicca ~ Advanced=3|Wizardry,Sorcery=3	PREMULT:1,[!PRECLASS:1,Classless,Point Buy],[PREFEAT:1,Advanced Wizardry,Advanced Sorcery,Basic Wicca,Advanced Canonry]
Wish.MOD			CLASSES:Wizardry,Sorcery=9						PREMULT:1,[!PRECLASS:1,Classless,Point Buy],[PREFEAT:1,Advanced Wizardry,Advanced Sorcery]
Wood Shape.MOD		CLASSES:Wicca ~ Advanced=2					PREMULT:1,[!PRECLASS:1,Classless,Point Buy],[PREFEAT:1,Advanced Wicca]
Word of Chaos.MOD		CLASSES:Canonry=7							PREMULT:1,[!PRECLASS:1,Classless,Point Buy],[PREFEAT:1,Advanced Canonry]
Word of Recall.MOD	CLASSES:Canonry=6|Wicca ~ Advanced=8			PREMULT:1,[!PRECLASS:1,Classless,Point Buy],[PREFEAT:1,Advanced Canonry,Advanced Wicca]
Zone of Silence.MOD	CLASSES:Wizardry,Sorcery=4						PREMULT:1,[!PRECLASS:1,Classless,Point Buy],[PREFEAT:1,Basic Wizardry,Basic Sorcery]
Zone of Truth.MOD		CLASSES:Canonry,Canonry ~ Basics=2				PREMULT:1,[!PRECLASS:1,Classless,Point Buy,Point Buy],[PREFEAT:1,Basic Canonry]


