# CVS $Revision: $ $Author: $ -- Sun Jul 17 22:08:53 2011 -- reformated by prettylst.pl v1.39 (build 11455)
SOURCELONG:Is This It	SOURCESHORT:Is This It	SOURCEDATE:2007-03
##ARCANA TRANSCENDENCE - FEATS LIMITED
# Feat Name						Unique Key					Output Name						Type					Visible		Required Ability									Req. Att.	Required Class						Required Feat						Required Lvl	Multiple Requirements											Required Race					Req. Special Ability		Minimum Size	Required Skill				Required Stat				Required Template		Required Text								Serves As																	Special ABility				Define				Description																											Stackable?	Multiple?	Choose																	Selections	Template		Automatically Gained Armor Prof.	Virtual Feat																																	Bonus to Ability Pool				Combat bonus				Bonus to DC			Add to base move			Bonus to skill									Stat bonus		Modify VAR					Weapon prof. bonus			Temporary effect description
Arcane Strike																		CATEGORY:FEAT	TYPE:Mage Blade			VISIBLE:NO															PRECLASS:1,Mage Blade=1																																																																																									SAB:Damage a foe's SR with athame.						DESC:Damage a foe's SR with athame.
Athame Retort																		CATEGORY:FEAT	TYPE:Mage Blade																			PRECLASS:1,Mage Blade=10																																				PRESA:1,Athame Defense																																																												DESC:An athame strikes those who take attacks of class ability, Combat Reflexes opportunity against you.
Born to the Blade																		CATEGORY:FEAT	TYPE:Mage Blade.Talent																		PRECLASS:1,Mage Blade=1																																																													PRETEXT:Max Level 1																																				DESC:Gain a +2 bonus on initiative and +1 bonus on save DCs.																																																																																													BONUS:COMBAT|INITIATIVE|2		BONUS:DC|ALLSPELLS|1
Improved Athame Defense																	CATEGORY:FEAT	TYPE:Mage Blade																			PRECLASS:1,Mage Blade=1																																					PRESA:1,Athame Defense																																																												DESC:Cast without provoking attacks of opportunity while using athame.
Improved Spell Parry																	CATEGORY:FEAT	TYPE:Mage Blade																			PRECLASS:1,Mage Blade=1																																					PRESA:1,Spell Parry																																																												DESC:Deflect a parried spell to hit your foe.
Improved Sprightly Step																	CATEGORY:FEAT	TYPE:Mage Blade																			PRECLASS:1,Mage Blade=1																																					PRESA:1,Sprightly Step																																																												DESC:Use abilities that function in no armor or light armor in medium armor.
Mage Blade Strike																		CATEGORY:FEAT	TYPE:Mage Blade.Ceremonial																	PRECLASS:1,Mage Blade=1																																																																																																				DESC:Store a spell within your athame.
Mage Blade's Torrent																	CATEGORY:FEAT	TYPE:Mage Blade.Ceremonial																	PRECLASS:1,Mage Blade=1,SPELLCASTER=10		PREFEAT:1,Mage Blade Strike																																																																																											DESC:Replace one attack with a spell.
Searing Shield																		CATEGORY:FEAT	TYPE:Mage Blade.Ceremonial																	PRECLASS:1,Mage Blade=1																																					PRESA:1,Shimmering Shield																																																											DESC:A shimmering shield damages foes.
Superior Athame Defense																	CATEGORY:FEAT	TYPE:Mage Blade						PREABILITY:1,CATEGORY=Special Ability,Improved Athame Defense			PRECLASS:1,Mage Blade=1																																																																																																				DESC:You cannot be flanked while holding your athame.

###ARCANA EVOLVED
#NAME							CATEGORY:FEAT	TYPE:			PRE
Ability Focus					KEY:Ability Focus_AE										CATEGORY:FEAT	TYPE:General																																																																																			PRETEXT:Special ability that requires a saving throw																															DESC:+2 to the DC for saves against focused ability
Aid Spellcasting																		CATEGORY:FEAT	TYPE:General																			PRECLASS:1,SPELLCASTER=1																																																		PRESTAT:2,INT=15,CHA=15																																														DESC:Add +1 bonus to ally's spell DC or caster level																																																																																																																																								TEMPDESC:Ability to cast spells
Armor Proficiency (Exotic)																CATEGORY:FEAT	TYPE:General																																						PREMULT:1,[PREPROFWITHARMOR:1,TYPE.Heavy],[PREFEAT:1,Armor Proficiency (Heavy)]																																																																							DESC:No armor check penalty on attack rolls																																																AUTO:ARMORPROF|ARMORTYPE=Exotic
Bite																				CATEGORY:FEAT	TYPE:General																																																				PRERACE:1,Dracha,Litorian,Mojh,Sibeccai																																																																DESC:Use bite as a weapon
Bloody Strike																		CATEGORY:FEAT	TYPE:General																	PREATT:5																																																																																																								DESC:Foe loses 1 hp per round
Compensate for Size																	CATEGORY:FEAT	TYPE:General																																																																									PRESTAT:1,DEX=13																																															DESC:+1 to AC and attack rolls against larger foes
Complex Spell																		CATEGORY:FEAT	TYPE:General																			PRECLASS:1,SPELLCASTER=1																																												PRESKILL:1,Spellcraft=4			PRESTAT:1,INT=11																																															DESC:Caster can ready complex spells of one spell level																			STACK:YES	MULT:YES	CHOOSE:NOCHOICE																																																														BONUS:ABILITYPOOL|Complex Spell MP|1
Conjure Mastery																		CATEGORY:FEAT	TYPE:General																			PRECLASS:1,SPELLCASTER=7																																																		PRESTAT:1,CHA=17																																															DESC:Summoned creatures gain +2 bonus to Strength, Dexterity, and Constitution
Defensive Move																		CATEGORY:FEAT	TYPE:General																																																																									PRESTAT:1,DEX=13																																															DESC:+4 Dodge bonus to AC against ranged attacks
Defensive Stance					KEY:Defensive Stance ~ Malhavoc								CATEGORY:FEAT	TYPE:General																																																																									PRESTAT:1,DEX=13																																															DESC:+1 dodge bonus to AC against all melee attacks
Empower Spell-Like Ability																CATEGORY:FEAT	TYPE:General																																																																																			PRETEXT:Spell-like ability at caster level 6th or higher																														DESC:Use one ability as an empowered spell-like ability three times per day
Exotic Spell																		CATEGORY:FEAT	TYPE:General																			PRECLASS:1,SPELLCASTER=1																																																																																																			DESC:Caster can ready one exotic spell
Expertise																			CATEGORY:FEAT	TYPE:General																																																																									PRESTAT:1,INT=13																																															DESC:Trade attack bonus for AC (maximum 5 points)
First Strike																		CATEGORY:FEAT	TYPE:General																																																																									PRESTAT:1,DEX=13																																															DESC:+1d6 damage bonus against flat-footed foes
Flail Defense																		CATEGORY:FEAT	TYPE:General																																																																									PRESTAT:1,DEX=13																																															DESC:Negate parry penalty and gain +1 parry bonus to AC Improved Bull Rush General Strength 13, Power Attack +4 bonus on bull rush attempts; no attack of opportunity
#Improved Disarm												CATEGORY:FEAT	TYPE:General																											PREFEAT:1,Expertise																																											PRESTAT:1,INT=13																																																	DESC:+4 bonus on disarm attempts; no attack of opportunity
#Improved Trip												CATEGORY:FEAT	TYPE:General																											PREFEAT:1,Expertise																																											PRESTAT:1,INT=13																																																	DESC:+4 bonus on trip attempts; no attack of opportunity
Low Blow																			CATEGORY:FEAT	TYPE:General																	PREATT:3																																																																																																								DESC:Foe dazed 1 round
Modify Combat Style																	CATEGORY:FEAT	TYPE:General																	PREATT:7																																																																																																								DESC:+2 competence bonus to attack rolls against one foe
Modify Spell																		CATEGORY:FEAT	TYPE:General.Metamagic		VISIBLE:DISPLAY														PRECLASS:1,SPELLCASTER=1																																																																						SERVESAS:FEAT|Empower Spell|Enlarge Spell|Extend Spell|Heighten Spell|Silent Spell|Still Spell|Widen Spell												DESC:Choose a modification - Increase Power, Double Range, Double Duration, No Verbal Component, No Somatic Components, Double Area Or Number Of Targets																																				VFEAT:Modify Spell ~ Double Area or Targets|Modify Spell ~ Double Duration|Modify Spell ~ Double Range|Modify Spell ~ Increase Power|Modify Spell ~ No Somatic Components|Modify Spell ~ No Verbal Component
###
Modify Spell ~ Increase Power																CATEGORY:FEAT					VISIBLE:EXPORT																						PREFEAT:1,Modify Spell																																																																																												DESC:[Lv+2] All the variables, numeric effects increase by one-half. Saving throws and opposed rolls (such as caster power checks) are not affected.
Modify Spell ~ Double Range																CATEGORY:FEAT					VISIBLE:EXPORT																						PREFEAT:1,Modify Spell																																																																																												DESC:[Lv+1] If the range determines its area or effect, the dimensions of its area or effect increase proportionally.
Modify Spell ~ Double Duration															CATEGORY:FEAT					VISIBLE:EXPORT																						PREFEAT:1,Modify Spell																																																																																												DESC:[Lv+1] Durations of Concentration, Instantaneous, or Permanent are not affected.
Modify Spell ~ No Verbal Component															CATEGORY:FEAT					VISIBLE:EXPORT																						PREFEAT:1,Modify Spell																																																																																												DESC:[Lv+1] Spell can be cast with no verbal components.
Modify Spell ~ No Somatic Components														CATEGORY:FEAT					VISIBLE:EXPORT																						PREFEAT:1,Modify Spell																																																																																												DESC:[Lv+1] Spell can be cast without gestures or movements.
Modify Spell ~ Double Area or Targets														CATEGORY:FEAT					VISIBLE:EXPORT																						PREFEAT:1,Modify Spell																																																																																												DESC:[Lv+3] Touch spells cannot be affected.
###	#DESC:Laden spell has additional power
Paralyzing Blow																		CATEGORY:FEAT	TYPE:General																	PREATT:15																																																																																																								DESC:Foe paralyzed for 1 round
Power Charge																		CATEGORY:FEAT	TYPE:General																											PREFEAT:1,Power Attack																																											PRESTAT:1,STR=13																																															DESC:Inflict double damage on a charge attack
Rapid Strike																		CATEGORY:FEAT	TYPE:General																	PREATT:3									PREFEAT:1,Weapon Focus																																											PRESTAT:1,DEX=15																																															DESC:With your chosen weapon, as part of a Full Attack, you may make one extra melee attack at Half your base attack bonus once per day per level.
Speed Burst																			CATEGORY:FEAT	TYPE:General																																																																																																																					DEFINE:SpeedburstTimes|0	DESC:You can take an extra move action %1 times per day|SpeedburstTimes																																																																																																																									BONUS:VAR|SpeedburstTimes|TL/2

#Speed Burst2												CATEGORY:FEAT	TYPE:General																																																																																																																																																																									DESC:You can take an extra move action %1 times per day [once per day per two levels]|SpeedburstTimes	DEFINE:SpeedburstTimes|0	BONUS:VAR|SpeedburstTimes|HD/2
#Speed Burst3												CATEGORY:FEAT	TYPE:General																																																																																																																																																																									DESC:You can take an extra move action %1 times per day [once per day per two levels]|SpeedburstTimes	DEFINE:SpeedburstTimes|0		BONUS:VAR|SpeedburstTimes|TL/2

Stomp																				CATEGORY:FEAT	TYPE:General																																																																PRESIZEGTEQ:L							PRESTAT:1,STR=19																																															DESC:Smaller characters within 10 feet fall prone
Stunning Blow																		CATEGORY:FEAT	TYPE:General																	PREATT:6																																																																																																								DESC:Foe is stunned for 1 round
Sturdy																			CATEGORY:FEAT	TYPE:General																																																																																																																										DESC:Doubles Constitution bonus to hp for one level
Tough Hide																			CATEGORY:FEAT	TYPE:General																																																																																			PRETEXT:Must have a natural armor class at least one.																															DESC:Natural armor improves by +1 bonus
Trample						KEY:Trample_AE											CATEGORY:FEAT	TYPE:General																																																																																			PRETEXT:Either Mounted Combat or at least size Large																															DESC:Opponent cannot attempt to avoid overrun
#Two-Weapon Fighting
Two-Weapon Fighting (Massive)																CATEGORY:FEAT	TYPE:General																	PREATT:7									PREFEAT:1,Two-Weapon Fighting																																										PRESTAT:1,STR=17																																															DESC:Use any one-handed weapon as off-hand weapon
Unarmed Strike (Defensive)									OUTPUTNAME:Unarmed Strike, Defensive*	CATEGORY:FEAT	TYPE:General																																																																																																																										DESC:Unarmed character is considered armed; ?2 penalty to attack rolls, +2 dodge bonus to AC
Unarmed Strike (Mighty)										OUTPUTNAME:Unarmed Strike, Mighty*		CATEGORY:FEAT	TYPE:General																																																																																																																										DESC:Unarmed character is considered armed; ?2 penalty to AC, +2 bonus to damage

Attune to Magic Item																	CATEGORY:FEAT	TYPE:Ceremonial																																																																									PRESTAT:1,WIS=13				PRETEMPLATE:1,Truename																																								DESC:Learn function of magic item
Battle Mage																			CATEGORY:FEAT	TYPE:Ceremonial																																																																															PRETEMPLATE:1,Truename																																								DESC:+2 bonus to casting defensively; war template
Blessed Mage																		CATEGORY:FEAT	TYPE:Ceremonial																																																																															PRETEMPLATE:1,Truename																																								DESC:Cure spells +1 caster level; blessed template
Blood as Power																		CATEGORY:FEAT	TYPE:Ceremonial																			PRECLASS:1,SPELLCASTER=1																																																		PRESTAT:1,WIS=17				PRETEMPLATE:1,Truename																																								DESC:Three times per day, caster can spend 6 hp per spell level to cast spell
Bonded Item																			CATEGORY:FEAT	TYPE:Ceremonial																																																																															PRETEMPLATE:1,Truename																																								DESC:+1 on attempt to use one specific item
Brandish Magical Might																	CATEGORY:FEAT	TYPE:Ceremonial																			PRECLASS:1,SPELLCASTER=3,Psychic=3,Psion=3																																															PRESTAT:1,CHA=17,INT=17,WIS=17	PRETEMPLATE:1,Truename																																								DESC:Add ability score bonus to spell resistance checks
Chi-Julud																			CATEGORY:FEAT	TYPE:Ceremonial																																																				PRERACE:1,Giant																			PRESTAT:2,WIS=13,CHA=13			PRETEMPLATE:1,Truename																																								DESC:Wisdom modifier adds to Strength, Charisma modifier adds to Constitution
Corrupt Mage																		CATEGORY:FEAT	TYPE:Ceremonial																																																																															PRETEMPLATE:1,Truename																																								DESC:Special access to negative energy spells; corrupt template
Creator Mage																		CATEGORY:FEAT	TYPE:Ceremonial																			PRECLASS:1,SPELLCASTER=9																																																		PRESTAT:1,INT=17				PRETEMPLATE:1,Truename																																								DESC:Permanency or programmed template
Crippling Strike																		CATEGORY:FEAT	TYPE:Ceremonial																																																											PRESA:1,Sneak Attack											PRESTAT:1,INT=17				PRETEMPLATE:1,Truename																																								DESC:Deal 1 point of Strength damage with sneak attack
Defensive Roll																		CATEGORY:FEAT	TYPE:Ceremonial																																																																									PRESTAT:1,WIS=13				PRETEMPLATE:1,Truename																																								DESC:Avoid being reduced to 0 hp or below once per day
Dragon Mage																			CATEGORY:FEAT	TYPE:Ceremonial																																						PREMULT:1,[PRESKILL:1,Knowledge (Dragon)=5],[PRERACE:1,Dragon]																															PRETEMPLATE:1,Truename																																								DESC:Special access to dragon spells; dragon template
Eldritch Training																		CATEGORY:FEAT	TYPE:Ceremonial																																																																									PRESTAT:1,INT=15				PRETEMPLATE:1,Truename																																								DESC:+1 bonus to Spellcraft and Knowledge (magic) checks; eldritch template																																								TEMPLATE:Eldritch																																																																BONUS:SKILL|Spellcraft,Knowledge (Magic),Knowledge (Arcana)|1
Elemental Mage																		CATEGORY:FEAT	TYPE:Ceremonial																																																																															PRETEMPLATE:1,Truename																																								DESC:Special access to spells of one element;elemental template
Energy Mage																			CATEGORY:FEAT	TYPE:Ceremonial																																																																															PRETEMPLATE:1,Truename																																								DESC:Special access to spells of one energy;energy template
Fey Mage																			CATEGORY:FEAT	TYPE:Ceremonial																																																																			PRESKILL:1,Knowledge (Faen)=5								PRETEMPLATE:1,Truename																																								DESC:Special access to faen spells; faen template or must be a faen
Fleet of Foot - Malhavoc									OUTPUTNAME:Fleet of Foot			CATEGORY:FEAT	TYPE:Ceremonial																																																																															PRETEMPLATE:1,Truename																																								DESC:+10 feet bonus to ground speed																																																																																																												BONUS:MOVEADD|TYPE.Walk|10
Focused Healing																		CATEGORY:FEAT	TYPE:Ceremonial																																																																									PRESTAT:1,WIS=11				PRETEMPLATE:1,Truename																																								DESC:Heal self 2 hp per level once per day
Giantish Mage																		CATEGORY:FEAT	TYPE:Ceremonial																																						PREMULT:1,[PRESKILL:1,Knowledge (Giant)=5],[PRERACE:1,Giant]																															PRETEMPLATE:1,Truename																																								DESC:Special access to giant spells; giant template
Hands as Weapons																		CATEGORY:FEAT	TYPE:Ceremonial																																																																															PRETEMPLATE:1,Truename																																								DESC:Hands can hold magical weapon abilities
Hunter Mage																			CATEGORY:FEAT	TYPE:Ceremonial																																																																															PRETEMPLATE:1,Truename																																								DESC:+2 bonus to Survival checks and +1 damage rolls against enemy; enemy bane template
Infuse Weapon																		CATEGORY:FEAT	TYPE:Ceremonial																	PREATT:4									PREFEAT:2,Weapon Focus,Weapon Specialization																																													PRETEMPLATE:1,Truename																																								DESC:Grant +1d6 points of elemental damage to weapon
Intuitive Sense																		CATEGORY:FEAT	TYPE:Ceremonial																																																																															PRETEMPLATE:1,Truename																																								DESC:Keep Dexterity bonus to AC when flat footed|!PREFEAT:1,Intuitive Sense Tier ~ 2
#Intuitive Sense Tier ~ 2		OUTPUTNAME:Intuitive Sense			CATEGORY:FEAT	TYPE:Ceremonial	PRETEMPLATE:1,Truename	PREFEAT:1,Intuitive Sense	PRELEVEL:18																																																																																																																																																														DESC:Can't be flanked
Iron Flesh												OUTPUTNAME:Iron Flesh				CATEGORY:FEAT	TYPE:Ceremonial																																																																															PRETEMPLATE:1,Truename																																			DEFINE:IronFleshBonus|0		DESC:+%1 natural armor bonus to AC|IronFleshBonus																																																																																															BONUS:COMBAT|AC|1|TYPE=NaturalArmor																								BONUS:VAR|IronFleshBonus|1
Iron Flesh ~ Tier 2										OUTPUTNAME:Iron Flesh				CATEGORY:FEAT	TYPE:Ceremonial																											PREFEAT:1,Iron Flesh					PRELEVEL:MIN=18																																																																																																																																																																																												BONUS:COMBAT|AC|2|TYPE=NaturalArmor																								BONUS:VAR|IronFleshBonus|1
Litorian Mage																		CATEGORY:FEAT	TYPE:Ceremonial																																						PREMULT:1,[PRESKILL:1,Knowledge (Litorian)=5],[PRERACE:1,Litorian]																														PRETEMPLATE:1,Truename																																								DESC:Special access to litorian spells; litorian template
Mighty Hurl																			CATEGORY:FEAT	TYPE:Ceremonial																																																																															PRETEMPLATE:1,Truename																																								DESC:Ignore first range increment with thrown weapon; +1 damage with thrown weapons
Mirror Sight																		CATEGORY:FEAT	TYPE:Ceremonial																			PRECLASS:1,SPELLCASTER=1																																																		PRESTAT:1,CHA=19				PRETEMPLATE:1,Truename																																								DESC:Use mirror to see other places
Opportunist																			CATEGORY:FEAT	TYPE:Ceremonial																																																																									PRESTAT:1,INT=15				PRETEMPLATE:1,Truename																																								DESC:Make attack of opportunity against foe another strikes
Peaceful Mage																		CATEGORY:FEAT	TYPE:Ceremonial																																																																									PRESTAT:1,WIS=13				PRETEMPLATE:1,Truename																																								DESC:+1 caster level to all spells that do not cause harm;subdual template
Power of the Name																		CATEGORY:FEAT	TYPE:Ceremonial																																																																									PRESTAT:1,INT=17				PRETEMPLATE:1,Truename																																								DESC:Use Truename to compel another's action
Priest																			CATEGORY:FEAT	TYPE:Ceremonial																																																																			PRESKILL:1,Knowledge (Religion)=1	PRESTAT:1,WIS=11				PRETEMPLATE:1,Truename																																								DESC:+2 bonus to Bluff, Diplomacy, Intimidate and Gather Information checks involving religion
Psion																				CATEGORY:FEAT	TYPE:Ceremonial																																																																									PRESTAT:1,INT=15				PRETEMPLATE:1,Truename																																								DESC:Special access to psionic spells; psionic template
Quicken Spell ~ MP										OUTPUTNAME:Quicken Spell			CATEGORY:FEAT	TYPE:Ceremonial																			PRECLASS:1,SPELLCASTER=10																																																		PRESTAT:1,INT=15				PRETEMPLATE:1,Truename																																								DESC:Three times per day cast spell much more quickly.
#Rapid Reload												CATEGORY:FEAT	TYPE:Ceremonial																	PREATT:3									PREFEAT:1,Weapon Focus																																											PRESTAT:1,DEX=15				PRETEMPLATE:1,Truename																																										DESC:Reload weapon faster or gain additional ranged attack once per day per level
Resistant Spell																		CATEGORY:FEAT	TYPE:Ceremonial																			PRECLASS:1,SPELLCASTER=7																																																		PRESTAT:1,INT=17				PRETEMPLATE:1,Truename																																								DESC:+2 bonus to DC to dispel spells
Ritual Combat																		CATEGORY:FEAT	TYPE:Ceremonial																																																																									PRESTAT:1,WIS=11				PRETEMPLATE:1,Truename																																								DESC:Use three 1st-rank combat rites per day
Runecaster																			CATEGORY:FEAT	TYPE:Ceremonial																																																																			PRESKILL:1,Knowledge (Runes)=1							PRETEMPLATE:1,Truename																																								DESC:Use Knowledge (runes) rather than Spellcraft; runic template
Sanctum																			CATEGORY:FEAT	TYPE:Ceremonial																																																																															PRETEMPLATE:1,Truename																																								DESC:+2 bonus to some skill checks made in sanctum; sanctum template
Sense the Unseen																		CATEGORY:FEAT	TYPE:Ceremonial																																																																															PRETEMPLATE:1,Truename																																								DESC:Reroll miss chances when attacking unseen foe
Sibeccai Mage																		CATEGORY:FEAT	TYPE:Ceremonial																																																																			PRESKILL:1,Knowledge (Sibeccai)=5							PRETEMPLATE:1,Truename																																								DESC:Special access to sibeccai spells; sibeccai template or must be a sibeccai
Skill Application																		CATEGORY:FEAT	TYPE:Ceremonial																																																																															PRETEMPLATE:1,Truename																																								DESC:+2 bonus to two related skills
Skill Mastery																		CATEGORY:FEAT	TYPE:Ceremonial																																			PRELEVEL:MIN=6																																										PRETEMPLATE:1,Truename																																								DESC:Take 10 on three skills despite circumstances
Slippery Mind																		CATEGORY:FEAT	TYPE:Ceremonial																																																																															PRETEMPLATE:1,Truename																																								DESC:Reroll saving throws against enchantments
Tattooed Spell																		CATEGORY:FEAT	TYPE:Ceremonial																																																																															PRETEMPLATE:1,Truename																																								DESC:Store spell in a tattoo																								STACK:YES	MULT:YES	CHOOSE:SPELLS|SPELLTYPE=Arcane,SPELLTYPE=Divine[KNOWN=YES]									SELECT:1
Title																				CATEGORY:FEAT	TYPE:Ceremonial																																			PRELEVEL:MIN=9																																										PRETEMPLATE:1,Truename																																								DESC:+1 inherent bonus to Charisma																																																																																																																												BONUS:STAT|CHA|1
Unraveling Mage																		CATEGORY:FEAT	TYPE:Ceremonial																			PRECLASS:1,SPELLCASTER=10																																																		PRESTAT:1,INT=17				PRETEMPLATE:1,Truename																																								DESC:+2 bonus to caster power checks when dispelling; unraveling template
Weapon Specialization				KEY:Weapon Specialization AE									CATEGORY:FEAT	TYPE:Ceremonial																	PREATT:4									PREFEAT:1,Weapon Focus																																																	PRETEMPLATE:1,Truename																																								DESC:+2 bonus to damage rolls with one weapon																							MULT:YES	CHOOSE:WEAPONPROFICIENCY|FEAT=Weapon Focus														SELECT:1																																																																																							BONUS:WEAPONPROF=%LIST|DAMAGE|2
Wild Mage																			CATEGORY:FEAT	TYPE:Ceremonial																																																																															PRETEMPLATE:1,Truename																																								DESC:Target of spell must make two saves; wild template

Craft Charged Item																	CATEGORY:FEAT	TYPE:ItemCreation																			PRECLASS:1,SPELLCASTER=5																																																																																																			DESC:Create charged magic items
Craft Constant Item																	CATEGORY:FEAT	TYPE:ItemCreation																			PRECLASS:1,SPELLCASTER=12																																																																																																			DESC:Create constant magic items
Craft Single-Use Item																	CATEGORY:FEAT	TYPE:ItemCreation																			PRECLASS:1,SPELLCASTER=3																																																																																																			DESC:Create single-use magic items
Craft Spell-Completion Item																CATEGORY:FEAT	TYPE:ItemCreation																			PRECLASS:1,SPELLCASTER=1																																																																																																			DESC:Create spell-completion magic items

Affinity With Skill																	CATEGORY:FEAT	TYPE:Talent																																																																																				PRETEXT:Max Level 1																																				DESC:+4 bonus to one specific skill																									MULT:YES	CHOOSE:SKILL|TYPE=Charisma|TYPE=Constitution|TYPE=Dexterity|TYPE=Intelligence|TYPE=Strength|TYPE=Wisdom	SELECT:1																																																																			BONUS:SKILL|LIST|4
Ambidexterity																		CATEGORY:FEAT	TYPE:Talent																																																																										PRESTAT:1,DEX=15								PRETEXT:Max Level 1																																				DESC:Ignore off-hand penalties
Born Hero																			CATEGORY:FEAT	TYPE:Talent																																																																																				PRETEXT:Max Level 1																																				DESC:Extra hero points
Born Leader																			CATEGORY:FEAT	TYPE:Talent																																																																																				PRETEXT:Max Level 1																																				DESC:+4 bonus to Diplomacy checks; +1 to compulsion DCs
Defensive																			CATEGORY:FEAT	TYPE:Talent																																																																																				PRETEXT:Max Level 1																																				DESC:+1 dodge bonus to AC, ?1 to all attacks
Eidetic Memory																		CATEGORY:FEAT	TYPE:Talent																																																																																				PRETEXT:Max Level 1																																				DESC:+1 bonus to all Knowledge skills; +4 to Intelligence checks																																																																																																												BONUS:SKILL|TYPE.Knowledge|1
Elemental Resistance																	CATEGORY:FEAT	TYPE:Talent																																																																																				PRETEXT:Max Level 1																																				DESC:Resistance 5 versus one element
Energy Resistance																		CATEGORY:FEAT	TYPE:Talent																																																																																				PRETEXT:Max Level 1																																				DESC:Resistance 5 versus one energy type
Fast Healer																			CATEGORY:FEAT	TYPE:Talent																																																																																				PRETEXT:Max Level 1																																				DESC:Heal naturally 1.5 times faster than normal
Light Sleeper																		CATEGORY:FEAT	TYPE:Talent																																																																																				PRETEXT:Max Level 1																																				DESC:Make Listen checks while asleep as if awake
Natural Archer																		CATEGORY:FEAT	TYPE:Talent																																																																																				PRETEXT:Max Level 1																																				DESC:+1 attack bonus with bows, +1 AC bonus against bows
Natural Swordsman																		CATEGORY:FEAT	TYPE:Talent																																																																																				PRETEXT:Max Level 1																																				DESC:+1 attack bonus with swords, +1 AC bonus against swords
Night Owl																			CATEGORY:FEAT	TYPE:Talent																																																																																				PRETEXT:Max Level 1																																				DESC:+1 bonus to attacks, saves, and checks at night
Resistance to Disease																	CATEGORY:FEAT	TYPE:Talent																																																																																				PRETEXT:Max Level 1																																				DESC:+4 bonus to saves against disease
Resistance to Magic																	CATEGORY:FEAT	TYPE:Talent																																																																																				PRETEXT:Max Level 1																																				DESC:+1 bonus to saves against magic
Resistance to Poison																	CATEGORY:FEAT	TYPE:Talent																																																																																				PRETEXT:Max Level 1																																				DESC:+4 bonus to saves against poison
Sensitive						KEY:Sensitive_AE											CATEGORY:FEAT	TYPE:Talent																																																																																				PRETEXT:Max Level 1																																				DESC:50%% chance to sense magic
Signature Spell																		CATEGORY:FEAT	TYPE:Talent																																							PREMULT:2,[PRETEXT:Max Level 1],[PRECLASS:1,SPELLCASTER=1]																																																																											DESC:Cast one spell as if two levels higher than normal
Spell Affinity																		CATEGORY:FEAT	TYPE:Talent																																							PREMULT:2,[PRETEXT:Max Level 1],[PRECLASS:1,SPELLCASTER=1]																																																																											DESC:One spell becomes one level lower
Spell Artist																		CATEGORY:FEAT	TYPE:Talent																																							PREMULT:2,[PRETEXT:Max Level 1],[PRECLASS:1,SPELLCASTER=1]																																																																											DESC:Spells difficult to identify or counterspell
Unique Spell																		CATEGORY:FEAT	TYPE:Talent																																							PREMULT:2,[PRETEXT:Max Level 1],[PRECLASS:1,SPELLCASTER=1]																																																																											DESC:Develop a new spell
The Voice																			CATEGORY:FEAT	TYPE:Talent																																																																																				PRETEXT:Max Level 1																																				DESC:+1 bonus to Bluff, Diplomacy, Gather Information checks; +2 bonus to Perform (storytelling) checks
Way With Animals																		CATEGORY:FEAT	TYPE:Talent																																																																																				PRETEXT:Max Level 1																																				DESC:Apply Charisma skills to animals
Wealthy																			CATEGORY:FEAT	TYPE:Talent																																																																																				PRETEXT:Max Level 1																																				DESC:Start with double maximum starting cash

###
Armor Proficiency (Heavy).MOD																CATEGORY:FEAT	TYPE:Mage Blade
Armor Proficiency (Medium).MOD															CATEGORY:FEAT	TYPE:Mage Blade
Bloody Strike.MOD																		CATEGORY:FEAT	TYPE:Mage Blade
Bonded Item.MOD																		CATEGORY:FEAT	TYPE:Mage Blade
Combat Reflexes.MOD																	CATEGORY:FEAT	TYPE:Mage Blade
Complex Spell.MOD																		CATEGORY:FEAT	TYPE:Mage Blade
Defensive Move.MOD																	CATEGORY:FEAT	TYPE:Mage Blade
Mobility.MOD																		CATEGORY:FEAT	TYPE:Mage Blade
Defensive Stance ~ Malhavoc.MOD															CATEGORY:FEAT	TYPE:Mage Blade
Unarmed Strike (Defensive).MOD															CATEGORY:FEAT	TYPE:Mage Blade
Expertise.MOD																		CATEGORY:FEAT	TYPE:Mage Blade
Improved Disarm.MOD																	CATEGORY:FEAT	TYPE:Mage Blade
Improved Trip.MOD																		CATEGORY:FEAT	TYPE:Mage Blade
Armor Proficiency (Exotic).MOD															CATEGORY:FEAT	TYPE:Mage Blade
Exotic Weapon Proficiency.MOD																CATEGORY:FEAT	TYPE:Mage Blade
Exotic Spell.MOD																		CATEGORY:FEAT	TYPE:Mage Blade
Hunter Mage.MOD																		CATEGORY:FEAT	TYPE:Mage Blade
Improved Critical.MOD																	CATEGORY:FEAT	TYPE:Mage Blade
Improved Initiative.MOD																	CATEGORY:FEAT	TYPE:Mage Blade
Modify Spell.MOD																		CATEGORY:FEAT	TYPE:Mage Blade
Point Blank Shot.MOD																	CATEGORY:FEAT	TYPE:Mage Blade
Far Shot.MOD																		CATEGORY:FEAT	TYPE:Mage Blade
Precise Shot.MOD																		CATEGORY:FEAT	TYPE:Mage Blade
Shot on the Run.MOD																	CATEGORY:FEAT	TYPE:Mage Blade
Psion.MOD																			CATEGORY:FEAT	TYPE:Mage Blade
Quick Draw.MOD																		CATEGORY:FEAT	TYPE:Mage Blade
Rapid Strike.MOD																		CATEGORY:FEAT	TYPE:Mage Blade
Stunning Blow.MOD																		CATEGORY:FEAT	TYPE:Mage Blade
Two Weapon Fighting.MOD																	CATEGORY:FEAT	TYPE:Mage Blade
Weapon Finesse.MOD																	CATEGORY:FEAT	TYPE:Mage Blade
Weapon Focus.MOD																		CATEGORY:FEAT	TYPE:Mage Blade
