# CVS $Revision: $ $Author: $ -- Sun Jul 17 22:08:53 2011 -- reformated by prettylst.pl v1.39 (build 11455)
SOURCELONG:Is This It	SOURCESHORT:Is This It	SOURCEDATE:2007-03


###Block: PSYCHIC --------------------------------------------------------------------------------------

# Class Name	Hit Dice	Type			Abbreviation	Max Level	Source Page		Save checks bonus											Combat bonus
CLASS:Psychic	HD:6		TYPE:Base.PC	ABB:Psy		MAXLEVEL:20	SOURCEPAGE:p.180	BONUS:CHECKS|BASE.Will|CL/2+2	BONUS:CHECKS|BASE.Fortitude,BASE.Reflex|CL/3	BONUS:COMBAT|BAB|CL*3/4|TYPE=Base.REPLACE
# Class Name	Skill Pts/Lvl	Class Skill
CLASS:Psychic	STARTSKILLPTS:6	CSKILL:Bluff|Concentration|Endurance|TYPE=Craft|Diplomacy|Persuasion|Gather Information|Intimidate|TYPE=Knowledge|Listen|TYPE=Perform|TYPE=Profession|Search|Sense Motive|Spot|Psychic (Psychic Sense)|Psychic (Psychic Shield)|Perception
### Class Skills via FEATS when they become available - Any PrC needing Class Skills from the Psychic should use the feats.
1	VFEAT:Psychic Telepathy|PREFEAT:1,Telepathy
1	VFEAT:Psychic Dimensional Shift|PREFEAT:1,Dimensional Shift
1	VFEAT:Psychic Psychic Weapon|PREFEAT:1,Psychic Weapon
1	VFEAT:Psychic Psychokinesis|PREFEAT:1,Psychokinesis
1	VFEAT:Psychic Psychometabolism|PREFEAT:1,Psychometabolism
1	VFEAT:Psychic Psychoportation|PREFEAT:1,Psychoportation
1	VFEAT:Psychic Clairsentience|PREFEAT:1,Clairsentience
1	VFEAT:Psychic Mind Switch|PREFEAT:1,Mind Switch
###Block:Proficiencies
1												AUTO:FEAT|Simple Weapon Proficiency
1	ABILITY:Special Ability|AUTOMATIC|All Automatic Proficiencies
###Block: Level progression
1							AUTO:FEAT|Psychic Ability
1	BONUS:ABILITYPOOL|Psychic Feat|1
2	BONUS:ABILITYPOOL|Psychic Feat|1
4	BONUS:ABILITYPOOL|Psychic Feat|1
7	BONUS:ABILITYPOOL|Psychic Feat|1
10	BONUS:ABILITYPOOL|Psychic Feat|1
13	BONUS:ABILITYPOOL|Psychic Feat|1
17	BONUS:ABILITYPOOL|Psychic Feat|1
20	BONUS:ABILITYPOOL|Psychic Feat|1

###Block: Psychic Adept ---------------------------------------------------------------------------------------------------------------------------------------------------------------------------------------------

# Class Name		Hit Dice	Type			Abbreviation	Max Level	Source Page		Save checks bonus								Combat bonus
CLASS:Psychic Adept	HD:8		TYPE:PC.Prestige	ABB:Pad		MAXLEVEL:10	SOURCEPAGE:p.16	BONUS:CHECKS|BASE.Fortitude,BASE.Reflex,BASE.Will|CL/2+2	BONUS:COMBAT|BAB|CL*3/4|TYPE=Base.REPLACE
# Class Name		Required Feat						Required Skill
CLASS:Psychic Adept	PREFEAT:2,Psychic Ability,Psychometabolism	PRESKILL:3,Balance=8,Psychic (Body Control)=8,Concentration=8
# Class Name		Skill Pts/Lvl	Class Skill
CLASS:Psychic Adept	STARTSKILLPTS:4	CSKILL:Balance|Climb|Concentration|Escape Artist|Heal|Hide|Jump|Knowledge (Psychic)|Listen|Move Silently|TYPE=Profession|Search|Sense Motive|Spot|Swim|Tumble
1	BONUS:UDAM|CLASS.Monk|CL	ABILITY:Special Ability|AUTOMATIC|Psychic Stamina|Psychic Strike						AUTO:FEAT|Improved Unarmed Strike|Psychic Stamina
2						ABILITY:Special Ability|AUTOMATIC|Battlemind
3						ABILITY:Special Ability|AUTOMATIC|Body Equilibrium|Perfect Balance
4						ABILITY:Special Ability|AUTOMATIC|Mind Over Matter								AUTO:FEAT|Mind Over Matter
5						ABILITY:Special Ability|AUTOMATIC|Psychic Leap
6						ABILITY:Special Ability|AUTOMATIC|Psychic Speed
7						ABILITY:Special Ability|AUTOMATIC|Improved Body Control
8						ABILITY:Special Ability|AUTOMATIC|Improved Ability Enhancement
9						ABILITY:Special Ability|AUTOMATIC|Timeless Body					TEMPLATE:Timeless Body
10						ABILITY:Special Ability|AUTOMATIC|Body Mastery
