NUMSLOTS:DEFAULT	HEAD:1	HANDS:2	TORSO:1	LEGS:2	SHIELD:1	RINGS:2
	
EQSLOT:Face		CONTAINS:Facewear=1		NUMBER:HEAD
EQSLOT:Head		CONTAINS:Headgear=1		NUMBER:HEAD
EQSLOT:Neck		CONTAINS:Neckwear=1		NUMBER:HEAD
EQSLOT:Body		CONTAINS:Bodywear=1		NUMBER:TORSO
EQSLOT:Shoulders	CONTAINS:Cape=1			NUMBER:TORSO
EQSLOT:Skin		CONTAINS:PsionicTattoo=20	NUMBER:TORSO
EQSLOT:Torso	CONTAINS:Clothing=1		NUMBER:TORSO
EQSLOT:Waist	CONTAINS:Belt=1			NUMBER:TORSO
EQSLOT:Arms		CONTAINS:Armwear=1		NUMBER:HANDS
EQSLOT:Hands	CONTAINS:Handwear=1		NUMBER:HANDS
EQSLOT:Weapon	CONTAINS:Weapon=1			NUMBER:HANDS
EQSLOT:Feet		CONTAINS:Footwear=1		NUMBER:LEGS
EQSLOT:Fingers	CONTAINS:Ring=2			NUMBER:RINGS
EQSLOT:Shield	CONTAINS:Shield=1			NUMBER:SHIELD	


#VS.

#
EQSLOT:Armor	CONTAINS:Armor=1									NUMBER:TORSO
EQSLOT:Belt		CONTAINS:Belt,Girdle=1								NUMBER:TORSO
EQSLOT:Body		CONTAINS:Robe,Body,Vestments=1						NUMBER:TORSO
EQSLOT:Chest	CONTAINS:Shirt,Chest,Mantle,Vest=1						NUMBER:TORSO
EQSLOT:Eyes		CONTAINS:Eyegear,Eyes,Glasses,Goggles=1					NUMBER:HEAD
EQSLOT:Feet		CONTAINS:Boot,Feet,Shoes,Slippers=1						NUMBER:LEGS
EQSLOT:Hands	CONTAINS:Glove,Hands,Gauntlet=1						NUMBER:HANDS
EQSLOT:Head		CONTAINS:Headgear,Head,Circlet,Crown,Hat,Helm,Mask=1			NUMBER:HEAD
EQSLOT:Headband	CONTAINS:Headband,Phylactery=1						NUMBER:HEAD
EQSLOT:Neck		CONTAINS:Amulet,Neck,Brooch,Medallion,Necklace,Periapt,Scarab=1	NUMBER:HEAD
EQSLOT:Ring		CONTAINS:Ring=2									NUMBER:TORSO
EQSLOT:Shield	CONTAINS:Shield=1									NUMBER:SHIELD
EQSLOT:Shoulders	CONTAINS:Cape,Shoulders,Cloak=1						NUMBER:TORSO
EQSLOT:Torso	CONTAINS:Clothing=1								NUMBER:TORSO
EQSLOT:Weapon	CONTAINS:Weapon=1									NUMBER:HANDS
EQSLOT:Wrist	CONTAINS:Bracer,Wrist,Bracelet=1						NUMBER:HANDS


# MINE

#
# Current Ver: $Revision: 1.2 $
# Last Editor: $Author: eddyanthony $
# Last Edited: $Date: 2004/10/28 02:30:19 $
#
# Lists the DEFAULT number of slots for each type
#
NUMSLOTS:DEFAULT	HEAD:1	HANDS:2	TORSO:1	LEGS:2	SHIELD:1
#
# Name of Slot	Type of items can contain	Where to get # from
#								and number in each slot
#
EQSLOT:Eyes		CONTAINS:Eyegear=1		NUMBER:HEAD
EQSLOT:Head		CONTAINS:Headgear=1		NUMBER:HEAD
EQSLOT:Neck		CONTAINS:Amulet=1			NUMBER:HEAD
EQSLOT:Body		CONTAINS:Armor,Robe=1		NUMBER:TORSO
EQSLOT:BodyII	CONTAINS:UnderArmor=1		NUMBER:TORSO
EQSLOT:Back		CONTAINS:Cape=1			NUMBER:TORSO
EQSLOT:Chest	CONTAINS:Shirt=1			NUMBER:TORSO
EQSLOT:Torso	CONTAINS:Clothing=1		NUMBER:TORSO
EQSLOT:Waist	CONTAINS:Belt=1			NUMBER:TORSO
EQSLOT:Shield	CONTAINS:Shield=1			NUMBER:SHIELD
EQSLOT:Arm		CONTAINS:Bracer=1			NUMBER:HANDS
EQSLOT:Hand		CONTAINS:Glove=1			NUMBER:HANDS
EQSLOT:Weapon	CONTAINS:Weapon=1			NUMBER:HANDS
EQSLOT:Fingers	CONTAINS:Ring=1			NUMBER:HANDS
EQSLOT:Leg		CONTAINS:Legwear=1		NUMBER:LEGS
EQSLOT:Foot		CONTAINS:Boot=1			NUMBER:LEGS
EQSLOT:Skin		CONTAINS:PsionicTattoo=20	NUMBER:TORSO
#
# If you wanted to increase the number of RINGs a set of Fingers could hold
# You'd change the EQSLOT:Fingers to CONTAINS:RING=2
#
EQSLOT:ArmorSlot	CONTAINS:ArmorCrystal=1		NUMBER:TORSO
EQSLOT:ShieldSlot	CONTAINS:ShieldCrystal=1	NUMBER:TORSO
EQSLOT:WeaponSlot	CONTAINS:WeaponCrystal=1	NUMBER:TORSO


