#
# Current Ver: $Revision: 1375 $
# Last Editor: $Author: Andrew Maitland $
# Last Edited: $Date: 2006-09-11 10:38:24 +1000 (Mon, 11 Sep 2006) $
#
# Stat definitions for 35e mode
#



#	BONUS:COMBAT|TOHIT|IterationProgress	DEFINE:IterationProgress|0	BONUS:VAR|IterationProgress|-2|PRETOTALAB:6	BONUS:VAR|IterationProgress|1|PRETOTALAB:11	BONUS:VAR|IterationProgress|1|PRETOTALAB:16	BONUS:COMBAT|ATTACKS|1|PRETOTALAB:6

#
#Currently the code supports exactly three checks. Will fix later.
#

# Epic Saves and Attack bonuses included here.

# get a bonus level 1 spell at score of 12 and every 8 points beyond that
BONUSSPELLLEVEL:1	BASESTATSCORE:12	STATRANGE:8
BONUSSPELLLEVEL:2	BASESTATSCORE:14	STATRANGE:8
BONUSSPELLLEVEL:3	BASESTATSCORE:16	STATRANGE:8
BONUSSPELLLEVEL:4	BASESTATSCORE:18	STATRANGE:8
BONUSSPELLLEVEL:5	BASESTATSCORE:20	STATRANGE:8
BONUSSPELLLEVEL:6	BASESTATSCORE:22	STATRANGE:8
BONUSSPELLLEVEL:7	BASESTATSCORE:24	STATRANGE:8
BONUSSPELLLEVEL:8	BASESTATSCORE:26	STATRANGE:8
BONUSSPELLLEVEL:9	BASESTATSCORE:28	STATRANGE:8
BONUSSPELLLEVEL:10	BASESTATSCORE:30	STATRANGE:8
BONUSSPELLLEVEL:11	BASESTATSCORE:32	STATRANGE:8
BONUSSPELLLEVEL:12	BASESTATSCORE:34	STATRANGE:8
BONUSSPELLLEVEL:13	BASESTATSCORE:36	STATRANGE:8
BONUSSPELLLEVEL:14	BASESTATSCORE:38	STATRANGE:8
BONUSSPELLLEVEL:15	BASESTATSCORE:40	STATRANGE:8
BONUSSPELLLEVEL:16	BASESTATSCORE:42	STATRANGE:8
BONUSSPELLLEVEL:17	BASESTATSCORE:44	STATRANGE:8
BONUSSPELLLEVEL:18	BASESTATSCORE:46	STATRANGE:8
BONUSSPELLLEVEL:19	BASESTATSCORE:48	STATRANGE:8
BONUSSPELLLEVEL:20	BASESTATSCORE:50	STATRANGE:8
BONUSSPELLLEVEL:21	BASESTATSCORE:52	STATRANGE:8
BONUSSPELLLEVEL:22	BASESTATSCORE:54	STATRANGE:8
BONUSSPELLLEVEL:23	BASESTATSCORE:56	STATRANGE:8
BONUSSPELLLEVEL:24	BASESTATSCORE:58	STATRANGE:8
BONUSSPELLLEVEL:25	BASESTATSCORE:60	STATRANGE:8

