
ARMORTYPE:Light
ARMORTYPE:Medium
# MODIFY:MovementReducedByArmor|SET|true
ARMORTYPE:Heavy
# MODIFY:MovementReducedByArmor|SET|true

# Track Vision Modes
VISION:Normal
VISION:Low-Light
VISION:Darkvision
VISION:Blindsense
VISION:Blindsight
VISION:Truesight

# Track Movement Modes
MOVEMENT:Walk
MOVEMENT:Climb
MOVEMENT:Fly
MOVEMENT:Swim
MOVEMENT:Burrow







Body_Slot:Face		
Body_Slot:Eyes		
Body_Slot:Head		
Body_Slot:Neck		
Body_Slot:Body		
Body_Slot:Back		
Body_Slot:Chest		
Body_Slot:Torso		
Body_Slot:Waist		
Body_Slot:Shield		
Body_Slot:Arm		
Body_Slot:Hand		
Body_Slot:Weapon		
Body_Slot:Fingers		
Body_Slot:Leg		
Body_Slot:Foot		
Body_Slot:Skin		



###Block: Monk Class Feature
CLASSFEATURE:Monk Unarmed Damage	
#	MODIFY:EffectiveLevel|SET|getOther("CLASS","Monk",EffectiveLevel)
CLASSFEATURE:Monk ~ Unarmed Strike
CLASSFEATURE:Monk ~ Flurry of Blows
CLASSFEATURE:Monk ~ Monk Bonus Feat
CLASSFEATURE:Monk ~ AC Bonus
CLASSFEATURE:Monk ~ Stunning Fist
CLASSFEATURE:Monk ~ Evasion
CLASSFEATURE:Monk ~ Fast Movement
CLASSFEATURE:Monk ~ Maneuver Training
CLASSFEATURE:Monk ~ Still Mind
CLASSFEATURE:Monk ~ Ki Pool
CLASSFEATURE:Monk ~ Slow Fall
CLASSFEATURE:Monk ~ High Jump
CLASSFEATURE:Monk ~ Purity of Body
CLASSFEATURE:Monk ~ Wholeness of Body
CLASSFEATURE:Monk ~ Improved Evasion
CLASSFEATURE:Monk ~ Diamond Body
CLASSFEATURE:Monk ~ Abundant Step
CLASSFEATURE:Monk ~ Diamond Soul
CLASSFEATURE:Monk ~ Quivering Palm
CLASSFEATURE:Monk ~ Tongue of the Sun and Moon
CLASSFEATURE:Monk ~ Timeless Body
CLASSFEATURE:Monk ~ Empty Body
CLASSFEATURE:Monk ~ Perfect Self


#Then the getOther in the lookup is getOther("CLASSFEATURE","Monk Unarmed Damage",EffectiveLevel)
#and any magical item just needs to GRANT:CLASSFEATURE|Monk Unarmed Damage and MODIFYOTHER:CLASSFEATURE|Monk Unarmed Damage|EffectiveLevel|ADD|5 (edited)
#for the belt, for example
#that is actually a neat way to separate out class features for reuse
#
#thoughts?
