
###Block: For the Stats
CHANNEL:PC.STAT|NUMBER=StatScore	EXPLANATION:Required to connect to the UI

LOCAL:PC.STAT|NUMBER=Score		EXPLANATION:We set the Score Locally
LOCAL:PC.STAT|NUMBER=Mod		EXPLANATION:We set the Mod (SCORE-10/2)


GLOBAL:NUMBER=STR				EXPLANATION:Mod Bonus to STR
GLOBAL:NUMBER=DEX				EXPLANATION:Mod Bonus to DEX
GLOBAL:NUMBER=CON				EXPLANATION:Mod Bonus to CON
GLOBAL:NUMBER=INT				EXPLANATION:Mod Bonus to INT
GLOBAL:NUMBER=WIS				EXPLANATION:Mod Bonus to WIS
GLOBAL:NUMBER=CHA				EXPLANATION:Mod Bonus to CHA

GLOBAL:NUMBER=STRSCORE			EXPLANATION:Score for STR
GLOBAL:NUMBER=DEXSCORE			EXPLANATION:Score for DEX
GLOBAL:NUMBER=CONSCORE			EXPLANATION:Score for CON
GLOBAL:NUMBER=INTSCORE			EXPLANATION:Score for INT
GLOBAL:NUMBER=WISSCORE			EXPLANATION:Score for WIS
GLOBAL:NUMBER=CHASCORE			EXPLANATION:Score for CHA


# Size & Face Related
GLOBAL:ORDEREDPAIR=Face
GLOBAL:STRING=Size

GLOBAL:BOOLEAN=MovementReducedByArmor
GLOBAL:BOOLEAN=MovementReducedByWeight


GLOBAL:NUMBER=ArmorClass_Total

GLOBAL:NUMBER=ArmorClass_Base
GLOBAL:NUMBER=ArmorClass_Touch
GLOBAL:NUMBER=ArmorClass_FlatFooted

GLOBAL:NUMBER=ArmorClass_Deflection
GLOBAL:NUMBER=ArmorClass_Dodge
GLOBAL:NUMBER=ArmorClass_Natural

GLOBAL:EQUIPMENT=ArmorClass_Armor
GLOBAL:EQUIPMENT=ArmorClass_ArmorEnhancement
GLOBAL:EQUIPMENT=ArmorClass_Shield
GLOBAL:EQUIPMENT=ArmorClass_ShieldEnhancement


# Race Specific Variables
LOCAL:PC.RACE|NUMBER=Hands
LOCAL:PC.RACE|NUMBER=Legs
LOCAL:PC.RACE|NUMBER=Maneuverability

LOCAL:PC.MOVEMENT|NUMBER=Speed

LOCAL:PC.VISION|NUMBER=Range


# Monk/ Dynamic
LOCAL:PC.CLASSFEATURE|NUMBER=EffectiveLevel
LOCAL:PC.CLASSFEATURE|NUMBER=FeaturePower
LOCAL:PC.CLASSFEATURE|NUMBER=FeatureProgression

LOCAL:PC.CLASS|NUMBER=Level

GLOBAL:DICE=UDAM


# Equipment
LOCAL:EQUIPMENT.PART|BOOLEAN=Bludgeoning
LOCAL:EQUIPMENT.PART|BOOLEAN=Slashing
LOCAL:EQUIPMENT.PART|BOOLEAN=Piercing
# Energy Types
LOCAL:EQUIPMENT.PART|BOOLEAN=Fire
LOCAL:EQUIPMENT.PART|BOOLEAN=Electricity
LOCAL:EQUIPMENT.PART|BOOLEAN=Acid
LOCAL:EQUIPMENT.PART|BOOLEAN=Sonic
# Handed
LOCAL:EQUIPMENT|BOOLEAN=Light
LOCAL:EQUIPMENT|BOOLEAN=OneHanded
LOCAL:EQUIPMENT|BOOLEAN=TwoHanded
#
LOCAL:EQUIPMENT|STRING=EQ_Size


# Armor Types
LOCAL:EQUIPMENT|STRING=ArmorType




