

STARTPACK:Dragon Age 01 ~ Wyrmling	TYPE:DragonAgeSelection	!PREABILITY:1,CATEGORY=Internal,Dragon Age Selected	PRERACE:1,RACETYPE=Dragon
ABILITY:CATEGORY=Internal|Dragon Age Selected	FREE:YES

STARTPACK:Dragon Age 02 ~ Very Young	TYPE:DragonAgeSelection	!PREABILITY:1,CATEGORY=Internal,Dragon Age Selected	PRERACE:1,RACETYPE=Dragon
ABILITY:CATEGORY=Internal|Dragon Age Selected	FREE:YES
CLASS:Dragon	LEVEL:2

STARTPACK:Dragon Age 03 ~ Young	TYPE:DragonAgeSelection	!PREABILITY:1,CATEGORY=Internal,Dragon Age Selected	PRERACE:1,RACETYPE=Dragon
ABILITY:CATEGORY=Internal|Dragon Age Selected	FREE:YES
CLASS:Dragon	LEVEL:4

STARTPACK:Dragon Age 04 ~ Juvenile	TYPE:DragonAgeSelection	!PREABILITY:1,CATEGORY=Internal,Dragon Age Selected	PRERACE:1,RACETYPE=Dragon
ABILITY:CATEGORY=Internal|Dragon Age Selected	FREE:YES
CLASS:Dragon	LEVEL:6

STARTPACK:Dragon Age 05 ~ Young Adult	TYPE:DragonAgeSelection	!PREABILITY:1,CATEGORY=Internal,Dragon Age Selected	PRERACE:1,RACETYPE=Dragon
ABILITY:CATEGORY=Internal|Dragon Age Selected	FREE:YES
CLASS:Dragon	LEVEL:8

STARTPACK:Dragon Age 06 ~ Adult	TYPE:DragonAgeSelection	!PREABILITY:1,CATEGORY=Internal,Dragon Age Selected	PRERACE:1,RACETYPE=Dragon
ABILITY:CATEGORY=Internal|Dragon Age Selected	FREE:YES
CLASS:Dragon	LEVEL:10

STARTPACK:Dragon Age 07 ~ Mature Adult	TYPE:DragonAgeSelection	!PREABILITY:1,CATEGORY=Internal,Dragon Age Selected	PRERACE:1,RACETYPE=Dragon
ABILITY:CATEGORY=Internal|Dragon Age Selected	FREE:YES
CLASS:Dragon	LEVEL:12

STARTPACK:Dragon Age 08 ~ Old	TYPE:DragonAgeSelection	!PREABILITY:1,CATEGORY=Internal,Dragon Age Selected	PRERACE:1,RACETYPE=Dragon
ABILITY:CATEGORY=Internal|Dragon Age Selected	FREE:YES
CLASS:Dragon	LEVEL:14

STARTPACK:Dragon Age 09 ~ Very Old	TYPE:DragonAgeSelection	!PREABILITY:1,CATEGORY=Internal,Dragon Age Selected	PRERACE:1,RACETYPE=Dragon
ABILITY:CATEGORY=Internal|Dragon Age Selected	FREE:YES
CLASS:Dragon	LEVEL:16

STARTPACK:Dragon Age 10 ~ Ancient	TYPE:DragonAgeSelection	!PREABILITY:1,CATEGORY=Internal,Dragon Age Selected	PRERACE:1,RACETYPE=Dragon
ABILITY:CATEGORY=Internal|Dragon Age Selected	FREE:YES
CLASS:Dragon	LEVEL:18

STARTPACK:Dragon Age 11 ~ Wyrm	TYPE:DragonAgeSelection	!PREABILITY:1,CATEGORY=Internal,Dragon Age Selected	PRERACE:1,RACETYPE=Dragon
ABILITY:CATEGORY=Internal|Dragon Age Selected	FREE:YES
CLASS:Dragon	LEVEL:20

STARTPACK:Dragon Age 12 ~ Great Wyrm	TYPE:DragonAgeSelection	!PREABILITY:1,CATEGORY=Internal,Dragon Age Selected	PRERACE:1,RACETYPE=Dragon
ABILITY:CATEGORY=Internal|Dragon Age Selected	FREE:YES
CLASS:Dragon	LEVEL:22

