#Extempresario
# Class Name			Hit Dice	Type				Abbreviation		Max Level	Source Page		Define					Save checks bonus								Combat bonus
CLASS:Extempresario		HD:8		TYPE:Base.PC	CLASSTYPE:PC	ABB:Extmp		MAXLEVEL:20	SOURCEPAGE:Homebrew	DEFINE:ExtempresarioLvl|CL		BONUS:CHECKS|BASE.Fortitude,BASE.Will|CL/2+2	BONUS:CHECKS|BASE.Reflex|CL/3	BONUS:COMBAT|BAB|CL*3/4|TYPE=Base.REPLACE	ROLE:Combat
# Class Name			Skill Pts/Lvl		Class Skill
CLASS:Extempresario		STARTSKILLPTS:2		CSKILL:Climb|TYPE=Craft|Fly|Intimidate|Knowledge (Arcana)|Knowledge (Dungeoneering)|Knowledge (Planes)|TYPE=Profession|Ride|Spellcraft|Swim|Use Magic Device
# Class Name		Spell Stat	Spell Type		Memorize	Spell List		Caster level
CLASS:Extempresario	SPELLSTAT:CHA	SPELLTYPE:Arcane	MEMORIZE:NO	SPELLLIST:1|Magus	BONUS:CASTERLEVEL|Extempresario|CL
###Block:Proficiencies
1	ABILITY:Special Ability|AUTOMATIC|All Automatic Proficiencies
1	ABILITY:Special Ability|AUTOMATIC|All Martial Weapon Proficiencies|!PREABILITY:1,CATEGORY=Archetype,TYPE.ExtempresarioWeaponProficiency
1	ABILITY:FEAT|AUTOMATIC|Armor Proficiency (Light)|PREVARGTEQ:ExtempresarioArmorProficiencyLVL,1|!PREABILITY:1,CATEGORY=Archetype,TYPE.ExtempresarioArmorProficiency,TYPE.ExtempresarioLightArmorProficiency
1	ABILITY:FEAT|AUTOMATIC|Armor Proficiency (Medium)|PREVARGTEQ:ExtempresarioArmorProficiencyLVL,7|!PREABILITY:1,CATEGORY=Archetype,TYPE.ExtempresarioArmorProficiency,TYPE.ExtempresarioMediumArmorProficiency
1	ABILITY:FEAT|AUTOMATIC|Armor Proficiency (Heavy)|PREVARGTEQ:ExtempresarioArmorProficiencyLVL,13|!PREABILITY:1,CATEGORY=Archetype,TYPE.ExtempresarioArmorProficiency,TYPE.ExtempresarioHeavyArmorProficiency
###Block:
1	AUTO:FEAT|Martial Weapon Proficiency Output|!PREABILITY:1,CATEGORY=Archetype,TYPE.ExtempresarioWeaponProficiency
1	AUTO:FEAT|Simple Weapon Proficiency|!PREABILITY:1,CATEGORY=Archetype,TYPE.ExtempresarioWeaponProficiency
###Block: Class features
1	BONUS:VAR|ExtempresarioArmorProficiencyLVL|CL
1	BONUS:VAR|ExtempresarioArcanePoolLVL|CL
3	BONUS:VAR|ExtempresarioArcanaLVL|CL
10	BONUS:VAR|ExtempresarioFighterTrainingLVL|CL
###Block:
5	BONUS:ABILITYPOOL|Extempresario Bonus Feat|(CL+1)/6
###Block:
1	ABILITY:Special Ability|AUTOMATIC|Armor Proficiency ~ Extempresario|!PREABILITY:1,CATEGORY=Archetype,TYPE.ExtempresarioArmorProficiency
1	ABILITY:Special Ability|AUTOMATIC|Arcane Pool ~ Extempresario|!PREABILITY:1,CATEGORY=Archetype,TYPE.ExtempresarioArcanePool
1	ABILITY:Special Ability|AUTOMATIC|Spell Combat ~ Extempresario|!PREABILITY:1,CATEGORY=Archetype,TYPE.ExtempresarioSpellCombat
1	ABILITY:Special Ability|AUTOMATIC|Cantrips ~ Extempresario|!PREABILITY:1,CATEGORY=Archetype,TYPE.ExtempresarioCantrips
2	ABILITY:Special Ability|AUTOMATIC|Spellstrike ~ Extempresario|!PREABILITY:1,CATEGORY=Archetype,TYPE.ExtempresarioSpellstrike
3	ABILITY:Special Ability|AUTOMATIC|Extempresario Arcana ~ Extempresario|!PREABILITY:1,CATEGORY=Archetype,TYPE.ExtempresarioArcana
4	ABILITY:Special Ability|AUTOMATIC|Spell Reserves ~ Extempresario|!PREABILITY:1,CATEGORY=Archetype,TYPE.ExtempresarioSpellReserves
7	ABILITY:Special Ability|AUTOMATIC|Knowledge Pool ~ Extempresario|!PREABILITY:1,CATEGORY=Archetype,TYPE.ExtempresarioKnowledgePool
8	ABILITY:Special Ability|AUTOMATIC|Improved Spell Combat ~ Extempresario|!PREABILITY:1,CATEGORY=Archetype,TYPE.ExtempresarioImprovedSpellCombat
10	ABILITY:Special Ability|AUTOMATIC|Fighter Training ~ Extempresario|!PREABILITY:1,CATEGORY=Archetype,TYPE.ExtempresarioFighterTraining
11	ABILITY:Special Ability|AUTOMATIC|Improved Spell Reserves ~ Extempresario|!PREABILITY:1,CATEGORY=Archetype,TYPE.ExtempresarioImprovedSpellReserves
14	ABILITY:Special Ability|AUTOMATIC|Greater Spell Combat ~ Extempresario|!PREABILITY:1,CATEGORY=Archetype,TYPE.ExtempresarioGreaterSpellCombat
16	ABILITY:Special Ability|AUTOMATIC|Counterstrike ~ Extempresario|!PREABILITY:1,CATEGORY=Archetype,TYPE.ExtempresarioCounterstrike
19	ABILITY:Special Ability|AUTOMATIC|Greater Spell Access ~ Extempresario|!PREABILITY:1,CATEGORY=Archetype,TYPE.ExtempresarioGreaterSpellAccess
20	ABILITY:Special Ability|AUTOMATIC|True Extempresario ~ Extempresario|!PREABILITY:1,CATEGORY=Archetype,TYPE.ExtempresarioTrueExtempresario
###Block: Spell progression
1	CAST:3,1		KNOWN:4,2
2	CAST:4,2		KNOWN:5,3
3	CAST:4,3		KNOWN:6,4
4	CAST:4,3,1		KNOWN:6,4,2
5	CAST:4,4,2		KNOWN:6,4,3
6	CAST:5,4,3		KNOWN:6,4,4
7	CAST:5,4,3,1		KNOWN:6,5,4,2
8	CAST:5,4,4,2		KNOWN:6,5,4,3
9	CAST:5,5,4,3		KNOWN:6,5,4,4
10	CAST:5,5,4,3,1		KNOWN:6,5,5,4,2
11	CAST:5,5,4,4,2		KNOWN:6,6,5,4,3
12	CAST:5,5,5,4,3		KNOWN:6,6,5,4,4
13	CAST:5,5,5,4,3,1	KNOWN:6,6,5,5,4,2
14	CAST:5,5,5,4,4,2	KNOWN:6,6,6,5,4,3
15	CAST:5,5,5,5,4,3	KNOWN:6,6,6,5,4,4
16	CAST:5,5,5,5,4,3,1	KNOWN:6,6,6,5,5,4,2
17	CAST:5,5,5,5,4,4,2	KNOWN:6,6,6,6,5,4,3
18	CAST:5,5,5,5,5,4,3	KNOWN:6,6,6,6,5,4,4
19	CAST:5,5,5,5,5,5,4	KNOWN:6,6,6,6,5,5,4
20	CAST:5,5,5,5,5,5,5	KNOWN:6,6,6,6,6,5,5
