SOURCELONG:System Reference Document 5.0	SOURCESHORT:SRD5	SOURCEWEB:http://dnd.wizards.com/articles/features/systems-reference-document-srd
# Original Entry: See contributors listed in PCC file.


###Block: Appendix Creatures	-- Page 361
# Ape
# Awakened Shrub
# Awakened Tree
# Axe Beak
# Baboon
# Badger
Bat			SOURCEPAGE:p.	SIZE:T	RACETYPE:Beast									KIT:2|Default Creature ~ Bat|UA			MONSTERCLASS:Hit Die:1	MOVE:Walk,5,Fly,30	BONUS:STAT|STR|-8	BONUS:STAT|DEX|4	BONUS:STAT|CON|-2	BONUS:STAT|INT|-8	BONUS:STAT|WIS|2	BONUS:STAT|CHA|-6	BONUS:VAR|BlindsightRange|60	CR:0	ABILITY:Internal|AUTOMATIC|Racial Traits ~ Bat	NATURALATTACKS:Bite,Melee.Weapon.Natural.OneCreature.Piercing,*1,1
Black Bear		SOURCEPAGE:p.	SIZE:M	RACETYPE:Beast									KIT:2|Default Creature ~ Black Bear|UA		MONSTERCLASS:Hit Die:3	MOVE:Walk,40,Climb,30	BONUS:STAT|STR|4	BONUS:STAT|DEX|0	BONUS:STAT|CON|4	BONUS:STAT|INT|-8	BONUS:STAT|WIS|2	BONUS:STAT|CHA|-4	CR:1/2	ABILITY:Internal|AUTOMATIC|Racial Traits ~ Black Bear	NATURALATTACKS:Bite,Melee.Weapon.Natural.OneTarget.Piercing,*1,1d6	NATURALATTACKS:Claws,Melee.Weapon.Natural.OneTarget.Slashing,*1,2d4	BONUS:VAR|AC_Natural_Armor|1|TYPE=Base
# Blink Dog
# Blood Hawk
Boar			SOURCEPAGE:p.	SIZE:M	RACETYPE:Beast									KIT:2|Default Creature ~ Boar|UA			MONSTERCLASS:Hit Die:2	MOVE:Walk,40	BONUS:STAT|STR|2	BONUS:STAT|DEX|0	BONUS:STAT|CON|2	BONUS:STAT|INT|-8	BONUS:STAT|WIS|-2	BONUS:STAT|CHA|-6	CR:1/4	ABILITY:Internal|AUTOMATIC|Racial Traits ~ Boar	NATURALATTACKS:Tusk,Melee.Weapon.Natural.OneTarget.Slashing,*1,1d6	BONUS:VAR|AC_Natural_Armor|1|TYPE=Base
Brown Bear		SOURCEPAGE:p.	SIZE:L	RACETYPE:Beast									KIT:2|Default Creature ~ Brown Bear|UA		MONSTERCLASS:Hit Die:4	MOVE:Walk,40	BONUS:STAT|STR|8	BONUS:STAT|DEX|0	BONUS:STAT|CON|6	BONUS:STAT|INT|-8	BONUS:STAT|WIS|2	BONUS:STAT|CHA|-4	CR:1	ABILITY:Internal|AUTOMATIC|Racial Traits ~ Brown Bear	BONUS:VAR|AC_Natural_Armor|1|TYPE=Base	NATURALATTACKS:Bite,Melee.Weapon.Natural.OneTarget.Piercing,*1,1d8	NATURALATTACKS:Claws,Melee.Weapon.Natural.OneTarget.Slashing,*1,2d6
# Camel
Cat			SOURCEPAGE:p.	SIZE:T	RACETYPE:Beast									KIT:2|Default Creature ~ Cat|UA			MONSTERCLASS:Hit Die:1	MOVE:Walk,40,Climb,30	BONUS:STAT|STR|-8	BONUS:STAT|DEX|4	BONUS:STAT|CON|0	BONUS:STAT|INT|-8	BONUS:STAT|WIS|2	BONUS:STAT|CHA|-4	CR:0	ABILITY:Internal|AUTOMATIC|Racial Traits ~ Cat
Constrictor Snake	SOURCEPAGE:p.	SIZE:L	RACETYPE:Beast									KIT:2|Default Creature ~ Constrictor Snake|UA	MONSTERCLASS:Hit Die:2	MOVE:Walk,30,Swim,30	BONUS:STAT|STR|4	BONUS:STAT|DEX|4	BONUS:STAT|CON|2	BONUS:STAT|INT|-10	BONUS:STAT|WIS|0	BONUS:STAT|CHA|-8		CR:1/4	ABILITY:Internal|AUTOMATIC|Racial Traits ~ Constrictor Snake
# Crab
Crocodile		SOURCEPAGE:p.	SIZE:L	RACETYPE:Beast									KIT:2|Default Creature ~ Crocodile|UA		MONSTERCLASS:Hit Die:3	MOVE:Walk,20,Swim,30	BONUS:STAT|STR|4	BONUS:STAT|DEX|0	BONUS:STAT|CON|2	BONUS:STAT|INT|-8	BONUS:STAT|WIS|0	BONUS:STAT|CHA|-6		CR:1/2	ABILITY:Internal|AUTOMATIC|Racial Traits ~ Crocodile		BONUS:VAR|AC_Natural_Armor|2|TYPE=Base
# Death Dog
# Deer
Dire Wolf		SOURCEPAGE:p.	SIZE:L	RACETYPE:Beast									KIT:2|Default Creature ~ Dire Wolf|UA		MONSTERCLASS:Hit Die:5	MOVE:Walk,50		BONUS:STAT|STR|6	BONUS:STAT|DEX|4	BONUS:STAT|CON|4	BONUS:STAT|INT|-8	BONUS:STAT|WIS|2	BONUS:STAT|CHA|-4		CR:1	ABILITY:Internal|AUTOMATIC|Racial Traits ~ Dire Wolf		BONUS:VAR|AC_Natural_Armor|2|TYPE=Base
# Draft Horse
# Eagle
# Elephant
# Elk
Frog			SOURCEPAGE:p.	SIZE:T	RACETYPE:Beast									KIT:2|Default Creature ~ Frog|UA			MONSTERCLASS:Hit Die:1	MOVE:Walk,20,Swim,20	BONUS:STAT|STR|-10	BONUS:STAT|DEX|2	BONUS:STAT|CON|-2	BONUS:STAT|INT|-10	BONUS:STAT|WIS|-2	BONUS:STAT|CHA|-8	CR:0	ABILITY:Internal|AUTOMATIC|Racial Traits ~ Frog
# Giant Ape
# Giant Badger
# Giant Bat
# Giant Boar
# Giant Centipede
# Giant Constrictor Snake
# Giant Crab
# Giant Crocodile
Giant Eagle		SOURCEPAGE:p.	SIZE:L	RACETYPE:Beast									KIT:2|Default Creature ~ Giant Eagle|NG		MONSTERCLASS:Hit Die:4	MOVE:Walk,10,Fly,80	BONUS:STAT|STR|6	BONUS:STAT|DEX|6	BONUS:STAT|CON|2	BONUS:STAT|INT|-2	BONUS:STAT|WIS|4	BONUS:STAT|CHA|0		CR:1	ABILITY:Internal|AUTOMATIC|Racial Traits ~ Giant Eagle
Giant Spider	SOURCEPAGE:p.	SIZE:L	RACETYPE:Beast									KIT:2|Default Creature ~ Giant Spider|UA		MONSTERCLASS:Hit Die:4	MOVE:Walk,30,Climb,30	BONUS:STAT|STR|4	BONUS:STAT|DEX|6	BONUS:STAT|CON|2	BONUS:STAT|INT|-8	BONUS:STAT|WIS|0	BONUS:STAT|CHA|-6		CR:1	ABILITY:Internal|AUTOMATIC|Racial Traits ~ Giant Spider	BONUS:VAR|AC_Natural_Armor|1|TYPE=Base
Hawk (Falcon)	SOURCEPAGE:p.	SIZE:T	RACETYPE:Beast									KIT:2|Default Creature ~ Hawk (Falcon)|UA		MONSTERCLASS:Hit Die:1	MOVE:Walk,10,Fly,60	BONUS:STAT|STR|-6	BONUS:STAT|DEX|6	BONUS:STAT|CON|-2	BONUS:STAT|INT|-8	BONUS:STAT|WIS|4	BONUS:STAT|CHA|-4		CR:0	ABILITY:Internal|AUTOMATIC|Racial Traits ~ Hawk (Falcon)
Imp			SOURCEPAGE:p.	SIZE:T	RACETYPE:Fiend	RACESUBTYPE:Devil|Shapechanger			KIT:2|Default Creature ~ Imp|LE			MONSTERCLASS:Hit Die:3	MOVE:Walk,20,Fly,40	BONUS:STAT|STR|-4	BONUS:STAT|DEX|6	BONUS:STAT|CON|2	BONUS:STAT|INT|0	BONUS:STAT|WIS|2	BONUS:STAT|CHA|4	BONUS:VAR|DarkvisionRange|120	CR:1	ABILITY:Internal|AUTOMATIC|Racial Traits ~ Imp
Lion			SOURCEPAGE:p.	SIZE:L	RACETYPE:Beast									KIT:2|Default Creature ~ Lion|UA			MONSTERCLASS:Hit Die:4	MOVE:Walk,50		BONUS:STAT|STR|6	BONUS:STAT|DEX|4	BONUS:STAT|CON|2	BONUS:STAT|INT|-8	BONUS:STAT|WIS|2	BONUS:STAT|CHA|-2		CR:1	ABILITY:Internal|AUTOMATIC|Racial Traits ~ Lion
Mastiff		SOURCEPAGE:p.	SIZE:M	RACETYPE:Beast									KIT:2|Default Creature ~ Mastiff|UA			MONSTERCLASS:Hit Die:1	MOVE:Walk,40		BONUS:STAT|STR|2	BONUS:STAT|DEX|4	BONUS:STAT|CON|2	BONUS:STAT|INT|-8	BONUS:STAT|WIS|2	BONUS:STAT|CHA|-4		CR:1/8	ABILITY:Internal|AUTOMATIC|Racial Traits ~ Mastiff
Mule			SOURCEPAGE:p.	SIZE:M	RACETYPE:Beast									KIT:2|Default Creature ~ Mule|UA			MONSTERCLASS:Hit Die:2	MOVE:Walk,40		BONUS:STAT|STR|4	BONUS:STAT|DEX|0	BONUS:STAT|CON|2	BONUS:STAT|INT|-8	BONUS:STAT|WIS|0	BONUS:STAT|CHA|-6		CR:1/8	ABILITY:Internal|AUTOMATIC|Racial Traits ~ Mule
Owl			SOURCEPAGE:p.	SIZE:T	RACETYPE:Beast									KIT:2|Default Creature ~ Owl|UA			MONSTERCLASS:Hit Die:1	MOVE:Walk,5,Fly,60	BONUS:STAT|STR|-8	BONUS:STAT|DEX|2	BONUS:STAT|CON|-2	BONUS:STAT|INT|-8	BONUS:STAT|WIS|2	BONUS:STAT|CHA|-4		CR:0	BONUS:VAR|DarkvisionRange|120	ABILITY:Internal|AUTOMATIC|Racial Traits ~ Owl
Panther		SOURCEPAGE:p.	SIZE:M	RACETYPE:Beast									KIT:2|Default Creature ~ Panther|UA			MONSTERCLASS:Hit Die:3	MOVE:Walk,50,Climb,40	BONUS:STAT|STR|4	BONUS:STAT|DEX|4	BONUS:STAT|CON|0	BONUS:STAT|INT|-8	BONUS:STAT|WIS|4	BONUS:STAT|CHA|-4		CR:1/4	ABILITY:Internal|AUTOMATIC|Racial Traits ~ Panther
Poisonous Snake	SOURCEPAGE:p.	SIZE:T	RACETYPE:Beast									KIT:2|Default Creature ~ Poisonous Snake|UA	MONSTERCLASS:Hit Die:1	MOVE:Walk,30,Swim,30	BONUS:STAT|STR|-8	BONUS:STAT|DEX|6	BONUS:STAT|CON|0	BONUS:STAT|INT|-10	BONUS:STAT|WIS|0	BONUS:STAT|CHA|-8		CR:1/8	BONUS:VAR|BlindsightRange|10	ABILITY:Internal|AUTOMATIC|Racial Traits ~ Poisonous Snake
Pseudodragon	SOURCEPAGE:p.	SIZE:T	RACETYPE:Dragon									KIT:2|Default Creature ~ Pseudodragon|NG		MONSTERCLASS:Hit Die:2	MOVE:Walk,15,Fly,60	BONUS:STAT|STR|-4	BONUS:STAT|DEX|4	BONUS:STAT|CON|2	BONUS:STAT|INT|0	BONUS:STAT|WIS|2	BONUS:STAT|CHA|0		CR:1/4	BONUS:VAR|BlindsightRange|10	BONUS:VAR|DarkvisionRange|60	ABILITY:Internal|AUTOMATIC|Racial Traits ~ Pseudodragon	BONUS:VAR|AC_Natural_Armor|1|TYPE=Base		NATURALATTACKS:Bite,Melee.Weapon.Attack.Natural.Piercing,*1,1d4	NATURALATTACKS:Sting,Melee.Weapon.Attack.Natural.Piercing,*1,1d4,SPROP=target must succeed on a DC 11 Constitution saving throw or become poisoned for 1 hour. If the saving throw fails by 5 or more; the target falls unconscious for the same duration or until it takes damage or another creature uses an action to shake it awake.
Quasit		SOURCEPAGE:p.	SIZE:T	RACETYPE:Fiend	RACESUBTYPE:Demon|Shapechanger			KIT:2|CE|Default Creature ~ Quasit			MONSTERCLASS:Hit Die:3	MOVE:Walk,40		BONUS:STAT|STR|-6	BONUS:STAT|DEX|6	BONUS:STAT|CON|0	BONUS:STAT|INT|-4	BONUS:STAT|WIS|0	BONUS:STAT|CHA|0	BONUS:VAR|DarkvisionRange|120	CR:1	ABILITY:Internal|AUTOMATIC|Racial Traits ~ Quasit
Rat			SOURCEPAGE:p.	SIZE:T	RACETYPE:Beast									KIT:2|Default Creature ~ Rat|UA			MONSTERCLASS:Hit Die:1	MOVE:Walk,20		BONUS:STAT|STR|-8	BONUS:STAT|DEX|0	BONUS:STAT|CON|-2	BONUS:STAT|INT|-8	BONUS:STAT|WIS|0	BONUS:STAT|CHA|-6	BONUS:VAR|DarkvisionRange|30	CR:0	ABILITY:Internal|AUTOMATIC|Racial Traits ~ Rat
Raven			SOURCEPAGE:p.	SIZE:T	RACETYPE:Beast									KIT:2|Default Creature ~ Raven|UA			MONSTERCLASS:Hit Die:1	MOVE:Walk,10,Fly,50	BONUS:STAT|STR|-8	BONUS:STAT|DEX|4	BONUS:STAT|CON|-2	BONUS:STAT|INT|-8	BONUS:STAT|WIS|2	BONUS:STAT|CHA|-4		CR:0	ABILITY:Internal|AUTOMATIC|Racial Traits ~ Raven
Reef Shark		SOURCEPAGE:p.	SIZE:M	RACETYPE:Beast									KIT:2|Default Creature ~ Reef Shark|UA		MONSTERCLASS:Hit Die:4	MOVE:Walk,0,Swim,40	BONUS:STAT|STR|4	BONUS:STAT|DEX|2	BONUS:STAT|CON|2	BONUS:STAT|INT|-10	BONUS:STAT|WIS|0	BONUS:STAT|CHA|-6	BONUS:VAR|BlindsightRange|30	CR:1/2	ABILITY:Internal|AUTOMATIC|Racial Traits ~ Reef Shark		BONUS:VAR|AC_Natural_Armor|1|TYPE=Base
Riding Horse	SOURCEPAGE:p.	SIZE:L	RACETYPE:Beast									KIT:2|Default Creature ~ Riding Horse|UA		MONSTERCLASS:Hit Die:2	MOVE:Walk,60		BONUS:STAT|STR|6	BONUS:STAT|DEX|0	BONUS:STAT|CON|2	BONUS:STAT|INT|-8	BONUS:STAT|WIS|0	BONUS:STAT|CHA|-4		CR:1/4	ABILITY:Internal|AUTOMATIC|Racial Traits ~ Riding Horse
Skeleton		SOURCEPAGE:p.	SIZE:M	RACETYPE:Undead									KIT:2|Default Creature ~ Skeleton|LE		MONSTERCLASS:Hit Die:2	MOVE:Walk,30		BONUS:STAT|STR|0	BONUS:STAT|DEX|4	BONUS:STAT|CON|4	BONUS:STAT|INT|-4	BONUS:STAT|WIS|-2	BONUS:STAT|CHA|-6	BONUS:VAR|DarkvisionRange|60	CR:1/4	ABILITY:Internal|AUTOMATIC|Racial Traits ~ Skeleton		BONUS:COMBAT|AC|1|TYPE=Armor
Sprite		SOURCEPAGE:p.	SIZE:T	RACETYPE:Fey									KIT:2|Default Creature ~ Sprite|NG			MONSTERCLASS:Hit Die:1	MOVE:Walk,10,Fly,40	BONUS:STAT|STR|-8	BONUS:STAT|DEX|8	BONUS:STAT|CON|0	BONUS:STAT|INT|4	BONUS:STAT|WIS|2	BONUS:STAT|CHA|0		CR:1/4	ABILITY:Internal|AUTOMATIC|Racial Traits ~ Sprite
Tiger			SOURCEPAGE:p.	SIZE:L	RACETYPE:Beast									KIT:2|Default Creature ~ Tiger|UA			MONSTERCLASS:Hit Die:5	MOVE:Walk,40		BONUS:STAT|STR|6	BONUS:STAT|DEX|4	BONUS:STAT|CON|4	BONUS:STAT|INT|-8	BONUS:STAT|WIS|2	BONUS:STAT|CHA|-2		CR:1	ABILITY:Internal|AUTOMATIC|Racial Traits ~ Tiger
Warhorse		SOURCEPAGE:p.	SIZE:L	RACETYPE:Beast									KIT:2|Default Creature ~ Warhorse|UA		MONSTERCLASS:Hit Die:3	MOVE:Walk,60		BONUS:STAT|STR|8	BONUS:STAT|DEX|2	BONUS:STAT|CON|2	BONUS:STAT|INT|-8	BONUS:STAT|WIS|2	BONUS:STAT|CHA|-4		CR:1/2	ABILITY:Internal|AUTOMATIC|Racial Traits ~ Warhorse
Wolf			SOURCEPAGE:p.	SIZE:M	RACETYPE:Beast									KIT:2|Default Creature ~ Wolf|UA			MONSTERCLASS:Hit Die:2	MOVE:Walk,40		BONUS:STAT|STR|2	BONUS:STAT|DEX|4	BONUS:STAT|CON|2	BONUS:STAT|INT|-8	BONUS:STAT|WIS|2	BONUS:STAT|CHA|-4		CR:1/4	ABILITY:Internal|AUTOMATIC|Racial Traits ~ Wolf			BONUS:VAR|AC_Natural_Armor|1|TYPE=Base
Zombie		SOURCEPAGE:p.	SIZE:M	RACETYPE:Undead									KIT:2|Default Creature ~ Zombie|NE			MONSTERCLASS:Hit Die:3	MOVE:Walk,20		BONUS:STAT|STR|2	BONUS:STAT|DEX|-4	BONUS:STAT|CON|6	BONUS:STAT|INT|-8	BONUS:STAT|WIS|-4	BONUS:STAT|CHA|-6	BONUS:VAR|DarkvisionRange|60	CR:1/4	ABILITY:Internal|AUTOMATIC|Racial Traits ~ Zombie





