


Con2010 ~ TH Package				BONUS:ABILITYPOOL|Character Points|-	VISIBLE:DISPLAY	ABILITY:Special Ability|AUTOMATIC|	ADD:ABILITY|6|Character Points|NORMAL|Warcraft ~ Normal Progression
Con2010 ~ TWF Package				BONUS:ABILITYPOOL|Character Points|-	VISIBLE:DISPLAY	ABILITY:Special Ability|AUTOMATIC|
Con2010 ~ Scout Package				BONUS:ABILITYPOOL|Character Points|-	VISIBLE:DISPLAY	ABILITY:Character Points|AUTOMATIC|TYPE.ShadowStuff
Con2010 ~ Arcane Package			BONUS:ABILITYPOOL|Character Points|-	VISIBLE:DISPLAY	ABILITY:Special Ability|AUTOMATIC|
Con2010 ~ Coordinator Package			BONUS:ABILITYPOOL|Character Points|-	VISIBLE:DISPLAY	ABILITY:Special Ability|AUTOMATIC|Psychic Coordinator Template
Con2010 ~ Combat Medic Package		BONUS:ABILITYPOOL|Character Points|-	VISIBLE:DISPLAY	ABILITY:Special Ability|AUTOMATIC|

Warcraft +6
6*6=36
Saves +5
15
Skills +10

Lunge
Anime Master

HD: 20 (Reduced Cost)

HD:12 (Reduced Cost)

Fast Learner (Specialized for HD)

Damage Reduction (5/- Specialized for Physical Only)

Stoic w/ Improved & Ferocity

Berserker w/  Odinpower

Expertise (BAB for To Hit)

Simple w/ Martial Weapon

Light Armor

Celerity w/ Improved (Walk)

Warcraft (Weapon Focus +2 with Greatsword)

Imp. Initiative +2

Grant of Aid (Specialized for HP only) w/ Bonus Uses +4

