# CVS $Revision: $ $Author: $ -- Fri Oct 19 20:16:09 2012 -- reformated by prettylst.pl v1.39 (build 15052)
SOURCELONG:Convention	SOURCESHORT:Con
#DualActionCleanse.com



# Feat Name				Type					Visible	Required Class					Prohibited Feat					Multiple Requirements													Required Skill				Required Text							Special ABility																																																																		Define																			Description																Stackable?	Multiple?	Choose		Clone Movement		Combat bonus							Damage reduction	Misc bonus		Stat bonus		Modify VAR																																													Add to vision												Vision					Spell Res.	Damage Reduction	Description of the Benefits
Your Sword With Power		TYPE:General.Fighter																																		PRESKILL:1,Knowledge (Arcana)=3	PRETEXT:Proficiency in any martial or exotic weapon																																																																																									DESC:You have learned a magical technique to strike even distant foes with your sword.																																																																																																							BENEFIT:When wielding a magical melee weapon, you may use that weapon to fire a magical force bolt as an attack action. In effect, your melee weapon can be used as a ranged weapon with a range increment of 30ft., using the normal rules for ranged weapons. Apply the weapon's magical enhancement as normal, but do not apply your Strength modifier or any bonuses or magical abilities which can only apply to melee weapons (such as Vorpal). You can only use this ability when your current hit point total is equal to at least fifty percent of your maximum.
#SOURCEPAGE:website
#SOURCEPAGE:http://d20.jonnydigital.com/2007/06/inspired-by-legend-of-zelda


#http://www.freewebs.com/lotuscrane/notes.htm



####
Dragon Sense			TYPE:General																			PREMULT:1,[PREFEAT:1,DK Dragon Apotheosis,DM Dragon Apotheosis],[PRECLASS:1,Dragon Disciple=10]																																																																																																																																																																																																				BONUS:VISION|Darkvision|60	BONUS:VISION|Blindsense|30|!PREVISION:1,Blindsense=60

Dragon Knight's Soul		TYPE:General					PRECLASS:1,Dragon Knight Rebalanced=20																																																																																																																																																																							BONUS:MISC|SR|4
Dragon Mage's Soul		TYPE:General					PRECLASS:1,Dragon Mage Rebalanced=20																																																																																																																																																																				BONUS:DR|Magic|5
True Dragon Breath		TYPE:General																																																																																																																																										DESC:You may summon the power of your dragon ancestors for a truly devastating breath weapon attack.

###Gestalt Hidden Abilities

### Dragon Knight Class Abilities:
DK Ability Boost ~ Str		TYPE:DragonKnightAbilityBoost	VISIBLE:NO								!PREFEAT:4,CHECKMULT,Ability Boost ~ Str																																																																																																																																									STACK:YES	MULT:YES	CHOOSE:NOCHOICE																				BONUS:STAT|STR|2
DK Ability Boost ~ Con		TYPE:DragonKnightAbilityBoost	VISIBLE:NO																																																																																																																																																																																	BONUS:STAT|CON|2
DK Ability Boost ~ Int		TYPE:DragonKnightAbilityBoost	VISIBLE:NO																																																																																																																																																																																	BONUS:STAT|INT|2
DK Ability Boost ~ Cha		TYPE:DragonKnightAbilityBoost	VISIBLE:NO																																																																																																																																																																																	BONUS:STAT|CHA|2
Dragon Blood			TYPE:DragonKnightClass		VISIBLE:NO																																														SAB:Dragon Blood

DK Natural AC								VISIBLE:NO																																																																																																																		DEFINE:DKNaturalAC|0																																													BONUS:COMBAT|AC|DKNaturalAC|TYPE=NaturalArmor.REPLACE
DK Wings									VISIBLE:NO																																																																																																																																																														MOVECLONE:Walk,Fly,0
DK Armored Dragon								VISIBLE:NO																																														SAB:Armored Dragon ~ May wear Light armor and bucklers with no arcane spell failure and is able to fly|PREVAREQ:ArmoredDragon,0	SAB:Armored Dragon ~ May wear Medium armor and heavy shields with no arcane spell failure and is able to fly|PREVAREQ:ArmoredDragon,1	SAB:Armored Dragon ~ May wear Heavy armor and tower shields with no arcane spell failure and is able to fly|PREVAREQ:ArmoredDragon,2	DEFINE:ArmoredDragon|0
DK Dragon Apotheosis							VISIBLE:NO																																														SAB:Gain One bite and two claw attacks.																																																																																																																																																																																												VISION:Darkvision (60')|Low-light
DK Immunities								VISIBLE:NO																																														SAB:Immunity to sleep and paralysis effects.
DK Improved Flight							VISIBLE:NO																																																																																																																																																														MOVECLONE:Walk,Fly,*2
Blindsense~30								VISIBLE:NO																																																																																																																																																																																																																																																VISION:Blindsense (30')
DK Dragon Perfection							VISIBLE:NO																																														SAB:Dragon Perfection	SAB:Natural attacks considered magical and same alignment																																																																																																																																																																																											SR:TL+8	DR:10/Magic

###Breath Weapon & Resistance
DKBreathWeapon~Base							VISIBLE:NO																																																																																																																		DEFINE:DKBreathWeaponTimes|0	DEFINE:DKBreathWeaponDice|0	DEFINE:DKBreathWeaponDamage|0	DEFINE:DKBreathWeaponDC|0																																															BONUS:VAR|DKBreathWeaponTimes|var("CL=Dragon Knight Rebalanced")/3	BONUS:VAR|DKBreathWeaponDice|var("CL=Dragon Knight Rebalanced")	BONUS:VAR|DKBreathWeaponDamage|6	BONUS:VAR|DKBreathWeaponDC|CON+10	BONUS:VAR|DKBreathWeaponDC|var("CL=Dragon Knight Rebalanced")/2
DKBreathWeapon~Acid~line						VISIBLE:NO																																														SAB:Breath Weapon ~ %/day deal %d% acid damage DC % Reflex half, 60-foot line|DKBreathWeaponTimes|DKBreathWeaponDice|DKBreathWeaponDamage|DKBreathWeaponDC
DKBreathWeapon~Acid~cone						VISIBLE:NO																																														SAB:Breath Weapon ~ %/day deal %d% acid damage DC % Reflex half, 30-foot cone|DKBreathWeaponTimes|DKBreathWeaponDice|DKBreathWeaponDamage|DKBreathWeaponDC
DKBreathWeapon~Cold~cone						VISIBLE:NO																																														SAB:Breath Weapon ~ %/day deal %d% cold damage DC % Reflex half, 30-foot cone|DKBreathWeaponTimes|DKBreathWeaponDice|DKBreathWeaponDamage|DKBreathWeaponDC
DKBreathWeapon~Fire~line						VISIBLE:NO																																														SAB:Breath Weapon ~ %/day deal %d% fire damage DC % Reflex half, 60-foot line|DKBreathWeaponTimes|DKBreathWeaponDice|DKBreathWeaponDamage|DKBreathWeaponDC
DKBreathWeapon~Fire~cone						VISIBLE:NO																																														SAB:Breath Weapon ~ %/day deal %d% fire damage DC % Reflex half, 30-foot cone|DKBreathWeaponTimes|DKBreathWeaponDice|DKBreathWeaponDamage|DKBreathWeaponDC
DKBreathWeapon~Electricity						VISIBLE:NO																																														SAB:Breath Weapon ~ %/day deal %d% electricity damage DC % Reflex half, 60-foot line|DKBreathWeaponTimes|DKBreathWeaponDice|DKBreathWeaponDamage|DKBreathWeaponDC

###Block:Energy Resistance
# Feat Name					Type					Visible	Prohibited Feat					Special ABility																																						Define				Stackable?	Multiple?	Choose		Clone Movement		Combat bonus							Stat bonus		Vision					Spell Res.	Damage Reduction
DKEnergyResistance~Base								VISIBLE:NO																																																DEFINE:DKEnergyResistance|0
DKEnergyResistance~Cold								VISIBLE:NO								SAB:Cold Resistance 5|PREVAREQ:DKEnergyResistance,1	SAB:Cold Resistance 10|PREVAREQ:DKEnergyResistance,2	SAB:Cold Resistance 15|PREVAREQ:DKEnergyResistance,3	SAB:Immune to Cold|PREVAREQ:DKEnergyResistance,4
DKEnergyResistance~Fire								VISIBLE:NO								SAB:Fire Resistance 5|PREVAREQ:DKEnergyResistance,1	SAB:Fire Resistance 10|PREVAREQ:DKEnergyResistance,2	SAB:Fire Resistance 15|PREVAREQ:DKEnergyResistance,3	SAB:Immune to Fire|PREVAREQ:DKEnergyResistance,4
DKEnergyResistance~Acid								VISIBLE:NO								SAB:Acid Resistance 5|PREVAREQ:DKEnergyResistance,1	SAB:Acid Resistance 10|PREVAREQ:DKEnergyResistance,2	SAB:Acid Resistance 15|PREVAREQ:DKEnergyResistance,3	SAB:Immune to Acid|PREVAREQ:DKEnergyResistance,4
DKEnergyResistance~Electricity						VISIBLE:NO								SAB:Electricity Resistance 5|PREVAREQ:DKEnergyResistance,1	SAB:Electricity Resistance 10|PREVAREQ:DKEnergyResistance,2	SAB:Electricity Resistance 15|PREVAREQ:DKEnergyResistance,3	SAB:Immune to Electricity|PREVAREQ:DKEnergyResistance,4

#########
#######		DRAGON MAGE REVIEW
#########

### Dragon Knight Class Abilities:
DM Ability Boost ~ Str			TYPE:DragonMageAbilityBoost	VISIBLE:NO	!PREFEAT:2,CHECKMULT,Ability Boost ~ Str																																														STACK:YES	MULT:YES	CHOOSE:NOCHOICE														BONUS:STAT|STR|2
DM Ability Boost ~ Con			TYPE:DragonMageAbilityBoost	VISIBLE:NO																																																																									BONUS:STAT|CON|2
DM Ability Boost ~ Int			TYPE:DragonMageAbilityBoost	VISIBLE:NO	!PREFEAT:2,CHECKMULT,Ability Boost ~ Int																																														STACK:YES	MULT:YES	CHOOSE:NOCHOICE														BONUS:STAT|INT|2
DM Ability Boost ~ Cha			TYPE:DragonMageAbilityBoost	VISIBLE:NO	!PREFEAT:2,CHECKMULT,Ability Boost ~ Cha																																														STACK:YES	MULT:YES	CHOOSE:NOCHOICE														BONUS:STAT|CHA|2

DM Armored Dragon									VISIBLE:NO								SAB:May wear Light armor and light shields with no arcane spell failure
DM Natural AC									VISIBLE:NO																																																DEFINE:DMNaturalAC|0													BONUS:COMBAT|AC|DMNaturalAC|TYPE=NaturalArmor.REPLACE
DM Wings										VISIBLE:NO																																																												MOVECLONE:Walk,Fly,0
DM Dragon Apotheosis								VISIBLE:NO								SAB:Gain One bite and two claw attacks.																																																														VISION:Darkvision (60')|Low-light
DM Immunities									VISIBLE:NO								SAB:Immunity to sleep and paralysis effects.
DM Improved Flight								VISIBLE:NO																																																												MOVECLONE:Walk,Fly,*2
DM Dragon Perfection								VISIBLE:NO								SAB:Dragon Perfection	SAB:Natural attacks considered magical and same alignment																																																													SR:TL+12	DR:5/Magic

###Block:Energy Resistance
# Feat Name					Visible	Special ABility																																																										Define
DMEnergyResistance~Base			VISIBLE:NO																																																													DEFINE:DMEnergyResistance|0
DMEnergyResistance~Cold			VISIBLE:NO	SAB:Cold Resistance 5|PREVAREQ:DMEnergyResistance,1	SAB:Cold Resistance 10|PREVAREQ:DMEnergyResistance,2	SAB:Cold Resistance 15|PREVAREQ:DMEnergyResistance,3	SAB:Cold Resistance 20|PREVAREQ:DMEnergyResistance,4	SAB:Cold Resistance 25|PREVAREQ:DMEnergyResistance,5	SAB:Immune to Cold|PREVAREQ:DMEnergyResistance,6
DMEnergyResistance~Fire			VISIBLE:NO	SAB:Fire Resistance 5|PREVAREQ:DMEnergyResistance,1	SAB:Fire Resistance 10|PREVAREQ:DMEnergyResistance,2	SAB:Fire Resistance 15|PREVAREQ:DMEnergyResistance,3	SAB:Fire Resistance 20|PREVAREQ:DMEnergyResistance,4	SAB:Fire Resistance 25|PREVAREQ:DMEnergyResistance,5	SAB:Immune to Fire|PREVAREQ:DMEnergyResistance,6
DMEnergyResistance~Acid			VISIBLE:NO	SAB:Acid Resistance 5|PREVAREQ:DMEnergyResistance,1	SAB:Acid Resistance 10|PREVAREQ:DMEnergyResistance,2	SAB:Acid Resistance 15|PREVAREQ:DMEnergyResistance,3	SAB:Acid Resistance 20|PREVAREQ:DMEnergyResistance,4	SAB:Acid Resistance 25|PREVAREQ:DMEnergyResistance,5	SAB:Immune to Acid|PREVAREQ:DMEnergyResistance,6
DMEnergyResistance~Electricity	VISIBLE:NO	SAB:Electricity Resistance 5|PREVAREQ:DMEnergyResistance,1	SAB:Electricity Resistance 10|PREVAREQ:DMEnergyResistance,2	SAB:Electricity Resistance 15|PREVAREQ:DMEnergyResistance,3	SAB:Electricity Resistance 20|PREVAREQ:DMEnergyResistance,4	SAB:Electricity Resistance 25|PREVAREQ:DMEnergyResistance,5	SAB:Immune to Electricity|PREVAREQ:DMEnergyResistance,6

###Block: Companion
# Feat Name					Type			Visible	Special ABility																																				Define															Add to base move								Stat bonus		Modify VAR					Allow Follower				Allowed Companions							Damage Reduction	Source Page
Pseudodragon Companion			TYPE:Special	VISIBLE:NO	SAB:Pseudodragon Companion																																		DEFINE:DMPLevel|0																																	FOLLOWERS:Pseudodragon Companion|1	COMPANIONLIST:Pseudodragon Companion|Pseudodragon Companion				SOURCEPAGE:special


#Dragon Mage - Pseudodragon Companion Stuff:
PseudodragonCompanionBreathWeapon				VISIBLE:NO	SAB:Breath Weapon (shape and type as master)~ deals %d% damage. A Reflex saving throw DC % reduces the damage by half.|PCBreathWeaponDice|PCBreathWeaponDamage|PCBreathWeaponDC									DEFINE:PCBreathWeaponDice|0	DEFINE:PCBreathWeaponDamage|0	DEFINE:PCBreathWeaponDC|0															BONUS:VAR|PCBreathWeaponDamage|3
PseudodragonCompanionGrowth					VISIBLE:NO																																																							BONUS:MOVEADD|TYPE.Walk|15	BONUS:MOVEADD|TYPE.Fly|30	BONUS:STAT|CON|4																							DR:5/Magic


Height of Battle				TYPE:Hidden		VISIBLE:NO	SAB:Height of battle ~ %/day, [immediate action] gain +% bonus for % round to either all attack and damage rolls, or a bonus to Armor Class and on all saving throws|HeightOfBattleTimes|HeightOfBattleBonus|HeightOfBattleDuration	DEFINE:HeightOfBattleTimes|0	DEFINE:HeightOfBattleBonus|0	DEFINE:HeightOfBattleDuration|0														BONUS:VAR|HeightOfBattleDuration|1

#Height of Battle (Ex): Once per day, a fighter of 3rd level or higher can draw upon his unmatched combat experience for a burst of inspired effort that lesser warriors simply cannot match.
#As an immediate action, he can either gain a bonus on all attack and damage rolls, or a bonus to Armor Class and on all saving throws (this ability can be used even after an attack or save has already been rolled, possibly negating harm that would have otherwise affected the fighter).
#This bonus is equal to 1/2 his fighter class level, and lasts for 1 round.
#At 9th level, and at every six levels thereafter, the fighter may use height of battle one additional time per day. He cannot use height of battle more than once per encounter.


###Block: Mage Staff stuff

# Feat Name		Type			Visible	Caster level
MageStaffFeat1	TYPE:Equipment	VISIBLE:NO	BONUS:CASTERLEVEL|Wizard Rebalanced|2
