# CVS $Revision: $ $Author: $ -- Wed Mar 20 16:10:53 2013 -- reformated by prettylst.pl v1.39 (build 15052)
SOURCELONG:Convention	SOURCESHORT:Con

###Block: Pseudodragon Companion ------------------------------------------------------------------------------------------------------
# Class of the Master	Type					Hit Dice	Damage Reduction	Virtual Feat					Apply Kit				Special ABility										Define							Combat bonus						Add to base move								Stat bonus						Template
FOLLOWER:DMPLevel=2	TYPE:Pseudodragon Companion													KIT:1|Pseudodragon Companion	SAB:Empathic Link (Su)	SAB:Share spells	SAB:Resistance to energy	DEFINESTAT:NONSTAT|INT																														TEMPLATE:PseudodragonCompanion
FOLLOWER:DMPLevel=6	TYPE:Pseudodragon Companion	HD:1					VFEAT:PseudodragonCompanionBreathWeapon						SAB:Evasion											DEFINESTAT:LOCK|INT|11	DEFINE:EvasionUsable|0	BONUS:COMBAT|AC|1|TYPE=NaturalArmor.REPLACE											BONUS:STAT|STR,DEX|1
FOLLOWER:DMPLevel=8	TYPE:Pseudodragon Companion	HD:1																	SAB:Devotion	SAB:Speak with master						DEFINESTAT:LOCK|INT|12					BONUS:COMBAT|AC|1|TYPE=NaturalArmor.REPLACE											BONUS:STAT|STR,DEX|1
FOLLOWER:DMPLevel=10	TYPE:Pseudodragon Companion	HD:1																	SAB:Deliver touch spells								DEFINESTAT:LOCK|INT|13					BONUS:COMBAT|AC|1|TYPE=NaturalArmor.REPLACE											BONUS:STAT|STR,DEX|1
FOLLOWER:DMPLevel=12	TYPE:Pseudodragon Companion	HD:1																	SAB:Telepathic link									DEFINESTAT:LOCK|INT|14					BONUS:COMBAT|AC|1|TYPE=NaturalArmor.REPLACE											BONUS:STAT|STR,DEX|1
FOLLOWER:DMPLevel=14	TYPE:Pseudodragon Companion	HD:1																	SAB:Scry on pseudodragon companion							DEFINESTAT:LOCK|INT|15					BONUS:COMBAT|AC|1|TYPE=NaturalArmor.REPLACE											BONUS:STAT|STR,DEX|1
FOLLOWER:DMPLevel=16	TYPE:Pseudodragon Companion	HD:1																	SAB:Improved Evasion (Ex)								DEFINESTAT:LOCK|INT|16					BONUS:COMBAT|AC|1|TYPE=NaturalArmor.REPLACE											BONUS:STAT|STR,DEX|1
FOLLOWER:DMPLevel=18	TYPE:Pseudodragon Companion	HD:1																	SAB:Command creatures of its kind							DEFINESTAT:LOCK|INT|17					BONUS:COMBAT|AC|1|TYPE=NaturalArmor.REPLACE											BONUS:STAT|STR,DEX|1
FOLLOWER:DMPLevel=20	TYPE:Pseudodragon Companion	HD:1		DR:5/Magic														SAB:Pseudodragon growth									DEFINESTAT:LOCK|INT|18					BONUS:COMBAT|AC|1|TYPE=NaturalArmor.REPLACE	BONUS:MOVEADD|TYPE.Walk|15	BONUS:MOVEADD|TYPE.Fly|30	BONUS:STAT|STR,DEX|1	BONUS:STAT|CON|4


###Block:Familiar
# Class of the Master	Type			Spell Res.	Copy Masters BAB		Copy Masters Checks	HP formula based on Master	Use Masters skills?	Special ABility						Define						Combat bonus						Main Race Type
FOLLOWER:FamiliarLVL=1	TYPE:Familiar			COPYMASTERBAB:MASTER	COPYMASTERCHECK:MASTER	COPYMASTERHP:max(1,MASTER/2)	USEMASTERSKILL:YES	SAB:Empathic Link
FOLLOWER:FamiliarLVL=1	TYPE:Familiar																				SAB:Share Spells	SAB:Improved Evasion (Ex)	DEFINESTAT:LOCK|INT|6	DEFINE:EvasionUsable|0	BONUS:COMBAT|AC|1|TYPE=NaturalArmor.REPLACE	RACETYPE:Magical Beast
FOLLOWER:FamiliarLVL=3	TYPE:Familiar																				SAB:Deliver touch spells				DEFINESTAT:LOCK|INT|7					BONUS:COMBAT|AC|1|TYPE=NaturalArmor.REPLACE
FOLLOWER:FamiliarLVL=5	TYPE:Familiar																				SAB:Speak with master					DEFINESTAT:LOCK|INT|8					BONUS:COMBAT|AC|1|TYPE=NaturalArmor.REPLACE
FOLLOWER:FamiliarLVL=7	TYPE:Familiar																				SAB:Speak with animals of its kind			DEFINESTAT:LOCK|INT|9					BONUS:COMBAT|AC|1|TYPE=NaturalArmor.REPLACE
FOLLOWER:FamiliarLVL=9	TYPE:Familiar																												DEFINESTAT:NONSTAT|INT				BONUS:COMBAT|AC|1|TYPE=NaturalArmor.REPLACE
FOLLOWER:FamiliarLVL=11	TYPE:Familiar	SR:16																											DEFINESTAT:LOCK|INT|11				BONUS:COMBAT|AC|1|TYPE=NaturalArmor.REPLACE
FOLLOWER:FamiliarLVL=12	TYPE:Familiar	SR:17
FOLLOWER:FamiliarLVL=13	TYPE:Familiar	SR:18																			SAB:Scry on familiar					DEFINESTAT:LOCK|INT|12				BONUS:COMBAT|AC|1|TYPE=NaturalArmor.REPLACE
FOLLOWER:FamiliarLVL=14	TYPE:Familiar	SR:19
FOLLOWER:FamiliarLVL=15	TYPE:Familiar	SR:20																											DEFINESTAT:LOCK|INT|13				BONUS:COMBAT|AC|1|TYPE=NaturalArmor.REPLACE
FOLLOWER:FamiliarLVL=16	TYPE:Familiar	SR:21
FOLLOWER:FamiliarLVL=17	TYPE:Familiar	SR:22																											DEFINESTAT:LOCK|INT|14				BONUS:COMBAT|AC|1|TYPE=NaturalArmor.REPLACE
FOLLOWER:FamiliarLVL=18	TYPE:Familiar	SR:23
FOLLOWER:FamiliarLVL=19	TYPE:Familiar	SR:24																											DEFINESTAT:LOCK|INT|15				BONUS:COMBAT|AC|1|TYPE=NaturalArmor.REPLACE
FOLLOWER:FamiliarLVL=20	TYPE:Familiar	SR:25

###Block: Specific Familiars
# Class of the Master	Type			Required Race			Apply Kit					Special ABility		Add
FOLLOWER:FamiliarLVL=1	TYPE:Familiar	PRERACE:1,Raven									SAB:Speak one language	ADD:LANGUAGE|TYPE=Spoken
FOLLOWER:FamiliarLVL=1	TYPE:Familiar	PRERACE:1,Bat			KIT:1|Bat Familiar
FOLLOWER:FamiliarLVL=1	TYPE:Familiar	PRERACE:1,Cat			KIT:1|Cat Familiar
FOLLOWER:FamiliarLVL=1	TYPE:Familiar	PRERACE:1,Hawk			KIT:1|Hawk Familiar
FOLLOWER:FamiliarLVL=1	TYPE:Familiar	PRERACE:1,Lizard			KIT:1|Lizard Familiar
FOLLOWER:FamiliarLVL=1	TYPE:Familiar	PRERACE:1,Owl			KIT:1|Owl Familiar
FOLLOWER:FamiliarLVL=1	TYPE:Familiar	PRERACE:1,Rat			KIT:1|Rat Familiar
FOLLOWER:FamiliarLVL=1	TYPE:Familiar	PRERACE:1,Raven			KIT:1|Raven Familiar
FOLLOWER:FamiliarLVL=1	TYPE:Familiar	PRERACE:1,Snake (Viper/Tiny)	KIT:1|Snake Familiar
FOLLOWER:FamiliarLVL=1	TYPE:Familiar	PRERACE:1,Toad			KIT:1|Toad Familiar
FOLLOWER:FamiliarLVL=1	TYPE:Familiar	PRERACE:1,Weasel			KIT:1|Weasel Familiar

FOLLOWER:FamiliarLVL=1	TYPE:Familiar	PRERACE:1,Shocker Lizard	KIT:1|Shocker Lizard Familiar
FOLLOWER:FamiliarLVL=1	TYPE:Familiar	PRERACE:1,Stirge			KIT:1|Stirge Familiar
FOLLOWER:FamiliarLVL=1	TYPE:Familiar	PRERACE:1,Formian (Worker)	KIT:1|Formian (Worker) Familiar
FOLLOWER:FamiliarLVL=1	TYPE:Familiar	PRERACE:1,Devil (Imp)		KIT:1|Devil (Imp) Familiar
FOLLOWER:FamiliarLVL=1	TYPE:Familiar	PRERACE:1,Pseudodragon		KIT:1|Pseudodragon Familiar
FOLLOWER:FamiliarLVL=1	TYPE:Familiar	PRERACE:1,Demon (Quasit)	KIT:1|Demon (Quasit) Familiar
#

###Block:Familiar Bonuses to Master
# Race of familiar			Type			Save checks bonus			Bonus to HP			Bonus to skill			Virtual Feat
MASTERBONUSRACE:Bat			TYPE:Familiar										BONUS:SKILL|Listen|3		VFEAT:Alertness
MASTERBONUSRACE:Cat			TYPE:Familiar										BONUS:SKILL|Move Silently|3	VFEAT:Alertness
MASTERBONUSRACE:Hawk			TYPE:Familiar										BONUS:SKILL|Spot|3		VFEAT:Alertness
MASTERBONUSRACE:Lizard			TYPE:Familiar										BONUS:SKILL|Climb|3		VFEAT:Alertness
MASTERBONUSRACE:Owl			TYPE:Familiar										BONUS:SKILL|Spot|3		VFEAT:Alertness
MASTERBONUSRACE:Rat			TYPE:Familiar	BONUS:CHECKS|Fortitude|2										VFEAT:Alertness
MASTERBONUSRACE:Raven			TYPE:Familiar										BONUS:SKILL|Appraise|3		VFEAT:Alertness
MASTERBONUSRACE:Snake (Viper/Tiny)	TYPE:Familiar										BONUS:SKILL|Bluff|3		VFEAT:Alertness
MASTERBONUSRACE:Toad			TYPE:Familiar						BONUS:HP|CURRENTMAX|3						VFEAT:Alertness
MASTERBONUSRACE:Weasel			TYPE:Familiar	BONUS:CHECKS|Reflex|2											VFEAT:Alertness
#

###Block:Animal Companion
# Class of the Master			Type				Hit Dice	Virtual Feat				Special ABility					Define			Combat bonus						Stat bonus
FOLLOWER:AnimalCompanionLVL=1		TYPE:Animal Companion									SAB:Link (Ex)	SAB:Share Spells (Ex)
FOLLOWER:AnimalCompanionLVL=3		TYPE:Animal Companion	HD:2								SAB:Evasion (Ex)					DEFINE:EvasionUsable|0	BONUS:COMBAT|AC|2|TYPE=NaturalArmor.REPLACE	BONUS:STAT|STR|1	BONUS:STAT|DEX|1
FOLLOWER:AnimalCompanionLVL=6		TYPE:Animal Companion	HD:2								SAB:Devotion (Ex)									BONUS:COMBAT|AC|2|TYPE=NaturalArmor.REPLACE	BONUS:STAT|STR|1	BONUS:STAT|DEX|1
FOLLOWER:AnimalCompanionLVL=9		TYPE:Animal Companion	HD:2		VFEAT:Multiattack|PREHANDSGTEQ:3	SAB:Multiattack (Ex)								BONUS:COMBAT|AC|2|TYPE=NaturalArmor.REPLACE	BONUS:STAT|STR|1	BONUS:STAT|DEX|1
FOLLOWER:AnimalCompanionLVL=12	TYPE:Animal Companion	HD:2																			BONUS:COMBAT|AC|2|TYPE=NaturalArmor.REPLACE	BONUS:STAT|STR|1	BONUS:STAT|DEX|1
FOLLOWER:AnimalCompanionLVL=15	TYPE:Animal Companion	HD:2								SAB:Improved Evasion (Ex)							BONUS:COMBAT|AC|2|TYPE=NaturalArmor.REPLACE	BONUS:STAT|STR|1	BONUS:STAT|DEX|1
FOLLOWER:AnimalCompanionLVL=18	TYPE:Animal Companion	HD:2																			BONUS:COMBAT|AC|2|TYPE=NaturalArmor.REPLACE	BONUS:STAT|STR|1	BONUS:STAT|DEX|1
#

###Block:Specific Animal Companions
# Class of the Master		Type				Required Race					Apply Kit
FOLLOWER:AnimalCompanionLVL=1	TYPE:Animal Companion	PRERACE:1,Ape					KIT:1|Ape Companion
FOLLOWER:AnimalCompanionLVL=1	TYPE:Animal Companion	PRERACE:1,Badger					KIT:1|Badger Companion
FOLLOWER:AnimalCompanionLVL=1	TYPE:Animal Companion	PRERACE:1,Bear (Black)				KIT:1|Bear (Black) Companion
FOLLOWER:AnimalCompanionLVL=1	TYPE:Animal Companion	PRERACE:1,Bear (Brown)				KIT:1|Bear (Brown) Companion
FOLLOWER:AnimalCompanionLVL=1	TYPE:Animal Companion	PRERACE:1,Bear (Polar)				KIT:1|Bear (Polar) Companion
FOLLOWER:AnimalCompanionLVL=1	TYPE:Animal Companion	PRERACE:1,Bison					KIT:1|Bison Companion
FOLLOWER:AnimalCompanionLVL=1	TYPE:Animal Companion	PRERACE:1,Boar					KIT:1|Boar Companion
FOLLOWER:AnimalCompanionLVL=1	TYPE:Animal Companion	PRERACE:1,Camel					KIT:1|Camel Companion
FOLLOWER:AnimalCompanionLVL=1	TYPE:Animal Companion	PRERACE:1,Cheetah					KIT:1|Cheetah Companion
FOLLOWER:AnimalCompanionLVL=1	TYPE:Animal Companion	PRERACE:1,Crocodile				KIT:1|Crocodile Companion
FOLLOWER:AnimalCompanionLVL=1	TYPE:Animal Companion	PRERACE:1,Crocodile (Giant)			KIT:1|Crocodile (Giant) Companion
FOLLOWER:AnimalCompanionLVL=1	TYPE:Animal Companion	PRERACE:1,Dinosaur (Deinonychus)		KIT:1|Dinosaur (Deinonychus) Companion
FOLLOWER:AnimalCompanionLVL=1	TYPE:Animal Companion	PRERACE:1,Dinosaur (Megaraptor)		KIT:1|Dinosaur (Megaraptor) Companion
FOLLOWER:AnimalCompanionLVL=1	TYPE:Animal Companion	PRERACE:1,Dinosaur (Triceratops)		KIT:1|Dinosaur (Triceratops) Companion
FOLLOWER:AnimalCompanionLVL=1	TYPE:Animal Companion	PRERACE:1,Dinosaur (Tyrannosaurus)		KIT:1|Dinosaur (Tyrannosaurus) Companion
FOLLOWER:AnimalCompanionLVL=1	TYPE:Animal Companion	PRERACE:1,Dire Animal (Dire Ape)		KIT:1|Dire Animal (Dire Ape) Companion
FOLLOWER:AnimalCompanionLVL=1	TYPE:Animal Companion	PRERACE:1,Dire Animal (Dire Badger)		KIT:1|Dire Animal (Dire Badger) Companion
FOLLOWER:AnimalCompanionLVL=1	TYPE:Animal Companion	PRERACE:1,Dire Animal (Dire Bat)		KIT:1|Dire Animal (Dire Bat) Companion
FOLLOWER:AnimalCompanionLVL=1	TYPE:Animal Companion	PRERACE:1,Dire Animal (Dire Bear)		KIT:1|Dire Animal (Dire Bear) Companion
FOLLOWER:AnimalCompanionLVL=1	TYPE:Animal Companion	PRERACE:1,Dire Animal (Dire Boar)		KIT:1|Dire Animal (Dire Boar) Companion
FOLLOWER:AnimalCompanionLVL=1	TYPE:Animal Companion	PRERACE:1,Dire Animal (Dire Lion)		KIT:1|Dire Animal (Dire Lion) Companion
FOLLOWER:AnimalCompanionLVL=1	TYPE:Animal Companion	PRERACE:1,Dire Animal (Dire Rat)		KIT:1|Dire Animal (Dire Rat) Companion
FOLLOWER:AnimalCompanionLVL=1	TYPE:Animal Companion	PRERACE:1,Dire Animal (Dire Tiger)		KIT:1|Dire Animal (Dire Tiger) Companion
FOLLOWER:AnimalCompanionLVL=1	TYPE:Animal Companion	PRERACE:1,Dire Animal (Dire Weasel)		KIT:1|Dire Animal (Dire Weasel) Companion
FOLLOWER:AnimalCompanionLVL=1	TYPE:Animal Companion	PRERACE:1,Dire Animal (Dire Wolf)		KIT:1|Dire Animal (Dire Wolf) Companion
FOLLOWER:AnimalCompanionLVL=1	TYPE:Animal Companion	PRERACE:1,Dire Animal (Dire Wolverine)	KIT:1|Dire Animal (Dire Wolverine) Companion
FOLLOWER:AnimalCompanionLVL=1	TYPE:Animal Companion	PRERACE:1,Dog					KIT:1|Dog Companion
FOLLOWER:AnimalCompanionLVL=1	TYPE:Animal Companion	PRERACE:1,Dog (Riding)				KIT:1|Dog (Riding) Companion
FOLLOWER:AnimalCompanionLVL=1	TYPE:Animal Companion	PRERACE:1,Eagle					KIT:1|Eagle Companion
FOLLOWER:AnimalCompanionLVL=1	TYPE:Animal Companion	PRERACE:1,Elephant				KIT:1|Elephant Companion
FOLLOWER:AnimalCompanionLVL=1	TYPE:Animal Companion	PRERACE:1,Hawk					KIT:1|Hawk Companion
FOLLOWER:AnimalCompanionLVL=1	TYPE:Animal Companion	PRERACE:1,Horse (Heavy)				KIT:1|Horse (Heavy) Companion
FOLLOWER:AnimalCompanionLVL=1	TYPE:Animal Companion	PRERACE:1,Horse (Light)				KIT:1|Horse (Light) Companion
FOLLOWER:AnimalCompanionLVL=1	TYPE:Animal Companion	PRERACE:1,Leopard					KIT:1|Leopard Companion
FOLLOWER:AnimalCompanionLVL=1	TYPE:Animal Companion	PRERACE:1,Lion					KIT:1|Lion Companion
FOLLOWER:AnimalCompanionLVL=1	TYPE:Animal Companion	PRERACE:1,Lizard (Monitor)			KIT:1|Lizard (Monitor) Companion
FOLLOWER:AnimalCompanionLVL=1	TYPE:Animal Companion	PRERACE:1,Owl					KIT:1|Owl Companion
FOLLOWER:AnimalCompanionLVL=1	TYPE:Animal Companion	PRERACE:1,Pony					KIT:1|Pony Companion
FOLLOWER:AnimalCompanionLVL=1	TYPE:Animal Companion	PRERACE:1,Porpoise				KIT:1|Porpoise Companion
FOLLOWER:AnimalCompanionLVL=1	TYPE:Animal Companion	PRERACE:1,Rhinoceros				KIT:1|Rhinoceros Companion
FOLLOWER:AnimalCompanionLVL=1	TYPE:Animal Companion	PRERACE:1,Shark (Medium)			KIT:1|Shark (Medium) Companion
FOLLOWER:AnimalCompanionLVL=1	TYPE:Animal Companion	PRERACE:1,Snake (Constrictor)			KIT:1|Snake (Constrictor) Companion
FOLLOWER:AnimalCompanionLVL=1	TYPE:Animal Companion	PRERACE:1,Snake (Constrictor/Giant)		KIT:1|Snake (Constrictor/Giant) Companion
FOLLOWER:AnimalCompanionLVL=1	TYPE:Animal Companion	PRERACE:1,Snake (Viper/Huge)			KIT:1|Snake (Viper/Huge) Companion
FOLLOWER:AnimalCompanionLVL=1	TYPE:Animal Companion	PRERACE:1,Snake (Viper/Large)			KIT:1|Snake (Viper/Large) Companion
FOLLOWER:AnimalCompanionLVL=1	TYPE:Animal Companion	PRERACE:1,Snake (Viper/Medium)		KIT:1|Snake (Viper/Medium) Companion
FOLLOWER:AnimalCompanionLVL=1	TYPE:Animal Companion	PRERACE:1,Snake (Viper/Small)			KIT:1|Snake (Viper/Small) Companion
FOLLOWER:AnimalCompanionLVL=1	TYPE:Animal Companion	PRERACE:1,Squid					KIT:1|Squid Companion
FOLLOWER:AnimalCompanionLVL=1	TYPE:Animal Companion	PRERACE:1,Tiger					KIT:1|Tiger Companion
FOLLOWER:AnimalCompanionLVL=1	TYPE:Animal Companion	PRERACE:1,Wolf					KIT:1|Wolf Companion
FOLLOWER:AnimalCompanionLVL=1	TYPE:Animal Companion	PRERACE:1,Wolverine				KIT:1|Wolverine Companion

###Block:Animal Companion Size work-around
#
# These bonuses prevent the listed animals from increasing in size when they gain hit dice as a companion
# This should eventually be done by hard-coding it but for now this work-around will let the 5.8 companions come out with the correct numbers - Eddy
# Class of the Master		Type				Adjust PC Size
FOLLOWER:AnimalCompanionLVL=3	TYPE:Animal Companion	BONUS:SIZEMOD|NUMBER|-1|PRERACE:1,Wolf,Dire Animal (Dire Rat)|PREVARGT:TL,3|PREVARLT:TL,7
FOLLOWER:AnimalCompanionLVL=3	TYPE:Animal Companion	BONUS:SIZEMOD|NUMBER|-1|PRERACE:1,Dire Animal (Dire Badger)|PREVARGT:TL,3|PREVARLT:TL,10
FOLLOWER:AnimalCompanionLVL=3	TYPE:Animal Companion	BONUS:SIZEMOD|NUMBER|-1|PRERACE:1,Dire Animal (Dire Weasel)|PREVARGT:TL,6|PREVARLT:TL,10
FOLLOWER:AnimalCompanionLVL=3	TYPE:Animal Companion	BONUS:SIZEMOD|NUMBER|-1|PRERACE:1,Snake (Constrictor)|PREVARGT:TL,5|PREVARLT:TL,11
FOLLOWER:AnimalCompanionLVL=3	TYPE:Animal Companion	BONUS:SIZEMOD|NUMBER|-1|PRERACE:1,Wolverine|PREVARGT:TL,3|PREVARLT:TL,6
FOLLOWER:AnimalCompanionLVL=3	TYPE:Animal Companion	BONUS:SIZEMOD|NUMBER|-1|PRERACE:1,Dire Animal (Dire Boar)|PREVARGT:TL,16|PREVARLT:TL,22
FOLLOWER:AnimalCompanionLVL=3	TYPE:Animal Companion	BONUS:SIZEMOD|NUMBER|-1|PRERACE:1,Dinosaur (Elasmosaurus)|PREVARGT:TL,20|PREVARLT:TL,31
FOLLOWER:AnimalCompanionLVL=3	TYPE:Animal Companion	BONUS:SIZEMOD|NUMBER|-1|PRERACE:1,Rhinoceros,Octopus (Giant)|PREVARGT:TL,12|PREVARLT:TL,25
FOLLOWER:AnimalCompanionLVL=3	TYPE:Animal Companion	BONUS:SIZEMOD|NUMBER|-1|PRERACE:1,Tiger|PREVARGT:TL,12|PREVARLT:TL,19
FOLLOWER:AnimalCompanionLVL=3	TYPE:Animal Companion	BONUS:SIZEMOD|NUMBER|-1|PRERACE:1,Dire Animal (Dire Lion),Dinosaur (Megaraptor)|PREVARGT:TL,16|PREVARLT:TL,25
FOLLOWER:AnimalCompanionLVL=3	TYPE:Animal Companion	BONUS:SIZEMOD|NUMBER|-1|PRERACE:1,Snake (Constrictor/Giant)|PREVARGT:TL,16|PREVARLT:TL,34
FOLLOWER:AnimalCompanionLVL=3	TYPE:Animal Companion	BONUS:SIZEMOD|NUMBER|-1|PRERACE:1,Whale (Orca)|PREVARGT:TL,13|PREVARLT:TL,28
FOLLOWER:AnimalCompanionLVL=3	TYPE:Animal Companion	BONUS:SIZEMOD|NUMBER|-1|PRERACE:1,Dire Animal (Dire Bear)|PREVARGT:TL,16|PREVARLT:TL,37
FOLLOWER:AnimalCompanionLVL=3	TYPE:Animal Companion	BONUS:SIZEMOD|NUMBER|-1|PRERACE:1,Dire Animal (Dire Shark)|PREVARGT:TL,32|PREVARLT:TL,55
FOLLOWER:AnimalCompanionLVL=3	TYPE:Animal Companion	BONUS:SIZEMOD|NUMBER|-1|PRERACE:1,Dire Animal (Dire Tiger),Dinosaur (Triceratops)|PREVARGT:TL,32|PREVARLT:TL,49
FOLLOWER:AnimalCompanionLVL=3	TYPE:Animal Companion	BONUS:SIZEMOD|NUMBER|-1|PRERACE:1,Squid (Giant)|PREVARGT:TL,18|PREVARLT:TL,37
FOLLOWER:AnimalCompanionLVL=3	TYPE:Animal Companion	BONUS:SIZEMOD|NUMBER|-1|PRERACE:1,Dinosaur (Tyrannosaurus)|PREVARGT:TL,36|PREVARLT:TL,55


###Block: Standard Companions
# Class of the Master		Type			Automatically Gained Armor Prof.
FOLLOWER:NormalMount=1		TYPE:Mount		AUTO:ARMORPROF|ARMORTYPE=Barding
FOLLOWER:NormalFollower=1	TYPE:Follower

#
# End
#
