
FACTDEF:ABILITY|Nightblade_Archetype_Spells					DATAFORMAT:BOOLEAN	REQUIRED:NO	SELECTABLE:NO	VISIBLE:YES
FACTDEF:ABILITY|Nightblade_Archetype_Cantrips				DATAFORMAT:BOOLEAN	REQUIRED:NO	SELECTABLE:NO	VISIBLE:YES
FACTDEF:ABILITY|Nightblade_Archetype_Path					DATAFORMAT:BOOLEAN	REQUIRED:NO	SELECTABLE:NO	VISIBLE:YES
FACTDEF:ABILITY|Nightblade_Archetype_Evasion				DATAFORMAT:BOOLEAN	REQUIRED:NO	SELECTABLE:NO	VISIBLE:YES
FACTDEF:ABILITY|Nightblade_Archetype_ShadowSurge				DATAFORMAT:BOOLEAN	REQUIRED:NO	SELECTABLE:NO	VISIBLE:YES
FACTDEF:ABILITY|Nightblade_Archetype_NightbladeArt			DATAFORMAT:BOOLEAN	REQUIRED:NO	SELECTABLE:NO	VISIBLE:YES
FACTDEF:ABILITY|Nightblade_Archetype_Nighteye				DATAFORMAT:BOOLEAN	REQUIRED:NO	SELECTABLE:NO	VISIBLE:YES
FACTDEF:ABILITY|Nightblade_Archetype_HideinPlainSight			DATAFORMAT:BOOLEAN	REQUIRED:NO	SELECTABLE:NO	VISIBLE:YES
FACTDEF:ABILITY|Nightblade_Archetype_TwinSurge				DATAFORMAT:BOOLEAN	REQUIRED:NO	SELECTABLE:NO	VISIBLE:YES
FACTDEF:ABILITY|Nightblade_Archetype_ShadowShift				DATAFORMAT:BOOLEAN	REQUIRED:NO	SELECTABLE:NO	VISIBLE:YES
FACTDEF:ABILITY|Nightblade_Archetype_ImprovedEvasion			DATAFORMAT:BOOLEAN	REQUIRED:NO	SELECTABLE:NO	VISIBLE:YES
FACTDEF:ABILITY|Nightblade_Archetype_SeeinDarkness			DATAFORMAT:BOOLEAN	REQUIRED:NO	SELECTABLE:NO	VISIBLE:YES
FACTDEF:ABILITY|Nightblade_Archetype_ShadowyRealism			DATAFORMAT:BOOLEAN	REQUIRED:NO	SELECTABLE:NO	VISIBLE:YES
FACTDEF:ABILITY|Nightblade_Archetype_TripleSurge				DATAFORMAT:BOOLEAN	REQUIRED:NO	SELECTABLE:NO	VISIBLE:YES

FACTDEF:ABILITY|Nightblade_CF_Spells					DATAFORMAT:BOOLEAN	REQUIRED:NO	SELECTABLE:NO	VISIBLE:YES
FACTDEF:ABILITY|Nightblade_CF_Cantrips				DATAFORMAT:BOOLEAN	REQUIRED:NO	SELECTABLE:NO	VISIBLE:YES
FACTDEF:ABILITY|Nightblade_CF_Path					DATAFORMAT:BOOLEAN	REQUIRED:NO	SELECTABLE:NO	VISIBLE:YES
FACTDEF:ABILITY|Nightblade_CF_Evasion					DATAFORMAT:BOOLEAN	REQUIRED:NO	SELECTABLE:NO	VISIBLE:YES
FACTDEF:ABILITY|Nightblade_CF_ShadowSurge				DATAFORMAT:BOOLEAN	REQUIRED:NO	SELECTABLE:NO	VISIBLE:YES
FACTDEF:ABILITY|Nightblade_CF_NightbladeArt				DATAFORMAT:BOOLEAN	REQUIRED:NO	SELECTABLE:NO	VISIBLE:YES
FACTDEF:ABILITY|Nightblade_CF_Nighteye				DATAFORMAT:BOOLEAN	REQUIRED:NO	SELECTABLE:NO	VISIBLE:YES
FACTDEF:ABILITY|Nightblade_CF_HideinPlainSight			DATAFORMAT:BOOLEAN	REQUIRED:NO	SELECTABLE:NO	VISIBLE:YES
FACTDEF:ABILITY|Nightblade_CF_TwinSurge				DATAFORMAT:BOOLEAN	REQUIRED:NO	SELECTABLE:NO	VISIBLE:YES
FACTDEF:ABILITY|Nightblade_CF_ShadowShift				DATAFORMAT:BOOLEAN	REQUIRED:NO	SELECTABLE:NO	VISIBLE:YES
FACTDEF:ABILITY|Nightblade_CF_ImprovedEvasion			DATAFORMAT:BOOLEAN	REQUIRED:NO	SELECTABLE:NO	VISIBLE:YES
FACTDEF:ABILITY|Nightblade_CF_SeeinDarkness				DATAFORMAT:BOOLEAN	REQUIRED:NO	SELECTABLE:NO	VISIBLE:YES
FACTDEF:ABILITY|Nightblade_CF_ShadowyRealism			DATAFORMAT:BOOLEAN	REQUIRED:NO	SELECTABLE:NO	VISIBLE:YES
FACTDEF:ABILITY|Nightblade_CF_TripleSurge				DATAFORMAT:BOOLEAN	REQUIRED:NO	SELECTABLE:NO	VISIBLE:YES
