
###Block: Nightblade
CLASS:Nightblade	MAXLEVEL:20
CLASS:Nightblade	HD:8	TYPE:Base.PC
CLASS:Nightblade	FACT:Abb|Nbl	FACT:ClassType|PC
CLASS:Nightblade	DEFINE:NightbladeLVL|0	BONUS:VAR|NightbladeLVL|CL
CLASS:Nightblade	SOURCEPAGE:p.6	
CLASS:Nightblade	BONUS:COMBAT|BASEAB|classlevel("APPLIEDAS=NONEPIC")*3/4|TYPE=Base.REPLACE|PREVAREQ:UseAlternateBABProgression,0
CLASS:Nightblade	BONUS:VAR|ClassBABModerate|classlevel("APPLIEDAS=NONEPIC")|PREVAREQ:UseFractionalBAB,1
CLASS:Nightblade	BONUS:SAVE|BASE.Fortitude|classlevel("APPLIEDAS=NONEPIC")/3|PREVAREQ:UseAlternateSaveProgression,0
CLASS:Nightblade	BONUS:SAVE|BASE.Reflex|classlevel("APPLIEDAS=NONEPIC")/2+2|PREVAREQ:UseAlternateSaveProgression,0
CLASS:Nightblade	BONUS:SAVE|BASE.Will|classlevel("APPLIEDAS=NONEPIC")/2+2|PREVAREQ:UseAlternateSaveProgression,0
CLASS:Nightblade	BONUS:VAR|ClassSavePoor_Fortitude|classlevel()|PREVAREQ:UseFractionalSave,1
CLASS:Nightblade	BONUS:VAR|ClassSaveGood_Reflex|classlevel()|PREVAREQ:UseFractionalSave,1
CLASS:Nightblade	BONUS:VAR|ClassSaveGood_Will|classlevel()|PREVAREQ:UseFractionalSave,1
CLASS:Nightblade	STARTSKILLPTS:6	CSKILL:Acrobatics|Appraise|Bluff|Climb|TYPE=Craft|Diplomacy|Disable Device|Disguise|Escape Artist|Intimidate|Knowledge (arcana)|Knowledge (local)|Knowledge (planes)|Linguistics|Perception|TYPE=Profession|Sense Motive|Sleight of Hand|Spellcraft|Stealth|Use Magic Device
CLASS:Nightblade	FACT:SpellType|Arcane
CLASS:Nightblade	SPELLSTAT:CHA	MEMORIZE:NO
CLASS:Nightblade	BONUS:CASTERLEVEL|Nightblade|Caster_Level_BL_Stripped_Nightblade	DEFINE:Caster_Level_BL_Stripped_Nightblade|0	BONUS:VAR|Caster_Level_BL_Stripped_Nightblade|Caster_Level_Nightblade-CasterLevelBLNightblade	BONUS:VAR|Caster_Level_Nightblade|CL+Caster_Level_Bonus+CasterLevelBLNightblade	DEFINE:CasterLevelBLNightblade|0	BONUS:VAR|CasterLevelBL_Nightblade|charbonusto("PCLEVEL","Nightblade")	
CLASS:Nightblade	BONUS:VAR|Caster_Level_Highest__Arcane|Caster_Level_Nightblade|TYPE=Base
###Block
1	ABILITY:Class|AUTOMATIC|Nightblade
###Block:
1	ABILITY:Nightblade Class Feature|AUTOMATIC|Nightblade ~ Weapon and Armor Proficiency	
1	ABILITY:Nightblade Class Feature|AUTOMATIC|Nightblade ~ Spells|PREVAREQ:Nightblade_CF_Spells,0
1	ABILITY:Nightblade Class Feature|AUTOMATIC|Nightblade ~ Cantrips|PREVAREQ:Nightblade_CF_Cantrips,0
1	ABILITY:Nightblade Class Feature|AUTOMATIC|Nightblade ~ Path|PREVAREQ:Nightblade_CF_Path,0
2	ABILITY:Nightblade Class Feature|AUTOMATIC|Nightblade ~ Evasion|PREVAREQ:Nightblade_CF_Evasion,0
2	ABILITY:Nightblade Class Feature|AUTOMATIC|Nightblade ~ Shadow Surge|PREVAREQ:Nightblade_CF_ShadowSurge,0
3	ABILITY:Nightblade Class Feature|AUTOMATIC|Nightblade ~ Nightblade Art|PREVAREQ:Nightblade_CF_NightbladeArt,0
3	ABILITY:Nightblade Class Feature|AUTOMATIC|Nightblade ~ Nighteye|PREVAREQ:Nightblade_CF_Nighteye,0
8	ABILITY:Nightblade Class Feature|AUTOMATIC|Nightblade ~ Hide in Plain Sight|PREVAREQ:Nightblade_CF_HideinPlainSight,0
8	ABILITY:Nightblade Class Feature|AUTOMATIC|Nightblade ~ Twin Surge|PREVAREQ:Nightblade_CF_TwinSurge,0
9	ABILITY:Nightblade Class Feature|AUTOMATIC|Nightblade ~ Shadow Shift|PREVAREQ:Nightblade_CF_ShadowShift,0
11	ABILITY:Nightblade Class Feature|AUTOMATIC|Nightblade ~ Improved Evasion|PREVAREQ:Nightblade_CF_ImprovedEvasion,0
14	ABILITY:Nightblade Class Feature|AUTOMATIC|Nightblade ~ See in Darkness|PREVAREQ:Nightblade_CF_SeeinDarkness,0
17	ABILITY:Nightblade Class Feature|AUTOMATIC|Nightblade ~ Shadowy Realism|PREVAREQ:Nightblade_CF_ShadowyRealism,0
17	ABILITY:Nightblade Class Feature|AUTOMATIC|Nightblade ~ Triple Surge|PREVAREQ:Nightblade_CF_TripleSurge,0
###Block:
1	CAST:0,1
2	CAST:0,2
3	CAST:0,3
4	CAST:0,3,1
5	CAST:0,4,2
6	CAST:0,4,3
7	CAST:0,4,3,1
8	CAST:0,4,4,2
9	CAST:0,5,4,3
10	CAST:0,5,4,3,1
11	CAST:0,5,4,4,2
12	CAST:0,5,5,4,3
13	CAST:0,5,5,4,3,1
14	CAST:0,5,5,4,4,2
15	CAST:0,5,5,5,4,3
16	CAST:0,5,5,5,4,3,1
17	CAST:0,5,5,5,4,4,2
18	CAST:0,5,5,5,5,4,3
19	CAST:0,5,5,5,5,5,4
20	CAST:0,5,5,5,5,5,5
###Block:
1	KNOWN:4,2
2	KNOWN:5,3
3	KNOWN:6,4
4	KNOWN:6,4,2
5	KNOWN:6,4,3
6	KNOWN:6,4,4
7	KNOWN:6,5,4,2
8	KNOWN:6,5,4,3
9	KNOWN:6,5,4,4
10	KNOWN:6,5,5,4,2
11	KNOWN:6,6,5,4,3
12	KNOWN:6,6,5,4,4
13	KNOWN:6,6,5,5,4,2
14	KNOWN:6,6,6,5,4,3
15	KNOWN:6,6,6,5,4,4
16	KNOWN:6,6,6,5,5,4,2
17	KNOWN:6,6,6,6,5,4,3
18	KNOWN:6,6,6,6,5,4,4
19	KNOWN:6,6,6,6,5,5,4
20	KNOWN:6,6,6,6,6,5,5
