# CVS $Revision: $ $Author: $ -- Fri Oct 19 20:16:09 2012 -- reformated by prettylst.pl v1.39 (build 15052)
SOURCELONG:Kingdom Hearts	SOURCESHORT:KH

# Ability Name		Category of Ability		Automatically Gained Weapon Prof.
Keyblade Proficiency	CATEGORY:Special Ability	AUTO:WEAPONPROF|Keyblade|TYPE=Keyblade

###Block: CLASS TALENTS: -----------------------------------------------------------------------------------
###Block: Stormer
# Ability Name	Category of Ability		Type										Required Ability										Description																																																																Stackable?	Multiple?	Choose		Ability
Combo Plus		CATEGORY:Special Ability	TYPE:StormerTalent.SpecialQuality.Talent.Extraordinary													DESC:For each successful consecutive attack you make, the penalty for your next iterative attack is reduced by 1. For example, with one Combo Plus, if you hit with your first attack, your second is made at a -4 to hit (instead of a -5). If that second attack hit, your third attack would be made at a -3, and so on. This ability can allow you to make up to one additional attack in a turn.
Combo Boost		CATEGORY:Special Ability	TYPE:StormerTalent.SpecialQuality.Talent.Extraordinary	PREABILITY:1,CATEGORY=Special Ability,Combo Plus				DESC:For each successful consecutive attack you make, your next attack deals a cumulative +1 to damage (+1 if you hit with one attack, +2 if you hit with two, etc). Special: This effect stacks with other Combo Boost effects.																												STACK:YES	MULT:YES	CHOOSE:NOCHOICE
Slash Frenzy	CATEGORY:Special Ability	TYPE:StormerTalent.SpecialQuality.Talent.Extraordinary.StriderTalent													DESC:You make a full attack. All enemy effected take normal damage and need to pass a fort save(=to your str) or be stun for 1D4 rounds. Cost 1 Mp and is a full attck
Negative Combo	CATEGORY:Special Ability	TYPE:StormerTalent.SpecialQuality.Talent.Extraordinary													DESC:It takes one less successful attack to activate a Finishing Blow. Special: This ability stacks with all other Negative Combo effects.																																										STACK:YES	MULT:YES	CHOOSE:NOCHOICE
Thrust		CATEGORY:Special Ability	TYPE:StormerTalent.SpecialQuality.Talent.Extraordinary													DESC:As a standard action, you can make one attack against two targets who lie in a straight path from you (one is behind the other). You only make one attack roll, and use the result to determine success against  each target individually. This attack deals an additional +1d6 damage.																									ABILITY:FEAT|VIRTUAL|Improved Bull Rush
Ars Arcanum		CATEGORY:Special Ability	TYPE:StormerTalent.SpecialQuality.Talent.Extraordinary	PREABILITY:2,CATEGORY=Special Ability,Horizontal Slash,Sonic Slash	DESC:After You sucefuly make a full attack you can spend 5 mp and make another one. Full round action
Blitz			CATEGORY:Special Ability	TYPE:StormerTalent.SpecialQuality.Talent.Extraordinary	PREABILITY:2,CATEGORY=Special Ability,Thrust,Horizontal Slash		DESC:Finshing Combo. After you make a combo (full attack) you can strike all enemy infront of you (10ft) Cost 2 Mp
Horizontal Slash	CATEGORY:Special Ability	TYPE:StormerTalent.SpecialQuality.Talent.Extraordinary													DESC:As a standard action, you can make one attack against two targets who are adjacent to yourself and each other, using only one attack roll.
Sonic Blade		CATEGORY:Special Ability	TYPE:StormerTalent.SpecialQuality.Talent.Supernatural		PREABILITY:2,CATEGORY=Special Ability,Thrust,Horizontal Slash		DESC:When you use Sonic Blade, you may move in a straight line up to your speed. As you move, you may make a single attack at your BAB -5 against each opponent that lies in this path. This attack replaces the final iterative attack you would make that round.
Dodge Slash		CATEGORY:Special Ability	TYPE:StormerTalent.SpecialQuality.Talent.Extraordinary													DESC:Any enemy who attacks you and misses in melee combat provokes an attack of opportunity. An enemy can only provoke one attack of opportunity this way each round.
Retaliating Slash	CATEGORY:Special Ability	TYPE:StormerTalent.SpecialQuality.Talent.Extraordinary													DESC:If an opponent succeeds in a special attack action against you (except grapple or disarm attempts), he or she provokes an attack of opportunity from you. (Special attack actions include bull rush, charge, overrun, trip, etc)

###Block: Strider -----------------------------------------------------------------------------------
# Ability Name					Category of Ability		Type										Required Ability							Define										Description																																																																																				Stackable?	Multiple?	Choose
Enfeeblement Magic				CATEGORY:Special Ability	TYPE:SpecialQuality																DEFINE:EnfeeblementMagicLevel|0	DEFINE:ArcaneMagicLevel|0	DESC:%1|EnfeeblementMagicLevel	DESC:Arcane Magic Level: %1|ArcaneMagicLevel																																																																								STACK:YES	MULT:YES	CHOOSE:NOCHOICE
###Make Mechanic to increase
Aerial Attack					CATEGORY:Special Ability	TYPE:StriderTalent.SpecialQuality.Talent.Extraordinary																					DESC:If you beat the DC of any Jump check by at least 5, you can make a single attack at your highest BAB against any target within range at any point during the jump.
Aerial Sweep					CATEGORY:Special Ability	TYPE:StriderTalent.SpecialQuality.Talent.Extraordinary	PREABILITY:1,CATEGORY=Special Ability,Aerial Attack												DESC:If you beat the DC of any Jump check by 10 or more, you can make a full attack as you jump (you may attack multiple targets during the jump).
Strike Raid						CATEGORY:Special Ability	TYPE:StriderTalent.SpecialQuality.Talent.Extraordinary	PREABILITY:1,CATEGORY=Special Ability,Aerial Sweep												DESC:One melee weapon you are wielding this round gains a range increment of 20ft. You may throw your weapon at your full normal base attack bonus. The weapon quickly speeds back to your hand, allowing you to make iterative attacks (up to one  fewer than your BAB would normallyallow).
Trick Shot						CATEGORY:Special Ability	TYPE:StriderTalent.SpecialQuality.Talent.Extraordinary																					DESC:Striders learn to make ranged attacks in the most unlikely of situations. Reduce any penalty to a ranged attack roll, whether from long range or othercircumstances (but not the normal penalty for iterative attacks), by one half the Strider's class level (round down). In addition, a Strider no longer provokes attacks of opportunity from the target of her ranged attack for making a ranged attack in a threatened area. Other enemies threatening the area may still make an attack of opportunity normally.
Sharp Shot						CATEGORY:Special Ability	TYPE:StriderTalent.SpecialQuality.Talent.Extraordinary	PREABILITY:1,CATEGORY=Special Ability,Trick Shot												DESC:By taking one turn to aim carefully at your opponent, you may make attacks to a vital area of any creature that is unaware of you. This damage is 1d6 for every three character levels. You can only use this ability with a ranged weapon, and at 30ft or more away.
Barrage						CATEGORY:Special Ability	TYPE:StriderTalent.SpecialQuality.Talent				PREABILITY:1,CATEGORY=Special Ability,Sharp Shot												DESC:Finishing Blow* As a full round action, you can make one ranged attack within 30ft of a target, that adds damage equal to 1d6 per number of attacks you would normally receive after the first.
# Moved to Stormer
#Slash Frenzy


###Block: Damascao -----------------------------------------------------------------------------------
# Ability Name				Category of Ability		Type										Required Ability									Description																																																		Combat bonus				Spell Res.	Damage Reduction
#Guard.MOD						TYPE:DamascaoTalent
#.SpecialQuality.Talent.Extraordinary												DESC:When an attack against yourself is announced, you may make an opposing melee attack to negate the attack.
Counterguard				CATEGORY:Special Ability	TYPE:DamascaoTalent.SpecialQuality.Talent.Extraordinary	PREABILITY:1,CATEGORY=Special Ability,Guard				DESC:Whenever you successfully Guard against an attack, you immediately get an attack of opportunity if the target is within range.
Guard Break					CATEGORY:Special Ability	TYPE:DamascaoTalent.SpecialQuality.Talent.Extraordinary	PREABILITY:1,CATEGORY=Special Ability,Counterguard			DESC:MP COST: 3 Finishing Blow* All your attacks for this round gain a +4 when someone attempts to Guard against them. If there is no attempt to Guard, this deals +1 to damage instead.
Defender					CATEGORY:Special Ability	TYPE:DamascaoTalent.SpecialQuality.Talent.Extraordinary												DESC:A Damascao may transfer some, or all of their weapons enhancement bonus to his AC as a bonus that stacks with all others. As a free action, the user chooses how to allocate the weapons enhancement bonus at the start of his turn before using the weapon, and the effect to AC lasts until his next turn.
Aerial Recovery				CATEGORY:Special Ability	TYPE:DamascaoTalent.SpecialQuality.Talent.Extraordinary												DESC:You gain the ability to fall slower than normal. This ability is automatic, and slows a fall down to 60ft per round, and the subject takes no damage upon landing while the effect is in place. This effect last for one round per class level of Damascao.
Scan						CATEGORY:Special Ability	TYPE:DamascaoTalent.SpecialQuality.Talent.Extraordinary												DESC:By studying your opponent for one round, you can ascertain their health. (HP and MP)
Mp Gift					CATEGORY:Special Ability	TYPE:DamascaoTalent.SpecialQuality.Talent.Extraordinary.DastrierTalent												DESC:You give up to a 3 mp to a ally. A standard action and cost mp= to amount given.
Unflinching					CATEGORY:Special Ability	TYPE:DamascaoTalent.SpecialQuality.Talent.Extraordinary												DESC:This talent allows a Damascao to shrug off weak blows, as if they never even existed, giving you Damage Reduction 10/Magic																																						DR:10/Magic
Bull's Hide					CATEGORY:Special Ability	TYPE:DamascaoTalent.SpecialQuality.Talent.Extraordinary												DESC:You're bullheaded and thick skinned, and your body shows it. You gain a +4 Natural Armour Bonus to AC.																																		BONUS:COMBAT|AC|4|TYPE=NaturalArmor
Resistance of the Unbeliever		CATEGORY:Special Ability	TYPE:DamascaoTalent.SpecialQuality.Talent.Extraordinary	PREABILITY:2,CATEGORY=Special Ability,Unflinching,Bull's Hide	DESC:Your will and faith are great. It gives you an amazing ability, the ability to negate magic. A Damascao with this talent gains an SR of 11+character level																															SR:11+TL

###Block: Dastrier -----------------------------------------------------------------------------------
# Ability Name		Output Name				Category of Ability		Type										Special ABility															Define										Description																																					Ability				Class Skill
Enhancement Magic							CATEGORY:Special Ability	TYPE:SpecialQuality							SAB:Enhancement Magic Level: %|EnhancementMagicLevel	SAB:Divine Magic Level: %|DivineMagicLevel	DEFINE:EnhancementMagicLevel|0	DEFINE:DivineMagicLevel|0
Critical Plus							CATEGORY:Special Ability	TYPE:DastrierTalent.SpecialQuality.Talent.Extraordinary																													DESC:When this ability is taken, the critical range of any attack is increased to the next factor. This stacks with other abilities and feats, such as Keen and Improved Critical.
Berserk Charge							CATEGORY:Special Ability	TYPE:DastrierTalent.SpecialQuality.Talent.Extraordinary																													DESC:When out of MP, any time you could perform a finishing move, instead all attacks are calculated using 1.5 times strength.
Brave Beat								CATEGORY:Special Ability	TYPE:DastrierTalent.SpecialQuality.Talent.Extraordinary																													DESC:MP COST 3 Finishing Blow* When performing this finishing blow, make one attack. For each consecutive attack you would get for that turn, instead add this to the damage dealt by adding one die of damage for each attack.	ABILITY:FEAT|VIRTUAL|Cleave
Use Magic Device (KH)	OUTPUTNAME:Use Magic Device	CATEGORY:Special Ability	TYPE:DastrierTalent.SpecialQuality.Talent.Extraordinary																													DESC:Use Magic Device, becomes a class skill. In addition, you gain as many ranks in this skill as you have levels in Dastrier at the time of taking this talent.																	CSKILL:Use Magic Device
###Block: .MODs
# Ability Name							Type					Multiple Requirements
#Evasion.MOD			TYPE:DastrierTalent.Talent
#Uncanny Dodge.MOD		TYPE:DastrierTalent.Talent
#Improved Uncanny Dodge.MOD	TYPE:DastrierTalent.Talent	PREMULT:1,[!PRECLASS:1,Dastrier=1],[PREABILITY:1,CATEGORY=Special Ability,Uncanny Dodge]
#Mp Gift
#Trapfinding.MOD			TYPE:DastrierTalent.Talent
#Sneak Attack.MOD			TYPE:DastrierTalent.Talent

###Block: Magistra ----------------------------------------------------------------------------
# Ability Name					Category of Ability		Type										Required Ability							Special ABility													Define									Description
White Magic						CATEGORY:Special Ability	TYPE:SpecialQuality																SAB:White Magic Level: %|WhiteMagicLevel	SAB:Divine Magic Level: %|DivineMagicLevel	DEFINE:WhiteMagicLevel|0	DEFINE:DivineMagicLevel|0
Counter Spell					CATEGORY:Special Ability	TYPE:MagistraTalent.SpecialQuality.Talent.Extraordinary																																			DESC:Once per level, a Magistra can extend his strength of will to others within a 30 ft of the Magistra. Each round of the counterspell, he makes a Spellcraft check. Any creature in range can use this check instead of their Will save against any spell that requires a will save, whichever is higher, if a creature within range of the counterspell is already under the influence of a non instantaneous magical attack, it gains another saving throw against the spell, using the Magistra's Spellcraft check. Counterspell has no effect against effects that don't allow will saves. The Magistra can keep a up the counterspell for 10 rounds.
Freedom						CATEGORY:Special Ability	TYPE:MagistraTalent.SpecialQuality.Talent.Extraordinary																																			DESC:Once per level, a Magistra can extend his strength of will to create an effect equivalent to a break enchantment spell (caster level equals the character's Magistra level). Using this ability require one minute of concentration, and it functions on a single target within 30 ft. a Magistra can not use Freedom on himself.

#Lay on Hands - Magistra	CATEGORY:Special Ability	TYPE:MagistraTalent.SpecialQuality.Talent.Extraordinary	OUTPUTNAME:Lay on Hands																														DESC:A Magistra with a Charisma score of 12 or higher can heal wounds (his own, or those of others) by touch. Each day he can heal a total number of hit points of damage equal to his Magistra level x his charisma bonus. A Magistra may choose to divide his healing among multiple recipients, and he doesn't have to use it all at once. Using lay on hands is a standard action. Alternatively, with a successful melee touch attack, this ability can be used to damage undead.
Fascinate						CATEGORY:Special Ability	TYPE:MagistraTalent.SpecialQuality.Talent.Extraordinary																																			DESC:Once per day per level, a Magistra can use his perform skill (music, poetics, dance) to cause one or more creatures to become fascinated with him. Each creature to be fascinated must be within 90 ft, able to see and hear the Magistra, and able to pay attention to him. The Magistra must also be able to see the creature. The distraction of nearby combat or other dangers prevents the ability from working. For  every 3 levels of Magistra beyond the 1st, he can target one additional creature with a single use of this ability. To use the ability, a Magistra makes a perform check. His check is the DC for each affected creatures Will Save against the effect. If a creatures saving throw succeeds, the Magistra cannot attempt to fascinate that creature again for 24 hours. If it fails, the creature is effected as if by the spell fascinate, for as long as the Magistra continues to play and concentrate(up to a max of 1 round per level). This ability is an enchantment(compulsion) mind effecting, language dependent ability.
Suggestion						CATEGORY:Special Ability	TYPE:MagistraTalent.SpecialQuality.Talent.Extraordinary	PREABILITY:1,CATEGORY=Special Ability,Fascinate																											DESC:A Magistra with this talent can make a suggestion (as the spell) to a creature that he has already fascinated(see above). Using this ability does not break the Magistra's concentration on the fascinate effect, nor does it allow a second saving throw against the fascinate effect. A will saving throw (DC 10 + = Magistra level + Cha modifier) negates the effect. This ability affects only a single creature. This ability is an enchantment(compulsion) mind effecting, language dependent ability.
Mass Suggestion					CATEGORY:Special Ability	TYPE:MagistraTalent.SpecialQuality.Talent.Extraordinary																																			DESC:This ability functions like suggestion, above, except that a Magistra can make the suggestion simultaneously to any number of creatures that he has already fascinated This ability is an enchantment(compulsion) mind effecting, language dependent ability.
MP Haste						CATEGORY:Special Ability	TYPE:MagistraTalent.SpecialQuality.Talent.Extraordinary																																			DESC:MP is recovered by 10%% by spending one full round concentrating.
MP Hastera						CATEGORY:Special Ability	TYPE:MagistraTalent.SpecialQuality.Talent.Extraordinary	PREABILITY:1,CATEGORY=Special Ability,MP Haste																											DESC:MP is recovered by 20%% by spending one full round concentrating.
MP Hastega						CATEGORY:Special Ability	TYPE:MagistraTalent.SpecialQuality.Talent.Extraordinary	PREABILITY:1,CATEGORY=Special Ability,MP Hastega																										DESC:MP is recovered by 30%% by spending one full round concentrating.
MP Rage						CATEGORY:Special Ability	TYPE:MagistraTalent.SpecialQuality.Talent.Extraordinary																																			DESC:When struck in combat, 30%% of the damage taken is recovered as MP.
#Lay on Hands.MOD						TYPE:MagistraTalent

###Block: Magieux -----------------------------------------------------------------------------------
# Ability Name	Category of Ability		Type										Required Ability									Special ABility						Define									Description
Black Magic		CATEGORY:Special Ability	TYPE:SpecialQuality																		SAB:Arcane Magic Level: %|ArcaneMagicLevel	DEFINE:BlackMagicLevel|0	DEFINE:ArcaneMagicLevel|0	DESC:Black Magic Level %1|BlackMagicLevel
Magic Haste		CATEGORY:Special Ability	TYPE:MagieuxTalent.SpecialQuality.Talent.Extraordinary																														DESC:You can cast spells at a faster rate. Treat your first spell for that turn as if it was Quickened.
Magic Spice		CATEGORY:Special Ability	TYPE:MagieuxTalent.SpecialQuality.Talent.Extraordinary																														DESC:When casting spells with a specific target, if you cast multiple spells that turn at one target, the last spells effects are increased by 1.5, as is the area of effect.
Endless Magic	CATEGORY:Special Ability	TYPE:MagieuxTalent.SpecialQuality.Talent.Extraordinary	PREABILITY:2,CATEGORY=Special Ability,Magic Haste,Magic Spice																			DESC:Finishing Blow** You may cast as many spells this turn until you run out of MP. (** Unlike most Finishing Blows, you must target the same creature with 7 Spells, not attacks)
Aero Boost		CATEGORY:Special Ability	TYPE:MagieuxTalent.SpecialQuality.Talent.Extraordinary																														DESC:Spells with the Air descriptor do 1.5 times damage
Acid Boost		CATEGORY:Special Ability	TYPE:MagieuxTalent.SpecialQuality.Talent.Extraordinary																														DESC:Spells with the Acid descriptor do 1.5 times damage
Aqua Boost		CATEGORY:Special Ability	TYPE:MagieuxTalent.SpecialQuality.Talent.Extraordinary																														DESC:Spells with the Water descriptor do 1.5 times damage
Blizzard Boost	CATEGORY:Special Ability	TYPE:MagieuxTalent.SpecialQuality.Talent.Extraordinary																														DESC:Spells with the Cold descriptor do 1.5 times damage
Darkness Boost	CATEGORY:Special Ability	TYPE:MagieuxTalent.SpecialQuality.Talent.Extraordinary																														DESC:Spells with the Darkness descriptor do 1.5 times damage
Fire Boost		CATEGORY:Special Ability	TYPE:MagieuxTalent.SpecialQuality.Talent.Extraordinary																														DESC:Spells with the Fire descriptor do 1.5 times damage
Force Boost		CATEGORY:Special Ability	TYPE:MagieuxTalent.SpecialQuality.Talent.Extraordinary																														DESC:Spells with the Force descriptor do 1.5 times damage
Light Boost		CATEGORY:Special Ability	TYPE:MagieuxTalent.SpecialQuality.Talent.Extraordinary																														DESC:Spells with the Light descriptor do 1.5 times damage
Sonic Boost		CATEGORY:Special Ability	TYPE:MagieuxTalent.SpecialQuality.Talent.Extraordinary																														DESC:Spells with the Sonic descriptor do 1.5 times damage
Terra Boost		CATEGORY:Special Ability	TYPE:MagieuxTalent.SpecialQuality.Talent.Extraordinary																														DESC:Spells with the Earth descriptor do 1.5 times damage
Thunder Boost	CATEGORY:Special Ability	TYPE:MagieuxTalent.SpecialQuality.Talent.Extraordinary																														DESC:Spells with the Electricity descriptor do 1.5 times damage
#
