# CVS $Revision: $ $Author: $ -- Fri Oct 19 20:16:09 2012 -- reformated by prettylst.pl v1.39 (build 15052)
SOURCELONG:Kingdom Hearts	SOURCESHORT:KH



###Block: PC Base Classes -----------------------------------------------------------------------------
# Stormer (+Strength, -Magic)	#MP:d6

# Class Name	Hit Dice	Type			Save checks bonus												Combat bonus
CLASS:Stormer	HD:10		TYPE:Base.PC	BONUS:CHECKS|BASE.Fortitude|(CL/2)+2	BONUS:CHECKS|BASE.Reflex,BASE.Will|CL/3	BONUS:COMBAT|BAB|CL
# Class Name	Skill Pts/Lvl	Class Skill
CLASS:Stormer	STARTSKILLPTS:4	CSKILL:Balance|Climb|TYPE=Craft|Drive|Pilot|Handle Animal|Intimidate|Jump|TYPE=Knowledge|Listen|TYPE=Profession|Ride|Speak Language|Survival|Swim
###Block: Class Granted
1																	AUTO:FEAT|Armor Proficiency (Light)|Simple Weapon Proficiency
1	ABILITY:Special Ability|AUTOMATIC|All Automatic Proficiencies|All Martial Weapon Proficiencies
###Block: Defense
1	BONUS:COMBAT|AC|CL*.66==1|TYPE=ClassDefense.REPLACE
###Block: Talent Choices
1	BONUS:ABILITYPOOL|Stormer Talent|(CL/4)+1
2	BONUS:ABILITYPOOL|Stormer Feat|1+(2+CL)/4

#Strider ------------------------------------------------------------------------------------------------
# +Strength, -Defense

# Class Name	Hit Dice	Type			Save checks bonus												Combat bonus
CLASS:Strider	HD:8		TYPE:Base.PC	BONUS:CHECKS|BASE.Reflex|(CL/2)+2	BONUS:CHECKS|BASE.Fortitude,BASE.Will|CL/3	BONUS:COMBAT|BAB|CL
# Class Name	Skill Pts/Lvl	Class Skill
CLASS:Strider	STARTSKILLPTS:5	CSKILL:Balance|Bluff|Climb|Concentration|TYPE=Craft|Decipher Script|Gather Information|Handle Animal|Hide|Intimidate|Jump|TYPE=Knowledge|Listen|TYPE=Profession|Ride|Drive|Pilot|Speak Language|Spellcraft|Survival|Swim
1								BONUS:COMBAT|AC|CL+1/3|TYPE=ClassDefense.REPLACE
#d10 mp
1																	ABILITY:Special Ability|AUTOMATIC|All Automatic Proficiencies|All Martial Weapon Proficiencies
1																																	AUTO:FEAT|Simple Weapon Proficiency
1																	ABILITY:Special Ability|AUTOMATIC|Enfeeblement Magic
1	BONUS:ABILITYPOOL|Strider Talent|(CL/4)
2	BONUS:ABILITYPOOL|Strider Talent|1
5	BONUS:ABILITYPOOL|Strider Feat|1
16	BONUS:ABILITYPOOL|Strider Feat|1

#Damascao -----------------------------------------------------------------------------------------------
# +Defense, -Magic

# Class Name	Hit Dice	Type			Save checks bonus												Combat bonus
CLASS:Damascao	HD:10		TYPE:Base.PC	BONUS:CHECKS|BASE.Reflex|(CL/2)+2	BONUS:CHECKS|BASE.Fortitude,BASE.Will|CL/3	BONUS:COMBAT|BAB|CL*3/4|PREVAREQ:UseFractionalBAB,0	BONUS:VAR|ClassBABModerate|CL|PREVAREQ:UseFractionalBAB,1	

# Class Name	Skill Pts/Lvl	Class Skill
CLASS:Damascao	STARTSKILLPTS:4	CSKILL:Bluff|Climb|TYPE=Craft|Handle Animal|Intimidate|Jump|TYPE=Knowledge|Listen|TYPE=Profession|Ride|Drive|Pilot|Speak Language|Spot|Survival|Swim
1																	AUTO:FEAT|Armor Proficiency (Heavy)|Armor Proficiency (Light)|Armor Proficiency (Medium)|Simple Weapon Proficiency
1	ABILITY:Special Ability|AUTOMATIC|All Automatic Proficiencies|All Martial Weapon Proficiencies	AUTO:FEAT|Simple Weapon Proficiency
###Block:#MP:3
1	BONUS:ABILITYPOOL|Damascao Talent|(CL/4)+1
2	BONUS:ABILITYPOOL|Damascao Feat|(CL+2)/4+1
1									BONUS:COMBAT|AC|CL|TYPE=ClassDefense.REPLACE
1																	ABILITY:Special Ability|AUTOMATIC|All Automatic Proficiencies|All Martial Weapon Proficiencies

#Dastrier ------------------------------------------------------------------------------------------------
# +Defense, -Strength

# Class Name	Hit Dice	Type			Save checks bonus												Combat bonus
CLASS:Dastrier	HD:10		TYPE:Base.PC	BONUS:CHECKS|BASE.Reflex|(CL/2)+2	BONUS:CHECKS|BASE.Fortitude,BASE.Will|CL/3	BONUS:COMBAT|BAB|CL*1/3
# Class Name	Skill Pts/Lvl	Class Skill
CLASS:Dastrier	STARTSKILLPTS:5	CSKILL:Appraise|Balance|Bluff|Climb|Concentration|TYPE=Craft|Decipher Script|Disable Device|Gather Information|Hide|Intimidate|TYPE=Knowledge|Listen|Move Silently|Open Lock|TYPE=Profession|Ride|Drive|Pilot|Search|Sense Motive|Sleight of Hand|Speak Language|Spellcraft|Spot|Tumble|Use Magic Device|Use Rope
1	BONUS:COMBAT|AC|CL*.66==1|TYPE=ClassDefense.REPLACE
###Block:
1	ABILITY:Special Ability|AUTOMATIC|All Automatic Proficiencies	AUTO:FEAT|Simple Weapon Proficiency
1												AUTO:FEAT|Armor Proficiency (Heavy)|Armor Proficiency (Light)|Armor Proficiency (Medium)
###Block:
1	ABILITY:Special Ability|AUTOMATIC|Enhancement Magic
###Block:
#MP:5
1	BONUS:ABILITYPOOL|Dastrier Talent|(CL/4)+1
10	BONUS:ABILITYPOOL|Dastrier Feat|1

#Magistra ------------------------------------------------------------------------------------------------
### +Magic, -Strength

# Class Name	Hit Dice	Type			Save checks bonus												Combat bonus
CLASS:Magistra	HD:8		TYPE:Base.PC	BONUS:CHECKS|BASE.Reflex|(CL/2)+2	BONUS:CHECKS|BASE.Fortitude,BASE.Will|CL/3	BONUS:COMBAT|BAB|CL*1/3
# Class Name	Skill Pts/Lvl	Class Skill
CLASS:Magistra	STARTSKILLPTS:6	CSKILL:Appraise|Bluff|Concentration|TYPE=Craft|Decipher Script|Diplomacy|Disguise|Escape Artist|Forgery|Gather Information|Heal|Hide|TYPE=Knowledge|Listen|Move Silently|Open Lock|TYPE=Perform|TYPE=Profession|Ride|Drive|Pilot|Search|Sense Motive|Sleight of Hand|Speak Language|Spellcraft|Spot|Tumble|Use Magic Device|Use Rope
###Block:
1												AUTO:FEAT|Armor Proficiency (Light)	AUTO:FEAT|Simple Weapon Proficiency
1	ABILITY:Special Ability|AUTOMATIC|All Automatic Proficiencies
###Block:
1	ABILITY:Special Ability|AUTOMATIC|White Magic
#MP:8
###Block:
1	BONUS:ABILITYPOOL|Magistra Talent|(CL/4)+1
###Block:
1	BONUS:COMBAT|AC|CL*.66==1|TYPE=ClassDefense.REPLACE

#Magieux -----------------------------------------------------------------------------------------------------
### +Magic, -Defense

# Class Name	Hit Dice	Type			Save checks bonus											Combat bonus
CLASS:Magieux	HD:6		TYPE:Base.PC	BONUS:CHECKS|BASE.Fortitude,BASE.Will|(CL/2)+2	BONUS:CHECKS|BASE.Reflex|CL/3	BONUS:COMBAT|BAB|CL*3/4|PREVAREQ:UseFractionalBAB,0	BONUS:VAR|ClassBABModerate|CL|PREVAREQ:UseFractionalBAB,1	

# Class Name	Skill Pts/Lvl	Class Skill
CLASS:Magieux	STARTSKILLPTS:6	CSKILL:Concentration|TYPE=Craft|Decipher Script|Gather Information|Intimidate|TYPE=Knowledge|Listen|TYPE=Profession|Ride|Drive|Pilot|Sense Motive|Speak Language|Spellcraft
# Class Name	Caster level
CLASS:Magieux	BONUS:CASTERLEVEL|Black|CL
###Block:
1	BONUS:COMBAT|AC|CL+1/3|TYPE=ClassDefense.REPLACE
###Block:
1	ABILITY:Special Ability|AUTOMATIC|All Automatic Proficiencies|All Martial Weapon Proficiencies	AUTO:FEAT|Simple Weapon Proficiency
###Block:
1	ABILITY:Special Ability|AUTOMATIC|Black Magic
#MP8
###Block: Talents
1	BONUS:ABILITYPOOL|Magieux Talent|(CL/4)+1
