# CVS $Revision: 11741 $ $Author: amaitland $ -- Fri May  7 14:06:38 2010 -- reformated by prettylst.pl v1.39 (build 11455)

###Block: Subclass Support
#CLASS:Psion.COPY=Psion (Egoist)
#CLASS:Psion.COPY=Psion (Kineticist)
#CLASS:Psion.COPY=Psion (Nomad)
#CLASS:Psion.COPY=Psion (Seer)
#CLASS:Psion.COPY=Psion (Shaper)	
#CLASS:Psion.COPY=Psion (Telepath)

CLASS:Psion Egoist		SPELLLIST:2|Egoist|Psion	HD:4		TYPE:Base.Psionic.PC	CLASSTYPE:PC	MAXLEVEL:20	ALLOWBASECLASS:NO		SOURCEPAGE:PsionicClasses.rtf	BONUS:CHECKS|BASE.Will|CL/2+2	BONUS:CHECKS|BASE.Fortitude,BASE.Reflex|CL/3	BONUS:COMBAT|BAB|CL/2|TYPE=Base.REPLACE	BONUS:VAR|PsiCrystalLVL|CL|PREFEAT:1,Psicrystal Affinity
# Class Name	Skill Pts/Lvl
CLASS:Psion Egoist		STARTSKILLPTS:2	VISIBLE:NO
# Class Name	Spell Stat		Spell Type		Memorize	Caster level
CLASS:Psion Egoist		SPELLSTAT:INT	SPELLTYPE:Psionic	MEMORIZE:NO	BONUS:CASTERLEVEL|Psion Egoist|CL
1	KNOWN:0,3
2	KNOWN:0,5
3	KNOWN:0,5,2
4	KNOWN:0,5,4
5	KNOWN:0,5,4,2
6	KNOWN:0,5,4,4
7	KNOWN:0,5,4,4,2
8	KNOWN:0,5,4,4,4
9	KNOWN:0,5,4,4,4,2
10	KNOWN:0,5,4,4,4,4
11	KNOWN:0,5,4,4,4,4,1
12	KNOWN:0,5,4,4,4,4,3
13	KNOWN:0,5,4,4,4,4,3,1
14	KNOWN:0,5,4,4,4,4,3,3
15	KNOWN:0,5,4,4,4,4,3,3,1
16	KNOWN:0,5,4,4,4,4,3,3,3
17	KNOWN:0,5,4,4,4,4,3,3,3,1
18	KNOWN:0,5,4,4,4,4,3,3,3,3
19	KNOWN:0,5,4,4,4,4,3,3,3,4
20	KNOWN:0,5,4,4,4,4,3,3,3,6
CLASS:Psion Kineticist		SPELLLIST:2|Kineticist|Psion	HD:4		TYPE:Base.Psionic.PC	CLASSTYPE:PC	MAXLEVEL:20	ALLOWBASECLASS:NO		SOURCEPAGE:PsionicClasses.rtf	BONUS:CHECKS|BASE.Will|CL/2+2	BONUS:CHECKS|BASE.Fortitude,BASE.Reflex|CL/3	BONUS:COMBAT|BAB|CL/2|TYPE=Base.REPLACE	BONUS:VAR|PsiCrystalLVL|CL|PREFEAT:1,Psicrystal Affinity
# Class Name	Skill Pts/Lvl
CLASS:Psion Kineticist		STARTSKILLPTS:2
# Class Name	Spell Stat		Spell Type		Memorize	Caster level
CLASS:Psion Kineticist		SPELLSTAT:INT	SPELLTYPE:Psionic	MEMORIZE:NO	BONUS:CASTERLEVEL|Psion Kineticist|CL
1	KNOWN:0,3
2	KNOWN:0,5
3	KNOWN:0,5,2
4	KNOWN:0,5,4
5	KNOWN:0,5,4,2
6	KNOWN:0,5,4,4
7	KNOWN:0,5,4,4,2
8	KNOWN:0,5,4,4,4
9	KNOWN:0,5,4,4,4,2
10	KNOWN:0,5,4,4,4,4
11	KNOWN:0,5,4,4,4,4,1
12	KNOWN:0,5,4,4,4,4,3
13	KNOWN:0,5,4,4,4,4,3,1
14	KNOWN:0,5,4,4,4,4,3,3
15	KNOWN:0,5,4,4,4,4,3,3,1
16	KNOWN:0,5,4,4,4,4,3,3,3
17	KNOWN:0,5,4,4,4,4,3,3,3,1
18	KNOWN:0,5,4,4,4,4,3,3,3,3
19	KNOWN:0,5,4,4,4,4,3,3,3,4
20	KNOWN:0,5,4,4,4,4,3,3,3,6
CLASS:Psion Nomad			SPELLLIST:2|Nomad|Psion		HD:4		TYPE:Base.Psionic.PC	CLASSTYPE:PC	MAXLEVEL:20	ALLOWBASECLASS:NO		SOURCEPAGE:PsionicClasses.rtf	BONUS:CHECKS|BASE.Will|CL/2+2	BONUS:CHECKS|BASE.Fortitude,BASE.Reflex|CL/3	BONUS:COMBAT|BAB|CL/2|TYPE=Base.REPLACE	BONUS:VAR|PsiCrystalLVL|CL|PREFEAT:1,Psicrystal Affinity
# Class Name	Skill Pts/Lvl
CLASS:Psion Nomad		STARTSKILLPTS:2
# Class Name	Spell Stat		Spell Type		Memorize	Caster level
CLASS:Psion Nomad		SPELLSTAT:INT	SPELLTYPE:Psionic	MEMORIZE:NO	BONUS:CASTERLEVEL|Psion Nomad|CL
1	KNOWN:0,3
2	KNOWN:0,5
3	KNOWN:0,5,2
4	KNOWN:0,5,4
5	KNOWN:0,5,4,2
6	KNOWN:0,5,4,4
7	KNOWN:0,5,4,4,2
8	KNOWN:0,5,4,4,4
9	KNOWN:0,5,4,4,4,2
10	KNOWN:0,5,4,4,4,4
11	KNOWN:0,5,4,4,4,4,1
12	KNOWN:0,5,4,4,4,4,3
13	KNOWN:0,5,4,4,4,4,3,1
14	KNOWN:0,5,4,4,4,4,3,3
15	KNOWN:0,5,4,4,4,4,3,3,1
16	KNOWN:0,5,4,4,4,4,3,3,3
17	KNOWN:0,5,4,4,4,4,3,3,3,1
18	KNOWN:0,5,4,4,4,4,3,3,3,3
19	KNOWN:0,5,4,4,4,4,3,3,3,4
20	KNOWN:0,5,4,4,4,4,3,3,3,6
CLASS:Psion Seer			SPELLLIST:2|Psion|Seer		HD:4		TYPE:Base.Psionic.PC	CLASSTYPE:PC	MAXLEVEL:20	ALLOWBASECLASS:NO		SOURCEPAGE:PsionicClasses.rtf	BONUS:CHECKS|BASE.Will|CL/2+2	BONUS:CHECKS|BASE.Fortitude,BASE.Reflex|CL/3	BONUS:COMBAT|BAB|CL/2|TYPE=Base.REPLACE	BONUS:VAR|PsiCrystalLVL|CL|PREFEAT:1,Psicrystal Affinity
# Class Name	Skill Pts/Lvl
CLASS:Psion Seer		STARTSKILLPTS:2	VISIBLE:NO
# Class Name	Spell Stat		Spell Type		Memorize	Caster level
CLASS:Psion Seer		SPELLSTAT:INT	SPELLTYPE:Psionic	MEMORIZE:NO	BONUS:CASTERLEVEL|Psion Seer|CL
1	KNOWN:0,3
2	KNOWN:0,5
3	KNOWN:0,5,2
4	KNOWN:0,5,4
5	KNOWN:0,5,4,2
6	KNOWN:0,5,4,4
7	KNOWN:0,5,4,4,2
8	KNOWN:0,5,4,4,4
9	KNOWN:0,5,4,4,4,2
10	KNOWN:0,5,4,4,4,4
11	KNOWN:0,5,4,4,4,4,1
12	KNOWN:0,5,4,4,4,4,3
13	KNOWN:0,5,4,4,4,4,3,1
14	KNOWN:0,5,4,4,4,4,3,3
15	KNOWN:0,5,4,4,4,4,3,3,1
16	KNOWN:0,5,4,4,4,4,3,3,3
17	KNOWN:0,5,4,4,4,4,3,3,3,1
18	KNOWN:0,5,4,4,4,4,3,3,3,3
19	KNOWN:0,5,4,4,4,4,3,3,3,4
20	KNOWN:0,5,4,4,4,4,3,3,3,6
CLASS:Psion Shaper		SPELLLIST:2|Psion|Shaper	HD:4		TYPE:Base.Psionic.PC	CLASSTYPE:PC	MAXLEVEL:20	ALLOWBASECLASS:NO		SOURCEPAGE:PsionicClasses.rtf	BONUS:CHECKS|BASE.Will|CL/2+2	BONUS:CHECKS|BASE.Fortitude,BASE.Reflex|CL/3	BONUS:COMBAT|BAB|CL/2|TYPE=Base.REPLACE	BONUS:VAR|PsiCrystalLVL|CL|PREFEAT:1,Psicrystal Affinity
# Class Name	Skill Pts/Lvl
CLASS:Psion Shaper		STARTSKILLPTS:2	VISIBLE:NO
# Class Name	Spell Stat		Spell Type		Memorize	Caster level
CLASS:Psion Shaper		SPELLSTAT:INT	SPELLTYPE:Psionic	MEMORIZE:NO	BONUS:CASTERLEVEL|Psion Shaper|CL
1	KNOWN:0,3
2	KNOWN:0,5
3	KNOWN:0,5,2
4	KNOWN:0,5,4
5	KNOWN:0,5,4,2
6	KNOWN:0,5,4,4
7	KNOWN:0,5,4,4,2
8	KNOWN:0,5,4,4,4
9	KNOWN:0,5,4,4,4,2
10	KNOWN:0,5,4,4,4,4
11	KNOWN:0,5,4,4,4,4,1
12	KNOWN:0,5,4,4,4,4,3
13	KNOWN:0,5,4,4,4,4,3,1
14	KNOWN:0,5,4,4,4,4,3,3
15	KNOWN:0,5,4,4,4,4,3,3,1
16	KNOWN:0,5,4,4,4,4,3,3,3
17	KNOWN:0,5,4,4,4,4,3,3,3,1
18	KNOWN:0,5,4,4,4,4,3,3,3,3
19	KNOWN:0,5,4,4,4,4,3,3,3,4
20	KNOWN:0,5,4,4,4,4,3,3,3,6
CLASS:Psion Telepath		SPELLLIST:2|Psion|Telepath	HD:4	VISIBLE:NO	TYPE:Base.Psionic.PC	CLASSTYPE:PC	MAXLEVEL:20	ALLOWBASECLASS:NO		SOURCEPAGE:PsionicClasses.rtf	BONUS:CHECKS|BASE.Will|CL/2+2	BONUS:CHECKS|BASE.Fortitude,BASE.Reflex|CL/3	BONUS:COMBAT|BAB|CL/2|TYPE=Base.REPLACE	BONUS:VAR|PsiCrystalLVL|CL|PREFEAT:1,Psicrystal Affinity
# Class Name	Skill Pts/Lvl
CLASS:Psion Telepath		STARTSKILLPTS:2
# Class Name	Spell Stat		Spell Type		Memorize	Caster level
CLASS:Psion Telepath		SPELLSTAT:INT	SPELLTYPE:Psionic	MEMORIZE:NO	BONUS:CASTERLEVEL|Psion Telepath|CL
1	KNOWN:0,3
2	KNOWN:0,5
3	KNOWN:0,5,2
4	KNOWN:0,5,4
5	KNOWN:0,5,4,2
6	KNOWN:0,5,4,4
7	KNOWN:0,5,4,4,2
8	KNOWN:0,5,4,4,4
9	KNOWN:0,5,4,4,4,2
10	KNOWN:0,5,4,4,4,4
11	KNOWN:0,5,4,4,4,4,1
12	KNOWN:0,5,4,4,4,4,3
13	KNOWN:0,5,4,4,4,4,3,1
14	KNOWN:0,5,4,4,4,4,3,3
15	KNOWN:0,5,4,4,4,4,3,3,1
16	KNOWN:0,5,4,4,4,4,3,3,3
17	KNOWN:0,5,4,4,4,4,3,3,3,1
18	KNOWN:0,5,4,4,4,4,3,3,3,3
19	KNOWN:0,5,4,4,4,4,3,3,3,4
20	KNOWN:0,5,4,4,4,4,3,3,3,6

# Class Name
CLASS:Wizard.MOD
1	PROHIBITSPELL:SCHOOL.Illusion|PREVARGTEQ:ForbidIllusion,1
1	PROHIBITSPELL:SCHOOL.Enchantment|PREVARGTEQ:ForbidEnchantment,1
1	PROHIBITSPELL:SCHOOL.Conjuration|PREVARGTEQ:ForbidConjuration,1
1	PROHIBITSPELL:SCHOOL.Evocation|PREVARGTEQ:ForbidEvocation,1
1	PROHIBITSPELL:SCHOOL.Necromancy|PREVARGTEQ:ForbidNecromancy,1
1	PROHIBITSPELL:SCHOOL.Abjuration|PREVARGTEQ:ForbidAbjuration,1
1	PROHIBITSPELL:SCHOOL.Divination|PREVARGTEQ:ForbidDivination,1
1	PROHIBITSPELL:SCHOOL.Transmutation|PREVARGTEQ:ForbidTransmutation,1
