# CVS $Revision: $ $Author: $ -- Wed Mar 20 16:10:53 2013 -- reformated by prettylst.pl v1.39 (build 15052)


# Race Name				Unique Key				Output Name				Favored Class	Starting Feats	Size				Move				Face/Space	Reach				Vision					Bonus Languages									Change Weapon Prof. Category			Bonus to Ability Pool																							Save checks bonus								Combat bonus				Bonus to HP					Bonus to skill																		Bonus to skill rank								Stat bonus																					Modify VAR																							Weapon prof. bonus				Racial HD Class Skills						Automatically Gained Feat	Automatically Gained Language		Automatically Gained Weapon Prof.				Ability																																																																										Nb Legs	Nb Hands	Natural Attacks																								Damage Reduction	Monster Class Name and Starting Level	Main Race Type				Race Subtype								Type			Template						Hit Dice Advancement	Level Adjustment	Challenge Rating	Source Page					Innate Spells															Apply Kit	SORTKEY
#Human (Divine)			KEY:Human Divine Eclipse	OUTPUTNAME:Divine Human					STARTFEATS:2	SIZE:M			MOVE:Walk,30		FACE:5	REACH:5									LANGBONUS:ALL																																																																																															BONUS:STAT|WIS|2																																																																	AUTO:LANG|Common													ABILITY:Special Ability|AUTOMATIC|Skill Bonus ~ Human|!PREABILITY:1,CATEGORY=Special Ability,TYPE.HumanSkillBonus	ABILITY:Character Points|AUTOMATIC|Timeless Body ~ Base																																																																																							RACETYPE:Humanoid				RACESUBTYPE:Human

###Block:
#Elf (Wood).MOD	BONUS:SKILL|Athletics,Perception,Survival|2|TYPE=Racial
#Elf (Wild).MOD	BONUS:SKILL|Perception|2|TYPE=Racial	BONUS:STAT|CON,INT|2|PRETEMPLATE:1,01 - World Law ~ Self Development Half Cost
#Elf (Grey).MOD	BONUS:SKILL|Perception|2|TYPE=Racial	BONUS:STAT|STR,CON|2
#Human.MOD	BONUS:ABILITYPOOL|Human Racial Stat|1


###Block: Familiars
#Bat,Cat,Hawk,Lizard,Owl,Rat,Raven,Snake (Viper/Tiny),Toad,Weasel
# Race Name			Starting Feats	Size		Race Subtype
Bat.MOD			RACESUBTYPE:Familiar
Cat.MOD			RACESUBTYPE:Familiar
Hawk.MOD			RACESUBTYPE:Familiar
Lizard.MOD			RACESUBTYPE:Familiar
Owl.MOD			RACESUBTYPE:Familiar
Rat.MOD			RACESUBTYPE:Familiar
Raven.MOD			RACESUBTYPE:Familiar
Snake (Viper/Tiny).MOD	RACESUBTYPE:Familiar
Toad.MOD			RACESUBTYPE:Familiar
Weasel.MOD			RACESUBTYPE:Familiar

Watcher	KEY:Racial Template ~ Watcher	BONUS:STAT|CON|4	BONUS:STAT|WIS|2	BONUS:STAT|INT|-2	BONUS:COMBAT|AC|1|TYPE=NaturalArmor	VISION:Darkvision (60')	BONUS:SITUATION|Disguise=Appear as statue|15	ABILITY:Special Ability|AUTOMATIC|TYPE=Watcher Race Feature	LEVELADJUSTMENT:1	MOVE:Walk,20	RACETYPE:Humanoid	RACESUBTYPE:Watcher	STARTFEATS:1	FACE:5	REACH:5	LEGS:2	HANDS:2



