# CVS $Revision: $ $Author: $ -- Wed Mar 20 16:10:53 2013 -- reformated by prettylst.pl v1.39 (build 15052)

Lightning Staff	TYPE:Relic	SPROP:Mana x4 - Specialized/Rune Casting (Double effect); Innate Enchantment - Int +2, Dex +2, Mage Armor; Electricity Resistance -15	BONUS:COMBAT|AC|4|TYPE=Armor	BONUS:STAT|INT,DEX|2|TYPE=Enhancement	ABILITY:Special Ability|AUTOMATIC|Resistance to Electricity	BONUS:VAR|ElectricityResistanceBonus|15	ABILITY:Mana Choice|AUTOMATIC|Mana ~ Mana Points / Double|Mana ~ Mana Points / Double|Mana ~ Mana Points / Double|Mana ~ Mana Points / Double



Jian												PROFICIENCY:WEAPON|Longsword										TYPE:Weapon.Melee.Martial.Finesseable.Standard.Piercing.Sword												COST:20	WT:2				CRITMULT:x2			CRITRANGE:3												DAMAGE:1d8					EQMOD:STEEL						WIELD:OneHanded								SIZE:M

Jian.COPY=Mournblade
Mournblade.MOD		TYPE:Relic	BONUS:WEAPON|DAMAGE|DEX	BONUS:COMBAT|BASEAB|1	BONUS:WEAPONPROF=Longsword|CRITRANGEADD|1		SPROP:[Relic 3 Pt] Improved Critical [2 CP], Augment Bonus Dex Mod to damage [4 CP], Base Attack Bonus +1 [2 CP], Mentor [4 CP] Note these number are based on the inherent limitation of Corrupted; the user must invest his or her own CP in the weapon to activate it.  Used Mentor to make it intelligent since there is usually no cost in D20 for intelligent items: Alignment: True Neutral Int 14, Wis 10, Cha 14; Languages: Common, Draconic, XXXX, Speech, Telepathy Wielder, Knowledge X 10 ranks


# Equipment Name					Output Name				Required Weapon Proficiency			Required Armor Proficiency	Required Shield Proficiency		Type																Alternative Type						Cost		Weight	Slot Needed	Define			AC Penalty Check	Critical Hit Multiplier	Critical Hit Range	Alternative Critical	Alternative Critical Range	Damage	Alternative Damage	Modifier											Alternative Modifier			Wield Category	Maximum DEX Bonus	Range		Reach		Size		Source Page				% of Spell Failure	Ability							Combat bonus						Stat bonus					Weapon prop. bonus																					Special Property
Dagger.COPY=Parrying Dagger
Parrying Dagger.MOD																																																																																																																																						BONUS:COMBAT|AC|1|TYPE=Shield

# Equipment Name					Output Name				Required Weapon Proficiency			Required Armor Proficiency	Required Shield Proficiency		Type																Alternative Type						Cost		Weight	Slot Needed	Define			AC Penalty Check	Critical Hit Multiplier	Critical Hit Range	Alternative Critical	Alternative Critical Range	Damage	Alternative Damage	Modifier											Alternative Modifier			Wield Category	Maximum DEX Bonus	Range		Reach		Size		Source Page				% of Spell Failure	Ability							Combat bonus						Stat bonus					Weapon prop. bonus																					Special Property
#Athena's Athame										PROFICIENCY:WEAPON|Greatsword														TYPE:Enhancement.Weapon.Resizable.Exotic.Finesseable.Melee.Specific.Slashing.Sword											COST:25	WT:12											CRITMULT:x2			CRITRANGE:2												DAMAGE:2d8					EQMOD:STEEL																	WIELD:OneHanded								SIZE:M	SOURCEPAGE:Custom							ABILITY:Special Ability|AUTOMATIC|TYPE=Athame															BONUS:WEAPON|DAMAGE,TOHIT|ImbuementBonus|TYPE=Enhancement															SPROP:Athame, may become Large adding a +1d6 die

#Kyros's Athame										PROFICIENCY:WEAPON|Greatsword														TYPE:Enhancement.Weapon.Resizable.Exotic.Finesseable.Melee.Specific.Slashing.Sword											COST:25	WT:12											CRITMULT:x2			CRITRANGE:2												DAMAGE:2d8					EQMOD:STEEL																	WIELD:OneHanded								SIZE:M	SOURCEPAGE:Custom							ABILITY:Special Ability|AUTOMATIC|TYPE=Athame															BONUS:WEAPON|DAMAGE,TOHIT|ImbuementBonus|TYPE=Enhancement															SPROP:Athame, may become Large adding a +1d6 die


#Curve Blade (Elven)				OUTPUTNAME:Curve Blade, Elven	PROFICIENCY:WEAPON|Curve Blade (Elven)												TYPE:Weapon.Melee.TwoHanded.Exotic.Finesseable.Standard.Elven.Slashing.Sword.BladeHeavy										COST:80	WT:7		SLOTS:2								CRITMULT:x2			CRITRANGE:3												DAMAGE:1d10					EQMOD:STEEL																	WIELD:TwoHanded								SIZE:M	SOURCEPAGE:p.143


# Equipment Name					Output Name				Required Weapon Proficiency			Required Armor Proficiency	Required Shield Proficiency		Type																Alternative Type						Cost		Weight	Slot Needed	Define			AC Penalty Check	Critical Hit Multiplier	Critical Hit Range	Alternative Critical	Alternative Critical Range	Damage	Alternative Damage	Modifier											Alternative Modifier			Wield Category	Maximum DEX Bonus	Range		Reach		Size		Source Page				% of Spell Failure	Ability							Combat bonus						Stat bonus					Weapon prop. bonus																					Special Property
#Willow Blade 1 (Bastard Sword+3)		OUTPUTNAME:Willow Blade 1	PROFICIENCY:WEAPON|Sword (Bastard)													TYPE:Enhancement.Weapon.Resizable.Exotic.Finesseable.Melee.Specific.Slashing.Sword											COST:50335	WT:2											CRITMULT:x2			CRITRANGE:2												DAMAGE:1d10					EQMOD:BONDED_M.STEEL															WIELD:OneHanded								SIZE:M	SOURCEPAGE:Custom							ABILITY:Special Ability|VIRTUAL|Willow Blade															BONUS:WEAPON|DAMAGE,TOHIT|3|TYPE=Enhancement	BONUS:WEAPON|TOHIT|-3|PREFEAT:1,Sword Wind	BONUS:WEAPON|ATTACKS|1|PREFEAT:1,Sword Wind	SPROP:+3 Bastard Sword, able to wield in one-hand.
#Willow Blade 2 (Bastard Sword+3)		OUTPUTNAME:Willow Blade 2	PROFICIENCY:WEAPON|Sword (Bastard)													TYPE:Weapon.Resizable.Exotic.Finesseable.Light.Melee.Specific.Slashing.Sword.Enhancement										COST:50335	WT:2											CRITMULT:x2			CRITRANGE:2												DAMAGE:1d10					EQMOD:BONDED_M.STEEL															WIELD:Light									SIZE:M	SOURCEPAGE:Custom																													BONUS:WEAPON|DAMAGE,TOHIT|3|TYPE=Enhancement																	SPROP:+3 Bastard Sword, able to wield in one-hand.

#Level 15 Sword?
#Willow Blade Set 1 (Bastard Sword+3)	OUTPUTNAME:Willow Blade 1	PROFICIENCY:WEAPON|Sword (Bastard)													TYPE:Enhancement.Weapon.Exotic.Finesseable.Melee.Specific.Slashing.Sword												COST:50335	WT:2											CRITMULT:x2			CRITRANGE:2												DAMAGE:2d6					EQMOD:BONDED_M.STEEL															WIELD:OneHanded								SIZE:M	SOURCEPAGE:Custom							ABILITY:Special Ability|VIRTUAL|Willow Blade															BONUS:WEAPON|DAMAGE,TOHIT|3|TYPE=Enhancement	BONUS:WEAPON|TOHIT|-3|PREFEAT:1,Sword Wind	BONUS:WEAPON|ATTACKS|1|PREFEAT:1,Sword Wind	SPROP:+3 Bastard Sword, able to wield in one-hand.
#Willow Blade Set 2 (Bastard Sword+3)	OUTPUTNAME:Willow Blade 2	PROFICIENCY:WEAPON|Sword (Bastard)													TYPE:Enhancement.Weapon.Exotic.Finesseable.Melee.Specific.Slashing.Sword												COST:50335	WT:2											CRITMULT:x2			CRITRANGE:2												DAMAGE:2d6					EQMOD:BONDED_M.STEEL															WIELD:Light									SIZE:M	SOURCEPAGE:Custom																													BONUS:WEAPON|DAMAGE,TOHIT|3|TYPE=Enhancement	BONUS:WEAPON|TOHIT|-3|PREFEAT:1,Sword Wind									SPROP:+3 Bastard Sword, able to wield in one-hand.
#
#Breast Plate +4																	PROFICIENCY:ARMOR|Breastplate							TYPE:Armor.Medium.Suit.Custom.Belle																			COST:200	WT:30								ACCHECK:-4																									EQMOD:MITHRAL_ARMR_MED.PLUS4A																	MAXDEX:3								SOURCEPAGE:Equipment.rtf	SPELLFAILURE:25										BONUS:COMBAT|AC|5|TYPE=Armor
#Bracers of Health +2																											TYPE:Bracer.Belle																																																																																																																	BONUS:STAT|CON|2
#Vestment of Natural Protection +2																									TYPE:Vestment.Clothing.Belle.Shirt																																																																																																						BONUS:COMBAT|AC|2|TYPE=NaturalArmorEnhancement
#Shield +2 (Heavy/Metal/Animated)																			PROFICIENCY:SHIELD|Shield (Heavy)	TYPE:Shield.Heavy.Custom.Belle																			COST:20	WT:15								ACCHECK:-2		CRITMULT:x2			CRITRANGE:1												DAMAGE:1d4					EQMOD:ANMATD.PLUS2S.STEEL														WIELD:OneHanded								SIZE:M	SOURCEPAGE:Equipment.rtf	SPELLFAILURE:15										BONUS:COMBAT|AC|2|TYPE=Shield


#Cutlass											PROFICIENCY:WEAPON|Cutlass														TYPE:Weapon.Melee.Martial.Exotic.Standard.Slashing.Sword.Keyblade														COST:5000	WT:6											CRITMULT:x2			CRITRANGE:2												DAMAGE:1d6					EQMOD:STEEL	EQMOD:PLUS1W														WIELD:OneHanded								SIZE:M

###Desire
#Quarterstaff.COPY=Desire's Quarterstaff
#Desire's Quarterstaff.MOD																										TYPE:Desire																																																											EQMOD:PLUS2W.SPL_STR
#Desire's Headband of Insight																										TYPE:Desire.Headgear																																																																																																																BONUS:STAT|WIS|4|TYPE=Enhancement


###Fox
#Fox's Staff											PROFICIENCY:WEAPON|Quarterstaff													TYPE:Weapon.Resizable.Melee.TwoHanded.Simple.Double.Standard.Bludgeoning.Quarterstaff		ALTTYPE:Weapon.Resizable.Melee.Bludgeoning	COST:16000	WT:2											CRITMULT:x2			CRITRANGE:2			ALTCRITMULT:x2		ALTCRITRANGE:2			DAMAGE:2d8	ALTDAMAGE:2d8		EQMOD:BONDED_M.PLUS4W.STEEL								ALTEQMOD:BONDED_M.PLUS4W.STEEL	WIELD:TwoHanded								SIZE:M	SOURCEPAGE:Custom																																																					SPROP:+4 Shortstaff - Attuned with Fox | +3d8 damage with 3 strain cost (Lasts level in rounds)

#Skirt of Dancing Blades									PROFICIENCY:WEAPON|Dagger														TYPE:Enhancement.Weapon.Melee.Finesseable.Simple.Specific.Slashing.Belt.Unarmed.Accessories									COST:80306			SLOTS:0								CRITMULT:x2			CRITRANGE:1			ALTCRITMULT:x2							DAMAGE:1d4	ALTDAMAGE:1d4		EQMOD:BNS_AC_DEFL|2.DANCE.MITHRAL_ARMR_LT.MITHRAL_ITEM.MTHRL.PLUS2W															REACH:10	SIZE:M	SOURCEPAGE:Quintessential Elf													BONUS:COMBAT|AC|2|TYPE=Deflection									BONUS:WEAPON|DAMAGE,TOHIT|2|TYPE=Enhancement	BONUS:WEAPON|ATTACKS|1	BONUS:WEAPON|ATTACKSPROGRESS|-2							SPROP:+2 Dancing Skirt Blades - Make two additional attacks at highest bonus - Cannot be flanked


###Basic Creature Natural Attacks
#Elven Hound Bite										PROFICIENCY:WEAPON|Bite															TYPE:Weapon.Resizable.Melee.Natural.Bludgeoning.Slashing.Piercing														COST:0	WT:0				DEFINE:StandardAttack|0																					DAMAGE:1d6																																	SIZE:M																																BONUS:WEAPON|ATTACKSPROGRESS|2|!PREFEAT:1,Multiattack|PREABILITY:1,CATEGORY=Special Ability,AdditionalAttack
#VARGTEQ:AnimalCompanionLVL,1	VAREQ:AnimalCompanionLVL,0
#
#Lerayul Bite										PROFICIENCY:WEAPON|Bite															TYPE:Weapon.Resizable.Natural.Melee.PrimaryAttack.Resizable																																													DAMAGE:1d6																																	SIZE:L																																BONUS:WEAPON|ATTACKSPROGRESS|-1
#Lerayul Claws										PROFICIENCY:WEAPON|Claws														TYPE:Weapon.Resizable.Natural.Melee.SecondaryAttack																																														DAMAGE:1d4																																	SIZE:L																																BONUS:WEAPON|ATTACKS|1	BONUS:WEAPON|ATTACKSPROGRESS|-1
#Lerayul Tongue										PROFICIENCY:WEAPON|Lerayul Tongue													TYPE:Weapon.Resizable.Natural.Ranged.PrimaryAttack																																														DAMAGE:1d6																															REACH:30	SIZE:L																																BONUS:WEAPON|ATTACKSPROGRESS|-1
#Small Version

#Lerayul Bite - Small				OUTPUTNAME:Bite			PROFICIENCY:WEAPON|Bite															TYPE:Weapon.Natural.Melee.PrimaryAttack.Resizable																													CRITMULT:x2			CRITRANGE:1												DAMAGE:1d4																																	SIZE:S																																BONUS:WEAPON|ATTACKSPROGRESS|-1
#Lerayul Claws - Small				OUTPUTNAME:Claws			PROFICIENCY:WEAPON|Claws														TYPE:Weapon.Natural.Melee.SecondaryAttack																															CRITMULT:x2			CRITRANGE:1												DAMAGE:1d3																																	SIZE:S																																BONUS:WEAPON|ATTACKS|1	BONUS:WEAPON|ATTACKSPROGRESS|1
#Lerayul Tongue - Small				OUTPUTNAME:Tongue			PROFICIENCY:WEAPON|Lerayul Tongue													TYPE:Weapon.Natural.Ranged.PrimaryAttack																															CRITMULT:x2			CRITRANGE:1												DAMAGE:1d4																													RANGE:15	REACH:15	SIZE:S																																BONUS:WEAPON|ATTACKSPROGRESS|-1

###Block: Fluxx
# Equipment Name					Output Name								Required Weapon Proficiency		Required Armor Proficiency	Required Shield Proficiency	Type																	Alternative Type							Contains			Cost		Weight	Slot Needed	Define					AC Penalty Check	Critical Hit Multiplier	Critical Hit Range	Alternative Critical	Alternative Critical Range	Damage		Alternative Damage	Modifier								Alternative Modifier	Wield Category	Maximum DEX Bonus	Range		Reach		Size		Source Page				% of Spell Failure	Caster level										Save checks bonus				Combat bonus																			Bonus to skill								Stat bonus					Modify VAR						Weapon prop. bonus															Special Property
#Lerayul Bite (Fluxx)				OUTPUTNAME:Bite							PROFICIENCY:WEAPON|Bite													TYPE:Weapon.Natural.Melee.PrimaryAttack.Resizable																																					CRITMULT:x2			CRITRANGE:1												DAMAGE:1d4						EQMOD:DEFEND																					SIZE:S																																																																								BONUS:WEAPON|TOHIT,DAMAGE|3|TYPE=Enhancement	BONUS:WEAPON|ATTACKSPROGRESS|-1
#Lerayul Claws (Fluxx)				OUTPUTNAME:Claws							PROFICIENCY:WEAPON|Claws												TYPE:Weapon.Natural.Melee.SecondaryAttack																																							CRITMULT:x2			CRITRANGE:1												DAMAGE:1d3						EQMOD:DEFEND																					SIZE:S																																																																								BONUS:WEAPON|TOHIT,DAMAGE|3|TYPE=Enhancement	BONUS:WEAPON|ATTACKS|2	BONUS:WEAPON|ATTACKSPROGRESS|1
#Lerayul Tongue (Fluxx)				OUTPUTNAME:Tongue							PROFICIENCY:WEAPON|Lerayul Tongue											TYPE:Weapon.Natural.Ranged.PrimaryAttack																																							CRITMULT:x2			CRITRANGE:1												DAMAGE:1d4						EQMOD:DEFEND																	RANGE:15	REACH:15	SIZE:S																																																																								BONUS:WEAPON|TOHIT,DAMAGE|3|TYPE=Enhancement	BONUS:WEAPON|ATTACKSPROGRESS|-1





### Chosen Ones - 2nd Generation

Bowblade (Longsword)		PROFICIENCY:WEAPON|Longsword	TYPE:Weapon.Melee.Martial.Ranged.Piercing.Slashing.Projectile			DAMAGE:1d8	CRITRANGE:1	CRITMULT:x2		RANGE:100
Bowblade (Elven Curveblade)	PROFICIENCY:WEAPON|Longsword	TYPE:Weapon.Melee.Finesseable.Slashing				DAMAGE:1d10	CRITRANGE:1	CRITMULT:x2






# Equipment Name				Required Weapon Proficiency		Required Armor Proficiency	Type														Cost		Weight	AC Penalty Check	Critical Hit Multiplier	Critical Hit Range	Damage		Modifier				Wield Category	Maximum DEX Bonus	Reach		Size		Source Page		% of Spell Failure	Ability																	Vision			Damage Reduction	Save checks bonus				Combat bonus			Damage reduction	Bonus to skill						Weapon prop. bonus													Special Property
#Ring of Competence +2														TYPE:Ring.Magic																																																																																											BONUS:SKILL|TYPE.NormalSkill|2|TYPE=Competence


# Equipment Name				Required Weapon Proficiency		Required Armor Proficiency	Type														Cost		Weight	AC Penalty Check	Critical Hit Multiplier	Critical Hit Range	Damage		Modifier				Wield Category	Maximum DEX Bonus	Reach		Size		Source Page		% of Spell Failure	Ability																	Vision			Damage Reduction	Save checks bonus				Combat bonus			Damage reduction	Bonus to skill						Weapon prop. bonus													Special Property
#Battle Tiara															TYPE:Relic													COST:0																																							ABILITY:Special Ability|AUTOMATIC|Battle Tiara
#Intellectual's Handbook														TYPE:Relic													COST:0																																							ABILITY:Special Ability|AUTOMATIC|Intellectual's Handbook

#Longbow.COPY=Longbow (Strength)
#Longbow (Strength).MOD																																																																																																																			BONUS:WEAPON|DAMAGE|STR

#Produce Flame				PROFICIENCY:WEAPON|Unarmed Strike						TYPE:Weapon.Melee.Fire.Spell.Melinissa								COST:0						CRITMULT:x2			CRITRANGE:1			DAMAGE:1d6+1												REACH:120																																																									BONUS:WEAPON|TOHIT|min(DEX-STR,0)	BONUS:WEAPON|DAMAGE|min(-STR,0)					SPROP:Produce Flame Spell - Deals 1d6+1 damage melee touch attack or ranged touch attack.




#Greatsword.COPY=Sayaka's Greatsword
#Mysadi					PROFICIENCY:WEAPON|Greatsword							TYPE:Enhancement.Weapon.Resizable.Exotic.Finesseable.Melee.Specific.Slashing.Sword	COST:25	WT:12					CRITMULT:x2			CRITRANGE:2			DAMAGE:3d6		EQMOD:STEEL				WIELD:TwoHanded						SIZE:L	SOURCEPAGE:Custom																																																				BONUS:WEAPON|DAMAGE,TOHIT|ImbuementBonus|TYPE=Enhancement	BONUS:WEAPON|TOHIT|2|TYPE=SIZE	SPROP:+1d6 Electrical Damage; Greatsword




#Dastana Bracers															TYPE:Bracer.Bracers															ACCHECK:-1																																																																		BONUS:COMBAT|AC|1|TYPE=Shield


# Darius
#Armor of the Juggernaut									PROFICIENCY:ARMOR|Full Plate	TYPE:Armor.Light.Suit.Relic										COST:1500	WT:50		ACCHECK:-4													EQMOD:MIC_CALLED.PLUS2A.STEEL				MAXDEX:3									SPELLFAILURE:20																				VISION:Darkvision (60')	DR:0/-		BONUS:SAVE|ALL|1|TYPE=Resistance	BONUS:COMBAT|AC|8|TYPE=Armor	BONUS:DR|-|3																									SPROP:Innate Enchantment - Chitin Mail applied to the Armor
#Fist of Fury				PROFICIENCY:WEAPON|Unarmed							TYPE:Weapon.Martial.Melee.Relic																CRITMULT:x2			CRITRANGE:1			DAMAGE:1d8																								ABILITY:Special Ability|AUTOMATIC|Bonus Attack ~ Off Hand Attack|Martial Arts|Martial Arts|Martial Arts																																														SPROP:Martial Arts IV applied





Amulet of Dragoneye	TYPE:Magic.Amulet	BONUS:SKILL|Perception,Search,Spot|5	VISION:Blindsense (20')	SPROP: (+5 Search/Spot - Blindsense 20')
Crimson Dragonhide Bracers	TYPE:Bracer.Magic	BONUS:COMBAT|AC|1|TYPE=NaturalArmorEnhancement	BONUS:VAR|FireResistanceBonus|5	ABILITY:Special Ability|AUTOMATIC|Resistance to Fire	SPROP:(+1 Natural Armor, Fire Resistance 5)
Dragonblooded Potion		TYPE:Potion.Magic			SPROP:Dragonblood, register as a Red Dragon. Affected as if Dragon for effects.
#TEMPLATE:Transform to Dragon Subtype

Amulet of the Crow	TYPE:Amulet.Rao


###Block: Merced Game A stuff
# Equipment Name			Type								Contains		Define			Ability								Innate Spells							Add to base move						Modify VAR				Special Property
#Sentient Rod of Any Weapon	TYPE:Merced.Magic.Special.Andrew										ABILITY:Special Ability|AUTOMATIC|Any Weapon Rod
#Special Backpack of Holding	TYPE:Merced.Magic.Special.Andrew.Container	CONTAINS:UNLIM
#Special Boots			TYPE:Merced.Magic.Boot.Andrew.Footwear																											BONUS:MOVEADD|TYPE.Walk|floor(min((TL/2),4))*5

#Faery Garb covered already
#Merrick's Ring			TYPE:MercedA.Magic.Ring.Andrew																																									SPROP:You know of threats to your dominion. You go unnoticed unless you desire attention (Will DC %1 to resist effect)|10+CHA+(TL/2)

#Ring of the Dragon		TYPE:MercedA.Magic.Ring.Andrew
#Test Flying Item			TYPE:Ring.Magic																						SPELLS:Magic Item|TIMES=ATWILL|CASTERLEVEL=17|Fly,13


#Laelia's Mother Nature Amulet	TYPE:Amulet.Magic.MercedA.Laelia																																				BONUS:VAR|CasterLevelAll|1	SPROP:Gain +1 to your Caster Level
#Ginger's Collar			TYPE:Amulet.Magic.MercedA.Giner						DEFINE:DCSaveAll|0																											BONUS:VAR|DCSaveAll|3

###Block: Magic Item Abilities
# Equipment Name				Required Weapon Proficiency	Type							Critical Hit Multiplier	Critical Hit Range	Damage	Ability										Vision				Combat bonus			Bonus to HP					Stat bonus					Modify VAR								Weapon prof. bonus																	Weapon prop. bonus										Special Property
#Satyr Wreath									TYPE:Merced.Amulet.Magic																																								BONUS:STAT|CHA|2|TYPE=Enhancement																																											SPROP:You can only get truly intoxicated by fey alcohol. Fey attitudes moved up by one automatically. Increases your charisma.
#Teleport Crystal									TYPE:Merced.Magic																																																																																										SPROP:Bearer can teleport without error once per day to a location known to them, with up to six other creatures.
#Amulet of the Apprentice							TYPE:Merced.Amulet.Magic																																														BONUS:VAR|CasterLevelAll|1																																						SPROP:Gain +1 to your Caster Level
#Devereaux Ring									TYPE:Merced.Magic.Ring																														BONUS:COMBAT|AC|2|TYPE=Dodge																																																							SPROP:+2 Dodge Bonus to AC
#Oak Tree Belt									TYPE:Merced.Magic.Belt																																			BONUS:HP|CURRENTMAX|12+(CON*2)	BONUS:STAT|STR|2

#Blood Bond Phylactery								TYPE:Merced.Magic																																																																																										SPROP:Allows wielder to go further away from the other creatures he is bonded too for a short time.

#Panther's Helm									TYPE:Merced.Magic.Helm.Headgear																							VISION:Cat Vision (120')

#Wrappings of Mighty Fists +1							TYPE:MercedA.Bracer.Magic																																														BONUS:VAR|MartialArtsBonusDamage|1|TYPE=Enhancement	BONUS:WEAPONPROF=Unarmed Strike|TOHIT|1|TYPE=Enhancement	BONUS:WEAPONPROF=Unarmed Strike|DAMAGE|1|TYPE=Enhancement														SPROP:Increase your unarmed attacks and damage by +1.


# Spiked Felldrake
#Elegant Lair Relic								TYPE:MercedA.Amulet.Magic													ABILITY:Special Ability|AUTOMATIC|Elegant Lair ~ Relic
#Longsword.COPY=Lawgiver
#Lawgiver.COPY=Andreas's Lawgiver
#Andreas's Lawgiver.MOD																							DAMAGE:2d8																																																																												SPROP:Applied Power I and Greater Blade Effect



#Lawgiver					PROFICIENCY:WEAPON|Longsword	TYPE:Weapon.Melee.Slashing.MercedA.Sword	CRITMULT:x2			CRITRANGE:2			DAMAGE:1d8	ABILITY:Special Ability|AUTOMATIC|Lawgiver Bonus|Negative Levels																																																				BONUS:WEAPON|TOHIT,DAMAGE|var("LawgiverEnhancementBonus")|TYPE=Enhancement	SPROP:Enhancement Bonus to hit and damage +%|LawgiverEnhancementBonus|PREVARGTEQ:LawgiverEnhancementBonus,1	SPROP:[good-aligned] +2d6 holy damage vs. evil,1 negative level bestowed to evil wielder|PREVARGTEQ:LawgiverLVL,6	SPROP:+1d6 fire damage|PREVARGTEQ:LawgiverLVL,8	SPROP:grants 1 extra attack when full attacking at highest bonus [does not stack with other speed effects]|PREVARGTEQ:LawgiverLVL,14	SPROP:deals normal damage vs. incorporeal creatures regardless of bonus|PREVARGTEQ:LawgiverLVL,18

###Block: Merced B Group Items
# Equipment Name				Required Weapon Proficiency	Type											Critical Hit Multiplier	Critical Hit Range	Damage	Range		Weapon prof. bonus				Weapon prop. bonus											Special Property
#Sword of the Fey				PROFICIENCY:WEAPON|Longsword	TYPE:Weapon.MercedB.Sword.Melee.Slashing					CRITMULT:x2			CRITRANGE:2			DAMAGE:1d8										BONUS:WEAPON|TOHIT|2|TYPE=Enhancement	BONUS:WEAPON|DAMAGE|2|TYPE=Enhancement	SPROP:Store spell points in the crystal for later retrival.
#Wrappings of Unarmed Precision +2						TYPE:MercedB.Bracer.Magic																			BONUS:WEAPONPROF=Unarmed Strike|TOHIT|2															SPROP:Increase your unarmed attacks by +2 to hit.
#Ring of Merrick's Manor Access						TYPE:MercedB.Ring.Magic																																									SPROP:Find Merrick's Manor when it's available, or another wearer of the ring if known, or a servant of the house of Merrick.
#Dagger of Red Beard One Eye		PROFICIENCY:WEAPON|Dagger	TYPE:MercedB.Weapon.Dagger.Melee.Ranged.Thrown.Slashing.Piercing	CRITMULT:x3			CRITRANGE:2			DAMAGE:1d6	RANGE:60								BONUS:WEAPON|TOHIT,DAMAGE|2

### Matt's Game
#Mike
#Barbara's Tiara																			TYPE:Headgear.Relic																																																																																																																																																				BONUS:STAT|CHA|4																									SPROP:1 CP Relic, Innate Enchantment 12 CP - L2 Charisma +4 (12,000gp), Corrupted/ User must spend own CP to attune, 8 CP total (rounded down for 1 CP Relic)
#Andrew
#Life Giver Twins																			TYPE:Relic.Ring																																									ABILITY:Special Ability|AUTOMATIC|Companion|Companion ~ Additional|Companion ~ Might|Companion ~ Transference|Companion ~ Transference|Companion ~ Transference																																																																																																													SPROP:3 CP Relic, Grants Companion (6 CP), Might (6 CP), Additional +1 (6 CP), Transference x3 to purchase Returning. Corrupted/ User must spend own CP to attune
#War Wizard's Friend												PROFICIENCY:WEAPON|Quarterstaff	TYPE:Relic.Weapon.Melee.Bludgeoning.Slashing.Piercing.Staff											CRITMULT:x2			CRITRANGE:1			DAMAGE:1d8				WIELD:TwoHanded	SIZE:M						ABILITY:Special Ability|AUTOMATIC|Martial Arts																																																																																																																	BONUS:WEAPONPROF=Unarmed Strike|TOHIT|3	BONUS:WEAPON|TOHIT|3					SPROP:1 CP Relic, Grants Marital Arts (3 CP), Warcraft/ Specialized & Corrupted, applies only to Martial Arts Style (6 CP)

#Nick
#Relic (Armband)																			TYPE:Armband.Bracelet.Bracer.Relic																																																																																																																																																		BONUS:STAT|STR|2																									SPROP:Self Development to Str (12), Grant of Aid (6) plus Bonus Uses +4 (6) total 4 CP relic.

#Heartstriker (Longsword+1)							OUTPUTNAME:Heartstriker	PROFICIENCY:WEAPON|Longsword		TYPE:Enhancement.Weapon.Resizable.Exotic.Finesseable.Melee.Specific.Slashing.Sword	COST:2315	WT:4				CRITMULT:x2			CRITRANGE:2			DAMAGE:1d8	EQMOD:STEEL		WIELD:OneHanded	SIZE:M	SOURCEPAGE:Custom																																																																																																																																		BONUS:WEAPON|TOHIT.DAMAGE|1
#Bloodseeker (Longsword+1)							OUTPUTNAME:Bloodseeker	PROFICIENCY:WEAPON|Longsword		TYPE:Enhancement.Weapon.Resizable.Exotic.Finesseable.Melee.Specific.Slashing.Sword	COST:2315	WT:4				CRITMULT:x2			CRITRANGE:2			DAMAGE:1d8	EQMOD:STEEL		WIELD:OneHanded	SIZE:M	SOURCEPAGE:Custom																																																																																																																																		BONUS:WEAPON|TOHIT.DAMAGE|1
#
#Manhandler (Longsword+1)							OUTPUTNAME:Manhandler	PROFICIENCY:WEAPON|Longsword		TYPE:Enhancement.Weapon.Resizable.Exotic.Finesseable.Melee.Specific.Slashing.Sword	COST:2315	WT:4				CRITMULT:x2			CRITRANGE:2			DAMAGE:1d8	EQMOD:STEEL		WIELD:OneHanded	SIZE:M	SOURCEPAGE:Custom																																																																																																																																		BONUS:WEAPON|TOHIT|1	BONUS:WEAPON|DAMAGE|4

# Conor's Game

#Calamar's Sword Diamond				KEY:Diamond ~ Power											TYPE:Goods																																																																					BONUS:COMBAT|AC|4|TYPE=NaturalArmor																																																																																																							SPROP:Sword Diamond grants +4 Natural Armor.



### Fairy Tales Gone Wrong ~ GM: Nick


# Andrew / Prof Darian Stark
#Gloves +2 to Strike																		TYPE:Glove.Magic																																																																				BONUS:COMBAT|TOHIT|2
#Monocle of Insightful Thoughts																TYPE:Magic																																																																																																																																																																																	SPROP:Grants a +5 to any Knowledge Check in which you have a Skill Rank, or the DC is 5 or less, if you take a round to think.

# Kiiro
#Elegant Dagger				TYPE:Weapon.Melee

# Dr. Blake

# Ms. Olavia

# Popeye
#Sash of Stealthiness																		TYPE:Magic.Belt																																																																																																																								BONUS:SKILL|Stealth|5

# Ms. Grede

# Online Chosen One's Game
#robe is in kingdom heart set
#Chosen One Orb																			TYPE:Magic.ChosenOne																																								ABILITY:Special Ability|AUTOMATIC|Chosen One Growth																			BONUS:COMBAT|DAMAGE.Unarmed|AnyWeaponSentienceLvlToHit|!PREEQUIP:1,TYPE=Weapon.Light,TYPE=Weapon.OneHanded,TYPE=Weapon.TwoHanded	BONUS:COMBAT|TOHIT.Unarmed|AnyWeaponSentienceLvlDamage|!PREEQUIP:1,TYPE=Weapon.Light,TYPE=Weapon.OneHanded,TYPE=Weapon.TwoHanded
#Chosen One Backpack of Holding																TYPE:Magic.ChosenOne


#Boots of the New Chosen Ones																	TYPE:Magic.ChosenOne.Boot.Boots.Footwear																																																																																																																				BONUS:SKILL|TYPE.Dexterity|3|TYPE=Enhancement



###
#Priests Divine Blessings											PROFICIENCY:WEAPON|Quarterstaff	TYPE:Weapon.Melee.Bludgeoning.Unique.Relic.EclipseItem.Staff										CRITMULT:x2			CRITRANGE:1			DAMAGE:2d6	EQMOD:PLUS1W																																						BONUS:COMBAT|AC|4|TYPE=Armor	BONUS:COMBAT|AC|4|TYPE=Shield	BONUS:COMBAT|AC|WIS|TYPE=Wisdom																																																																																													SPROP:Divine Blessings - Grants Shield AC of +4, Armor AC of +4 and Wisdom Bonus to AC. Shillelagh applied.
#Arcanist Staff													PROFICIENCY:WEAPON|Quarterstaff	TYPE:Weapon.Melee.Bludgeoning.Unique.Relic.EclipseItem.Staff										CRITMULT:x2			CRITRANGE:1			DAMAGE:2d6	EQMOD:PLUS1W																																						BONUS:COMBAT|AC|4|TYPE=Armor	BONUS:COMBAT|AC|4|TYPE=Shield																																																																								BONUS:STAT|INT|2																									SPROP:Grants Shield AC of +4, Armor AC of +4 and +2 to Intelligence (Innate Enchantment 7 CP). Additional powers - Enthusiast/ Specialized in Knowledge Skills, Deep Sleep.


# Teryn's Stuff
# Equipment Name						Output Name						Required Weapon Proficiency		Type						Number of Pages	Page Usage				Cost		Weight	Slot Needed	Damage	Modifier				Requires Modification?	Size		Source Page				Ability								Save checks bonus							Combat bonus			Bonus to skill																	Stat bonus					Weapon prof. bonus			Weapon prop. bonus		Special Property									Description
#Teryn's Ring (Skilled Tracker)			OUTPUTNAME:Teryn's Ring of the [NAME]							TYPE:Ring.Magic																																																											BONUS:SKILL|Survival (Find or follow tracks)|5|TYPE=Equipment																										SPROP:+5 to all tracking related checks
#Teryn's Bracers																			TYPE:Bracer.Magic																																				ABILITY:Special Ability|AUTOMATIC|Cloaking(GM)|Guises										BONUS:COMBAT|AC|8|TYPE=Armor																																					SPROP:Grants Cloaking and Guises Abilities
#Teryn's Walking Stick												PROFICIENCY:WEAPON|Quarterstaff	TYPE:Weapon.Magic.Melee.Bludgeoning															DAMAGE:2d4	
#EQMOD:BONDED_G_M|MIC_CALLED																																																																		BONUS:WEAPON|TOHIT,DAMAGE|3	SPROP:May deal non-lethal damage at will
#Teryn's Cape																			TYPE:Cape.Cloak.Magic																																																										BONUS:SKILL|Stealth|10|TYPE=Equipment
#Teryn's Eye Agate Circlet																	TYPE:Headgear.Magic																																																										BONUS:SKILL|Perception|5|TYPE=Equipment																														SPROP:Grants Mindspeech and Mindlink to Animal Companions only.


# Teryn's Wolf - Fang
#Fang's Collar																			TYPE:Amulet.Magic																																																											BONUS:SKILL|Survival|4|TYPE=Equipment	BONUS:SKILL|Survival (Find or follow tracks)|4|TYPE=EquipmentOther							BONUS:WEAPONPROF=Bite|DAMAGESIZE|1
