# CVS $Revision: 12771 $ $Author: amaitland $ -- Wed Mar 20 16:10:53 2013 -- reformated by prettylst.pl v1.39 (build 15052)
#Comment - These are used in Fantasy 3.x settings. Not useful in Modern.
# ORIGINAL ENTRY: Andrew Maitland (LegacyKing)
# ORIGINAL ENTRY DATE: 2011-01-01


# Ability Name							Category of Ability		Ability									Bonus to Ability Pool
# This Removes the Level Based FEAT and Replaces it with 6 CP automatically. Assuming characters gain 1 at 1st level, and 1 every 3rd level. Also figured in the Human Racial Bonus.
#RSRD Feat Gain Bypass						CATEGORY:Internal											BONUS:ABILITYPOOL|FEAT|-(TL/3)	BONUS:ABILITYPOOL|FEAT|-1|PRERACE:1,Human	BONUS:ABILITYPOOL|FEAT|-1	BONUS:ABILITYPOOL|Character Points|6	BONUS:ABILITYPOOL|Character Points|6*floor(TL/3)	BONUS:ABILITYPOOL|Character Points|6|PRERACE:1,Human

###Block: Base Caster Level
#COMMENT: These are used to set up the Caster Class. They have Both the ADD and BONUS:PCLEVEL. Establish the DEFINES. These are Free to Buy as they are only required to "Set Up". Until the Rest is Bought they'll still be level 0.
# Ability Name						Unique Key							SORTKEY						Category of Ability		Type							Required Ability										Var. Max. Value						Define															Description																Stackable?	Multiple?	Choose		Ability									Add 						Caster level								Caster level bonus								Stat bonus																																									Modify VAR																												Cost		Source Page
Initial Paladin Magic Level				KEY:Initial Paladin Magic Level			SORTKEY:Magic_Level_01_Paladin		CATEGORY:Special Ability	TYPE:MagicLevels.BaseLevel																							DEFINE:PaladinCasterLevel|0																																				ABILITY:Special Ability|AUTOMATIC|Paladin Base			ADD:SPELLCASTER|Paladin			BONUS:CASTERLEVEL|Paladin|PaladinCasterLevel			BONUS:PCLEVEL|Paladin|var("PaladinMagicLvls")-1																																														BONUS:VAR|PaladinCasterLevel|-var("PaladinMagicLvls")	BONUS:VAR|PaladinCasterLevel|var("PointBuyPaladinCasterLvl")+var("CasterLevelAll")							COST:0
Initial Ranger Magic Level				KEY:Initial Ranger Magic Level			SORTKEY:Magic_Level_01_Ranger			CATEGORY:Special Ability	TYPE:MagicLevels.BaseLevel																							DEFINE:RangerCasterLevel|0																																				ABILITY:Special Ability|AUTOMATIC|Ranger Base			ADD:SPELLCASTER|Ranger			BONUS:CASTERLEVEL|Ranger|RangerCasterLevel			BONUS:PCLEVEL|Ranger|var("RangerMagicLvls")-1																																														BONUS:VAR|RangerCasterLevel|-var("RangerMagicLvls")	BONUS:VAR|RangerCasterLevel|var("PointBuyRangerCasterLvl")+var("CasterLevelAll")							COST:0

Initial Adept Magic Level				KEY:Initial Adept Magic Level				SORTKEY:Magic_Level_01_Adept			CATEGORY:Special Ability	TYPE:MagicLevels.BaseLevel																							DEFINE:AdeptCasterLevel|0																																				ABILITY:Special Ability|AUTOMATIC|Adept Base			ADD:SPELLCASTER|Adept			BONUS:CASTERLEVEL|Adept|AdeptCasterLevel				BONUS:PCLEVEL|Adept|var("AdeptMagicLvls")-1																																														BONUS:VAR|AdeptCasterLevel|-var("AdeptMagicLvls")	BONUS:VAR|AdeptCasterLevel|var("PointBuyAdeptCasterLvl")+var("CasterLevelAll")							COST:0
Initial Bard Magic Level				KEY:Initial Bard Magic Level				SORTKEY:Magic_Level_01_Bard			CATEGORY:Special Ability	TYPE:MagicLevels.BaseLevel																							DEFINE:BardCasterLevel|0																																				ABILITY:Special Ability|AUTOMATIC|Bard Base			ADD:SPELLCASTER|Bard			BONUS:CASTERLEVEL|Bard|BardCasterLevel				BONUS:PCLEVEL|Bard|var("BardMagicLvls")-1																																															BONUS:VAR|BardCasterLevel|-var("BardMagicLvls")	BONUS:VAR|BardCasterLevel|var("PointBuyBardCasterLvl")+var("CasterLevelAll")									COST:0
Initial Cleric Magic Level				KEY:Initial Cleric Magic Level			SORTKEY:Magic_Level_01_Cleric			CATEGORY:Special Ability	TYPE:MagicLevels.BaseLevel																							DEFINE:ClericCasterLevel|0																																				ABILITY:Special Ability|AUTOMATIC|Cleric Base			ADD:SPELLCASTER|Cleric			BONUS:CASTERLEVEL|Cleric|ClericCasterLevel			BONUS:PCLEVEL|Cleric|var("ClericMagicLvls")-1																																														BONUS:VAR|ClericCasterLevel|-var("ClericMagicLvls")	BONUS:VAR|ClericCasterLevel|var("PointBuyClericCasterLvl")+var("CasterLevelAll")							COST:0
Initial Druid Magic Level				KEY:Initial Druid Magic Level				SORTKEY:Magic_Level_01_Druid			CATEGORY:Special Ability	TYPE:MagicLevels.BaseLevel																							DEFINE:DruidCasterLevel|0																																				ABILITY:Special Ability|AUTOMATIC|Druid Base			ADD:SPELLCASTER|Druid			BONUS:CASTERLEVEL|Druid|DruidCasterLevel				BONUS:PCLEVEL|Druid|var("DruidMagicLvls")-1																																														BONUS:VAR|DruidCasterLevel|-var("DruidMagicLvls")	BONUS:VAR|DruidCasterLevel|var("PointBuyDruidCasterLvl")+var("CasterLevelAll")							COST:0
Initial Wizard Magic Level				KEY:Initial Wizard Magic Level			SORTKEY:Magic_Level_01_Wizard			CATEGORY:Special Ability	TYPE:MagicLevels.BaseLevel																							DEFINE:WizardCasterLevel|0																																				ABILITY:Special Ability|AUTOMATIC|Wizard Base			ADD:SPELLCASTER|Wizard			BONUS:CASTERLEVEL|Wizard|WizardCasterLevel			BONUS:PCLEVEL|Wizard|var("WizardMagicLvls")-1																																														BONUS:VAR|WizardCasterLevel|-var("WizardMagicLvls")	BONUS:VAR|WizardCasterLevel|var("PointBuyWizardCasterLvl")+var("CasterLevelAll")							COST:0
Initial Sorcerer Magic Level				KEY:Initial Sorcerer Magic Level			SORTKEY:Magic_Level_01_Sorcerer		CATEGORY:Special Ability	TYPE:MagicLevels.BaseLevel																							DEFINE:SorcererCasterLevel|0																																				ABILITY:Special Ability|AUTOMATIC|Sorcerer Base			ADD:SPELLCASTER|Sorcerer		BONUS:CASTERLEVEL|Sorcerer|SorcererCasterLevel			BONUS:PCLEVEL|Sorcerer|var("SorcererMagicLvls")-1																																													BONUS:VAR|SorcererCasterLevel|-var("SorcererMagicLvls")	BONUS:VAR|SorcererCasterLevel|var("PointBuySorcererCasterLvl")+var("CasterLevelAll")					COST:0

# PRC
Initial Assassin Magic Level				KEY:Initial Assassin Magic Level			SORTKEY:Magic_Level_01_Assassin		CATEGORY:Special Ability	TYPE:MagicLevels.BaseLevel																							DEFINE:AssassinCasterLevel|0																																				ABILITY:Special Ability|AUTOMATIC|Assassin Base			ADD:SPELLCASTER|Assassin		BONUS:CASTERLEVEL|Asssassin|AssassinCasterLevel			BONUS:PCLEVEL|Assassin|var("AssassinMagicLvls")-1																																													BONUS:VAR|AssassinCasterLevel|-var("AssassinMagicLvls")	BONUS:VAR|AssassinCasterLevel|var("PointBuyAssassinCasterLvl")+var("CasterLevelAll")					COST:0


###



#Domain Choice

###Block: Magic Levels (These add the Base Caster Level Automatically each time)
# Ability Name			Category of Ability		Type						Var. Max. Value					Define					Description															Multiple?	Choose		Ability							Bonus to DC			Modify VAR																			Cost

###Block: Just Progressions, no caster levels
# Ability Name						SORTKEY				Category of Ability		Type			Var. Max. Value						Define				Stackable?	Multiple?	Choose		Modify VAR				Cost		Source Page
Wizard Level ~ No Caster Level			SORTKEY:Magic_Level_02_Wizard	CATEGORY:Special Ability	TYPE:MagicLevels	PREVARLTEQ:WizardMagicLvls,EclipseMagicLvlMax						STACK:YES	MULT:YES	CHOOSE:NOCHOICE	BONUS:VAR|WizardMagicLvls|1	COST:11	SOURCEPAGE:p.11
Cleric Level ~ No Package ~ No Caster Level	SORTKEY:Magic_Level_02_Cleric	CATEGORY:Special Ability	TYPE:MagicLevels	PREVARLTEQ:ClericMagicLvls,EclipseMagicLvlMax	DEFINE:ClericMagicLvls|0	STACK:YES	MULT:YES	CHOOSE:NOCHOICE	BONUS:VAR|ClericMagicLvls|1	COST:5	SOURCEPAGE:p.11

###Block: Complete Packages
# Ability Name			SORTKEY					Output Name					Category of Ability		Type			Required Ability																Var. Max. Value							Stackable?	Multiple?	Choose		Ability								Modify VAR													Cost		Source Page
Paladin Magic Level		SORTKEY:Magic_Level_02_Paladin							CATEGORY:Special Ability	TYPE:MagicLevels	PREABILITY:1,CATEGORY=Special Ability,Initial Paladin Magic Level								PREVARLTEQ:PaladinMagicLvls,EclipseMagicLvlMax		STACK:YES	MULT:YES	CHOOSE:NOCHOICE										BONUS:VAR|PaladinMagicLvls|1										COST:2	SOURCEPAGE:p.11
Ranger Magic Level		SORTKEY:Magic_Level_02_Ranger								CATEGORY:Special Ability	TYPE:MagicLevels	PREABILITY:1,CATEGORY=Special Ability,Initial Ranger Magic Level								PREVARLTEQ:RangerMagicLvls,EclipseMagicLvlMax		STACK:YES	MULT:YES	CHOOSE:NOCHOICE										BONUS:VAR|RangerMagicLvls|1										COST:2	SOURCEPAGE:p.11
Adept Magic Level			SORTKEY:Magic_Level_02_Adept								CATEGORY:Special Ability	TYPE:MagicLevels	PREABILITY:1,CATEGORY=Special Ability,Initial Adept Magic Level								PREVARLTEQ:AdeptMagicLvls,EclipseMagicLvlMax		STACK:YES	MULT:YES	CHOOSE:NOCHOICE										BONUS:VAR|AdeptMagicLvls|1	BONUS:VAR|PointBuyAdeptCasterLvl|1				COST:6	SOURCEPAGE:p.11
Bard Magic Level			SORTKEY:Magic_Level_02_Bard		OUTPUTNAME:Bard Magic Level 3.5	CATEGORY:Special Ability	TYPE:MagicLevels	PREABILITY:1,CATEGORY=Special Ability,Initial Bard Magic Level								PREVARLTEQ:BardMagicLvls,EclipseMagicLvlMax		STACK:YES	MULT:YES	CHOOSE:NOCHOICE										BONUS:VAR|BardMagicLvls|1	BONUS:VAR|PointBuyBardCasterLvl|1				COST:6	SOURCEPAGE:p.11
#Bard Magic Level Counter			BONUS:VAR|BardMagicLvls|count("ABILITIES","CATEGORY=Special Ability","NAME=Bard Magic Level")+count("ABILITIES","CATEGORY=Special Ability","NAME=Bard Magic Level")
Cleric No Package Magic Level	SORTKEY:Magic_Level_02_ClericA							CATEGORY:Special Ability	TYPE:MagicLevels	PREABILITY:1,CATEGORY=Special Ability,Initial Cleric Magic Level								PREVARLTEQ:ClericMagicLvls,EclipseMagicLvlMax		STACK:YES	MULT:YES	CHOOSE:NOCHOICE										BONUS:VAR|ClericMagicLvls|1	BONUS:VAR|PointBuyClericCasterLvl|1				COST:8	SOURCEPAGE:p.11
Druid Magic Level			SORTKEY:Magic_Level_02_Druid								CATEGORY:Special Ability	TYPE:MagicLevels	PREABILITY:1,CATEGORY=Special Ability,Initial Druid Magic Level								PREVARLTEQ:DruidMagicLvls,EclipseMagicLvlMax		STACK:YES	MULT:YES	CHOOSE:NOCHOICE										BONUS:VAR|DruidMagicLvls|1	BONUS:VAR|PointBuyDruidCasterLvl|1				COST:8	SOURCEPAGE:p.11
Cleric Package Magic Level	SORTKEY:Magic_Level_02_ClericB							CATEGORY:Special Ability	TYPE:MagicLevels	PREABILITY:1,CATEGORY=Special Ability,Initial Cleric Magic Level								PREVARLTEQ:ClericMagicLvls,EclipseMagicLvlMax		STACK:YES	MULT:YES	CHOOSE:NOCHOICE	ABILITY:Character Points|AUTOMATIC|Cleric Domains	BONUS:VAR|ClericMagicLvls|1	BONUS:VAR|PointBuyClericCasterLvl|1				COST:10	SOURCEPAGE:p.11
Wizard Magic Level		SORTKEY:Magic_Level_02_Wizard								CATEGORY:Special Ability	TYPE:MagicLevels	PREABILITY:1,CATEGORY=Special Ability,Initial Wizard Magic Level								PREVARLTEQ:WizardMagicLvls,EclipseMagicLvlMax		STACK:YES	MULT:YES	CHOOSE:NOCHOICE										BONUS:VAR|WizardMagicLvls|1	BONUS:VAR|PointBuyWizardCasterLvl|1				COST:14	SOURCEPAGE:p.11
Sorcerer Magic Level		SORTKEY:Magic_Level_02_Sorcerer							CATEGORY:Special Ability	TYPE:MagicLevels	PREABILITY:1,CATEGORY=Special Ability,Initial Sorcerer Magic Level,Initial Eclipse Sorcerer Magic Level	PREVARLTEQ:SorcererMagicLvls,EclipseMagicLvlMax		STACK:YES	MULT:YES	CHOOSE:NOCHOICE										BONUS:VAR|SorcererMagicLvls|1	BONUS:VAR|PointBuySorcererCasterLvl|1			COST:16	SOURCEPAGE:p.11

Assassin Magic Level		SORTKEY:Magic_Level_02_Assassin							CATEGORY:Special Ability	TYPE:MagicLevels	PREABILITY:1,CATEGORY=Special Ability,Initial Assassin Magic Level,Initial Eclipse Assassin Magic Level	PREVARLTEQ:AssassinMagicLvls,EclipseMagicLvlMax		STACK:YES	MULT:YES	CHOOSE:NOCHOICE										BONUS:VAR|AssassinMagicLvls|1	BONUS:VAR|PointBuyAssassinCasterLvl|1			COST:16	SOURCEPAGE:p.11
# Assassin cost seems high???


###Block: Base Class Outputs - This is where the DEFINEs and Counters are kept. They are for showing the final product.
# Ability Name							Unique Key								SORTKEY					Output Name								Category of Ability		Type							Define																																						Description																			Stackable?	Multiple?	Choose																									Selections	Template		Ability									Modify VAR																																																																																																																																																																																																Cost		Source Page		Description of the Benefits
Paladin								KEY:Paladin Base																						CATEGORY:Special Ability	TYPE:SpellCasterOutput				DEFINE:PaladinMagicLvls|0	DEFINE:PointBuyPaladinLvl|0	DEFINE:PointBuyPaladinCasterLvl|0																								DESC:Paladin Level %1, Casterlevel is %2|PaladinMagicLvls|PointBuyPaladinCasterLvl+CasterLevelAll																																																	BONUS:VAR|PaladinMagicLvls|3																																																																																																																																																																																															SOURCEPAGE:p.11
Ranger								KEY:Ranger Base																						CATEGORY:Special Ability	TYPE:SpellCasterOutput				DEFINE:RangerMagicLvls|0	DEFINE:PointBuyRangerLvl|0	DEFINE:PointBuyRangerCasterLvl|0																								DESC:Ranger Level %1, Casterlevel is %2|RangerMagicLvls|PointBuyRangerCasterLvl+CasterLevelAll																																																		BONUS:VAR|RangerMagicLvls|3																																																																																																																																																																																															SOURCEPAGE:p.11
Adept									KEY:Adept Base																						CATEGORY:Special Ability	TYPE:SpellCasterOutput				DEFINE:AdeptMagicLvls|0	DEFINE:PointBuyAdeptLvl|0	DEFINE:PointBuyAdeptCasterLvl|0																									DESC:Adept Level %1, Casterlevel is %2|AdeptMagicLvls|PointBuyAdeptCasterLvl+CasterLevelAll																																																																																																																																																																																																																																																					SOURCEPAGE:p.11
Bard									KEY:Bard Base																						CATEGORY:Special Ability	TYPE:SpellCasterOutput				DEFINE:BardMagicLvls|0	DEFINE:PointBuyBardLvl|0	DEFINE:PointBuyBardCasterLvl|0																									DESC:Bard Level %1, Casterlevel is %2|BardMagicLvls|PointBuyBardCasterLvl+CasterLevelAll																																																																																																																																																																																																																																																						SOURCEPAGE:p.11
Cleric								KEY:Cleric Base																						CATEGORY:Special Ability	TYPE:SpellCasterOutput				DEFINE:ClericMagicLvls|0	DEFINE:PointBuyClericLvl|0	DEFINE:PointBuyClericCasterLvl|0																								DESC:Cleric Level %1, Casterlevel is %2|ClericMagicLvls|PointBuyClericCasterLvl+CasterLevelAll																																																																																																																																																																																																																																																					SOURCEPAGE:p.11
Druid									KEY:Druid Base																						CATEGORY:Special Ability	TYPE:SpellCasterOutput				DEFINE:DruidMagicLvls|0	DEFINE:PointBuyDruidLvl|0	DEFINE:PointBuyDruidCasterLvl|0																									DESC:Druid  Level %1, Casterlevel is %2|DruidMagicLvls|PointBuyDruidCasterLvl+CasterLevelAll																																																																																																																																																																																																																																																					SOURCEPAGE:p.11	BENEFIT:Druid Level %1, Casterlevel is %2|DruidMagicLvls|PointBuyDruidCasterLvl+CasterLevelAll



Wizard								KEY:Wizard Base																						CATEGORY:Special Ability	TYPE:SpellCasterOutput				DEFINE:WizardMagicLvls|0	DEFINE:PointBuyWizardLvl|0	DEFINE:PointBuyWizardCasterLvl|0																								DESC:Wizard Level %1, Casterlevel is %2|WizardMagicLvls|PointBuyWizardCasterLvl+CasterLevelAll																																																																																																																																																																																																																																																					SOURCEPAGE:p.11
Sorcerer								KEY:Sorcerer Base																						CATEGORY:Special Ability	TYPE:SpellCasterOutput				DEFINE:SorcererMagicLvls|0	DEFINE:PointBuySorcererLvl|0	DEFINE:PointBuySorcererCasterLvl|0																								DESC:Sorcerer Level %1, Casterlevel is %2|SorcererMagicLvls|PointBuySorcererCasterLvl+CasterLevelAll																																																																																																																																																																																																																																																				SOURCEPAGE:p.11

Assassin								KEY:Assassin Base																						CATEGORY:Special Ability	TYPE:SpellCasterOutput				DEFINE:AssassinMagicLvls|0	DEFINE:PointBuyAssassinLvl|0	DEFINE:PointBuyAssassinCasterLvl|0																								DESC:Assassin Level %1, Casterlevel is %2|AssassinMagicLvls|PointBuyAssassinCasterLvl+CasterLevelAll																																																																																																																																																																																																																																																				SOURCEPAGE:p.11



#######################################
###	Caster Classes Work Around	###
#######################################

#1. Add Druid Class		CATEGORY:Special Ability	TYPE:MagicLevels	ADD:SPELLCASTER|Druid			BONUS:PCLEVEL|Druid|1


z Wizard Specialist Forbidden Schools			KEY:Wizard Specialist Forbidden Schools			SORTKEY:Magic_Level_03_Wizard		OUTPUTNAME:Wizard Specialist Forbidden Schools		CATEGORY:Special Ability	TYPE:MagicLevels					DEFINE:ForbidIllusion|0	DEFINE:ForbidEnchantment|0	DEFINE:ForbidConjuration|0	DEFINE:ForbidEvocation|0	DEFINE:ForbidNecromancy|0	DEFINE:ForbidAbjuration|0	DEFINE:ForbidDivination|0	DEFINE:ForbidTransmutation|0																					STACK:YES	MULT:YES	CHOOSE:STRING|ForbidAbjuration|ForbidConjuration|ForbidDivination|ForbidEnchantment|ForbidEvocation|ForbidIllusion|ForbidNecromancy|ForbidTransmutation	SELECT:1														BONUS:VAR|%LIST|1																																																																																																																																																																																															COST:0
z Cleric Forbidden Schools			KEY:Forbidden Schools ~ Cleric			SORTKEY:Magic_Level_03_Cleric			CATEGORY:Special Ability	TYPE:MagicLevels					DEFINE:ClericForbidIllusion|0	DEFINE:ClericForbidEnchantment|0	DEFINE:ClericForbidConjuration|0	DEFINE:ClericForbidEvocation|0	DEFINE:ClericForbidNecromancy|0	DEFINE:ClericForbidAbjuration|0	DEFINE:ClericForbidDivination|0	DEFINE:ClericForbidTransmutation|0																					STACK:YES	MULT:YES	CHOOSE:STRING|ClericForbidAbjuration|ClericForbidConjuration|ClericForbidDivination|ClericForbidEnchantment|ClericForbidEvocation|ClericForbidIllusion|ClericForbidNecromancy|ClericForbidTransmutation	SELECT:1														BONUS:VAR|%LIST|1																																																																																																																																																																																															COST:0


# Ability Name							Unique Key								SORTKEY					Output Name								Category of Ability		Type							Define																																						Description																			Stackable?	Multiple?	Choose																									Selections	Template		Ability									Modify VAR																																																																																																																																																																																																Cost		Source Page		Description of the Benefits
Caster Level +1							KEY:Base Caster Level ~ All					SORTKEY:Magic_Level_00_Caster_A	OUTPUTNAME:Base Caster Level (All Classes - 6 CP)	CATEGORY:Special Ability	TYPE:CasterLevel.EclipseAbilityOutput	DEFINE:CasterLevelAll|0																																																								STACK:YES	MULT:YES	CHOOSE:NOCHOICE																																							BONUS:VAR|CasterLevelAll|1																																																																																																																																																																																													COST:6	SOURCEPAGE:p.11
#
Caster Level +1 / Specialized for Adept			KEY:Base Caster Level ~ Specialized ~ Adept		SORTKEY:Magic_Level_00_Caster_NPC										CATEGORY:Special Ability	TYPE:CasterLevel.EclipseAbilityOutput																																																												STACK:YES	MULT:YES	CHOOSE:NOCHOICE																													ABILITY:Special Ability|AUTOMATIC|Adept Base			BONUS:VAR|PointBuyAdeptCasterLvl|1																																																																																																																																																																																												COST:3	SOURCEPAGE:p.11
Caster Level +1 / Specialized for Cleric			KEY:Base Caster Level ~ Specialized ~ Cleric		SORTKEY:Magic_Level_00_Caster_C										CATEGORY:Special Ability	TYPE:CasterLevel.EclipseAbilityOutput																																																												STACK:YES	MULT:YES	CHOOSE:NOCHOICE																													ABILITY:Special Ability|AUTOMATIC|Cleric Base			BONUS:VAR|PointBuyClericCasterLvl|1																																																																																																																																																																																												COST:3	SOURCEPAGE:p.11
Caster Level +1 / Specialized for Bard			KEY:Base Caster Level ~ Specialized ~ Bard		SORTKEY:Magic_Level_00_Caster_B										CATEGORY:Special Ability	TYPE:CasterLevel.EclipseAbilityOutput																																																												STACK:YES	MULT:YES	CHOOSE:NOCHOICE																													ABILITY:Special Ability|AUTOMATIC|Bard Base			BONUS:VAR|PointBuyBardCasterLvl|1																																																																																																																																																																																												COST:3	SOURCEPAGE:p.11
Caster Level +1 / Specialized for Druid			KEY:Base Caster Level ~ Specialized ~ Druid		SORTKEY:Magic_Level_00_Caster_D										CATEGORY:Special Ability	TYPE:CasterLevel.EclipseAbilityOutput																																																												STACK:YES	MULT:YES	CHOOSE:NOCHOICE																													ABILITY:Special Ability|AUTOMATIC|Druid Base			BONUS:VAR|PointBuyDruidCasterLvl|1																																																																																																																																																																																												COST:3	SOURCEPAGE:p.11
Caster Level +1 / Specialized for Sorcerer		KEY:Base Caster Level ~ Specialized ~ Sorcerer		SORTKEY:Magic_Level_00_Caster_G										CATEGORY:Special Ability	TYPE:CasterLevel.EclipseAbilityOutput																																																												STACK:YES	MULT:YES	CHOOSE:NOCHOICE																													ABILITY:Special Ability|AUTOMATIC|Sorcerer Base			BONUS:VAR|PointBuySorcererCasterLvl|1																																																																																																																																																																																											COST:3	SOURCEPAGE:p.11
Caster Level +1 / Specialized for Wizard			KEY:Base Caster Level ~ Specialized ~ Wizard		SORTKEY:Magic_Level_00_Caster_H										CATEGORY:Special Ability	TYPE:CasterLevel.EclipseAbilityOutput																																																												STACK:YES	MULT:YES	CHOOSE:NOCHOICE																													ABILITY:Special Ability|AUTOMATIC|Wizard Base			BONUS:VAR|PointBuyWizardCasterLvl|1																																																																																																																																																																																												COST:3	SOURCEPAGE:p.11



###Block: 1/2 Level Casters - Capped at Level 10
# Ability Name								Unique Key									SORTKEY					Output Name								Category of Ability		Type							Restricted Ability											Define											Stackable?	Multiple?	Choose		Ability									Modify VAR									Cost		Source Page
Caster Level +1 / Specialized for Paladin				KEY:Base Caster Level ~ Specialized ~ Paladin			SORTKEY:Magic_Level_00_Caster_E										CATEGORY:Special Ability	TYPE:EclipseAbilityOutput.CasterLevel	!PREABILITY:10,CATEGORY=Special Ability,Base Caster Level ~ Specialized ~ Paladin													STACK:YES	MULT:YES	CHOOSE:NOCHOICE											BONUS:VAR|PointBuyPaladinCasterLvl|1				COST:3	SOURCEPAGE:p.11
Caster Level +1 / Specialized for Ranger				KEY:Base Caster Level ~ Specialized ~ Ranger			SORTKEY:Magic_Level_00_Caster_F										CATEGORY:Special Ability	TYPE:EclipseAbilityOutput.CasterLevel	!PREABILITY:10,CATEGORY=Special Ability,Base Caster Level ~ Specialized ~ Ranger													STACK:YES	MULT:YES	CHOOSE:NOCHOICE	ABILITY:Special Ability|AUTOMATIC|Ranger Base			BONUS:VAR|PointBuyRangerCasterLvl|1					COST:3	SOURCEPAGE:p.11
Caster Level +1 / Specialized for Assassin			KEY:Base Caster Level ~ Specialized ~ Assassin			SORTKEY:Magic_Level_00_Caster_J										CATEGORY:Special Ability	TYPE:EclipseAbilityOutput.CasterLevel																											STACK:YES	MULT:YES	CHOOSE:NOCHOICE	ABILITY:Special Ability|AUTOMATIC|Assassin Base			BONUS:VAR|PointBuyAssassinCasterLvl|1				COST:3	SOURCEPAGE:p.11



#Block: Custom Mixes to Show how it would work
Caster Level +1 / Specialized for Cleric and Wizard		KEY:Base Caster Level ~ Specialized ~ Wizard and Cleric	SORTKEY:Magic_Level_00_Caster_M1										CATEGORY:Special Ability	TYPE:CasterLevel.EclipseAbilityOutput															DEFINE:PointBuyWizardCasterLvl|0	DEFINE:PointBuyClericCasterLvl|0	STACK:YES	MULT:YES	CHOOSE:NOCHOICE	ABILITY:Special Ability|AUTOMATIC|Cleric Base|Wizard Base	BONUS:VAR|PointBuyWizardCasterLvl,PointBuyClericCasterLvl|1	COST:4	SOURCEPAGE:p.11


Caster Level +1 / Specialized/Corrupted for Inherent Spells	KEY:Base Caster Level ~ Inherent Spell				SORTKEY:Magic_Level_00_Caster_A	OUTPUTNAME:Base Caster Level (All Classes - 6 CP)	CATEGORY:Special Ability	TYPE:CasterLevel.EclipseAbilityOutput															DEFINE:CasterLevelAll|0	DEFINE:CasterLevelInherentSpell|0			STACK:YES	MULT:YES	CHOOSE:NOCHOICE											BONUS:VAR|CasterLevelInherentSpell|1				COST:2	SOURCEPAGE:p.11

###



#Psychic Warrior Magic Level	CATEGORY:Special Ability	ADD:SPELLCASTER|Psychic Warrior	BONUS:PCLEVEL|Psychic Warrior|var("PsychicWarriorMagicLvls")-1	BONUS:CASTERLEVEL|Psychic Warrior|var("PointBuyPsychicWarriorCasterLvl")
#Wilder Magic Level			CATEGORY:Special Ability	ADD:SPELLCASTER|Wilder			BONUS:PCLEVEL|Wilder|var("WilderMagicLvls")-1				BONUS:CASTERLEVEL|Wilder|var("PointBuyWilderCasterLvl")
#Psion Magic Level			CATEGORY:Special Ability	ADD:SPELLCASTER|Psion			BONUS:PCLEVEL|Psion|var("PsionMagicLvls")-1					BONUS:CASTERLEVEL|Psion|var("PointBuyPsionCasterLvl")

#Name	CATEGORY:Internal	ADD:SPELLCASTER|Wizard	BONUS:PCLEVEL|Wizard|("ABILITIES","CATEGORY=Special Ability","NAME=PaladinMagicLvls")
#Name	CATEGORY:Internal	ADD:SPELLCASTER|Wizard	BONUS:PCLEVEL|Wizard|("ABILITIES","CATEGORY=Special Ability","NAME=PaladinMagicLvls")
#Name	CATEGORY:Internal	ADD:SPELLCASTER|Wizard	BONUS:PCLEVEL|Wizard|("ABILITIES","CATEGORY=Special Ability","NAME=PaladinMagicLvls")

###Block - Buy Spell Section - Known users get a Bonus to the Known, whereas Memorize Users just select a spell to show which ones they bought
# Ability Name			Unique Key						SORTKEY						Category of Ability		Type				Stackable?	Multiple?	Choose								Ability										Bonus to Ability Pool				Bonus to spell known/L				Allow Follower			Allowed Companions																																																						Cost		Source Page
Bard Known Level 0																CATEGORY:Special Ability	TYPE:ClassSpellsChoice	STACK:YES	MULT:YES	CHOOSE:NOCHOICE																									BONUS:SPELLKNOWN|CLASS=Bard;LEVEL=0|1																																																															COST:2
Bard Known Level 1																CATEGORY:Special Ability	TYPE:ClassSpellsChoice	STACK:YES	MULT:YES	CHOOSE:NOCHOICE																									BONUS:SPELLKNOWN|CLASS=Bard;LEVEL=1|1																																																															COST:2
Bard Known Level 2																CATEGORY:Special Ability	TYPE:ClassSpellsChoice	STACK:YES	MULT:YES	CHOOSE:NOCHOICE																									BONUS:SPELLKNOWN|CLASS=Bard;LEVEL=2|1																																																															COST:2
Bard Known Level 3																CATEGORY:Special Ability	TYPE:ClassSpellsChoice	STACK:YES	MULT:YES	CHOOSE:NOCHOICE																									BONUS:SPELLKNOWN|CLASS=Bard;LEVEL=3|1																																																															COST:2
Bard Known Level 4																CATEGORY:Special Ability	TYPE:ClassSpellsChoice	STACK:YES	MULT:YES	CHOOSE:NOCHOICE																									BONUS:SPELLKNOWN|CLASS=Bard;LEVEL=4|1																																																															COST:2
Bard Known Level 5																CATEGORY:Special Ability	TYPE:ClassSpellsChoice	STACK:YES	MULT:YES	CHOOSE:NOCHOICE																									BONUS:SPELLKNOWN|CLASS=Bard;LEVEL=5|1																																																															COST:2
Bard Known Level 6																CATEGORY:Special Ability	TYPE:ClassSpellsChoice	STACK:YES	MULT:YES	CHOOSE:NOCHOICE																									BONUS:SPELLKNOWN|CLASS=Bard;LEVEL=6|1																																																															COST:2
#
Sorcerer Known Level 0																CATEGORY:Special Ability	TYPE:ClassSpellsChoice	STACK:YES	MULT:YES	CHOOSE:NOCHOICE																									BONUS:SPELLKNOWN|CLASS=Sorcerer;LEVEL=0|1																																																															COST:2
Sorcerer Known Level 1																CATEGORY:Special Ability	TYPE:ClassSpellsChoice	STACK:YES	MULT:YES	CHOOSE:NOCHOICE																									BONUS:SPELLKNOWN|CLASS=Sorcerer;LEVEL=1|1																																																															COST:2
Sorcerer Known Level 2																CATEGORY:Special Ability	TYPE:ClassSpellsChoice	STACK:YES	MULT:YES	CHOOSE:NOCHOICE																									BONUS:SPELLKNOWN|CLASS=Sorcerer;LEVEL=2|1																																																															COST:2
Sorcerer Known Level 3																CATEGORY:Special Ability	TYPE:ClassSpellsChoice	STACK:YES	MULT:YES	CHOOSE:NOCHOICE																									BONUS:SPELLKNOWN|CLASS=Sorcerer;LEVEL=3|1																																																															COST:2
Sorcerer Known Level 4																CATEGORY:Special Ability	TYPE:ClassSpellsChoice	STACK:YES	MULT:YES	CHOOSE:NOCHOICE																									BONUS:SPELLKNOWN|CLASS=Sorcerer;LEVEL=4|1																																																															COST:2
Sorcerer Known Level 5																CATEGORY:Special Ability	TYPE:ClassSpellsChoice	STACK:YES	MULT:YES	CHOOSE:NOCHOICE																									BONUS:SPELLKNOWN|CLASS=Sorcerer;LEVEL=5|1																																																															COST:2
Sorcerer Known Level 6																CATEGORY:Special Ability	TYPE:ClassSpellsChoice	STACK:YES	MULT:YES	CHOOSE:NOCHOICE																									BONUS:SPELLKNOWN|CLASS=Sorcerer;LEVEL=6|1																																																															COST:2
Sorcerer Known Level 7																CATEGORY:Special Ability	TYPE:ClassSpellsChoice	STACK:YES	MULT:YES	CHOOSE:NOCHOICE																									BONUS:SPELLKNOWN|CLASS=Sorcerer;LEVEL=7|1																																																															COST:2
Sorcerer Known Level 8																CATEGORY:Special Ability	TYPE:ClassSpellsChoice	STACK:YES	MULT:YES	CHOOSE:NOCHOICE																									BONUS:SPELLKNOWN|CLASS=Sorcerer;LEVEL=8|1																																																															COST:2
Sorcerer Known Level 9																CATEGORY:Special Ability	TYPE:ClassSpellsChoice	STACK:YES	MULT:YES	CHOOSE:NOCHOICE																									BONUS:SPELLKNOWN|CLASS=Sorcerer;LEVEL=9|1																																																															COST:2
#
#- No 0th as Wizards get all 0th for free
Wizard Learn Level 1																CATEGORY:Special Ability	TYPE:ClassSpellsChoice	STACK:YES	MULT:YES	CHOOSE:SPELLS|CLASSLIST=Wizard[LEVELMAX=1;LEVELMIN=1]																																																																																								COST:1
Wizard Learn Level 2																CATEGORY:Special Ability	TYPE:ClassSpellsChoice	STACK:YES	MULT:YES	CHOOSE:SPELLS|CLASSLIST=Wizard[LEVELMAX=2;LEVELMIN=2]																																																																																								COST:1
Wizard Learn Level 3																CATEGORY:Special Ability	TYPE:ClassSpellsChoice	STACK:YES	MULT:YES	CHOOSE:SPELLS|CLASSLIST=Wizard[LEVELMAX=3;LEVELMIN=3]																																																																																								COST:1
Wizard Learn Level 4																CATEGORY:Special Ability	TYPE:ClassSpellsChoice	STACK:YES	MULT:YES	CHOOSE:SPELLS|CLASSLIST=Wizard[LEVELMAX=4;LEVELMIN=4]																																																																																								COST:1
Wizard Learn Level 5																CATEGORY:Special Ability	TYPE:ClassSpellsChoice	STACK:YES	MULT:YES	CHOOSE:SPELLS|CLASSLIST=Wizard[LEVELMAX=5;LEVELMIN=5]																																																																																								COST:1
Wizard Learn Level 6																CATEGORY:Special Ability	TYPE:ClassSpellsChoice	STACK:YES	MULT:YES	CHOOSE:SPELLS|CLASSLIST=Wizard[LEVELMAX=6;LEVELMIN=6]																																																																																								COST:1
Wizard Learn Level 7																CATEGORY:Special Ability	TYPE:ClassSpellsChoice	STACK:YES	MULT:YES	CHOOSE:SPELLS|CLASSLIST=Wizard[LEVELMAX=7;LEVELMIN=7]																																																																																								COST:1
Wizard Learn Level 8																CATEGORY:Special Ability	TYPE:ClassSpellsChoice	STACK:YES	MULT:YES	CHOOSE:SPELLS|CLASSLIST=Wizard[LEVELMAX=8;LEVELMIN=8]																																																																																								COST:1
Wizard Learn Level 9																CATEGORY:Special Ability	TYPE:ClassSpellsChoice	STACK:YES	MULT:YES	CHOOSE:SPELLS|CLASSLIST=Wizard[LEVELMAX=9;LEVELMIN=9]																																																																																								COST:1
#
Cleric Learn Level 1																CATEGORY:Special Ability	TYPE:ClassSpellsChoice	STACK:YES	MULT:YES	CHOOSE:NOCHOICE																																																																																														COST:1
Cleric Learn Level 2																CATEGORY:Special Ability	TYPE:ClassSpellsChoice	STACK:YES	MULT:YES	CHOOSE:NOCHOICE																																																																																														COST:1
Cleric Learn Level 3																CATEGORY:Special Ability	TYPE:ClassSpellsChoice	STACK:YES	MULT:YES	CHOOSE:NOCHOICE																																																																																														COST:1
Cleric Learn Level 4																CATEGORY:Special Ability	TYPE:ClassSpellsChoice	STACK:YES	MULT:YES	CHOOSE:NOCHOICE																																																																																														COST:1
Cleric Learn Level 5																CATEGORY:Special Ability	TYPE:ClassSpellsChoice	STACK:YES	MULT:YES	CHOOSE:NOCHOICE																																																																																														COST:1
Cleric Learn Level 6																CATEGORY:Special Ability	TYPE:ClassSpellsChoice	STACK:YES	MULT:YES	CHOOSE:NOCHOICE																																																																																														COST:1
Cleric Learn Level 7																CATEGORY:Special Ability	TYPE:ClassSpellsChoice	STACK:YES	MULT:YES	CHOOSE:NOCHOICE																																																																																														COST:1
Cleric Learn Level 8																CATEGORY:Special Ability	TYPE:ClassSpellsChoice	STACK:YES	MULT:YES	CHOOSE:NOCHOICE																																																																																														COST:1
Cleric Learn Level 9																CATEGORY:Special Ability	TYPE:ClassSpellsChoice	STACK:YES	MULT:YES	CHOOSE:NOCHOICE																																																																																														COST:1
#
Druid Learn Level 1																CATEGORY:Special Ability	TYPE:ClassSpellsChoice	STACK:YES	MULT:YES	CHOOSE:NOCHOICE																																																																																														COST:1
Druid Learn Level 2																CATEGORY:Special Ability	TYPE:ClassSpellsChoice	STACK:YES	MULT:YES	CHOOSE:NOCHOICE																																																																																														COST:1
Druid Learn Level 3																CATEGORY:Special Ability	TYPE:ClassSpellsChoice	STACK:YES	MULT:YES	CHOOSE:NOCHOICE																																																																																														COST:1
Druid Learn Level 4																CATEGORY:Special Ability	TYPE:ClassSpellsChoice	STACK:YES	MULT:YES	CHOOSE:NOCHOICE																																																																																														COST:1
Druid Learn Level 5																CATEGORY:Special Ability	TYPE:ClassSpellsChoice	STACK:YES	MULT:YES	CHOOSE:NOCHOICE																																																																																														COST:1
Druid Learn Level 6																CATEGORY:Special Ability	TYPE:ClassSpellsChoice	STACK:YES	MULT:YES	CHOOSE:NOCHOICE																																																																																														COST:1
Druid Learn Level 7																CATEGORY:Special Ability	TYPE:ClassSpellsChoice	STACK:YES	MULT:YES	CHOOSE:NOCHOICE																																																																																														COST:1
Druid Learn Level 8																CATEGORY:Special Ability	TYPE:ClassSpellsChoice	STACK:YES	MULT:YES	CHOOSE:NOCHOICE																																																																																														COST:1
Druid Learn Level 9																CATEGORY:Special Ability	TYPE:ClassSpellsChoice	STACK:YES	MULT:YES	CHOOSE:NOCHOICE																																																																																														COST:1
#

###################################################
###	Companion Creatures for Standard 3.5	###
###################################################


#RSRD
# Ability Name			Unique Key						SORTKEY						Category of Ability		Type				Stackable?	Multiple?	Choose								Ability										Bonus to Ability Pool				Bonus to spell known/L				Allow Follower			Allowed Companions																																																						Cost		Source Page
RSRD version Animal Companion	KEY:RSRD Companion ~ Animal Companion	SORTKEY:Companion_6a_Animal Companion	CATEGORY:Special Ability	TYPE:CompanionChoice	STACK:YES	MULT:YES	CHOOSE:NOCHOICE							ABILITY:Special Ability|AUTOMATIC|RSRD Master ~ Animal Companion															FOLLOWERS:Animal Companion|1	COMPANIONLIST:Animal Companion|Badger,Camel,Dog,Dog (Riding),Eagle,Hawk,Horse (Heavy),Horse (Light),Owl,Pony,Porpoise,Shark (Medium),Snake (Viper/Medium),Snake (Viper/Small),Squid,Wolf,RACETYPE=Companion																										SOURCEPAGE:p.27
RSRD version Familiar		KEY:RSRD Companion ~ Familiar			SORTKEY:Companion_6b_Familiar			CATEGORY:Special Ability	TYPE:CompanionChoice	STACK:YES	MULT:YES	CHOOSE:NOCHOICE							ABILITY:Special Ability|AUTOMATIC|RSRD Master ~ Familiar		BONUS:ABILITYPOOL|Character Points|6								FOLLOWERS:Familiar|1		COMPANIONLIST:Familiar|Bat,Cat,Hawk,Lizard,Owl,Rat,Raven,Snake (Viper/Tiny),Toad,Weasel,RACETYPE=Companion																																										SOURCEPAGE:p.27
RSRD version Special Mount	KEY:RSRD Companion ~ Special Mount		SORTKEY:Companion_6d_Special Mount		CATEGORY:Special Ability	TYPE:CompanionChoice	STACK:YES	MULT:YES	CHOOSE:NOCHOICE							ABILITY:Special Ability|AUTOMATIC|RSRD Master ~ Special Mount															FOLLOWERS:Special Mount|1	COMPANIONLIST:Special Mount|ANY																																																						SOURCEPAGE:p.27

###Block: Vars and Universal Master Bonuses
# Ability Name			Unique Key					SORTKEY						Category of Ability		Type					Define				Description																																																						Modify VAR											Source Page
RSRD version Animal Companion	KEY:RSRD Master ~ Animal Companion	SORTKEY:Companion_6e_Animal Companion	CATEGORY:Special Ability	TYPE:EclipseAbilityOutput	DEFINE:CompanionLvl|0		DESC:You have an Animal Companion	DESC:Handling or "pushing" an animal companion is a free action and the master gains a +4 bonus on Handle Animal checks or "social" checks involving the companion.	DESC:Their master opt to share the effects of spells and powers used on him or her with them if they're within five feet.	BONUS:VAR|AnimalCompanionLVL|var("EclipseClassLvl")|TYPE=Companion	SOURCEPAGE:p.27
RSRD version Familiar		KEY:RSRD Master ~ Familiar		SORTKEY:Companion_6f_Familiar			CATEGORY:Special Ability	TYPE:EclipseAbilityOutput	DEFINE:FamiliarLvl|0		DESC:You have a familiar companion																																																		BONUS:VAR|FamiliarLVL|var("EclipseClassLvl")|TYPE=Companion			SOURCEPAGE:p.27
RSRD version Special Mount	KEY:RSRD Master ~ Special Mount	SORTKEY:Companion_6h_Special Mount		CATEGORY:Special Ability	TYPE:EclipseAbilityOutput	DEFINE:SpecialMountLvl|0	DESC:You have a Special Mount companion																																																	BONUS:VAR|SMLevel|var("EclipseClassLvl")|TYPE=Companion			SOURCEPAGE:p.27
